------------------------------------------------------------------------------------------------------------------------

[2024-02-28 15:39:49 #1 store] 
Database 'C:\Users\vtdan\Documents\Ingeniera de Software\MARRON2 FINAL\1marroia22\vuelos.odb' is opened by 1992@DBUSTAMANTEP

[2024-02-28 15:39:49 #2 store] 
Configuration path: ?

[2024-02-28 15:39:49 #3 type] 
Type domain.Flight is not enhanced.

[2024-02-28 15:39:49 #4 type] 
Type domain.ConcreteFlight is not enhanced.

------------------------------------------------------------------------------------------------------------------------

[2024-02-28 15:40:19 #1 store] 
Database 'C:\Users\vtdan\Documents\Ingeniera de Software\MARRON2 FINAL\1marroia22\vuelos.odb' is opened by 14580@DBUSTAMANTEP

[2024-02-28 15:40:19 #2 store] 
Configuration path: ?

[2024-02-28 15:40:19 #3 type] 
Type domain.Flight is not enhanced.

[2024-02-28 15:40:19 #4 type] 
Type domain.ConcreteFlight is not enhanced.

------------------------------------------------------------------------------------------------------------------------

[2024-02-28 15:44:27 #1 store] 
Database 'C:\Users\vtdan\Documents\Ingeniera de Software\MARRON2 FINAL\1marroia22\vuelos.odb' is opened by 11700@DBUSTAMANTEP

[2024-02-28 15:44:27 #2 store] 
Configuration path: ?

[2024-02-28 15:44:27 #3 type] 
Type domain.Flight is not enhanced.

[2024-02-28 15:44:27 #4 type] 
Type domain.ConcreteFlight is not enhanced.

------------------------------------------------------------------------------------------------------------------------

[2024-02-28 15:55:01 #1 store] 
Database 'C:\Users\vtdan\Documents\Ingeniera de Software\MARRON2 FINAL\1marroia22\vuelos.odb' is opened by 16644@DBUSTAMANTEP

[2024-02-28 15:55:01 #2 store] 
Configuration path: ?

[2024-02-28 15:55:01 #3 type] 
Type domain.Flight is not enhanced.

[2024-02-28 15:55:01 #4 type] 
Type domain.ConcreteFlight is not enhanced.

------------------------------------------------------------------------------------------------------------------------

[2024-02-28 15:55:28 #1 store] 
Database 'C:\Users\vtdan\Documents\Ingeniera de Software\MARRON2 FINAL\1marroia22\vuelos.odb' is opened by 20216@DBUSTAMANTEP

[2024-02-28 15:55:28 #2 store] 
Configuration path: ?

[2024-02-28 15:55:28 #3 type] 
Type domain.Flight is not enhanced.

[2024-02-28 15:55:28 #4 type] 
Type domain.ConcreteFlight is not enhanced.

------------------------------------------------------------------------------------------------------------------------

[2024-02-28 15:55:57 #1 store] 
Database 'C:\Users\vtdan\Documents\Ingeniera de Software\MARRON2 FINAL\1marroia22\vuelos.odb' is opened by 21024@DBUSTAMANTEP

[2024-02-28 15:55:57 #2 store] 
Configuration path: ?

[2024-02-28 15:55:57 #3 type] 
Type domain.Flight is not enhanced.

[2024-02-28 15:55:57 #4 type] 
Type domain.ConcreteFlight is not enhanced.

------------------------------------------------------------------------------------------------------------------------

[2024-02-28 15:56:59 #1 store] 
Database 'C:\Users\vtdan\Documents\Ingeniera de Software\MARRON2 FINAL\1marroia22\vuelos.odb' is opened by 20956@DBUSTAMANTEP

[2024-02-28 15:56:59 #2 store] 
Configuration path: ?

[2024-02-28 15:56:59 #3 type] 
Type domain.Flight is not enhanced.

[2024-02-28 15:56:59 #4 type] 
Type domain.ConcreteFlight is not enhanced.

------------------------------------------------------------------------------------------------------------------------

[2024-02-28 15:57:16 #1 store] 
Database 'C:\Users\vtdan\Documents\Ingeniera de Software\MARRON2 FINAL\1marroia22\vuelos.odb' is opened by 20828@DBUSTAMANTEP

[2024-02-28 15:57:16 #2 store] 
Configuration path: ?

[2024-02-28 15:57:16 #3 type] 
Type domain.Flight is not enhanced.

[2024-02-28 15:57:16 #4 type] 
Type domain.ConcreteFlight is not enhanced.

------------------------------------------------------------------------------------------------------------------------

[2024-02-28 15:57:39 #1 store] 
Database 'C:\Users\vtdan\Documents\Ingeniera de Software\MARRON2 FINAL\1marroia22\vuelos.odb' is opened by 12176@DBUSTAMANTEP

[2024-02-28 15:57:39 #2 store] 
Configuration path: ?

[2024-02-28 15:57:39 #3 type] 
Type domain.Flight is not enhanced.

[2024-02-28 15:57:39 #4 type] 
Type domain.ConcreteFlight is not enhanced.

------------------------------------------------------------------------------------------------------------------------

[2024-02-28 16:05:13 #1 store] 
Database 'C:\Users\vtdan\Documents\Ingeniera de Software\MARRON2 FINAL\1marroia22\vuelos.odb' is opened by 3776@DBUSTAMANTEP

[2024-02-28 16:05:13 #2 store] 
Configuration path: ?

[2024-02-28 16:05:13 #3 type] 
Type domain.Flight is not enhanced.

[2024-02-28 16:05:13 #4 type] 
Type domain.ConcreteFlight is not enhanced.

------------------------------------------------------------------------------------------------------------------------

[2024-02-28 23:19:57 #1 store] 
Database 'C:\Users\vtdan\Documents\Ingeniera de Software\MARRON2 FINAL\1marroia22\vuelos.odb' is opened by 16496@DBUSTAMANTEP

[2024-02-28 23:19:57 #2 store] 
Configuration path: ?

[2024-02-28 23:19:57 #3 type] 
Type domain.Flight is not enhanced.

[2024-02-28 23:19:57 #4 type] 
Type domain.ConcreteFlight is not enhanced.

