------------------------------------------------------------------------------------------------------------------------

[2024-02-16 00:09:48 #1 store] 
Database 'C:\Users\vtdan\Documents\Ingeniera de Software\1marroia22\vuelos.odb' is opened by 8140@DBUSTAMANTEP

[2024-02-16 00:09:48 #2 store] 
Configuration path: ?

[2024-02-16 00:10:01 #3 type] 
Type domain.ConcreteFlight is not enhanced.

[2024-02-16 00:10:01 #4 type] 
Type domain.Flight is not enhanced.

------------------------------------------------------------------------------------------------------------------------

[2024-02-16 00:32:44 #1 store] 
Database 'C:\Users\vtdan\Documents\Ingeniera de Software\1marroia22\vuelos.odb' has been recovered (tr. 1-3)

[2024-02-16 00:32:44 #2 store] 
Database 'C:\Users\vtdan\Documents\Ingeniera de Software\1marroia22\vuelos.odb' is opened by 17796@DBUSTAMANTEP

[2024-02-16 00:32:44 #3 store] 
Configuration path: ?

[2024-02-16 00:32:44 #4 type] 
Type domain.ConcreteFlight is not enhanced.

[2024-02-16 00:32:44 #5 type] 
Type domain.Flight is not enhanced.

------------------------------------------------------------------------------------------------------------------------

[2024-02-16 00:33:56 #1 store] 
Database 'C:\Users\vtdan\Documents\Ingeniera de Software\1marroia22\vuelos.odb' has been recovered (tr. 4-57)

[2024-02-16 00:33:56 #2 store] 
Database 'C:\Users\vtdan\Documents\Ingeniera de Software\1marroia22\vuelos.odb' is opened by 15092@DBUSTAMANTEP

[2024-02-16 00:33:56 #3 store] 
Configuration path: ?

[2024-02-16 00:33:56 #4 type] 
Type domain.ConcreteFlight is not enhanced.

[2024-02-16 00:33:56 #5 type] 
Type domain.Flight is not enhanced.

------------------------------------------------------------------------------------------------------------------------

[2024-02-16 00:36:58 #1 store] 
Database 'C:\Users\vtdan\Documents\Ingeniera de Software\1marroia22\vuelos.odb' is opened by 1296@DBUSTAMANTEP

[2024-02-16 00:36:58 #2 store] 
Configuration path: ?

[2024-02-16 00:36:58 #3 type] 
Type domain.ConcreteFlight is not enhanced.

[2024-02-16 00:36:58 #4 type] 
Type domain.Flight is not enhanced.

------------------------------------------------------------------------------------------------------------------------

[2024-02-16 00:38:07 #1 store] 
Database 'C:\Users\vtdan\Documents\Ingeniera de Software\1marroia22\vuelos.odb' is opened by 17492@DBUSTAMANTEP

[2024-02-16 00:38:07 #2 store] 
Configuration path: ?

[2024-02-16 00:38:07 #3 type] 
Type domain.Flight is not enhanced.

[2024-02-16 00:38:07 #4 type] 
Type domain.ConcreteFlight is not enhanced.

------------------------------------------------------------------------------------------------------------------------

[2024-02-16 09:08:09 #1 store] 
Database 'C:\Users\vtdan\Documents\Ingeniera de Software\1marroia22\vuelos.odb' has been recovered (tr. 1-56)

[2024-02-16 09:08:09 #2 store] 
Database 'C:\Users\vtdan\Documents\Ingeniera de Software\1marroia22\vuelos.odb' is opened by 17092@DBUSTAMANTEP

[2024-02-16 09:08:09 #3 store] 
Configuration path: ?

[2024-02-16 09:08:10 #4 type] 
Type domain.Flight is not enhanced.

[2024-02-16 09:08:10 #5 type] 
Type domain.ConcreteFlight is not enhanced.

------------------------------------------------------------------------------------------------------------------------

[2024-02-16 09:23:22 #1 store] 
Database 'C:\Users\vtdan\Documents\Ingeniera de Software\1marroia22\vuelos.odb' is opened by 2404@DBUSTAMANTEP

[2024-02-16 09:23:22 #2 store] 
Configuration path: ?

[2024-02-16 09:23:22 #3 type] 
Type domain.Flight is not enhanced.

[2024-02-16 09:23:22 #4 type] 
Type domain.ConcreteFlight is not enhanced.

------------------------------------------------------------------------------------------------------------------------

[2024-02-16 09:23:44 #1 store] 
Database 'C:\Users\vtdan\Documents\Ingeniera de Software\1marroia22\vuelos.odb' is opened by 17792@DBUSTAMANTEP

[2024-02-16 09:23:44 #2 store] 
Configuration path: ?

[2024-02-16 09:23:44 #3 type] 
Type domain.Flight is not enhanced.

[2024-02-16 09:23:44 #4 type] 
Type domain.ConcreteFlight is not enhanced.

------------------------------------------------------------------------------------------------------------------------

[2024-02-16 09:26:05 #1 store] 
Database 'C:\Users\vtdan\Documents\Ingeniera de Software\1marroia22\vuelos.odb' is opened by 11504@DBUSTAMANTEP

[2024-02-16 09:26:05 #2 store] 
Configuration path: ?

[2024-02-16 09:26:05 #3 type] 
Type domain.Flight is not enhanced.

[2024-02-16 09:26:05 #4 type] 
Type domain.ConcreteFlight is not enhanced.

------------------------------------------------------------------------------------------------------------------------

[2024-02-16 09:26:48 #1 store] 
Database 'C:\Users\vtdan\Documents\Ingeniera de Software\1marroia22\vuelos.odb' has been recovered (tr. 57-58)

[2024-02-16 09:26:48 #2 store] 
Database 'C:\Users\vtdan\Documents\Ingeniera de Software\1marroia22\vuelos.odb' is opened by 18268@DBUSTAMANTEP

[2024-02-16 09:26:48 #3 store] 
Configuration path: ?

[2024-02-16 09:26:49 #4 type] 
Type domain.Flight is not enhanced.

[2024-02-16 09:26:49 #5 type] 
Type domain.ConcreteFlight is not enhanced.

------------------------------------------------------------------------------------------------------------------------

[2024-02-16 09:39:10 #1 store] 
Database 'C:\Users\vtdan\Documents\Ingeniera de Software\1marroia22\vuelos.odb' has been recovered (tr. 59-60)

[2024-02-16 09:39:10 #2 store] 
Database 'C:\Users\vtdan\Documents\Ingeniera de Software\1marroia22\vuelos.odb' is opened by 17960@DBUSTAMANTEP

[2024-02-16 09:39:10 #3 store] 
Configuration path: ?

[2024-02-16 09:39:10 #4 type] 
Type domain.Flight is not enhanced.

[2024-02-16 09:39:10 #5 type] 
Type domain.ConcreteFlight is not enhanced.

------------------------------------------------------------------------------------------------------------------------

[2024-02-16 18:38:52 #1 store] 
Database 'C:\Users\vtdan\Documents\Ingeniera de Software\1marroia22\1marroia22\vuelos.odb' has been recovered (tr. 61-61)

[2024-02-16 18:38:52 #2 store] 
Database 'C:\Users\vtdan\Documents\Ingeniera de Software\1marroia22\1marroia22\vuelos.odb' is opened by 18576@DBUSTAMANTEP

[2024-02-16 18:38:52 #3 store] 
Configuration path: ?

[2024-02-16 18:38:52 #4 type] 
Type domain.Flight is not enhanced.

[2024-02-16 18:38:52 #5 type] 
Type domain.ConcreteFlight is not enhanced.

------------------------------------------------------------------------------------------------------------------------

[2024-02-16 18:56:35 #1 store] 
Database 'C:\Users\vtdan\Documents\Ingeniera de Software\1marroia22\1marroia22\vuelos.odb' has been recovered (tr. 62-65)

[2024-02-16 18:56:35 #2 store] 
Database 'C:\Users\vtdan\Documents\Ingeniera de Software\1marroia22\1marroia22\vuelos.odb' is opened by 14588@DBUSTAMANTEP

[2024-02-16 18:56:35 #3 store] 
Configuration path: ?

[2024-02-16 18:56:35 #4 type] 
Type domain.Flight is not enhanced.

[2024-02-16 18:56:35 #5 type] 
Type domain.ConcreteFlight is not enhanced.

------------------------------------------------------------------------------------------------------------------------

[2024-02-16 18:57:22 #1 store] 
Database 'C:\Users\vtdan\Documents\Ingeniera de Software\1marroia22\1marroia22\vuelos.odb' is opened by 17604@DBUSTAMANTEP

[2024-02-16 18:57:22 #2 store] 
Configuration path: ?

[2024-02-16 18:57:23 #3 type] 
Type domain.Flight is not enhanced.

[2024-02-16 18:57:23 #4 type] 
Type domain.ConcreteFlight is not enhanced.

------------------------------------------------------------------------------------------------------------------------

[2024-02-16 19:15:11 #1 store] 
Database 'C:\Users\vtdan\Documents\Ingeniera de Software\1marroia22\1marroia22\vuelos.odb' is opened by 5508@DBUSTAMANTEP

[2024-02-16 19:15:11 #2 store] 
Configuration path: ?

[2024-02-16 19:15:12 #3 type] 
Type domain.Flight is not enhanced.

[2024-02-16 19:15:12 #4 type] 
Type domain.ConcreteFlight is not enhanced.

------------------------------------------------------------------------------------------------------------------------

[2024-02-16 19:16:21 #1 store] 
Database 'C:\Users\vtdan\Documents\Ingeniera de Software\1marroia22\1marroia22\vuelos.odb' is opened by 15556@DBUSTAMANTEP

[2024-02-16 19:16:21 #2 store] 
Configuration path: ?

[2024-02-16 19:16:22 #3 type] 
Type domain.Flight is not enhanced.

[2024-02-16 19:16:22 #4 type] 
Type domain.ConcreteFlight is not enhanced.

------------------------------------------------------------------------------------------------------------------------

[2024-02-16 19:16:25 #1 store] 
Database 'C:\Users\vtdan\Documents\Ingeniera de Software\1marroia22\1marroia22\vuelos.odb' has been recovered (tr. 1-54)

[2024-02-16 19:16:25 #2 store] 
Database 'C:\Users\vtdan\Documents\Ingeniera de Software\1marroia22\1marroia22\vuelos.odb' is opened by 16512@DBUSTAMANTEP

[2024-02-16 19:16:25 #3 store] 
Configuration path: ?

[2024-02-16 19:16:25 #4 type] 
Type domain.Flight is not enhanced.

[2024-02-16 19:16:25 #5 type] 
Type domain.ConcreteFlight is not enhanced.

------------------------------------------------------------------------------------------------------------------------

[2024-02-16 19:37:42 #1 store] 
Database 'C:\Users\vtdan\Documents\Ingeniera de Software\1marroia22\1marroia22\vuelos.odb' is opened by 8280@DBUSTAMANTEP

[2024-02-16 19:37:42 #2 store] 
Configuration path: ?

[2024-02-16 19:37:42 #3 type] 
Type domain.Flight is not enhanced.

[2024-02-16 19:37:42 #4 type] 
Type domain.ConcreteFlight is not enhanced.

------------------------------------------------------------------------------------------------------------------------

[2024-02-16 20:20:33 #1 store] 
Database 'C:\Users\user\Desktop\Eclisple Proyectos\1marroia22\vuelos.odb' is opened by 18868@LAPTOP-C5O8HU11

[2024-02-16 20:20:33 #2 store] 
Configuration path: ?

[2024-02-16 20:20:33 #3 type] 
Type domain.Flight is not enhanced.

[2024-02-16 20:20:33 #4 type] 
Type domain.ConcreteFlight is not enhanced.

------------------------------------------------------------------------------------------------------------------------

[2024-02-16 20:30:21 #1 store] 
Database 'C:\Users\user\Desktop\Eclisple Proyectos\1marroia22\vuelos.odb' is opened by 2168@LAPTOP-C5O8HU11

[2024-02-16 20:30:21 #2 store] 
Configuration path: ?

[2024-02-16 20:30:22 #3 type] 
Type domain.Flight is not enhanced.

[2024-02-16 20:30:22 #4 type] 
Type domain.ConcreteFlight is not enhanced.

------------------------------------------------------------------------------------------------------------------------

[2024-02-16 20:37:12 #1 store] 
Database 'C:\Users\user\Desktop\Eclisple Proyectos\1marroia22\vuelos.odb' is opened by 2136@LAPTOP-C5O8HU11

[2024-02-16 20:37:12 #2 store] 
Configuration path: ?

[2024-02-16 20:37:12 #3 type] 
Type domain.Flight is not enhanced.

[2024-02-16 20:37:12 #4 type] 
Type domain.ConcreteFlight is not enhanced.

------------------------------------------------------------------------------------------------------------------------

[2024-02-16 20:38:28 #1 store] 
Database 'C:\Users\user\Desktop\Eclisple Proyectos\1marroia22\vuelos.odb' is opened by 2188@LAPTOP-C5O8HU11

[2024-02-16 20:38:28 #2 store] 
Configuration path: ?

[2024-02-16 20:38:28 #3 type] 
Type domain.Flight is not enhanced.

[2024-02-16 20:38:28 #4 type] 
Type domain.ConcreteFlight is not enhanced.

------------------------------------------------------------------------------------------------------------------------

[2024-02-16 21:15:26 #1 store] 
Database 'C:\Users\user\Desktop\Eclisple Proyectos\1marroia22\vuelos.odb' is opened by 2600@LAPTOP-C5O8HU11

[2024-02-16 21:15:26 #2 store] 
Configuration path: ?

[2024-02-16 21:15:26 #3 type] 
Type domain.Flight is not enhanced.

[2024-02-16 21:15:26 #4 type] 
Type domain.ConcreteFlight is not enhanced.

------------------------------------------------------------------------------------------------------------------------

[2024-02-16 21:17:25 #1 store] 
Database 'C:\Users\user\Desktop\Eclisple Proyectos\1marroia22\vuelos.odb' is opened by 10600@LAPTOP-C5O8HU11

[2024-02-16 21:17:25 #2 store] 
Configuration path: ?

[2024-02-16 21:17:25 #3 type] 
Type domain.Flight is not enhanced.

[2024-02-16 21:17:25 #4 type] 
Type domain.ConcreteFlight is not enhanced.

------------------------------------------------------------------------------------------------------------------------

[2024-02-16 21:58:48 #1 store] 
Database 'C:\Users\user\Desktop\Eclisple Proyectos\1marroia22\vuelos.odb' is opened by 8896@LAPTOP-C5O8HU11

[2024-02-16 21:58:48 #2 store] 
Configuration path: ?

[2024-02-16 21:58:48 #3 type] 
Type domain.Flight is not enhanced.

[2024-02-16 21:58:48 #4 type] 
Type domain.ConcreteFlight is not enhanced.

------------------------------------------------------------------------------------------------------------------------

[2024-02-16 22:01:32 #1 store] 
Database 'C:\Users\user\Desktop\Eclisple Proyectos\1marroia22\vuelos.odb' is opened by 15792@LAPTOP-C5O8HU11

[2024-02-16 22:01:32 #2 store] 
Configuration path: ?

[2024-02-16 22:01:32 #3 type] 
Type domain.Flight is not enhanced.

[2024-02-16 22:01:32 #4 type] 
Type domain.ConcreteFlight is not enhanced.

------------------------------------------------------------------------------------------------------------------------

[2024-02-16 22:02:06 #1 store] 
Database 'C:\Users\user\Desktop\Eclisple Proyectos\1marroia22\vuelos.odb' is opened by 1248@LAPTOP-C5O8HU11

[2024-02-16 22:02:06 #2 store] 
Configuration path: ?

[2024-02-16 22:02:06 #3 type] 
Type domain.Flight is not enhanced.

[2024-02-16 22:02:06 #4 type] 
Type domain.ConcreteFlight is not enhanced.

------------------------------------------------------------------------------------------------------------------------

[2024-02-16 22:11:54 #1 store] 
Database 'C:\Users\user\Desktop\Eclisple Proyectos\1marroia22\vuelos.odb' is opened by 11824@LAPTOP-C5O8HU11

[2024-02-16 22:11:54 #2 store] 
Configuration path: ?

[2024-02-16 22:11:54 #3 type] 
Type domain.Flight is not enhanced.

[2024-02-16 22:11:54 #4 type] 
Type domain.ConcreteFlight is not enhanced.

------------------------------------------------------------------------------------------------------------------------

[2024-02-16 22:12:18 #1 store] 
Database 'C:\Users\user\Desktop\Eclisple Proyectos\1marroia22\vuelos.odb' is opened by 13404@LAPTOP-C5O8HU11

[2024-02-16 22:12:18 #2 store] 
Configuration path: ?

[2024-02-16 22:12:18 #3 type] 
Type domain.Flight is not enhanced.

[2024-02-16 22:12:18 #4 type] 
Type domain.ConcreteFlight is not enhanced.

------------------------------------------------------------------------------------------------------------------------

[2024-02-16 22:17:40 #1 store] 
Database 'C:\Users\user\Desktop\Eclisple Proyectos\1marroia22\vuelos.odb' is opened by 9732@LAPTOP-C5O8HU11

[2024-02-16 22:17:40 #2 store] 
Configuration path: ?

[2024-02-16 22:17:41 #3 type] 
Type domain.Flight is not enhanced.

[2024-02-16 22:17:41 #4 type] 
Type domain.ConcreteFlight is not enhanced.

------------------------------------------------------------------------------------------------------------------------

[2024-02-16 22:29:01 #1 store] 
Database 'C:\Users\user\Desktop\Eclisple Proyectos\1marroia22\vuelos.odb' is opened by 12648@LAPTOP-C5O8HU11

[2024-02-16 22:29:01 #2 store] 
Configuration path: ?

[2024-02-16 22:29:01 #3 type] 
Type domain.Flight is not enhanced.

[2024-02-16 22:29:01 #4 type] 
Type domain.ConcreteFlight is not enhanced.

------------------------------------------------------------------------------------------------------------------------

[2024-02-16 22:33:06 #1 store] 
Database 'C:\Users\user\Desktop\Eclisple Proyectos\1marroia22\vuelos.odb' is opened by 8720@LAPTOP-C5O8HU11

[2024-02-16 22:33:06 #2 store] 
Configuration path: ?

[2024-02-16 22:33:07 #3 type] 
Type domain.Flight is not enhanced.

[2024-02-16 22:33:07 #4 type] 
Type domain.ConcreteFlight is not enhanced.

------------------------------------------------------------------------------------------------------------------------

[2024-02-16 22:34:32 #1 store] 
Database 'C:\Users\user\Desktop\Eclisple Proyectos\1marroia22\vuelos.odb' is opened by 13808@LAPTOP-C5O8HU11

[2024-02-16 22:34:32 #2 store] 
Configuration path: ?

[2024-02-16 22:34:32 #3 type] 
Type domain.Flight is not enhanced.

[2024-02-16 22:34:32 #4 type] 
Type domain.ConcreteFlight is not enhanced.

------------------------------------------------------------------------------------------------------------------------

[2024-02-16 22:37:06 #1 store] 
Database 'C:\Users\user\Desktop\Eclisple Proyectos\1marroia22\vuelos.odb' is opened by 18004@LAPTOP-C5O8HU11

[2024-02-16 22:37:06 #2 store] 
Configuration path: ?

[2024-02-16 22:37:06 #3 type] 
Type domain.Flight is not enhanced.

[2024-02-16 22:37:06 #4 type] 
Type domain.ConcreteFlight is not enhanced.

------------------------------------------------------------------------------------------------------------------------

[2024-02-16 22:38:21 #1 store] 
Database 'C:\Users\user\Desktop\Eclisple Proyectos\1marroia22\vuelos.odb' is opened by 9308@LAPTOP-C5O8HU11

[2024-02-16 22:38:21 #2 store] 
Configuration path: ?

[2024-02-16 22:38:22 #3 type] 
Type domain.Flight is not enhanced.

[2024-02-16 22:38:22 #4 type] 
Type domain.ConcreteFlight is not enhanced.

------------------------------------------------------------------------------------------------------------------------

[2024-02-16 22:38:52 #1 store] 
Database 'C:\Users\user\Desktop\Eclisple Proyectos\1marroia22\vuelos.odb' is opened by 13668@LAPTOP-C5O8HU11

[2024-02-16 22:38:52 #2 store] 
Configuration path: ?

[2024-02-16 22:38:52 #3 type] 
Type domain.Flight is not enhanced.

[2024-02-16 22:38:52 #4 type] 
Type domain.ConcreteFlight is not enhanced.

------------------------------------------------------------------------------------------------------------------------

[2024-02-16 22:46:11 #1 store] 
Database 'C:\Users\user\Desktop\Eclisple Proyectos\1marroia22\vuelos.odb' is opened by 4044@LAPTOP-C5O8HU11

[2024-02-16 22:46:11 #2 store] 
Configuration path: ?

[2024-02-16 22:46:11 #3 type] 
Type domain.Flight is not enhanced.

[2024-02-16 22:46:11 #4 type] 
Type domain.ConcreteFlight is not enhanced.

------------------------------------------------------------------------------------------------------------------------

[2024-02-16 22:47:09 #1 store] 
Database 'C:\Users\user\Desktop\Eclisple Proyectos\1marroia22\vuelos.odb' is opened by 3268@LAPTOP-C5O8HU11

[2024-02-16 22:47:09 #2 store] 
Configuration path: ?

[2024-02-16 22:47:09 #3 type] 
Type domain.Flight is not enhanced.

[2024-02-16 22:47:09 #4 type] 
Type domain.ConcreteFlight is not enhanced.

------------------------------------------------------------------------------------------------------------------------

[2024-02-16 22:47:34 #1 store] 
Database 'C:\Users\user\Desktop\Eclisple Proyectos\1marroia22\vuelos.odb' is opened by 9252@LAPTOP-C5O8HU11

[2024-02-16 22:47:34 #2 store] 
Configuration path: ?

[2024-02-16 22:47:34 #3 type] 
Type domain.Flight is not enhanced.

[2024-02-16 22:47:34 #4 type] 
Type domain.ConcreteFlight is not enhanced.

------------------------------------------------------------------------------------------------------------------------

[2024-02-16 22:56:38 #1 store] 
Database 'C:\Users\user\Desktop\Eclisple Proyectos\1marroia22\vuelos.odb' has been recovered (tr. 55-58)

[2024-02-16 22:56:38 #2 store] 
Database 'C:\Users\user\Desktop\Eclisple Proyectos\1marroia22\vuelos.odb' is opened by 10756@LAPTOP-C5O8HU11

[2024-02-16 22:56:38 #3 store] 
Configuration path: ?

[2024-02-16 22:56:38 #4 type] 
Type domain.Flight is not enhanced.

[2024-02-16 22:56:38 #5 type] 
Type domain.ConcreteFlight is not enhanced.

------------------------------------------------------------------------------------------------------------------------

[2024-02-16 22:56:59 #1 store] 
Database 'C:\Users\user\Desktop\Eclisple Proyectos\1marroia22\vuelos.odb' has been recovered (tr. 59-59)

[2024-02-16 22:56:59 #2 store] 
Database 'C:\Users\user\Desktop\Eclisple Proyectos\1marroia22\vuelos.odb' is opened by 4736@LAPTOP-C5O8HU11

[2024-02-16 22:56:59 #3 store] 
Configuration path: ?

[2024-02-16 22:56:59 #4 type] 
Type domain.Flight is not enhanced.

[2024-02-16 22:56:59 #5 type] 
Type domain.ConcreteFlight is not enhanced.

