------------------------------------------------------------------------------------------------------------------------

[2024-02-19 17:17:14 #1 store] 
Database 'C:\Users\vtdan\Documents\Ingeniera de Software\Clase 2feb\passwords.odb' has been recovered (tr. 1-5)

[2024-02-19 17:17:14 #2 store] 
Database 'C:\Users\vtdan\Documents\Ingeniera de Software\Clase 2feb\passwords.odb' is opened by 17292@DBUSTAMANTEP

[2024-02-19 17:17:14 #3 store] 
Configuration path: ?

[2024-02-19 17:17:14 #4 type] 
Type domain.Cuenta is not enhanced.

------------------------------------------------------------------------------------------------------------------------

[2024-02-19 17:18:19 #1 store] 
Database 'C:\Users\vtdan\Documents\Ingeniera de Software\Clase 2feb\passwords.odb' is opened by 17880@DBUSTAMANTEP

[2024-02-19 17:18:19 #2 store] 
Configuration path: ?

[2024-02-19 17:18:19 #3 type] 
Type domain.Cuenta is not enhanced.

------------------------------------------------------------------------------------------------------------------------

[2024-02-19 17:18:28 #1 store] 
Database 'C:\Users\vtdan\Documents\Ingeniera de Software\Clase 2feb\passwords.odb' is opened by 9016@DBUSTAMANTEP

[2024-02-19 17:18:28 #2 store] 
Configuration path: ?

[2024-02-19 17:18:28 #3 type] 
Type domain.Cuenta is not enhanced.

------------------------------------------------------------------------------------------------------------------------

[2024-02-19 17:53:44 #1 store] 
Database 'C:\Users\vtdan\Documents\Ingeniera de Software\Clase 2feb\passwords.odb' is opened by 11908@DBUSTAMANTEP

[2024-02-19 17:53:44 #2 store] 
Configuration path: ?

[2024-02-19 17:53:44 #3 type] 
Type domain.Cuenta is not enhanced.

------------------------------------------------------------------------------------------------------------------------

[2024-02-19 17:56:26 #1 store] 
Database 'C:\Users\vtdan\Documents\Ingeniera de Software\Clase 2feb\passwords.odb' is opened by 19732@DBUSTAMANTEP

[2024-02-19 17:56:26 #2 store] 
Configuration path: ?

[2024-02-19 17:56:26 #3 type] 
Type domain.Cuenta is not enhanced.

------------------------------------------------------------------------------------------------------------------------

[2024-02-19 18:05:18 #1 store] 
Database 'C:\Users\vtdan\Documents\Ingeniera de Software\Clase 2feb\passwords.odb' is opened by 12232@DBUSTAMANTEP

[2024-02-19 18:05:18 #2 store] 
Configuration path: ?

[2024-02-19 18:05:18 #3 type] 
Type domain.Cuenta is not enhanced.

