------------------------------------------------------------------------------------------------------------------------

[2024-02-19 20:15:49 #1 store] 
Database 'C:\Users\vtdan\Documents\Ingeniera de Software\Lab2objectDB\America.odb' is opened by 2028@DBUSTAMANTEP

[2024-02-19 20:15:49 #2 type] 
Type domain.Country is not enhanced.

[2024-02-19 20:15:49 #3 type] 
Type domain.President is not enhanced.

[2024-02-19 20:15:49 #4 type] 
Type domain.City is not enhanced.

------------------------------------------------------------------------------------------------------------------------

[2024-02-19 20:28:04 #1 store] 
Database 'C:\Users\vtdan\Documents\Ingeniera de Software\Lab2objectDB\America.odb' is opened by 11740@DBUSTAMANTEP

[2024-02-19 20:28:04 #2 type] 
Type domain.Country is not enhanced.

[2024-02-19 20:28:04 #3 type] 
Type domain.President is not enhanced.

[2024-02-19 20:28:04 #4 type] 
Type domain.City is not enhanced.

------------------------------------------------------------------------------------------------------------------------

[2024-02-19 20:29:50 #1 store] 
Database 'C:\Users\vtdan\Documents\Ingeniera de Software\Lab2objectDB\America.odb' has been recovered (tr. 41-41)

[2024-02-19 20:29:50 #2 store] 
Database 'C:\Users\vtdan\Documents\Ingeniera de Software\Lab2objectDB\America.odb' is opened by 6688@DBUSTAMANTEP

[2024-02-19 20:29:50 #3 type] 
Type domain.Country is not enhanced.

[2024-02-19 20:29:50 #4 type] 
Type domain.President is not enhanced.

[2024-02-19 20:29:50 #5 type] 
Type domain.City is not enhanced.

------------------------------------------------------------------------------------------------------------------------

[2024-02-19 20:34:34 #1 store] 
Database 'C:\Users\vtdan\Documents\Ingeniera de Software\Lab2objectDB\America.odb' has been recovered (tr. 42-42)

[2024-02-19 20:34:34 #2 store] 
Database 'C:\Users\vtdan\Documents\Ingeniera de Software\Lab2objectDB\America.odb' is opened by 13504@DBUSTAMANTEP

[2024-02-19 20:34:34 #3 type] 
Type domain.Country is not enhanced.

[2024-02-19 20:34:35 #4 type] 
Type domain.President is not enhanced.

[2024-02-19 20:34:35 #5 type] 
Type domain.City is not enhanced.

------------------------------------------------------------------------------------------------------------------------

[2024-02-19 20:37:55 #1 store] 
Database 'C:\Users\vtdan\Documents\Ingeniera de Software\Lab2objectDB\America.odb' has been recovered (tr. 43-43)

[2024-02-19 20:37:55 #2 store] 
Database 'C:\Users\vtdan\Documents\Ingeniera de Software\Lab2objectDB\America.odb' is opened by 15892@DBUSTAMANTEP

[2024-02-19 20:37:55 #3 type] 
Type domain.Country is not enhanced.

[2024-02-19 20:37:55 #4 type] 
Type domain.President is not enhanced.

[2024-02-19 20:37:55 #5 type] 
Type domain.City is not enhanced.

------------------------------------------------------------------------------------------------------------------------

[2024-02-19 21:53:47 #1 store] 
Database 'C:\Users\vtdan\Documents\Ingeniera de Software\Lab2objectDB\America.odb' is opened by 5796@DBUSTAMANTEP

[2024-02-19 21:53:47 #2 type] 
Type domain.Country is not enhanced.

[2024-02-19 21:53:47 #3 type] 
Type domain.President is not enhanced.

[2024-02-19 21:53:47 #4 type] 
Type domain.City is not enhanced.

------------------------------------------------------------------------------------------------------------------------

[2024-02-19 22:08:14 #1 store] 
Database 'C:\Users\vtdan\Documents\Ingeniera de Software\Lab2objectDB\America.odb' is opened by 9840@DBUSTAMANTEP

[2024-02-19 22:08:14 #2 type] 
Type domain.Country is not enhanced.

[2024-02-19 22:08:14 #3 type] 
Type domain.President is not enhanced.

[2024-02-19 22:08:14 #4 type] 
Type domain.City is not enhanced.

------------------------------------------------------------------------------------------------------------------------

[2024-02-19 22:31:05 #1 store] 
Database 'C:\Users\vtdan\Documents\Ingeniera de Software\Lab2objectDB\America.odb' is opened by 14992@DBUSTAMANTEP

[2024-02-19 22:31:05 #2 type] 
Type domain.Country is not enhanced.

[2024-02-19 22:31:05 #3 type] 
Type domain.President is not enhanced.

[2024-02-19 22:31:05 #4 type] 
Type domain.City is not enhanced.

------------------------------------------------------------------------------------------------------------------------

[2024-02-19 22:38:45 #1 store] 
Database 'C:\Users\vtdan\Documents\Ingeniera de Software\Lab2objectDB\America.odb' is opened by 6392@DBUSTAMANTEP

[2024-02-19 22:38:45 #2 type] 
Type domain.Country is not enhanced.

[2024-02-19 22:38:45 #3 type] 
Type domain.President is not enhanced.

[2024-02-19 22:38:45 #4 type] 
Type domain.City is not enhanced.

------------------------------------------------------------------------------------------------------------------------

[2024-02-19 22:41:12 #1 store] 
Database 'C:\Users\vtdan\Documents\Ingeniera de Software\Lab2objectDB\America.odb' is opened by 10980@DBUSTAMANTEP

[2024-02-19 22:41:12 #2 type] 
Type domain.Country is not enhanced.

[2024-02-19 22:41:12 #3 type] 
Type domain.President is not enhanced.

[2024-02-19 22:41:12 #4 type] 
Type domain.City is not enhanced.

------------------------------------------------------------------------------------------------------------------------

[2024-02-19 22:50:09 #1 store] 
Database 'C:\Users\vtdan\Documents\Ingeniera de Software\Lab2objectDB\America.odb' is opened by 5620@DBUSTAMANTEP

[2024-02-19 22:50:09 #2 type] 
Type domain.Country is not enhanced.

[2024-02-19 22:50:09 #3 type] 
Type domain.President is not enhanced.

[2024-02-19 22:50:09 #4 type] 
Type domain.City is not enhanced.

------------------------------------------------------------------------------------------------------------------------

[2024-02-19 22:55:04 #1 store] 
Database 'C:\Users\vtdan\Documents\Ingeniera de Software\Lab2objectDB\America.odb' is opened by 9752@DBUSTAMANTEP

[2024-02-19 22:55:04 #2 type] 
Type domain.Country is not enhanced.

[2024-02-19 22:55:04 #3 type] 
Type domain.President is not enhanced.

[2024-02-19 22:55:04 #4 type] 
Type domain.City is not enhanced.

