------------------------------------------------------------------------------------------------------------------------

[2024-02-09 11:15:18 #1 store] 
Database 'C:\Users\vtdan\Documents\Ingeniera de Software\ObjectdbLab1\formula1.odb' is opened by 788@DBUSTAMANTEP

[2024-02-09 11:15:18 #2 store] 
Configuration path: ?

[2024-02-09 11:15:18 #3 type] 
Type domain.Pilot is not enhanced.

------------------------------------------------------------------------------------------------------------------------

[2024-02-09 11:20:49 #1 store] 
Database 'C:\Users\vtdan\Documents\Ingeniera de Software\ObjectdbLab1\formula1.odb' has been recovered (tr. 1-11)

[2024-02-09 11:20:49 #2 store] 
Database 'C:\Users\vtdan\Documents\Ingeniera de Software\ObjectdbLab1\formula1.odb' is opened by 16356@DBUSTAMANTEP

[2024-02-09 11:20:49 #3 store] 
Configuration path: ?

[2024-02-09 11:20:49 #4 type] 
Type domain.Pilot is not enhanced.

------------------------------------------------------------------------------------------------------------------------

[2024-02-09 11:21:09 #1 store] 
Database 'C:\Users\vtdan\Documents\Ingeniera de Software\ObjectdbLab1\formula1.odb' is opened by 14076@DBUSTAMANTEP

[2024-02-09 11:21:09 #2 store] 
Configuration path: ?

[2024-02-09 11:21:09 #3 type] 
Type domain.Pilot is not enhanced.

------------------------------------------------------------------------------------------------------------------------

[2024-02-09 11:27:16 #1 store] 
Database 'C:\Users\vtdan\Documents\Ingeniera de Software\ObjectdbLab1\formula1.odb' is opened by 10356@DBUSTAMANTEP

[2024-02-09 11:27:16 #2 store] 
Configuration path: ?

[2024-02-09 11:27:16 #3 type] 
Type domain.Pilot is not enhanced.

------------------------------------------------------------------------------------------------------------------------

[2024-02-09 11:27:24 #1 store] 
Database 'C:\Users\vtdan\Documents\Ingeniera de Software\ObjectdbLab1\formula1.odb' is opened by 11780@DBUSTAMANTEP

[2024-02-09 11:27:24 #2 store] 
Configuration path: ?

[2024-02-09 11:27:24 #3 type] 
Type domain.Pilot is not enhanced.

------------------------------------------------------------------------------------------------------------------------

[2024-02-09 11:27:57 #1 store] 
Database 'C:\Users\vtdan\Documents\Ingeniera de Software\ObjectdbLab1\formula1.odb' has been recovered (tr. 1-11)

[2024-02-09 11:27:57 #2 store] 
Database 'C:\Users\vtdan\Documents\Ingeniera de Software\ObjectdbLab1\formula1.odb' is opened by 12652@DBUSTAMANTEP

[2024-02-09 11:27:57 #3 store] 
Configuration path: ?

[2024-02-09 11:27:57 #4 type] 
Type domain.Pilot is not enhanced.

------------------------------------------------------------------------------------------------------------------------

[2024-02-09 11:29:23 #1 store] 
Database 'C:\Users\vtdan\Documents\Ingeniera de Software\ObjectdbLab1\formula1.odb' is opened by 6844@DBUSTAMANTEP

[2024-02-09 11:29:23 #2 store] 
Configuration path: ?

[2024-02-09 11:29:23 #3 type] 
Type domain.Pilot is not enhanced.

------------------------------------------------------------------------------------------------------------------------

[2024-02-09 11:29:45 #1 store] 
Database 'C:\Users\vtdan\Documents\Ingeniera de Software\ObjectdbLab1\formula1.odb' is opened by 13192@DBUSTAMANTEP

[2024-02-09 11:29:45 #2 store] 
Configuration path: ?

[2024-02-09 11:29:45 #3 type] 
Type domain.Pilot is not enhanced.

------------------------------------------------------------------------------------------------------------------------

[2024-02-09 11:32:59 #1 store] 
Database 'C:\Users\vtdan\Documents\Ingeniera de Software\ObjectdbLab1\formula1.odb' is opened by 14572@DBUSTAMANTEP

[2024-02-09 11:32:59 #2 store] 
Configuration path: ?

[2024-02-09 11:32:59 #3 type] 
Type domain.Pilot is not enhanced.

------------------------------------------------------------------------------------------------------------------------

[2024-02-09 11:34:28 #1 store] 
Database 'C:\Users\vtdan\Documents\Ingeniera de Software\ObjectdbLab1\formula1.odb' is opened by 3916@DBUSTAMANTEP

[2024-02-09 11:34:28 #2 store] 
Configuration path: ?

[2024-02-09 11:34:29 #3 type] 
Type domain.Pilot is not enhanced.

------------------------------------------------------------------------------------------------------------------------

[2024-02-09 11:39:31 #1 store] 
Database 'C:\Users\vtdan\Documents\Ingeniera de Software\ObjectdbLab1\formula1.odb' is opened by 11784@DBUSTAMANTEP

[2024-02-09 11:39:31 #2 store] 
Configuration path: ?

[2024-02-09 11:39:31 #3 type] 
Type domain.Pilot is not enhanced.

------------------------------------------------------------------------------------------------------------------------

[2024-02-09 11:40:07 #1 store] 
Database 'C:\Users\vtdan\Documents\Ingeniera de Software\ObjectdbLab1\formula1.odb' is opened by 3068@DBUSTAMANTEP

[2024-02-09 11:40:07 #2 store] 
Configuration path: ?

[2024-02-09 11:40:07 #3 type] 
Type domain.Pilot is not enhanced.

------------------------------------------------------------------------------------------------------------------------

[2024-02-09 11:40:47 #1 store] 
Database 'C:\Users\vtdan\Documents\Ingeniera de Software\ObjectdbLab1\formula1.odb' is opened by 9092@DBUSTAMANTEP

[2024-02-09 11:40:47 #2 store] 
Configuration path: ?

[2024-02-09 11:40:47 #3 type] 
Type domain.Pilot is not enhanced.

------------------------------------------------------------------------------------------------------------------------

[2024-02-09 11:41:57 #1 store] 
Database 'C:\Users\vtdan\Documents\Ingeniera de Software\ObjectdbLab1\formula1.odb' is opened by 12992@DBUSTAMANTEP

[2024-02-09 11:41:57 #2 store] 
Configuration path: ?

[2024-02-09 11:41:57 #3 type] 
Type domain.Pilot is not enhanced.

------------------------------------------------------------------------------------------------------------------------

[2024-02-09 11:42:12 #1 store] 
Database 'C:\Users\vtdan\Documents\Ingeniera de Software\ObjectdbLab1\formula1.odb' is opened by 6844@DBUSTAMANTEP

[2024-02-09 11:42:12 #2 store] 
Configuration path: ?

[2024-02-09 11:42:12 #3 type] 
Type domain.Pilot is not enhanced.

------------------------------------------------------------------------------------------------------------------------

[2024-02-09 11:46:35 #1 store] 
Database 'C:\Users\vtdan\Documents\Ingeniera de Software\ObjectdbLab1\formula1.odb' is opened by 10752@DBUSTAMANTEP

[2024-02-09 11:46:35 #2 store] 
Configuration path: ?

[2024-02-09 11:46:35 #3 type] 
Type domain.Pilot is not enhanced.

------------------------------------------------------------------------------------------------------------------------

[2024-02-09 11:46:50 #1 store] 
Database 'C:\Users\vtdan\Documents\Ingeniera de Software\ObjectdbLab1\formula1.odb' is opened by 6796@DBUSTAMANTEP

[2024-02-09 11:46:50 #2 store] 
Configuration path: ?

[2024-02-09 11:46:50 #3 type] 
Type domain.Pilot is not enhanced.

------------------------------------------------------------------------------------------------------------------------

[2024-02-09 15:26:16 #1 store] 
Database 'C:\Users\vtdan\Documents\Ingeniera de Software\ObjectdbLab1\formula1.odb' is opened by 13592@DBUSTAMANTEP

[2024-02-09 15:26:16 #2 store] 
Configuration path: ?

[2024-02-09 15:26:16 #3 type] 
Type domain.Pilot is not enhanced.

------------------------------------------------------------------------------------------------------------------------

[2024-02-09 15:33:58 #1 store] 
Database 'C:\Users\vtdan\Documents\Ingeniera de Software\ObjectdbLab1\formula1.odb' is opened by 14752@DBUSTAMANTEP

[2024-02-09 15:33:58 #2 store] 
Configuration path: ?

[2024-02-09 15:33:58 #3 type] 
Type domain.Pilot is not enhanced.

------------------------------------------------------------------------------------------------------------------------

[2024-02-09 15:34:54 #1 store] 
Database 'C:\Users\vtdan\Documents\Ingeniera de Software\ObjectdbLab1\formula1.odb' is opened by 2404@DBUSTAMANTEP

[2024-02-09 15:34:54 #2 store] 
Configuration path: ?

[2024-02-09 15:34:54 #3 type] 
Type domain.Pilot is not enhanced.

------------------------------------------------------------------------------------------------------------------------

[2024-02-09 15:37:59 #1 store] 
Database 'C:\Users\vtdan\Documents\Ingeniera de Software\ObjectdbLab1\formula1.odb' is opened by 5420@DBUSTAMANTEP

[2024-02-09 15:37:59 #2 store] 
Configuration path: ?

[2024-02-09 15:37:59 #3 type] 
Type domain.Pilot is not enhanced.

------------------------------------------------------------------------------------------------------------------------

[2024-02-09 15:38:18 #1 store] 
Database 'C:\Users\vtdan\Documents\Ingeniera de Software\ObjectdbLab1\formula1.odb' is opened by 9032@DBUSTAMANTEP

[2024-02-09 15:38:18 #2 store] 
Configuration path: ?

[2024-02-09 15:38:18 #3 type] 
Type domain.Pilot is not enhanced.

------------------------------------------------------------------------------------------------------------------------

[2024-02-09 15:40:29 #1 store] 
Database 'C:\Users\vtdan\Documents\Ingeniera de Software\ObjectdbLab1\formula1.odb' is opened by 11424@DBUSTAMANTEP

[2024-02-09 15:40:29 #2 store] 
Configuration path: ?

[2024-02-09 15:40:30 #3 type] 
Type domain.Pilot is not enhanced.

------------------------------------------------------------------------------------------------------------------------

[2024-02-09 15:56:39 #1 store] 
Database 'C:\Users\vtdan\Documents\Ingeniera de Software\ObjectdbLab1\formula1.odb' is opened by 8232@DBUSTAMANTEP

[2024-02-09 15:56:39 #2 store] 
Configuration path: ?

[2024-02-09 15:56:39 #3 type] 
Type domain.Pilot is not enhanced.

------------------------------------------------------------------------------------------------------------------------

[2024-02-09 15:58:38 #1 store] 
Database 'C:\Users\vtdan\Documents\Ingeniera de Software\ObjectdbLab1\formula1.odb' is opened by 1816@DBUSTAMANTEP

[2024-02-09 15:58:38 #2 store] 
Configuration path: ?

[2024-02-09 15:58:38 #3 type] 
Type domain.Pilot is not enhanced.

------------------------------------------------------------------------------------------------------------------------

[2024-02-09 16:02:59 #1 store] 
Database 'C:\Users\vtdan\Documents\Ingeniera de Software\ObjectdbLab1\formula1.odb' is opened by 5412@DBUSTAMANTEP

[2024-02-09 16:02:59 #2 store] 
Configuration path: ?

[2024-02-09 16:02:59 #3 type] 
Type domain.Pilot is not enhanced.

------------------------------------------------------------------------------------------------------------------------

[2024-02-09 16:09:05 #1 store] 
Database 'C:\Users\vtdan\Documents\Ingeniera de Software\ObjectdbLab1\formula1.odb' is opened by 10804@DBUSTAMANTEP

[2024-02-09 16:09:05 #2 store] 
Configuration path: ?

[2024-02-09 16:09:05 #3 type] 
Type domain.Pilot is not enhanced.

------------------------------------------------------------------------------------------------------------------------

[2024-02-09 16:09:56 #1 store] 
Database 'C:\Users\vtdan\Documents\Ingeniera de Software\ObjectdbLab1\formula1.odb' is opened by 14516@DBUSTAMANTEP

[2024-02-09 16:09:56 #2 store] 
Configuration path: ?

[2024-02-09 16:09:56 #3 type] 
Type domain.Pilot is not enhanced.

------------------------------------------------------------------------------------------------------------------------

[2024-02-09 16:10:44 #1 store] 
Database 'C:\Users\vtdan\Documents\Ingeniera de Software\ObjectdbLab1\formula1.odb' is opened by 12364@DBUSTAMANTEP

[2024-02-09 16:10:44 #2 store] 
Configuration path: ?

[2024-02-09 16:10:44 #3 type] 
Type domain.Pilot is not enhanced.

------------------------------------------------------------------------------------------------------------------------

[2024-02-09 16:27:45 #1 store] 
Database 'C:\Users\vtdan\Documents\Ingeniera de Software\ObjectdbLab1\formula1.odb' is opened by 14780@DBUSTAMANTEP

[2024-02-09 16:27:45 #2 store] 
Configuration path: ?

[2024-02-09 16:27:46 #3 type] 
Type domain.Pilot is not enhanced.

------------------------------------------------------------------------------------------------------------------------

[2024-02-09 16:28:30 #1 store] 
Database 'C:\Users\vtdan\Documents\Ingeniera de Software\ObjectdbLab1\formula1.odb' is opened by 2404@DBUSTAMANTEP

[2024-02-09 16:28:30 #2 store] 
Configuration path: ?

[2024-02-09 16:28:30 #3 type] 
Type domain.Pilot is not enhanced.

------------------------------------------------------------------------------------------------------------------------

[2024-02-09 16:28:54 #1 store] 
Database 'C:\Users\vtdan\Documents\Ingeniera de Software\ObjectdbLab1\formula1.odb' is opened by 9900@DBUSTAMANTEP

[2024-02-09 16:28:54 #2 store] 
Configuration path: ?

[2024-02-09 16:28:54 #3 type] 
Type domain.Pilot is not enhanced.

------------------------------------------------------------------------------------------------------------------------

[2024-02-09 16:30:45 #1 store] 
Database 'C:\Users\vtdan\Documents\Ingeniera de Software\ObjectdbLab1\formula1.odb' is opened by 7416@DBUSTAMANTEP

[2024-02-09 16:30:45 #2 store] 
Configuration path: ?

[2024-02-09 16:30:45 #3 type] 
Type domain.Pilot is not enhanced.

------------------------------------------------------------------------------------------------------------------------

[2024-02-09 16:31:46 #1 store] 
Database 'C:\Users\vtdan\Documents\Ingeniera de Software\ObjectdbLab1\formula1.odb' is opened by 2736@DBUSTAMANTEP

[2024-02-09 16:31:46 #2 store] 
Configuration path: ?

[2024-02-09 16:31:46 #3 type] 
Type domain.Pilot is not enhanced.

------------------------------------------------------------------------------------------------------------------------

[2024-02-09 16:32:54 #1 store] 
Database 'C:\Users\vtdan\Documents\Ingeniera de Software\ObjectdbLab1\formula1.odb' is opened by 4880@DBUSTAMANTEP

[2024-02-09 16:32:54 #2 store] 
Configuration path: ?

[2024-02-09 16:32:54 #3 type] 
Type domain.Pilot is not enhanced.

