------------------------------------------------------------------------------------------------------------------------

[2024-03-20 09:22:43 #1 store] 
Database 'C:\Users\user\git\repositoryRides24\Rides24\src\main\resources\rides.temp' is opened by 3148@LAPTOP-C5O8HU11

[2024-03-20 09:22:43 #2 type.registry] 
New type domain.Driver

[2024-03-20 09:22:43 #3 type] 
Type domain.Driver is not enhanced.

[2024-03-20 09:22:43 #4 type.registry] 
New type domain.Ride

[2024-03-20 09:22:43 #5 type] 
Type domain.Ride is not enhanced.

[2024-03-20 09:22:43 #6 type.registry] 
New type java.util.Vector<java.lang.Object>

[2024-03-20 09:22:43 #7 type.registry] 
New type java.util.Vector<domain.Ride>

[2024-03-20 09:22:53 #8 type.registry] 
New type domain.viajero

[2024-03-20 09:22:53 #9 type] 
Type domain.viajero is not enhanced.

------------------------------------------------------------------------------------------------------------------------

[2024-03-20 09:27:35 #1 store] 
Database 'C:\Users\user\git\repositoryRides24\Rides24\src\main\resources\rides.temp' is opened by 15076@LAPTOP-C5O8HU11

[2024-03-20 09:27:36 #2 type.registry] 
New type domain.Driver

[2024-03-20 09:27:36 #3 type] 
Type domain.Driver is not enhanced.

[2024-03-20 09:27:36 #4 type.registry] 
New type domain.Ride

[2024-03-20 09:27:36 #5 type] 
Type domain.Ride is not enhanced.

[2024-03-20 09:27:36 #6 type.registry] 
New type java.util.Vector<java.lang.Object>

[2024-03-20 09:27:36 #7 type.registry] 
New type java.util.Vector<domain.Ride>

[2024-03-20 09:27:45 #8 type.registry] 
New type domain.viajero

[2024-03-20 09:27:45 #9 type] 
Type domain.viajero is not enhanced.

------------------------------------------------------------------------------------------------------------------------

[2024-03-20 09:48:02 #1 store] 
Database 'C:\Users\user\git\repositoryRides24\Rides24\src\main\resources\rides.temp' is opened by 14576@LAPTOP-C5O8HU11

[2024-03-20 09:48:02 #2 type.registry] 
New type domain.Driver

[2024-03-20 09:48:02 #3 type] 
Type domain.Driver is not enhanced.

[2024-03-20 09:48:02 #4 type.registry] 
New type domain.Ride

[2024-03-20 09:48:02 #5 type] 
Type domain.Ride is not enhanced.

[2024-03-20 09:48:03 #6 type.registry] 
New type java.util.Vector<java.lang.Object>

[2024-03-20 09:48:03 #7 type.registry] 
New type java.util.Vector<domain.Ride>

[2024-03-20 09:48:11 #8 type.registry] 
New type domain.viajero

[2024-03-20 09:48:11 #9 type] 
Type domain.viajero is not enhanced.

[2024-03-20 09:48:43 #10 type.registry] 
New type domain.RideSolicitado

[2024-03-20 09:48:43 #11 type] 
Type domain.RideSolicitado is not enhanced.

------------------------------------------------------------------------------------------------------------------------

[2024-03-20 09:52:32 #1 store] 
Database 'C:\Users\user\git\repositoryRides24\Rides24\src\main\resources\rides.temp' is opened by 2452@LAPTOP-C5O8HU11

[2024-03-20 09:52:32 #2 type.registry] 
New type domain.Driver

[2024-03-20 09:52:32 #3 type] 
Type domain.Driver is not enhanced.

[2024-03-20 09:52:32 #4 type.registry] 
New type domain.Ride

[2024-03-20 09:52:32 #5 type] 
Type domain.Ride is not enhanced.

[2024-03-20 09:52:32 #6 type.registry] 
New type java.util.Vector<java.lang.Object>

[2024-03-20 09:52:32 #7 type.registry] 
New type java.util.Vector<domain.Ride>

[2024-03-20 09:52:40 #8 type.registry] 
New type domain.viajero

[2024-03-20 09:52:40 #9 type] 
Type domain.viajero is not enhanced.

------------------------------------------------------------------------------------------------------------------------

[2024-03-20 09:53:02 #1 store] 
Database 'C:\Users\user\git\repositoryRides24\Rides24\src\main\resources\rides.temp' is opened by 6200@LAPTOP-C5O8HU11

[2024-03-20 09:53:02 #2 type.registry] 
New type domain.Driver

[2024-03-20 09:53:02 #3 type] 
Type domain.Driver is not enhanced.

[2024-03-20 09:53:02 #4 type.registry] 
New type domain.Ride

[2024-03-20 09:53:02 #5 type] 
Type domain.Ride is not enhanced.

[2024-03-20 09:53:02 #6 type.registry] 
New type java.util.Vector<java.lang.Object>

[2024-03-20 09:53:02 #7 type.registry] 
New type java.util.Vector<domain.Ride>

[2024-03-20 09:53:10 #8 type.registry] 
New type domain.viajero

[2024-03-20 09:53:10 #9 type] 
Type domain.viajero is not enhanced.

[2024-03-20 09:53:26 #10 type.registry] 
New type domain.RideSolicitado

[2024-03-20 09:53:26 #11 type] 
Type domain.RideSolicitado is not enhanced.

------------------------------------------------------------------------------------------------------------------------

[2024-03-20 09:56:18 #1 store] 
Database 'C:\Users\user\git\repositoryRides24\Rides24\src\main\resources\rides.temp' is opened by 10764@LAPTOP-C5O8HU11

[2024-03-20 09:56:18 #2 type.registry] 
New type domain.Driver

[2024-03-20 09:56:18 #3 type] 
Type domain.Driver is not enhanced.

[2024-03-20 09:56:18 #4 type.registry] 
New type domain.Ride

[2024-03-20 09:56:18 #5 type] 
Type domain.Ride is not enhanced.

[2024-03-20 09:56:18 #6 type.registry] 
New type java.util.Vector<java.lang.Object>

[2024-03-20 09:56:18 #7 type.registry] 
New type java.util.Vector<domain.Ride>

[2024-03-20 09:57:05 #8 type.registry] 
New type domain.viajero

[2024-03-20 09:57:05 #9 type] 
Type domain.viajero is not enhanced.

------------------------------------------------------------------------------------------------------------------------

[2024-03-20 10:02:41 #1 store] 
Database 'C:\Users\user\git\repositoryRides24\Rides24\src\main\resources\rides.temp' is opened by 2492@LAPTOP-C5O8HU11

[2024-03-20 10:02:41 #2 type.registry] 
New type domain.Driver

[2024-03-20 10:02:41 #3 type] 
Type domain.Driver is not enhanced.

[2024-03-20 10:02:41 #4 type.registry] 
New type domain.Ride

[2024-03-20 10:02:41 #5 type] 
Type domain.Ride is not enhanced.

[2024-03-20 10:02:41 #6 type.registry] 
New type java.util.Vector<java.lang.Object>

[2024-03-20 10:02:41 #7 type.registry] 
New type java.util.Vector<domain.Ride>

[2024-03-20 10:02:50 #8 type.registry] 
New type domain.viajero

[2024-03-20 10:02:50 #9 type] 
Type domain.viajero is not enhanced.

[2024-03-20 10:03:10 #10 type.registry] 
New type domain.RideSolicitado

[2024-03-20 10:03:10 #11 type] 
Type domain.RideSolicitado is not enhanced.

------------------------------------------------------------------------------------------------------------------------

[2024-03-20 10:05:00 #1 store] 
Database 'C:\Users\user\git\repositoryRides24\Rides24\src\main\resources\rides.temp' is opened by 15244@LAPTOP-C5O8HU11

[2024-03-20 10:05:00 #2 type.registry] 
New type domain.Driver

[2024-03-20 10:05:00 #3 type] 
Type domain.Driver is not enhanced.

[2024-03-20 10:05:00 #4 type.registry] 
New type domain.Ride

[2024-03-20 10:05:00 #5 type] 
Type domain.Ride is not enhanced.

[2024-03-20 10:05:00 #6 type.registry] 
New type java.util.Vector<java.lang.Object>

[2024-03-20 10:05:00 #7 type.registry] 
New type java.util.Vector<domain.Ride>

------------------------------------------------------------------------------------------------------------------------

[2024-03-20 10:05:18 #1 store] 
Database 'C:\Users\user\git\repositoryRides24\Rides24\src\main\resources\rides.temp' is opened by 2512@LAPTOP-C5O8HU11

[2024-03-20 10:05:18 #2 type.registry] 
New type domain.Driver

[2024-03-20 10:05:18 #3 type] 
Type domain.Driver is not enhanced.

[2024-03-20 10:05:18 #4 type.registry] 
New type domain.Ride

[2024-03-20 10:05:18 #5 type] 
Type domain.Ride is not enhanced.

[2024-03-20 10:05:18 #6 type.registry] 
New type java.util.Vector<java.lang.Object>

[2024-03-20 10:05:18 #7 type.registry] 
New type java.util.Vector<domain.Ride>

[2024-03-20 10:05:26 #8 type.registry] 
New type domain.viajero

[2024-03-20 10:05:26 #9 type] 
Type domain.viajero is not enhanced.

[2024-03-20 10:05:47 #10 type.registry] 
New type domain.RideSolicitado

[2024-03-20 10:05:47 #11 type] 
Type domain.RideSolicitado is not enhanced.

------------------------------------------------------------------------------------------------------------------------

[2024-03-20 10:10:18 #1 store] 
Database 'C:\Users\user\git\repositoryRides24\Rides24\src\main\resources\rides.temp' is opened by 12612@LAPTOP-C5O8HU11

[2024-03-20 10:10:18 #2 type.registry] 
New type domain.Driver

[2024-03-20 10:10:18 #3 type] 
Type domain.Driver is not enhanced.

[2024-03-20 10:10:18 #4 type.registry] 
New type domain.Ride

[2024-03-20 10:10:18 #5 type] 
Type domain.Ride is not enhanced.

[2024-03-20 10:10:18 #6 type.registry] 
New type java.util.Vector<java.lang.Object>

[2024-03-20 10:10:18 #7 type.registry] 
New type java.util.Vector<domain.Ride>

[2024-03-20 10:10:25 #8 type.registry] 
New type domain.viajero

[2024-03-20 10:10:25 #9 type] 
Type domain.viajero is not enhanced.

------------------------------------------------------------------------------------------------------------------------

[2024-03-20 10:13:03 #1 store] 
Database 'C:\Users\user\git\repositoryRides24\Rides24\src\main\resources\rides.temp' is opened by 10892@LAPTOP-C5O8HU11

[2024-03-20 10:13:03 #2 type.registry] 
New type domain.Driver

[2024-03-20 10:13:03 #3 type] 
Type domain.Driver is not enhanced.

[2024-03-20 10:13:03 #4 type.registry] 
New type domain.Ride

[2024-03-20 10:13:03 #5 type] 
Type domain.Ride is not enhanced.

[2024-03-20 10:13:03 #6 type.registry] 
New type java.util.Vector<java.lang.Object>

[2024-03-20 10:13:03 #7 type.registry] 
New type java.util.Vector<domain.Ride>

[2024-03-20 10:13:12 #8 type.registry] 
New type domain.viajero

[2024-03-20 10:13:12 #9 type] 
Type domain.viajero is not enhanced.

[2024-03-20 10:13:37 #10 type.registry] 
New type domain.RideSolicitado

[2024-03-20 10:13:37 #11 type] 
Type domain.RideSolicitado is not enhanced.

------------------------------------------------------------------------------------------------------------------------

[2024-03-20 10:20:11 #1 store] 
Database 'C:\Users\user\git\repositoryRides24\Rides24\src\main\resources\rides.temp' is opened by 8188@LAPTOP-C5O8HU11

[2024-03-20 10:20:12 #2 type.registry] 
New type domain.Driver

[2024-03-20 10:20:12 #3 type] 
Type domain.Driver is not enhanced.

[2024-03-20 10:20:12 #4 type.registry] 
New type domain.Ride

[2024-03-20 10:20:12 #5 type] 
Type domain.Ride is not enhanced.

[2024-03-20 10:20:12 #6 type.registry] 
New type java.util.Vector<java.lang.Object>

[2024-03-20 10:20:12 #7 type.registry] 
New type java.util.Vector<domain.Ride>

------------------------------------------------------------------------------------------------------------------------

[2024-03-20 10:23:21 #1 store] 
Database 'C:\Users\user\git\repositoryRides24\Rides24\src\main\resources\rides.temp' is opened by 10484@LAPTOP-C5O8HU11

[2024-03-20 10:23:21 #2 type.registry] 
New type domain.Driver

[2024-03-20 10:23:21 #3 type] 
Type domain.Driver is not enhanced.

[2024-03-20 10:23:21 #4 type.registry] 
New type domain.Ride

[2024-03-20 10:23:21 #5 type] 
Type domain.Ride is not enhanced.

[2024-03-20 10:23:21 #6 type.registry] 
New type java.util.Vector<java.lang.Object>

[2024-03-20 10:23:21 #7 type.registry] 
New type java.util.Vector<domain.Ride>

------------------------------------------------------------------------------------------------------------------------

[2024-03-20 10:23:41 #1 store] 
Database 'C:\Users\user\git\repositoryRides24\Rides24\src\main\resources\rides.temp' is opened by 12816@LAPTOP-C5O8HU11

[2024-03-20 10:23:42 #2 type.registry] 
New type domain.Driver

[2024-03-20 10:23:42 #3 type] 
Type domain.Driver is not enhanced.

[2024-03-20 10:23:42 #4 type.registry] 
New type domain.Ride

[2024-03-20 10:23:42 #5 type] 
Type domain.Ride is not enhanced.

[2024-03-20 10:23:42 #6 type.registry] 
New type java.util.Vector<java.lang.Object>

[2024-03-20 10:23:42 #7 type.registry] 
New type java.util.Vector<domain.Ride>

[2024-03-20 10:24:22 #8 type.registry] 
New type domain.viajero

[2024-03-20 10:24:22 #9 type] 
Type domain.viajero is not enhanced.

------------------------------------------------------------------------------------------------------------------------

[2024-03-20 10:31:18 #1 store] 
Database 'C:\Users\user\git\repositoryRides24\Rides24\src\main\resources\rides.temp' is opened by 14844@LAPTOP-C5O8HU11

[2024-03-20 10:31:19 #2 type.registry] 
New type domain.Driver

[2024-03-20 10:31:19 #3 type] 
Type domain.Driver is not enhanced.

[2024-03-20 10:31:19 #4 type.registry] 
New type domain.Ride

[2024-03-20 10:31:19 #5 type] 
Type domain.Ride is not enhanced.

[2024-03-20 10:31:19 #6 type.registry] 
New type java.util.Vector<java.lang.Object>

[2024-03-20 10:31:19 #7 type.registry] 
New type java.util.Vector<domain.Ride>

[2024-03-20 10:33:48 #8 type.registry] 
New type domain.RideSolicitado

[2024-03-20 10:33:48 #9 type] 
Type domain.RideSolicitado is not enhanced.

[2024-03-20 10:33:48 #10 type.registry] 
New type domain.viajero

[2024-03-20 10:33:48 #11 type] 
Type domain.viajero is not enhanced.

------------------------------------------------------------------------------------------------------------------------

[2024-03-20 19:50:11 #1 store] 
Database 'C:\Users\user\git\repositoryRides24\Rides24\src\main\resources\rides.temp' is opened by 8372@LAPTOP-C5O8HU11

[2024-03-20 19:50:11 #2 type.registry] 
New type domain.Driver

[2024-03-20 19:50:11 #3 type] 
Type domain.Driver is not enhanced.

[2024-03-20 19:50:11 #4 type.registry] 
New type domain.Ride

[2024-03-20 19:50:11 #5 type] 
Type domain.Ride is not enhanced.

[2024-03-20 19:50:11 #6 type.registry] 
New type java.util.Vector<java.lang.Object>

[2024-03-20 19:50:11 #7 type.registry] 
New type java.util.Vector<domain.Ride>

[2024-03-20 19:51:48 #8 type.registry] 
New type domain.viajero

[2024-03-20 19:51:48 #9 type] 
Type domain.viajero is not enhanced.

[2024-03-20 19:52:29 #10 type.registry] 
New type domain.RideSolicitado

[2024-03-20 19:52:29 #11 type] 
Type domain.RideSolicitado is not enhanced.

------------------------------------------------------------------------------------------------------------------------

[2024-03-20 20:27:37 #1 store] 
Database 'C:\Users\user\git\repositoryRides24\Rides24\src\main\resources\rides.temp' is opened by 16452@LAPTOP-C5O8HU11

[2024-03-20 20:27:37 #2 type.registry] 
New type domain.Driver

[2024-03-20 20:27:37 #3 type] 
Type domain.Driver is not enhanced.

[2024-03-20 20:27:37 #4 type.registry] 
New type domain.Ride

[2024-03-20 20:27:37 #5 type] 
Type domain.Ride is not enhanced.

[2024-03-20 20:27:37 #6 type.registry] 
New type java.util.Vector<java.lang.Object>

[2024-03-20 20:27:37 #7 type.registry] 
New type java.util.Vector<domain.Ride>

[2024-03-20 20:27:49 #8 type.registry] 
New type domain.viajero

[2024-03-20 20:27:49 #9 type] 
Type domain.viajero is not enhanced.

------------------------------------------------------------------------------------------------------------------------

[2024-03-20 20:28:31 #1 store] 
Database 'C:\Users\user\git\repositoryRides24\Rides24\src\main\resources\rides.temp' is opened by 5480@LAPTOP-C5O8HU11

[2024-03-20 20:28:31 #2 type.registry] 
New type domain.Driver

[2024-03-20 20:28:31 #3 type] 
Type domain.Driver is not enhanced.

[2024-03-20 20:28:31 #4 type.registry] 
New type domain.Ride

[2024-03-20 20:28:31 #5 type] 
Type domain.Ride is not enhanced.

[2024-03-20 20:28:32 #6 type.registry] 
New type java.util.Vector<java.lang.Object>

[2024-03-20 20:28:32 #7 type.registry] 
New type java.util.Vector<domain.Ride>

[2024-03-20 20:29:36 #8 type.registry] 
New type domain.viajero

[2024-03-20 20:29:36 #9 type] 
Type domain.viajero is not enhanced.

[2024-03-20 20:29:58 #10 type.registry] 
New type domain.RideSolicitado

[2024-03-20 20:29:58 #11 type] 
Type domain.RideSolicitado is not enhanced.

------------------------------------------------------------------------------------------------------------------------

[2024-03-20 20:47:01 #1 store] 
Database 'C:\Users\user\git\repositoryRides24\Rides24\src\main\resources\rides.temp' is opened by 14976@LAPTOP-C5O8HU11

[2024-03-20 20:47:02 #2 type.registry] 
New type domain.Driver

[2024-03-20 20:47:02 #3 type] 
Type domain.Driver is not enhanced.

[2024-03-20 20:47:02 #4 type.registry] 
New type domain.Ride

[2024-03-20 20:47:02 #5 type] 
Type domain.Ride is not enhanced.

[2024-03-20 20:47:02 #6 type.registry] 
New type java.util.Vector<java.lang.Object>

[2024-03-20 20:47:02 #7 type.registry] 
New type java.util.Vector<domain.Ride>

[2024-03-20 20:47:39 #8 type.registry] 
New type domain.viajero

[2024-03-20 20:47:39 #9 type] 
Type domain.viajero is not enhanced.

[2024-03-20 20:48:11 #10 type.registry] 
New type domain.RideSolicitado

[2024-03-20 20:48:11 #11 type] 
Type domain.RideSolicitado is not enhanced.

------------------------------------------------------------------------------------------------------------------------

[2024-03-20 20:52:28 #1 store] 
Database 'C:\Users\user\git\repositoryRides24\Rides24\src\main\resources\rides.temp' is opened by 12948@LAPTOP-C5O8HU11

[2024-03-20 20:52:28 #2 type.registry] 
New type domain.Driver

[2024-03-20 20:52:28 #3 type] 
Type domain.Driver is not enhanced.

[2024-03-20 20:52:28 #4 type.registry] 
New type domain.Ride

[2024-03-20 20:52:28 #5 type] 
Type domain.Ride is not enhanced.

[2024-03-20 20:52:28 #6 type.registry] 
New type java.util.Vector<java.lang.Object>

[2024-03-20 20:52:28 #7 type.registry] 
New type java.util.Vector<domain.Ride>

[2024-03-20 20:53:42 #8 type.registry] 
New type domain.viajero

[2024-03-20 20:53:42 #9 type] 
Type domain.viajero is not enhanced.

[2024-03-20 20:54:05 #10 type.registry] 
New type domain.RideSolicitado

[2024-03-20 20:54:05 #11 type] 
Type domain.RideSolicitado is not enhanced.

------------------------------------------------------------------------------------------------------------------------

[2024-03-20 20:58:53 #1 store] 
Database 'C:\Users\user\git\repositoryRides24\Rides24\src\main\resources\rides.temp' is opened by 12356@LAPTOP-C5O8HU11

[2024-03-20 20:58:53 #2 type.registry] 
New type domain.Driver

[2024-03-20 20:58:53 #3 type] 
Type domain.Driver is not enhanced.

[2024-03-20 20:58:53 #4 type.registry] 
New type domain.Ride

[2024-03-20 20:58:53 #5 type] 
Type domain.Ride is not enhanced.

[2024-03-20 20:58:53 #6 type.registry] 
New type java.util.Vector<java.lang.Object>

[2024-03-20 20:58:53 #7 type.registry] 
New type java.util.Vector<domain.Ride>

[2024-03-20 20:59:28 #8 type.registry] 
New type domain.viajero

[2024-03-20 20:59:28 #9 type] 
Type domain.viajero is not enhanced.

[2024-03-20 20:59:48 #10 type.registry] 
New type domain.RideSolicitado

[2024-03-20 20:59:48 #11 type] 
Type domain.RideSolicitado is not enhanced.

------------------------------------------------------------------------------------------------------------------------

[2024-03-20 21:08:23 #1 store] 
Database 'C:\Users\user\git\repositoryRides24\Rides24\src\main\resources\rides.temp' is opened by 16264@LAPTOP-C5O8HU11

[2024-03-20 21:08:23 #2 type.registry] 
New type domain.Driver

[2024-03-20 21:08:23 #3 type] 
Type domain.Driver is not enhanced.

[2024-03-20 21:08:23 #4 type.registry] 
New type domain.Ride

[2024-03-20 21:08:23 #5 type] 
Type domain.Ride is not enhanced.

[2024-03-20 21:08:23 #6 type.registry] 
New type java.util.Vector<java.lang.Object>

[2024-03-20 21:08:23 #7 type.registry] 
New type java.util.Vector<domain.Ride>

[2024-03-20 21:09:17 #8 type.registry] 
New type domain.viajero

[2024-03-20 21:09:17 #9 type] 
Type domain.viajero is not enhanced.

[2024-03-20 21:09:35 #10 type.registry] 
New type domain.RideSolicitado

[2024-03-20 21:09:35 #11 type] 
Type domain.RideSolicitado is not enhanced.

------------------------------------------------------------------------------------------------------------------------

[2024-03-20 22:27:32 #1 store] 
Database 'C:\Users\user\git\repositoryRides24\Rides24\src\main\resources\rides.temp' is opened by 4828@LAPTOP-C5O8HU11

[2024-03-20 22:27:32 #2 type.registry] 
New type domain.Driver

[2024-03-20 22:27:32 #3 type] 
Type domain.Driver is not enhanced.

[2024-03-20 22:27:32 #4 type.registry] 
New type domain.Ride

[2024-03-20 22:27:32 #5 type] 
Type domain.Ride is not enhanced.

[2024-03-20 22:27:32 #6 type.registry] 
New type java.util.Vector<java.lang.Object>

[2024-03-20 22:27:32 #7 type.registry] 
New type java.util.Vector<domain.Ride>

[2024-03-20 22:28:12 #8 type.registry] 
New type domain.viajero

[2024-03-20 22:28:12 #9 type] 
Type domain.viajero is not enhanced.

[2024-03-20 22:28:28 #10 type.registry] 
New type domain.RideSolicitado

[2024-03-20 22:28:28 #11 type] 
Type domain.RideSolicitado is not enhanced.

