------------------------------------------------------------------------------------------------------------------------

[2024-04-06 11:28:07 #1 store] 
Database 'C:\Users\vtdan\Downloads\Iteracion 2 AceptarViaje\Rides24\src\main\resources\rides.temp' is opened by 15264@DBUSTAMANTEP

[2024-04-06 11:28:07 #2 type.registry] 
New type domain.Driver

[2024-04-06 11:28:07 #3 type] 
Type domain.Driver is not enhanced.

[2024-04-06 11:28:07 #4 type.registry] 
New type domain.Viajecompuesto

[2024-04-06 11:28:07 #5 type.registry] 
New type java.util.ArrayList<domain.Viajecompuesto>

[2024-04-06 11:28:07 #6 type.registry] 
New type domain.Ride

[2024-04-06 11:28:07 #7 type.registry] 
New type domain.RideSolicitado

[2024-04-06 11:28:07 #8 type] 
Type domain.Viajecompuesto is not enhanced.

[2024-04-06 11:28:07 #9 type.registry] 
New type java.util.LinkedList<domain.Ride>

[2024-04-06 11:28:07 #10 type] 
Type domain.Ride is not enhanced.

[2024-04-06 11:28:07 #11 type] 
Type domain.RideSolicitado is not enhanced.

[2024-04-06 11:28:07 #12 type.registry] 
New type domain.viajero

[2024-04-06 11:28:07 #13 type] 
Type domain.viajero is not enhanced.

[2024-04-06 11:28:07 #14 type.registry] 
New type java.util.Vector<java.lang.Object>

[2024-04-06 11:28:07 #15 type.registry] 
New type java.util.ArrayList<java.lang.Object>

[2024-04-06 11:28:07 #16 type.registry] 
New type java.util.Vector<domain.Ride>

[2024-04-06 11:28:07 #17 type.registry] 
New type java.util.Vector<domain.RideSolicitado>

------------------------------------------------------------------------------------------------------------------------

[2024-04-06 11:29:08 #1 store] 
Database 'C:\Users\vtdan\Downloads\Iteracion 2 AceptarViaje\Rides24\src\main\resources\rides.temp' is opened by 7144@DBUSTAMANTEP

[2024-04-06 11:29:08 #2 type.registry] 
New type domain.Driver

[2024-04-06 11:29:08 #3 type] 
Type domain.Driver is not enhanced.

[2024-04-06 11:29:09 #4 type.registry] 
New type domain.Viajecompuesto

[2024-04-06 11:29:09 #5 type.registry] 
New type java.util.ArrayList<domain.Viajecompuesto>

[2024-04-06 11:29:09 #6 type.registry] 
New type domain.Ride

[2024-04-06 11:29:09 #7 type.registry] 
New type domain.RideSolicitado

[2024-04-06 11:29:09 #8 type] 
Type domain.Viajecompuesto is not enhanced.

[2024-04-06 11:29:09 #9 type.registry] 
New type java.util.LinkedList<domain.Ride>

[2024-04-06 11:29:09 #10 type] 
Type domain.Ride is not enhanced.

[2024-04-06 11:29:09 #11 type] 
Type domain.RideSolicitado is not enhanced.

[2024-04-06 11:29:09 #12 type.registry] 
New type domain.viajero

[2024-04-06 11:29:09 #13 type] 
Type domain.viajero is not enhanced.

[2024-04-06 11:29:09 #14 type.registry] 
New type java.util.Vector<java.lang.Object>

[2024-04-06 11:29:09 #15 type.registry] 
New type java.util.ArrayList<java.lang.Object>

[2024-04-06 11:29:09 #16 type.registry] 
New type java.util.Vector<domain.Ride>

[2024-04-06 11:29:09 #17 type.registry] 
New type java.util.Vector<domain.RideSolicitado>

[2024-04-06 11:32:25 #18 type.registry] 
New type java.util.LinkedList<java.lang.Object>

------------------------------------------------------------------------------------------------------------------------

[2024-04-06 12:46:57 #1 store] 
Database 'C:\Users\vtdan\Downloads\Iteracion 2 AceptarViaje\Rides24\src\main\resources\rides.temp' is opened by 9164@DBUSTAMANTEP

[2024-04-06 12:46:57 #2 type.registry] 
New type domain.Driver

[2024-04-06 12:46:57 #3 type] 
Type domain.Driver is not enhanced.

[2024-04-06 12:46:57 #4 type.registry] 
New type domain.Viajecompuesto

[2024-04-06 12:46:57 #5 type.registry] 
New type java.util.ArrayList<domain.Viajecompuesto>

[2024-04-06 12:46:57 #6 type.registry] 
New type domain.Ride

[2024-04-06 12:46:57 #7 type.registry] 
New type domain.RideSolicitado

[2024-04-06 12:46:57 #8 type] 
Type domain.Viajecompuesto is not enhanced.

[2024-04-06 12:46:57 #9 type.registry] 
New type java.util.LinkedList<domain.Ride>

[2024-04-06 12:46:57 #10 type] 
Type domain.Ride is not enhanced.

[2024-04-06 12:46:57 #11 type] 
Type domain.RideSolicitado is not enhanced.

[2024-04-06 12:46:57 #12 type.registry] 
New type domain.viajero

[2024-04-06 12:46:57 #13 type] 
Type domain.viajero is not enhanced.

[2024-04-06 12:46:57 #14 type.registry] 
New type java.util.Vector<java.lang.Object>

[2024-04-06 12:46:57 #15 type.registry] 
New type java.util.ArrayList<java.lang.Object>

[2024-04-06 12:46:57 #16 type.registry] 
New type java.util.Vector<domain.Ride>

[2024-04-06 12:46:57 #17 type.registry] 
New type java.util.Vector<domain.RideSolicitado>

------------------------------------------------------------------------------------------------------------------------

[2024-04-06 12:49:28 #1 store] 
Database 'C:\Users\vtdan\Downloads\Iteracion 2 AceptarViaje\Rides24\src\main\resources\rides.temp' is opened by 5512@DBUSTAMANTEP

[2024-04-06 12:49:28 #2 type.registry] 
New type domain.Driver

[2024-04-06 12:49:28 #3 type] 
Type domain.Driver is not enhanced.

[2024-04-06 12:49:28 #4 type.registry] 
New type domain.Viajecompuesto

[2024-04-06 12:49:28 #5 type.registry] 
New type java.util.ArrayList<domain.Viajecompuesto>

[2024-04-06 12:49:28 #6 type.registry] 
New type domain.Ride

[2024-04-06 12:49:28 #7 type.registry] 
New type domain.RideSolicitado

[2024-04-06 12:49:28 #8 type] 
Type domain.Viajecompuesto is not enhanced.

[2024-04-06 12:49:28 #9 type.registry] 
New type java.util.LinkedList<domain.Ride>

[2024-04-06 12:49:28 #10 type] 
Type domain.Ride is not enhanced.

[2024-04-06 12:49:28 #11 type] 
Type domain.RideSolicitado is not enhanced.

[2024-04-06 12:49:28 #12 type.registry] 
New type domain.viajero

[2024-04-06 12:49:28 #13 type] 
Type domain.viajero is not enhanced.

[2024-04-06 12:49:28 #14 type.registry] 
New type java.util.Vector<java.lang.Object>

[2024-04-06 12:49:28 #15 type.registry] 
New type java.util.ArrayList<java.lang.Object>

[2024-04-06 12:49:28 #16 type.registry] 
New type java.util.Vector<domain.Ride>

[2024-04-06 12:49:28 #17 type.registry] 
New type java.util.Vector<domain.RideSolicitado>

------------------------------------------------------------------------------------------------------------------------

[2024-04-06 13:03:27 #1 store] 
Database 'C:\Users\vtdan\Downloads\Iteracion 2 AceptarViaje\Rides24\src\main\resources\rides.temp' is opened by 1188@DBUSTAMANTEP

[2024-04-06 13:03:28 #2 type.registry] 
New type domain.Driver

[2024-04-06 13:03:28 #3 type] 
Type domain.Driver is not enhanced.

[2024-04-06 13:03:28 #4 type.registry] 
New type domain.Viajecompuesto

[2024-04-06 13:03:28 #5 type.registry] 
New type java.util.ArrayList<domain.Viajecompuesto>

[2024-04-06 13:03:28 #6 type.registry] 
New type domain.Ride

[2024-04-06 13:03:28 #7 type.registry] 
New type domain.RideSolicitado

[2024-04-06 13:03:28 #8 type] 
Type domain.Viajecompuesto is not enhanced.

[2024-04-06 13:03:28 #9 type.registry] 
New type java.util.LinkedList<domain.Ride>

[2024-04-06 13:03:28 #10 type] 
Type domain.Ride is not enhanced.

[2024-04-06 13:03:28 #11 type] 
Type domain.RideSolicitado is not enhanced.

[2024-04-06 13:03:28 #12 type.registry] 
New type domain.viajero

[2024-04-06 13:03:28 #13 type] 
Type domain.viajero is not enhanced.

[2024-04-06 13:03:28 #14 type.registry] 
New type java.util.Vector<java.lang.Object>

[2024-04-06 13:03:28 #15 type.registry] 
New type java.util.ArrayList<java.lang.Object>

[2024-04-06 13:03:28 #16 type.registry] 
New type java.util.Vector<domain.Ride>

[2024-04-06 13:03:28 #17 type.registry] 
New type java.util.Vector<domain.RideSolicitado>

------------------------------------------------------------------------------------------------------------------------

[2024-04-06 13:14:04 #1 store] 
Database 'C:\Users\vtdan\Downloads\Iteracion 2 AceptarViaje\Rides24\src\main\resources\rides.temp' is opened by 14204@DBUSTAMANTEP

[2024-04-06 13:14:04 #2 type.registry] 
New type domain.Driver

[2024-04-06 13:14:04 #3 type] 
Type domain.Driver is not enhanced.

[2024-04-06 13:14:04 #4 type.registry] 
New type domain.Viajecompuesto

[2024-04-06 13:14:04 #5 type.registry] 
New type java.util.ArrayList<domain.Viajecompuesto>

[2024-04-06 13:14:04 #6 type.registry] 
New type domain.Ride

[2024-04-06 13:14:04 #7 type.registry] 
New type domain.RideSolicitado

[2024-04-06 13:14:04 #8 type] 
Type domain.Viajecompuesto is not enhanced.

[2024-04-06 13:14:04 #9 type.registry] 
New type java.util.LinkedList<domain.Ride>

[2024-04-06 13:14:04 #10 type] 
Type domain.Ride is not enhanced.

[2024-04-06 13:14:04 #11 type] 
Type domain.RideSolicitado is not enhanced.

[2024-04-06 13:14:04 #12 type.registry] 
New type domain.viajero

[2024-04-06 13:14:04 #13 type] 
Type domain.viajero is not enhanced.

[2024-04-06 13:14:04 #14 type.registry] 
New type java.util.Vector<java.lang.Object>

[2024-04-06 13:14:04 #15 type.registry] 
New type java.util.ArrayList<java.lang.Object>

[2024-04-06 13:14:04 #16 type.registry] 
New type java.util.Vector<domain.Ride>

[2024-04-06 13:14:04 #17 type.registry] 
New type java.util.Vector<domain.RideSolicitado>

------------------------------------------------------------------------------------------------------------------------

[2024-04-06 13:15:14 #1 store] 
Database 'C:\Users\vtdan\Downloads\Iteracion 2 AceptarViaje\Rides24\src\main\resources\rides.temp' is opened by 708@DBUSTAMANTEP

[2024-04-06 13:15:14 #2 type.registry] 
New type domain.Driver

[2024-04-06 13:15:14 #3 type] 
Type domain.Driver is not enhanced.

[2024-04-06 13:15:14 #4 type.registry] 
New type domain.Viajecompuesto

[2024-04-06 13:15:14 #5 type.registry] 
New type java.util.ArrayList<domain.Viajecompuesto>

[2024-04-06 13:15:14 #6 type.registry] 
New type domain.Ride

[2024-04-06 13:15:14 #7 type.registry] 
New type domain.RideSolicitado

[2024-04-06 13:15:14 #8 type] 
Type domain.Viajecompuesto is not enhanced.

[2024-04-06 13:15:14 #9 type.registry] 
New type java.util.LinkedList<domain.Ride>

[2024-04-06 13:15:14 #10 type] 
Type domain.Ride is not enhanced.

[2024-04-06 13:15:14 #11 type] 
Type domain.RideSolicitado is not enhanced.

[2024-04-06 13:15:14 #12 type.registry] 
New type domain.viajero

[2024-04-06 13:15:14 #13 type] 
Type domain.viajero is not enhanced.

[2024-04-06 13:15:14 #14 type.registry] 
New type java.util.Vector<java.lang.Object>

[2024-04-06 13:15:14 #15 type.registry] 
New type java.util.ArrayList<java.lang.Object>

[2024-04-06 13:15:14 #16 type.registry] 
New type java.util.Vector<domain.Ride>

[2024-04-06 13:15:14 #17 type.registry] 
New type java.util.Vector<domain.RideSolicitado>

------------------------------------------------------------------------------------------------------------------------

[2024-04-06 13:17:15 #1 store] 
Database 'C:\Users\vtdan\Downloads\Iteracion 2 AceptarViaje\Rides24\src\main\resources\rides.temp' is opened by 8796@DBUSTAMANTEP

[2024-04-06 13:17:15 #2 type.registry] 
New type domain.Driver

[2024-04-06 13:17:15 #3 type] 
Type domain.Driver is not enhanced.

[2024-04-06 13:17:15 #4 type.registry] 
New type domain.Viajecompuesto

[2024-04-06 13:17:15 #5 type.registry] 
New type java.util.ArrayList<domain.Viajecompuesto>

[2024-04-06 13:17:15 #6 type.registry] 
New type domain.Ride

[2024-04-06 13:17:15 #7 type.registry] 
New type domain.RideSolicitado

[2024-04-06 13:17:15 #8 type] 
Type domain.Viajecompuesto is not enhanced.

[2024-04-06 13:17:15 #9 type.registry] 
New type java.util.LinkedList<domain.Ride>

[2024-04-06 13:17:15 #10 type] 
Type domain.Ride is not enhanced.

[2024-04-06 13:17:15 #11 type] 
Type domain.RideSolicitado is not enhanced.

[2024-04-06 13:17:15 #12 type.registry] 
New type domain.viajero

[2024-04-06 13:17:15 #13 type] 
Type domain.viajero is not enhanced.

[2024-04-06 13:17:15 #14 type.registry] 
New type java.util.Vector<java.lang.Object>

[2024-04-06 13:17:15 #15 type.registry] 
New type java.util.ArrayList<java.lang.Object>

[2024-04-06 13:17:15 #16 type.registry] 
New type java.util.Vector<domain.Ride>

[2024-04-06 13:17:15 #17 type.registry] 
New type java.util.Vector<domain.RideSolicitado>

------------------------------------------------------------------------------------------------------------------------

[2024-04-06 13:19:45 #1 store] 
Database 'C:\Users\vtdan\Downloads\Iteracion 2 AceptarViaje\Rides24\src\main\resources\rides.temp' is opened by 716@DBUSTAMANTEP

[2024-04-06 13:19:45 #2 type.registry] 
New type domain.Driver

[2024-04-06 13:19:45 #3 type] 
Type domain.Driver is not enhanced.

[2024-04-06 13:19:45 #4 type.registry] 
New type domain.Viajecompuesto

[2024-04-06 13:19:45 #5 type.registry] 
New type java.util.ArrayList<domain.Viajecompuesto>

[2024-04-06 13:19:45 #6 type.registry] 
New type domain.Ride

[2024-04-06 13:19:45 #7 type.registry] 
New type domain.RideSolicitado

[2024-04-06 13:19:45 #8 type] 
Type domain.Viajecompuesto is not enhanced.

[2024-04-06 13:19:45 #9 type.registry] 
New type java.util.LinkedList<domain.Ride>

[2024-04-06 13:19:45 #10 type] 
Type domain.Ride is not enhanced.

[2024-04-06 13:19:45 #11 type] 
Type domain.RideSolicitado is not enhanced.

[2024-04-06 13:19:45 #12 type.registry] 
New type domain.viajero

[2024-04-06 13:19:45 #13 type] 
Type domain.viajero is not enhanced.

[2024-04-06 13:19:45 #14 type.registry] 
New type java.util.Vector<java.lang.Object>

[2024-04-06 13:19:45 #15 type.registry] 
New type java.util.ArrayList<java.lang.Object>

[2024-04-06 13:19:45 #16 type.registry] 
New type java.util.Vector<domain.Ride>

[2024-04-06 13:19:45 #17 type.registry] 
New type java.util.Vector<domain.RideSolicitado>

------------------------------------------------------------------------------------------------------------------------

[2024-04-06 13:27:03 #1 store] 
Database 'C:\Users\vtdan\Downloads\Iteracion 2 AceptarViaje\Rides24\src\main\resources\rides.temp' is opened by 8088@DBUSTAMANTEP

[2024-04-06 13:27:03 #2 type.registry] 
New type domain.Driver

[2024-04-06 13:27:03 #3 type] 
Type domain.Driver is not enhanced.

[2024-04-06 13:27:03 #4 type.registry] 
New type domain.Viajecompuesto

[2024-04-06 13:27:03 #5 type.registry] 
New type java.util.ArrayList<domain.Viajecompuesto>

[2024-04-06 13:27:03 #6 type.registry] 
New type domain.Ride

[2024-04-06 13:27:03 #7 type.registry] 
New type domain.RideSolicitado

[2024-04-06 13:27:03 #8 type] 
Type domain.Viajecompuesto is not enhanced.

[2024-04-06 13:27:03 #9 type.registry] 
New type java.util.LinkedList<domain.Ride>

[2024-04-06 13:27:03 #10 type] 
Type domain.Ride is not enhanced.

[2024-04-06 13:27:03 #11 type] 
Type domain.RideSolicitado is not enhanced.

[2024-04-06 13:27:03 #12 type.registry] 
New type domain.viajero

[2024-04-06 13:27:03 #13 type] 
Type domain.viajero is not enhanced.

[2024-04-06 13:27:03 #14 type.registry] 
New type java.util.Vector<java.lang.Object>

[2024-04-06 13:27:03 #15 type.registry] 
New type java.util.ArrayList<java.lang.Object>

[2024-04-06 13:27:03 #16 type.registry] 
New type java.util.Vector<domain.Ride>

[2024-04-06 13:27:03 #17 type.registry] 
New type java.util.Vector<domain.RideSolicitado>

------------------------------------------------------------------------------------------------------------------------

[2024-04-06 13:28:35 #1 store] 
Database 'C:\Users\vtdan\Downloads\Iteracion 2 AceptarViaje\Rides24\src\main\resources\rides.temp' is opened by 2724@DBUSTAMANTEP

[2024-04-06 13:28:35 #2 type.registry] 
New type domain.Driver

[2024-04-06 13:28:35 #3 type] 
Type domain.Driver is not enhanced.

[2024-04-06 13:28:35 #4 type.registry] 
New type domain.Viajecompuesto

[2024-04-06 13:28:35 #5 type.registry] 
New type java.util.ArrayList<domain.Viajecompuesto>

[2024-04-06 13:28:35 #6 type.registry] 
New type domain.Ride

[2024-04-06 13:28:35 #7 type.registry] 
New type domain.RideSolicitado

[2024-04-06 13:28:35 #8 type] 
Type domain.Viajecompuesto is not enhanced.

[2024-04-06 13:28:35 #9 type.registry] 
New type java.util.LinkedList<domain.Ride>

[2024-04-06 13:28:35 #10 type] 
Type domain.Ride is not enhanced.

[2024-04-06 13:28:35 #11 type] 
Type domain.RideSolicitado is not enhanced.

[2024-04-06 13:28:35 #12 type.registry] 
New type domain.viajero

[2024-04-06 13:28:35 #13 type] 
Type domain.viajero is not enhanced.

[2024-04-06 13:28:35 #14 type.registry] 
New type java.util.Vector<java.lang.Object>

[2024-04-06 13:28:35 #15 type.registry] 
New type java.util.ArrayList<java.lang.Object>

[2024-04-06 13:28:35 #16 type.registry] 
New type java.util.Vector<domain.Ride>

[2024-04-06 13:28:35 #17 type.registry] 
New type java.util.Vector<domain.RideSolicitado>

------------------------------------------------------------------------------------------------------------------------

[2024-04-06 13:29:58 #1 store] 
Database 'C:\Users\vtdan\Downloads\Iteracion 2 AceptarViaje\Rides24\src\main\resources\rides.temp' is opened by 11612@DBUSTAMANTEP

[2024-04-06 13:29:58 #2 type.registry] 
New type domain.Driver

[2024-04-06 13:29:58 #3 type] 
Type domain.Driver is not enhanced.

[2024-04-06 13:29:58 #4 type.registry] 
New type domain.Viajecompuesto

[2024-04-06 13:29:58 #5 type.registry] 
New type java.util.ArrayList<domain.Viajecompuesto>

[2024-04-06 13:29:58 #6 type.registry] 
New type domain.Ride

[2024-04-06 13:29:58 #7 type.registry] 
New type domain.RideSolicitado

[2024-04-06 13:29:58 #8 type] 
Type domain.Viajecompuesto is not enhanced.

[2024-04-06 13:29:58 #9 type.registry] 
New type java.util.LinkedList<domain.Ride>

[2024-04-06 13:29:58 #10 type] 
Type domain.Ride is not enhanced.

[2024-04-06 13:29:58 #11 type] 
Type domain.RideSolicitado is not enhanced.

[2024-04-06 13:29:58 #12 type.registry] 
New type domain.viajero

[2024-04-06 13:29:58 #13 type] 
Type domain.viajero is not enhanced.

[2024-04-06 13:29:58 #14 type.registry] 
New type java.util.Vector<java.lang.Object>

[2024-04-06 13:29:58 #15 type.registry] 
New type java.util.ArrayList<java.lang.Object>

[2024-04-06 13:29:58 #16 type.registry] 
New type java.util.Vector<domain.Ride>

[2024-04-06 13:29:58 #17 type.registry] 
New type java.util.Vector<domain.RideSolicitado>

------------------------------------------------------------------------------------------------------------------------

[2024-04-06 13:31:00 #1 store] 
Database 'C:\Users\vtdan\Downloads\Iteracion 2 AceptarViaje\Rides24\src\main\resources\rides.temp' is opened by 14684@DBUSTAMANTEP

[2024-04-06 13:31:00 #2 type.registry] 
New type domain.Driver

[2024-04-06 13:31:00 #3 type] 
Type domain.Driver is not enhanced.

[2024-04-06 13:31:00 #4 type.registry] 
New type domain.Viajecompuesto

[2024-04-06 13:31:00 #5 type.registry] 
New type java.util.ArrayList<domain.Viajecompuesto>

[2024-04-06 13:31:00 #6 type.registry] 
New type domain.Ride

[2024-04-06 13:31:00 #7 type.registry] 
New type domain.RideSolicitado

[2024-04-06 13:31:00 #8 type] 
Type domain.Viajecompuesto is not enhanced.

[2024-04-06 13:31:00 #9 type.registry] 
New type java.util.LinkedList<domain.Ride>

[2024-04-06 13:31:00 #10 type] 
Type domain.Ride is not enhanced.

[2024-04-06 13:31:00 #11 type] 
Type domain.RideSolicitado is not enhanced.

[2024-04-06 13:31:00 #12 type.registry] 
New type domain.viajero

[2024-04-06 13:31:00 #13 type] 
Type domain.viajero is not enhanced.

[2024-04-06 13:31:00 #14 type.registry] 
New type java.util.Vector<java.lang.Object>

[2024-04-06 13:31:00 #15 type.registry] 
New type java.util.ArrayList<java.lang.Object>

[2024-04-06 13:31:00 #16 type.registry] 
New type java.util.Vector<domain.Ride>

[2024-04-06 13:31:00 #17 type.registry] 
New type java.util.Vector<domain.RideSolicitado>

------------------------------------------------------------------------------------------------------------------------

[2024-04-06 13:33:21 #1 store] 
Database 'C:\Users\vtdan\Downloads\Iteracion 2 AceptarViaje\Rides24\src\main\resources\rides.temp' is opened by 4396@DBUSTAMANTEP

[2024-04-06 13:33:21 #2 type.registry] 
New type domain.Driver

[2024-04-06 13:33:21 #3 type] 
Type domain.Driver is not enhanced.

[2024-04-06 13:33:21 #4 type.registry] 
New type domain.Viajecompuesto

[2024-04-06 13:33:21 #5 type.registry] 
New type java.util.ArrayList<domain.Viajecompuesto>

[2024-04-06 13:33:21 #6 type.registry] 
New type domain.Ride

[2024-04-06 13:33:21 #7 type.registry] 
New type domain.RideSolicitado

[2024-04-06 13:33:21 #8 type] 
Type domain.Viajecompuesto is not enhanced.

[2024-04-06 13:33:21 #9 type.registry] 
New type java.util.LinkedList<domain.Ride>

[2024-04-06 13:33:21 #10 type] 
Type domain.Ride is not enhanced.

[2024-04-06 13:33:21 #11 type] 
Type domain.RideSolicitado is not enhanced.

[2024-04-06 13:33:21 #12 type.registry] 
New type domain.viajero

[2024-04-06 13:33:21 #13 type] 
Type domain.viajero is not enhanced.

[2024-04-06 13:33:21 #14 type.registry] 
New type java.util.Vector<java.lang.Object>

[2024-04-06 13:33:21 #15 type.registry] 
New type java.util.ArrayList<java.lang.Object>

[2024-04-06 13:33:21 #16 type.registry] 
New type java.util.Vector<domain.Ride>

[2024-04-06 13:33:21 #17 type.registry] 
New type java.util.Vector<domain.RideSolicitado>

------------------------------------------------------------------------------------------------------------------------

[2024-04-06 13:35:01 #1 store] 
Database 'C:\Users\vtdan\Downloads\Iteracion 2 AceptarViaje\Rides24\src\main\resources\rides.temp' is opened by 8172@DBUSTAMANTEP

[2024-04-06 13:35:01 #2 type.registry] 
New type domain.Driver

[2024-04-06 13:35:01 #3 type] 
Type domain.Driver is not enhanced.

[2024-04-06 13:35:01 #4 type.registry] 
New type domain.Viajecompuesto

[2024-04-06 13:35:01 #5 type.registry] 
New type java.util.ArrayList<domain.Viajecompuesto>

[2024-04-06 13:35:01 #6 type.registry] 
New type domain.Ride

[2024-04-06 13:35:01 #7 type.registry] 
New type domain.RideSolicitado

[2024-04-06 13:35:01 #8 type] 
Type domain.Viajecompuesto is not enhanced.

[2024-04-06 13:35:01 #9 type.registry] 
New type java.util.LinkedList<domain.Ride>

[2024-04-06 13:35:01 #10 type] 
Type domain.Ride is not enhanced.

[2024-04-06 13:35:01 #11 type] 
Type domain.RideSolicitado is not enhanced.

[2024-04-06 13:35:01 #12 type.registry] 
New type domain.viajero

[2024-04-06 13:35:01 #13 type] 
Type domain.viajero is not enhanced.

[2024-04-06 13:35:02 #14 type.registry] 
New type java.util.Vector<java.lang.Object>

[2024-04-06 13:35:02 #15 type.registry] 
New type java.util.ArrayList<java.lang.Object>

[2024-04-06 13:35:02 #16 type.registry] 
New type java.util.Vector<domain.Ride>

[2024-04-06 13:35:02 #17 type.registry] 
New type java.util.Vector<domain.RideSolicitado>

------------------------------------------------------------------------------------------------------------------------

[2024-04-06 13:37:35 #1 store] 
Database 'C:\Users\vtdan\Downloads\Iteracion 2 AceptarViaje\Rides24\src\main\resources\rides.temp' is opened by 7528@DBUSTAMANTEP

[2024-04-06 13:37:36 #2 type.registry] 
New type domain.Driver

[2024-04-06 13:37:36 #3 type] 
Type domain.Driver is not enhanced.

[2024-04-06 13:37:36 #4 type.registry] 
New type domain.Viajecompuesto

[2024-04-06 13:37:36 #5 type.registry] 
New type java.util.ArrayList<domain.Viajecompuesto>

[2024-04-06 13:37:36 #6 type.registry] 
New type domain.Ride

[2024-04-06 13:37:36 #7 type.registry] 
New type domain.RideSolicitado

[2024-04-06 13:37:36 #8 type] 
Type domain.Viajecompuesto is not enhanced.

[2024-04-06 13:37:36 #9 type.registry] 
New type java.util.LinkedList<domain.Ride>

[2024-04-06 13:37:36 #10 type] 
Type domain.Ride is not enhanced.

[2024-04-06 13:37:36 #11 type] 
Type domain.RideSolicitado is not enhanced.

[2024-04-06 13:37:36 #12 type.registry] 
New type domain.viajero

[2024-04-06 13:37:36 #13 type] 
Type domain.viajero is not enhanced.

[2024-04-06 13:37:36 #14 type.registry] 
New type java.util.Vector<java.lang.Object>

[2024-04-06 13:37:36 #15 type.registry] 
New type java.util.ArrayList<java.lang.Object>

[2024-04-06 13:37:36 #16 type.registry] 
New type java.util.Vector<domain.Ride>

[2024-04-06 13:37:36 #17 type.registry] 
New type java.util.Vector<domain.RideSolicitado>

------------------------------------------------------------------------------------------------------------------------

[2024-04-06 14:09:35 #1 store] 
Database 'C:\Users\vtdan\Downloads\Iteracion 2 AceptarViaje\Rides24\src\main\resources\rides.temp' is opened by 3336@DBUSTAMANTEP

[2024-04-06 14:09:35 #2 type.registry] 
New type domain.Driver

[2024-04-06 14:09:35 #3 type] 
Type domain.Driver is not enhanced.

[2024-04-06 14:09:35 #4 type.registry] 
New type domain.Viajecompuesto

[2024-04-06 14:09:35 #5 type.registry] 
New type java.util.ArrayList<domain.Viajecompuesto>

[2024-04-06 14:09:35 #6 type.registry] 
New type domain.Ride

[2024-04-06 14:09:35 #7 type.registry] 
New type domain.RideSolicitado

[2024-04-06 14:09:35 #8 type] 
Type domain.Viajecompuesto is not enhanced.

[2024-04-06 14:09:35 #9 type.registry] 
New type java.util.LinkedList<domain.Ride>

[2024-04-06 14:09:35 #10 type] 
Type domain.Ride is not enhanced.

[2024-04-06 14:09:35 #11 type] 
Type domain.RideSolicitado is not enhanced.

[2024-04-06 14:09:35 #12 type.registry] 
New type domain.viajero

[2024-04-06 14:09:35 #13 type] 
Type domain.viajero is not enhanced.

[2024-04-06 14:09:35 #14 type.registry] 
New type java.util.Vector<java.lang.Object>

[2024-04-06 14:09:35 #15 type.registry] 
New type java.util.ArrayList<java.lang.Object>

[2024-04-06 14:09:35 #16 type.registry] 
New type java.util.Vector<domain.Ride>

[2024-04-06 14:09:35 #17 type.registry] 
New type java.util.Vector<domain.RideSolicitado>

[2024-04-06 14:11:07 #18 type.registry] 
New type java.util.LinkedList<java.lang.Object>

------------------------------------------------------------------------------------------------------------------------

[2024-04-06 14:14:40 #1 store] 
Database 'C:\Users\vtdan\Downloads\Iteracion 2 AceptarViaje\Rides24\src\main\resources\rides.temp' is opened by 12840@DBUSTAMANTEP

[2024-04-06 14:14:40 #2 type.registry] 
New type domain.Driver

[2024-04-06 14:14:40 #3 type] 
Type domain.Driver is not enhanced.

[2024-04-06 14:14:40 #4 type.registry] 
New type domain.Viajecompuesto

[2024-04-06 14:14:40 #5 type.registry] 
New type java.util.ArrayList<domain.Viajecompuesto>

[2024-04-06 14:14:40 #6 type.registry] 
New type domain.Ride

[2024-04-06 14:14:40 #7 type.registry] 
New type domain.RideSolicitado

[2024-04-06 14:14:40 #8 type] 
Type domain.Viajecompuesto is not enhanced.

[2024-04-06 14:14:40 #9 type.registry] 
New type java.util.LinkedList<domain.Ride>

[2024-04-06 14:14:40 #10 type] 
Type domain.Ride is not enhanced.

[2024-04-06 14:14:40 #11 type] 
Type domain.RideSolicitado is not enhanced.

[2024-04-06 14:14:40 #12 type.registry] 
New type domain.viajero

[2024-04-06 14:14:40 #13 type] 
Type domain.viajero is not enhanced.

[2024-04-06 14:14:40 #14 type.registry] 
New type java.util.Vector<java.lang.Object>

[2024-04-06 14:14:40 #15 type.registry] 
New type java.util.ArrayList<java.lang.Object>

[2024-04-06 14:14:40 #16 type.registry] 
New type java.util.Vector<domain.Ride>

[2024-04-06 14:14:40 #17 type.registry] 
New type java.util.Vector<domain.RideSolicitado>

[2024-04-06 14:16:47 #18 type.registry] 
New type java.util.LinkedList<java.lang.Object>

------------------------------------------------------------------------------------------------------------------------

[2024-04-06 16:42:09 #1 store] 
Database 'C:\Users\vtdan\Downloads\Iteracion 2 AceptarViaje\Rides24\src\main\resources\rides.temp' is opened by 12196@DBUSTAMANTEP

[2024-04-06 16:42:10 #2 type.registry] 
New type domain.Driver

[2024-04-06 16:42:10 #3 type] 
Type domain.Driver is not enhanced.

[2024-04-06 16:42:10 #4 type.registry] 
New type domain.Viajecompuesto

[2024-04-06 16:42:10 #5 type.registry] 
New type java.util.ArrayList<domain.Viajecompuesto>

[2024-04-06 16:42:10 #6 type.registry] 
New type domain.Ride

[2024-04-06 16:42:10 #7 type.registry] 
New type domain.RideSolicitado

[2024-04-06 16:42:10 #8 type] 
Type domain.Viajecompuesto is not enhanced.

[2024-04-06 16:42:10 #9 type.registry] 
New type java.util.LinkedList<domain.Ride>

[2024-04-06 16:42:10 #10 type] 
Type domain.Ride is not enhanced.

[2024-04-06 16:42:10 #11 type] 
Type domain.RideSolicitado is not enhanced.

[2024-04-06 16:42:10 #12 type.registry] 
New type domain.viajero

[2024-04-06 16:42:10 #13 type] 
Type domain.viajero is not enhanced.

[2024-04-06 16:42:10 #14 type.registry] 
New type java.util.Vector<java.lang.Object>

[2024-04-06 16:42:10 #15 type.registry] 
New type java.util.ArrayList<java.lang.Object>

[2024-04-06 16:42:10 #16 type.registry] 
New type java.util.Vector<domain.Ride>

[2024-04-06 16:42:10 #17 type.registry] 
New type java.util.Vector<domain.RideSolicitado>

[2024-04-06 16:44:18 #18 type.registry] 
New type java.util.LinkedList<java.lang.Object>

------------------------------------------------------------------------------------------------------------------------

[2024-04-06 16:47:04 #1 store] 
Database 'C:\Users\vtdan\Downloads\Iteracion 2 AceptarViaje\Rides24\src\main\resources\rides.temp' is opened by 360@DBUSTAMANTEP

[2024-04-06 16:47:04 #2 type.registry] 
New type domain.Driver

[2024-04-06 16:47:04 #3 type] 
Type domain.Driver is not enhanced.

[2024-04-06 16:47:04 #4 type.registry] 
New type domain.Viajecompuesto

[2024-04-06 16:47:04 #5 type.registry] 
New type java.util.ArrayList<domain.Viajecompuesto>

[2024-04-06 16:47:04 #6 type.registry] 
New type domain.Ride

[2024-04-06 16:47:04 #7 type.registry] 
New type domain.RideSolicitado

[2024-04-06 16:47:04 #8 type] 
Type domain.Viajecompuesto is not enhanced.

[2024-04-06 16:47:04 #9 type.registry] 
New type java.util.LinkedList<domain.Ride>

[2024-04-06 16:47:04 #10 type] 
Type domain.Ride is not enhanced.

[2024-04-06 16:47:04 #11 type] 
Type domain.RideSolicitado is not enhanced.

[2024-04-06 16:47:04 #12 type.registry] 
New type domain.viajero

[2024-04-06 16:47:04 #13 type] 
Type domain.viajero is not enhanced.

[2024-04-06 16:47:04 #14 type.registry] 
New type java.util.Vector<java.lang.Object>

[2024-04-06 16:47:04 #15 type.registry] 
New type java.util.ArrayList<java.lang.Object>

[2024-04-06 16:47:04 #16 type.registry] 
New type java.util.Vector<domain.Ride>

[2024-04-06 16:47:04 #17 type.registry] 
New type java.util.Vector<domain.RideSolicitado>

[2024-04-06 16:50:25 #18 type.registry] 
New type java.util.LinkedList<java.lang.Object>

------------------------------------------------------------------------------------------------------------------------

[2024-04-06 17:21:31 #1 store] 
Database 'C:\Users\vtdan\Downloads\Iteracion 2 AceptarViaje\Rides24\src\main\resources\rides.temp' is opened by 16552@DBUSTAMANTEP

[2024-04-06 17:21:31 #2 type.registry] 
New type domain.Driver

[2024-04-06 17:21:31 #3 type] 
Type domain.Driver is not enhanced.

[2024-04-06 17:21:31 #4 type.registry] 
New type domain.Viajecompuesto

[2024-04-06 17:21:31 #5 type.registry] 
New type java.util.ArrayList<domain.Viajecompuesto>

[2024-04-06 17:21:31 #6 type.registry] 
New type domain.Ride

[2024-04-06 17:21:31 #7 type.registry] 
New type domain.RideSolicitado

[2024-04-06 17:21:31 #8 type] 
Type domain.Viajecompuesto is not enhanced.

[2024-04-06 17:21:31 #9 type.registry] 
New type java.util.LinkedList<domain.Ride>

[2024-04-06 17:21:31 #10 type] 
Type domain.Ride is not enhanced.

[2024-04-06 17:21:31 #11 type] 
Type domain.RideSolicitado is not enhanced.

[2024-04-06 17:21:31 #12 type.registry] 
New type domain.viajero

[2024-04-06 17:21:31 #13 type] 
Type domain.viajero is not enhanced.

[2024-04-06 17:21:31 #14 type.registry] 
New type java.util.Vector<java.lang.Object>

[2024-04-06 17:21:31 #15 type.registry] 
New type java.util.ArrayList<java.lang.Object>

[2024-04-06 17:21:31 #16 type.registry] 
New type java.util.Vector<domain.Ride>

[2024-04-06 17:21:31 #17 type.registry] 
New type java.util.Vector<domain.RideSolicitado>

[2024-04-06 17:23:17 #18 type.registry] 
New type java.util.LinkedList<java.lang.Object>

------------------------------------------------------------------------------------------------------------------------

[2024-04-06 17:39:02 #1 store] 
Database 'C:\Users\vtdan\Downloads\Iteracion 2 AceptarViaje\Rides24\src\main\resources\rides.temp' is opened by 16396@DBUSTAMANTEP

[2024-04-06 17:39:02 #2 type.registry] 
New type domain.Driver

[2024-04-06 17:39:02 #3 type] 
Type domain.Driver is not enhanced.

[2024-04-06 17:39:02 #4 type.registry] 
New type domain.Viajecompuesto

[2024-04-06 17:39:02 #5 type.registry] 
New type java.util.ArrayList<domain.Viajecompuesto>

[2024-04-06 17:39:02 #6 type.registry] 
New type domain.Ride

[2024-04-06 17:39:02 #7 type.registry] 
New type domain.RideSolicitado

[2024-04-06 17:39:02 #8 type] 
Type domain.Viajecompuesto is not enhanced.

[2024-04-06 17:39:02 #9 type.registry] 
New type java.util.LinkedList<domain.Ride>

[2024-04-06 17:39:02 #10 type] 
Type domain.Ride is not enhanced.

[2024-04-06 17:39:02 #11 type] 
Type domain.RideSolicitado is not enhanced.

[2024-04-06 17:39:02 #12 type.registry] 
New type domain.viajero

[2024-04-06 17:39:02 #13 type] 
Type domain.viajero is not enhanced.

[2024-04-06 17:39:02 #14 type.registry] 
New type java.util.Vector<java.lang.Object>

[2024-04-06 17:39:02 #15 type.registry] 
New type java.util.ArrayList<java.lang.Object>

[2024-04-06 17:39:02 #16 type.registry] 
New type java.util.Vector<domain.Ride>

[2024-04-06 17:39:02 #17 type.registry] 
New type java.util.Vector<domain.RideSolicitado>

[2024-04-06 17:40:36 #18 type.registry] 
New type java.util.LinkedList<java.lang.Object>

------------------------------------------------------------------------------------------------------------------------

[2024-04-06 17:42:39 #1 store] 
Database 'C:\Users\vtdan\Downloads\Iteracion 2 AceptarViaje\Rides24\src\main\resources\rides.temp' is opened by 15184@DBUSTAMANTEP

[2024-04-06 17:42:39 #2 type.registry] 
New type domain.Driver

[2024-04-06 17:42:39 #3 type] 
Type domain.Driver is not enhanced.

[2024-04-06 17:42:39 #4 type.registry] 
New type domain.Viajecompuesto

[2024-04-06 17:42:39 #5 type.registry] 
New type java.util.ArrayList<domain.Viajecompuesto>

[2024-04-06 17:42:39 #6 type.registry] 
New type domain.Ride

[2024-04-06 17:42:39 #7 type.registry] 
New type domain.RideSolicitado

[2024-04-06 17:42:39 #8 type] 
Type domain.Viajecompuesto is not enhanced.

[2024-04-06 17:42:39 #9 type.registry] 
New type java.util.LinkedList<domain.Ride>

[2024-04-06 17:42:39 #10 type] 
Type domain.Ride is not enhanced.

[2024-04-06 17:42:39 #11 type] 
Type domain.RideSolicitado is not enhanced.

[2024-04-06 17:42:39 #12 type.registry] 
New type domain.viajero

[2024-04-06 17:42:39 #13 type] 
Type domain.viajero is not enhanced.

[2024-04-06 17:42:39 #14 type.registry] 
New type java.util.Vector<java.lang.Object>

[2024-04-06 17:42:39 #15 type.registry] 
New type java.util.ArrayList<java.lang.Object>

[2024-04-06 17:42:39 #16 type.registry] 
New type java.util.Vector<domain.Ride>

[2024-04-06 17:42:39 #17 type.registry] 
New type java.util.Vector<domain.RideSolicitado>

[2024-04-06 17:45:10 #18 type.registry] 
New type java.util.LinkedList<java.lang.Object>

------------------------------------------------------------------------------------------------------------------------

[2024-04-06 17:50:20 #1 store] 
Database 'C:\Users\vtdan\Downloads\Iteracion 2 AceptarViaje\Rides24\src\main\resources\rides.temp' is opened by 14332@DBUSTAMANTEP

[2024-04-06 17:50:20 #2 type.registry] 
New type domain.Driver

[2024-04-06 17:50:20 #3 type] 
Type domain.Driver is not enhanced.

[2024-04-06 17:50:20 #4 type.registry] 
New type domain.Viajecompuesto

[2024-04-06 17:50:20 #5 type.registry] 
New type java.util.ArrayList<domain.Viajecompuesto>

[2024-04-06 17:50:20 #6 type.registry] 
New type domain.Ride

[2024-04-06 17:50:20 #7 type.registry] 
New type domain.RideSolicitado

[2024-04-06 17:50:20 #8 type] 
Type domain.Viajecompuesto is not enhanced.

[2024-04-06 17:50:20 #9 type.registry] 
New type java.util.LinkedList<domain.Ride>

[2024-04-06 17:50:20 #10 type] 
Type domain.Ride is not enhanced.

[2024-04-06 17:50:20 #11 type] 
Type domain.RideSolicitado is not enhanced.

[2024-04-06 17:50:20 #12 type.registry] 
New type domain.viajero

[2024-04-06 17:50:20 #13 type] 
Type domain.viajero is not enhanced.

[2024-04-06 17:50:20 #14 type.registry] 
New type java.util.Vector<java.lang.Object>

[2024-04-06 17:50:20 #15 type.registry] 
New type java.util.ArrayList<java.lang.Object>

[2024-04-06 17:50:20 #16 type.registry] 
New type java.util.Vector<domain.Ride>

[2024-04-06 17:50:20 #17 type.registry] 
New type java.util.Vector<domain.RideSolicitado>

------------------------------------------------------------------------------------------------------------------------

[2024-04-06 17:52:10 #1 store] 
Database 'C:\Users\vtdan\Downloads\Iteracion 2 AceptarViaje\Rides24\src\main\resources\rides.temp' is opened by 17012@DBUSTAMANTEP

[2024-04-06 17:52:10 #2 type.registry] 
New type domain.Driver

[2024-04-06 17:52:10 #3 type] 
Type domain.Driver is not enhanced.

[2024-04-06 17:52:10 #4 type.registry] 
New type domain.Viajecompuesto

[2024-04-06 17:52:10 #5 type.registry] 
New type java.util.ArrayList<domain.Viajecompuesto>

[2024-04-06 17:52:10 #6 type.registry] 
New type domain.Ride

[2024-04-06 17:52:10 #7 type.registry] 
New type domain.RideSolicitado

[2024-04-06 17:52:10 #8 type] 
Type domain.Viajecompuesto is not enhanced.

[2024-04-06 17:52:10 #9 type.registry] 
New type java.util.LinkedList<domain.Ride>

[2024-04-06 17:52:10 #10 type] 
Type domain.Ride is not enhanced.

[2024-04-06 17:52:10 #11 type] 
Type domain.RideSolicitado is not enhanced.

[2024-04-06 17:52:10 #12 type.registry] 
New type domain.viajero

[2024-04-06 17:52:10 #13 type] 
Type domain.viajero is not enhanced.

[2024-04-06 17:52:10 #14 type.registry] 
New type java.util.Vector<java.lang.Object>

[2024-04-06 17:52:10 #15 type.registry] 
New type java.util.ArrayList<java.lang.Object>

[2024-04-06 17:52:10 #16 type.registry] 
New type java.util.Vector<domain.Ride>

[2024-04-06 17:52:10 #17 type.registry] 
New type java.util.Vector<domain.RideSolicitado>

[2024-04-06 17:53:52 #18 type.registry] 
New type java.util.LinkedList<java.lang.Object>

------------------------------------------------------------------------------------------------------------------------

[2024-04-06 18:40:19 #1 store] 
Database 'C:\Users\vtdan\Downloads\Iteracion 2 AceptarViaje\Rides24\src\main\resources\rides.temp' is opened by 17404@DBUSTAMANTEP

[2024-04-06 18:40:19 #2 type.registry] 
New type domain.Driver

[2024-04-06 18:40:19 #3 type] 
Type domain.Driver is not enhanced.

[2024-04-06 18:40:19 #4 type.registry] 
New type domain.Viajecompuesto

[2024-04-06 18:40:19 #5 type.registry] 
New type java.util.ArrayList<domain.Viajecompuesto>

[2024-04-06 18:40:19 #6 type.registry] 
New type domain.Ride

[2024-04-06 18:40:19 #7 type.registry] 
New type domain.RideSolicitado

[2024-04-06 18:40:19 #8 type] 
Type domain.Viajecompuesto is not enhanced.

[2024-04-06 18:40:19 #9 type.registry] 
New type java.util.LinkedList<domain.Ride>

[2024-04-06 18:40:19 #10 type] 
Type domain.Ride is not enhanced.

[2024-04-06 18:40:19 #11 type] 
Type domain.RideSolicitado is not enhanced.

[2024-04-06 18:40:19 #12 type.registry] 
New type domain.viajero

[2024-04-06 18:40:19 #13 type] 
Type domain.viajero is not enhanced.

[2024-04-06 18:40:19 #14 type.registry] 
New type java.util.Vector<java.lang.Object>

[2024-04-06 18:40:19 #15 type.registry] 
New type java.util.ArrayList<java.lang.Object>

[2024-04-06 18:40:19 #16 type.registry] 
New type java.util.Vector<domain.Ride>

[2024-04-06 18:40:19 #17 type.registry] 
New type java.util.Vector<domain.RideSolicitado>

------------------------------------------------------------------------------------------------------------------------

[2024-04-06 18:42:04 #1 store] 
Database 'C:\Users\vtdan\Downloads\Iteracion 2 AceptarViaje\Rides24\src\main\resources\rides.temp' is opened by 9624@DBUSTAMANTEP

[2024-04-06 18:42:04 #2 type.registry] 
New type domain.Driver

[2024-04-06 18:42:04 #3 type] 
Type domain.Driver is not enhanced.

[2024-04-06 18:42:04 #4 type.registry] 
New type domain.Viajecompuesto

[2024-04-06 18:42:04 #5 type.registry] 
New type java.util.ArrayList<domain.Viajecompuesto>

[2024-04-06 18:42:04 #6 type.registry] 
New type domain.Ride

[2024-04-06 18:42:04 #7 type.registry] 
New type domain.RideSolicitado

[2024-04-06 18:42:04 #8 type] 
Type domain.Viajecompuesto is not enhanced.

[2024-04-06 18:42:04 #9 type.registry] 
New type java.util.LinkedList<domain.Ride>

[2024-04-06 18:42:04 #10 type] 
Type domain.Ride is not enhanced.

[2024-04-06 18:42:04 #11 type] 
Type domain.RideSolicitado is not enhanced.

[2024-04-06 18:42:04 #12 type.registry] 
New type domain.viajero

[2024-04-06 18:42:04 #13 type] 
Type domain.viajero is not enhanced.

[2024-04-06 18:42:04 #14 type.registry] 
New type java.util.Vector<java.lang.Object>

[2024-04-06 18:42:04 #15 type.registry] 
New type java.util.ArrayList<java.lang.Object>

[2024-04-06 18:42:04 #16 type.registry] 
New type java.util.Vector<domain.Ride>

[2024-04-06 18:42:04 #17 type.registry] 
New type java.util.Vector<domain.RideSolicitado>

[2024-04-06 18:43:59 #18 type.registry] 
New type java.util.LinkedList<java.lang.Object>

------------------------------------------------------------------------------------------------------------------------

[2024-04-06 18:46:36 #1 store] 
Database 'C:\Users\vtdan\Downloads\Iteracion 2 AceptarViaje\Rides24\src\main\resources\rides.temp' is opened by 15400@DBUSTAMANTEP

[2024-04-06 18:46:36 #2 type.registry] 
New type domain.Driver

[2024-04-06 18:46:36 #3 type] 
Type domain.Driver is not enhanced.

[2024-04-06 18:46:36 #4 type.registry] 
New type domain.Viajecompuesto

[2024-04-06 18:46:36 #5 type.registry] 
New type java.util.ArrayList<domain.Viajecompuesto>

[2024-04-06 18:46:36 #6 type.registry] 
New type domain.Ride

[2024-04-06 18:46:36 #7 type.registry] 
New type domain.RideSolicitado

[2024-04-06 18:46:36 #8 type] 
Type domain.Viajecompuesto is not enhanced.

[2024-04-06 18:46:36 #9 type.registry] 
New type java.util.LinkedList<domain.Ride>

[2024-04-06 18:46:36 #10 type] 
Type domain.Ride is not enhanced.

[2024-04-06 18:46:36 #11 type] 
Type domain.RideSolicitado is not enhanced.

[2024-04-06 18:46:36 #12 type.registry] 
New type domain.viajero

[2024-04-06 18:46:36 #13 type] 
Type domain.viajero is not enhanced.

[2024-04-06 18:46:36 #14 type.registry] 
New type java.util.Vector<java.lang.Object>

[2024-04-06 18:46:36 #15 type.registry] 
New type java.util.ArrayList<java.lang.Object>

[2024-04-06 18:46:36 #16 type.registry] 
New type java.util.Vector<domain.Ride>

[2024-04-06 18:46:36 #17 type.registry] 
New type java.util.Vector<domain.RideSolicitado>

------------------------------------------------------------------------------------------------------------------------

[2024-04-06 19:21:37 #1 store] 
Database 'C:\Users\vtdan\Downloads\Iteracion 2 AceptarViaje\Rides24\src\main\resources\rides.temp' is opened by 17288@DBUSTAMANTEP

[2024-04-06 19:21:37 #2 type.registry] 
New type domain.Driver

[2024-04-06 19:21:37 #3 type] 
Type domain.Driver is not enhanced.

[2024-04-06 19:21:37 #4 type.registry] 
New type domain.Viajecompuesto

[2024-04-06 19:21:37 #5 type.registry] 
New type java.util.ArrayList<domain.Viajecompuesto>

[2024-04-06 19:21:37 #6 type.registry] 
New type domain.Ride

[2024-04-06 19:21:37 #7 type.registry] 
New type domain.RideSolicitado

[2024-04-06 19:21:37 #8 type] 
Type domain.Viajecompuesto is not enhanced.

[2024-04-06 19:21:37 #9 type.registry] 
New type java.util.LinkedList<domain.Ride>

[2024-04-06 19:21:37 #10 type] 
Type domain.Ride is not enhanced.

[2024-04-06 19:21:37 #11 type] 
Type domain.RideSolicitado is not enhanced.

[2024-04-06 19:21:37 #12 type.registry] 
New type domain.viajero

[2024-04-06 19:21:37 #13 type] 
Type domain.viajero is not enhanced.

[2024-04-06 19:21:37 #14 type.registry] 
New type java.util.Vector<java.lang.Object>

[2024-04-06 19:21:37 #15 type.registry] 
New type java.util.ArrayList<java.lang.Object>

[2024-04-06 19:21:37 #16 type.registry] 
New type java.util.Vector<domain.Ride>

[2024-04-06 19:21:37 #17 type.registry] 
New type java.util.Vector<domain.RideSolicitado>

------------------------------------------------------------------------------------------------------------------------

[2024-04-06 19:25:36 #1 store] 
Database 'C:\Users\vtdan\Downloads\Iteracion 2 AceptarViaje\Rides24\src\main\resources\rides.temp' is opened by 16480@DBUSTAMANTEP

[2024-04-06 19:25:36 #2 type.registry] 
New type domain.Driver

[2024-04-06 19:25:36 #3 type] 
Type domain.Driver is not enhanced.

[2024-04-06 19:25:36 #4 type.registry] 
New type domain.Viajecompuesto

[2024-04-06 19:25:36 #5 type.registry] 
New type java.util.ArrayList<domain.Viajecompuesto>

[2024-04-06 19:25:36 #6 type.registry] 
New type domain.Ride

[2024-04-06 19:25:36 #7 type.registry] 
New type domain.RideSolicitado

[2024-04-06 19:25:36 #8 type] 
Type domain.Viajecompuesto is not enhanced.

[2024-04-06 19:25:36 #9 type.registry] 
New type java.util.LinkedList<domain.Ride>

[2024-04-06 19:25:36 #10 type] 
Type domain.Ride is not enhanced.

[2024-04-06 19:25:36 #11 type] 
Type domain.RideSolicitado is not enhanced.

[2024-04-06 19:25:36 #12 type.registry] 
New type domain.viajero

[2024-04-06 19:25:36 #13 type] 
Type domain.viajero is not enhanced.

[2024-04-06 19:25:36 #14 type.registry] 
New type java.util.Vector<java.lang.Object>

[2024-04-06 19:25:36 #15 type.registry] 
New type java.util.ArrayList<java.lang.Object>

[2024-04-06 19:25:36 #16 type.registry] 
New type java.util.Vector<domain.Ride>

[2024-04-06 19:25:36 #17 type.registry] 
New type java.util.Vector<domain.RideSolicitado>

------------------------------------------------------------------------------------------------------------------------

[2024-04-06 19:33:23 #1 store] 
Database 'C:\Users\vtdan\Downloads\Iteracion 2 AceptarViaje\Rides24\src\main\resources\rides.temp' is opened by 11048@DBUSTAMANTEP

[2024-04-06 19:33:23 #2 type.registry] 
New type domain.Driver

[2024-04-06 19:33:23 #3 type] 
Type domain.Driver is not enhanced.

[2024-04-06 19:33:23 #4 type.registry] 
New type domain.Viajecompuesto

[2024-04-06 19:33:23 #5 type.registry] 
New type java.util.ArrayList<domain.Viajecompuesto>

[2024-04-06 19:33:23 #6 type.registry] 
New type domain.Ride

[2024-04-06 19:33:23 #7 type.registry] 
New type domain.RideSolicitado

[2024-04-06 19:33:23 #8 type] 
Type domain.Viajecompuesto is not enhanced.

[2024-04-06 19:33:23 #9 type.registry] 
New type java.util.LinkedList<domain.Ride>

[2024-04-06 19:33:23 #10 type] 
Type domain.Ride is not enhanced.

[2024-04-06 19:33:23 #11 type] 
Type domain.RideSolicitado is not enhanced.

[2024-04-06 19:33:23 #12 type.registry] 
New type domain.viajero

[2024-04-06 19:33:23 #13 type] 
Type domain.viajero is not enhanced.

[2024-04-06 19:33:23 #14 type.registry] 
New type java.util.Vector<java.lang.Object>

[2024-04-06 19:33:23 #15 type.registry] 
New type java.util.ArrayList<java.lang.Object>

[2024-04-06 19:33:23 #16 type.registry] 
New type java.util.Vector<domain.Ride>

[2024-04-06 19:33:23 #17 type.registry] 
New type java.util.Vector<domain.RideSolicitado>

