------------------------------------------------------------------------------------------------------------------------

[2024-04-21 13:12:57 #1 store] 
Database 'D:\eclipse\WorkSpace\Rides24\src\main\resources\rides.temp' is opened by 28632@DESKTOP-8QHVPEI

[2024-04-21 13:12:57 #2 type.registry] 
New type domain.user

[2024-04-21 13:12:57 #3 type.registry] 
New type domain.Driver

[2024-04-21 13:12:57 #4 type] 
Type domain.Driver is not enhanced.

[2024-04-21 13:12:57 #5 type.registry] 
New type domain.Viajecompuesto

[2024-04-21 13:12:57 #6 type.registry] 
New type java.util.ArrayList<domain.Viajecompuesto>

[2024-04-21 13:12:57 #7 type.registry] 
New type domain.Ride

[2024-04-21 13:12:57 #8 type.registry] 
New type domain.RideSolicitado

[2024-04-21 13:12:57 #9 type] 
Type domain.Viajecompuesto is not enhanced.

[2024-04-21 13:12:57 #10 type.registry] 
New type java.util.LinkedList<domain.Ride>

[2024-04-21 13:12:57 #11 type] 
Type domain.Ride is not enhanced.

[2024-04-21 13:12:57 #12 type] 
Type domain.RideSolicitado is not enhanced.

[2024-04-21 13:12:57 #13 type.registry] 
New type domain.viajero

[2024-04-21 13:12:57 #14 type] 
Type domain.viajero is not enhanced.

[2024-04-21 13:12:57 #15 type.registry] 
New type java.util.Vector<java.lang.Object>

[2024-04-21 13:12:57 #16 type.registry] 
New type java.util.ArrayList<java.lang.Object>

[2024-04-21 13:12:57 #17 type.registry] 
New type java.util.Vector<domain.Ride>

[2024-04-21 13:12:57 #18 type.registry] 
New type java.util.Vector<domain.RideSolicitado>

