------------------------------------------------------------------------------------------------------------------------

[2024-03-28 00:02:04 #1 store] 
Database 'C:\Users\user\git\repositoryRides24\Rides24\src\main\resources\rides.temp' is opened by 10772@LAPTOP-C5O8HU11

[2024-03-28 00:02:04 #2 type.registry] 
New type domain.Driver

[2024-03-28 00:02:04 #3 type] 
Type domain.Driver is not enhanced.

[2024-03-28 00:02:04 #4 type.registry] 
New type domain.Ride

[2024-03-28 00:02:04 #5 type] 
Type domain.Ride is not enhanced.

[2024-03-28 00:02:04 #6 type.registry] 
New type java.util.Vector<java.lang.Object>

[2024-03-28 00:02:04 #7 type.registry] 
New type java.util.Vector<domain.Ride>

[2024-03-28 00:02:11 #8 type.registry] 
New type domain.viajero

[2024-03-28 00:02:11 #9 type] 
Type domain.viajero is not enhanced.

[2024-03-28 00:02:18 #10 type.registry] 
New type domain.RideSolicitado

[2024-03-28 00:02:18 #11 type] 
Type domain.RideSolicitado is not enhanced.

------------------------------------------------------------------------------------------------------------------------

[2024-03-28 00:04:07 #1 store] 
Database 'C:\Users\user\git\repositoryRides24\Rides24\src\main\resources\rides.temp' is opened by 21460@LAPTOP-C5O8HU11

[2024-03-28 00:04:07 #2 type.registry] 
New type domain.Driver

[2024-03-28 00:04:07 #3 type] 
Type domain.Driver is not enhanced.

[2024-03-28 00:04:07 #4 type.registry] 
New type domain.Ride

[2024-03-28 00:04:07 #5 type] 
Type domain.Ride is not enhanced.

[2024-03-28 00:04:08 #6 type.registry] 
New type java.util.Vector<java.lang.Object>

[2024-03-28 00:04:08 #7 type.registry] 
New type java.util.Vector<domain.Ride>

[2024-03-28 00:04:13 #8 type.registry] 
New type domain.viajero

[2024-03-28 00:04:13 #9 type] 
Type domain.viajero is not enhanced.

[2024-03-28 00:04:20 #10 type.registry] 
New type domain.RideSolicitado

[2024-03-28 00:04:20 #11 type] 
Type domain.RideSolicitado is not enhanced.

------------------------------------------------------------------------------------------------------------------------

[2024-03-28 00:10:45 #1 store] 
Database 'C:\Users\user\git\repositoryRides24\Rides24\src\main\resources\rides.temp' is opened by 2248@LAPTOP-C5O8HU11

[2024-03-28 00:10:45 #2 type.registry] 
New type domain.Driver

[2024-03-28 00:10:45 #3 type] 
Type domain.Driver is not enhanced.

[2024-03-28 00:10:45 #4 type.registry] 
New type domain.Ride

[2024-03-28 00:10:45 #5 type] 
Type domain.Ride is not enhanced.

[2024-03-28 00:10:45 #6 type.registry] 
New type java.util.Vector<java.lang.Object>

[2024-03-28 00:10:45 #7 type.registry] 
New type java.util.Vector<domain.Ride>

[2024-03-28 00:10:48 #8 type.registry] 
New type domain.viajero

[2024-03-28 00:10:48 #9 type] 
Type domain.viajero is not enhanced.

[2024-03-28 00:10:55 #10 type.registry] 
New type domain.RideSolicitado

[2024-03-28 00:10:55 #11 type] 
Type domain.RideSolicitado is not enhanced.

------------------------------------------------------------------------------------------------------------------------

[2024-03-28 00:11:08 #1 store] 
Database 'C:\Users\user\git\repositoryRides24\Rides24\src\main\resources\rides.temp' is opened by 3128@LAPTOP-C5O8HU11

[2024-03-28 00:11:08 #2 type.registry] 
New type domain.Driver

[2024-03-28 00:11:08 #3 type] 
Type domain.Driver is not enhanced.

[2024-03-28 00:11:08 #4 type.registry] 
New type domain.Ride

[2024-03-28 00:11:08 #5 type] 
Type domain.Ride is not enhanced.

[2024-03-28 00:11:08 #6 type.registry] 
New type java.util.Vector<java.lang.Object>

[2024-03-28 00:11:08 #7 type.registry] 
New type java.util.Vector<domain.Ride>

[2024-03-28 00:11:11 #8 type.registry] 
New type domain.viajero

[2024-03-28 00:11:11 #9 type] 
Type domain.viajero is not enhanced.

[2024-03-28 00:11:18 #10 type.registry] 
New type domain.RideSolicitado

[2024-03-28 00:11:18 #11 type] 
Type domain.RideSolicitado is not enhanced.

------------------------------------------------------------------------------------------------------------------------

[2024-03-28 00:12:54 #1 store] 
Database 'C:\Users\user\git\repositoryRides24\Rides24\src\main\resources\rides.temp' is opened by 1552@LAPTOP-C5O8HU11

[2024-03-28 00:12:54 #2 type.registry] 
New type domain.Driver

[2024-03-28 00:12:54 #3 type] 
Type domain.Driver is not enhanced.

[2024-03-28 00:12:54 #4 type.registry] 
New type domain.Ride

[2024-03-28 00:12:54 #5 type] 
Type domain.Ride is not enhanced.

[2024-03-28 00:12:54 #6 type.registry] 
New type java.util.Vector<java.lang.Object>

[2024-03-28 00:12:54 #7 type.registry] 
New type java.util.Vector<domain.Ride>

[2024-03-28 00:13:00 #8 type.registry] 
New type domain.viajero

[2024-03-28 00:13:00 #9 type] 
Type domain.viajero is not enhanced.

[2024-03-28 00:13:07 #10 type.registry] 
New type domain.RideSolicitado

[2024-03-28 00:13:07 #11 type] 
Type domain.RideSolicitado is not enhanced.

------------------------------------------------------------------------------------------------------------------------

[2024-03-28 00:20:14 #1 store] 
Database 'C:\Users\user\git\repositoryRides24\Rides24\src\main\resources\rides.temp' is opened by 12496@LAPTOP-C5O8HU11

[2024-03-28 00:20:15 #2 type.registry] 
New type domain.Driver

[2024-03-28 00:20:15 #3 type] 
Type domain.Driver is not enhanced.

[2024-03-28 00:20:15 #4 type.registry] 
New type domain.Ride

[2024-03-28 00:20:15 #5 type] 
Type domain.Ride is not enhanced.

[2024-03-28 00:20:15 #6 type.registry] 
New type java.util.Vector<java.lang.Object>

[2024-03-28 00:20:15 #7 type.registry] 
New type java.util.Vector<domain.Ride>

[2024-03-28 00:20:17 #8 type.registry] 
New type domain.viajero

[2024-03-28 00:20:17 #9 type] 
Type domain.viajero is not enhanced.

[2024-03-28 00:20:24 #10 type.registry] 
New type domain.RideSolicitado

[2024-03-28 00:20:24 #11 type] 
Type domain.RideSolicitado is not enhanced.

------------------------------------------------------------------------------------------------------------------------

[2024-03-28 00:26:53 #1 store] 
Database 'C:\Users\user\git\repositoryRides24\Rides24\src\main\resources\rides.temp' is opened by 7964@LAPTOP-C5O8HU11

[2024-03-28 00:26:53 #2 type.registry] 
New type domain.Driver

[2024-03-28 00:26:53 #3 type] 
Type domain.Driver is not enhanced.

[2024-03-28 00:26:53 #4 type.registry] 
New type domain.Ride

[2024-03-28 00:26:53 #5 type] 
Type domain.Ride is not enhanced.

[2024-03-28 00:26:53 #6 type.registry] 
New type java.util.Vector<java.lang.Object>

[2024-03-28 00:26:53 #7 type.registry] 
New type java.util.Vector<domain.Ride>

[2024-03-28 00:26:56 #8 type.registry] 
New type domain.viajero

[2024-03-28 00:26:56 #9 type] 
Type domain.viajero is not enhanced.

[2024-03-28 00:27:05 #10 type.registry] 
New type domain.RideSolicitado

[2024-03-28 00:27:05 #11 type] 
Type domain.RideSolicitado is not enhanced.

------------------------------------------------------------------------------------------------------------------------

[2024-03-28 00:29:06 #1 store] 
Database 'C:\Users\user\git\repositoryRides24\Rides24\src\main\resources\rides.temp' is opened by 14116@LAPTOP-C5O8HU11

[2024-03-28 00:29:07 #2 type.registry] 
New type domain.Driver

[2024-03-28 00:29:07 #3 type] 
Type domain.Driver is not enhanced.

[2024-03-28 00:29:07 #4 type.registry] 
New type domain.Ride

[2024-03-28 00:29:07 #5 type] 
Type domain.Ride is not enhanced.

[2024-03-28 00:29:07 #6 type.registry] 
New type java.util.Vector<java.lang.Object>

[2024-03-28 00:29:07 #7 type.registry] 
New type java.util.Vector<domain.Ride>

[2024-03-28 00:29:10 #8 type.registry] 
New type domain.viajero

[2024-03-28 00:29:10 #9 type] 
Type domain.viajero is not enhanced.

[2024-03-28 00:29:19 #10 type.registry] 
New type domain.RideSolicitado

[2024-03-28 00:29:19 #11 type] 
Type domain.RideSolicitado is not enhanced.

------------------------------------------------------------------------------------------------------------------------

[2024-03-28 00:33:46 #1 store] 
Database 'C:\Users\user\git\repositoryRides24\Rides24\src\main\resources\rides.temp' is opened by 21432@LAPTOP-C5O8HU11

[2024-03-28 00:33:46 #2 type.registry] 
New type domain.Driver

[2024-03-28 00:33:46 #3 type] 
Type domain.Driver is not enhanced.

[2024-03-28 00:33:46 #4 type.registry] 
New type domain.Ride

[2024-03-28 00:33:46 #5 type] 
Type domain.Ride is not enhanced.

[2024-03-28 00:33:46 #6 type.registry] 
New type java.util.Vector<java.lang.Object>

[2024-03-28 00:33:46 #7 type.registry] 
New type java.util.Vector<domain.Ride>

[2024-03-28 00:33:52 #8 type.registry] 
New type domain.viajero

[2024-03-28 00:33:52 #9 type] 
Type domain.viajero is not enhanced.

[2024-03-28 00:34:00 #10 type.registry] 
New type domain.RideSolicitado

[2024-03-28 00:34:00 #11 type] 
Type domain.RideSolicitado is not enhanced.

------------------------------------------------------------------------------------------------------------------------

[2024-03-28 00:37:16 #1 store] 
Database 'C:\Users\user\git\repositoryRides24\Rides24\src\main\resources\rides.temp' is opened by 13184@LAPTOP-C5O8HU11

[2024-03-28 00:37:16 #2 type.registry] 
New type domain.Driver

[2024-03-28 00:37:16 #3 type] 
Type domain.Driver is not enhanced.

[2024-03-28 00:37:16 #4 type.registry] 
New type domain.Ride

[2024-03-28 00:37:16 #5 type] 
Type domain.Ride is not enhanced.

[2024-03-28 00:37:16 #6 type.registry] 
New type java.util.Vector<java.lang.Object>

[2024-03-28 00:37:16 #7 type.registry] 
New type java.util.Vector<domain.Ride>

[2024-03-28 00:37:19 #8 type.registry] 
New type domain.viajero

[2024-03-28 00:37:19 #9 type] 
Type domain.viajero is not enhanced.

[2024-03-28 00:37:27 #10 type.registry] 
New type domain.RideSolicitado

[2024-03-28 00:37:27 #11 type] 
Type domain.RideSolicitado is not enhanced.

------------------------------------------------------------------------------------------------------------------------

[2024-03-28 00:39:05 #1 store] 
Database 'C:\Users\user\git\repositoryRides24\Rides24\src\main\resources\rides.temp' is opened by 14052@LAPTOP-C5O8HU11

[2024-03-28 00:39:05 #2 type.registry] 
New type domain.Driver

[2024-03-28 00:39:05 #3 type] 
Type domain.Driver is not enhanced.

[2024-03-28 00:39:05 #4 type.registry] 
New type domain.Ride

[2024-03-28 00:39:05 #5 type] 
Type domain.Ride is not enhanced.

[2024-03-28 00:39:05 #6 type.registry] 
New type java.util.Vector<java.lang.Object>

[2024-03-28 00:39:05 #7 type.registry] 
New type java.util.Vector<domain.Ride>

[2024-03-28 00:39:08 #8 type.registry] 
New type domain.viajero

[2024-03-28 00:39:08 #9 type] 
Type domain.viajero is not enhanced.

[2024-03-28 00:39:18 #10 type.registry] 
New type domain.RideSolicitado

[2024-03-28 00:39:18 #11 type] 
Type domain.RideSolicitado is not enhanced.

------------------------------------------------------------------------------------------------------------------------

[2024-03-28 19:15:38 #1 store] 
Database 'C:\Users\user\git\repositoryRides24\Rides24\src\main\resources\rides.temp' is opened by 16240@LAPTOP-C5O8HU11

[2024-03-28 19:15:38 #2 type.registry] 
New type domain.Driver

[2024-03-28 19:15:38 #3 type] 
Type domain.Driver is not enhanced.

[2024-03-28 19:15:38 #4 type.registry] 
New type domain.Ride

[2024-03-28 19:15:38 #5 type] 
Type domain.Ride is not enhanced.

[2024-03-28 19:15:38 #6 type.registry] 
New type java.util.Vector<java.lang.Object>

[2024-03-28 19:15:38 #7 type.registry] 
New type java.util.Vector<domain.Ride>

[2024-03-28 19:15:45 #8 type.registry] 
New type domain.viajero

[2024-03-28 19:15:45 #9 type] 
Type domain.viajero is not enhanced.

[2024-03-28 19:16:01 #10 type.registry] 
New type domain.RideSolicitado

[2024-03-28 19:16:01 #11 type] 
Type domain.RideSolicitado is not enhanced.

------------------------------------------------------------------------------------------------------------------------

[2024-03-28 19:16:20 #1 store] 
Database 'C:\Users\user\git\repositoryRides24\Rides24\src\main\resources\rides.temp' is opened by 9076@LAPTOP-C5O8HU11

[2024-03-28 19:16:20 #2 type.registry] 
New type domain.Driver

[2024-03-28 19:16:20 #3 type] 
Type domain.Driver is not enhanced.

[2024-03-28 19:16:20 #4 type.registry] 
New type domain.Ride

[2024-03-28 19:16:20 #5 type] 
Type domain.Ride is not enhanced.

[2024-03-28 19:16:20 #6 type.registry] 
New type java.util.Vector<java.lang.Object>

[2024-03-28 19:16:20 #7 type.registry] 
New type java.util.Vector<domain.Ride>

[2024-03-28 19:16:27 #8 type.registry] 
New type domain.viajero

[2024-03-28 19:16:27 #9 type] 
Type domain.viajero is not enhanced.

[2024-03-28 19:16:39 #10 type.registry] 
New type domain.RideSolicitado

[2024-03-28 19:16:39 #11 type] 
Type domain.RideSolicitado is not enhanced.

------------------------------------------------------------------------------------------------------------------------

[2024-03-28 19:17:16 #1 store] 
Database 'C:\Users\user\git\repositoryRides24\Rides24\src\main\resources\rides.temp' is opened by 20728@LAPTOP-C5O8HU11

[2024-03-28 19:17:17 #2 type.registry] 
New type domain.Driver

[2024-03-28 19:17:17 #3 type] 
Type domain.Driver is not enhanced.

[2024-03-28 19:17:17 #4 type.registry] 
New type domain.Ride

[2024-03-28 19:17:17 #5 type] 
Type domain.Ride is not enhanced.

[2024-03-28 19:17:17 #6 type.registry] 
New type java.util.Vector<java.lang.Object>

[2024-03-28 19:17:17 #7 type.registry] 
New type java.util.Vector<domain.Ride>

[2024-03-28 19:17:24 #8 type.registry] 
New type domain.viajero

[2024-03-28 19:17:24 #9 type] 
Type domain.viajero is not enhanced.

[2024-03-28 19:17:40 #10 type.registry] 
New type domain.RideSolicitado

[2024-03-28 19:17:40 #11 type] 
Type domain.RideSolicitado is not enhanced.

------------------------------------------------------------------------------------------------------------------------

[2024-03-28 19:25:38 #1 store] 
Database 'C:\Users\user\git\repositoryRides24\Rides24\src\main\resources\rides.temp' is opened by 22084@LAPTOP-C5O8HU11

[2024-03-28 19:25:38 #2 type.registry] 
New type domain.Driver

[2024-03-28 19:25:38 #3 type] 
Type domain.Driver is not enhanced.

[2024-03-28 19:25:38 #4 type.registry] 
New type domain.Ride

[2024-03-28 19:25:38 #5 type] 
Type domain.Ride is not enhanced.

[2024-03-28 19:25:38 #6 type.registry] 
New type java.util.Vector<java.lang.Object>

[2024-03-28 19:25:38 #7 type.registry] 
New type java.util.Vector<domain.Ride>

[2024-03-28 19:25:45 #8 type.registry] 
New type domain.viajero

[2024-03-28 19:25:45 #9 type] 
Type domain.viajero is not enhanced.

[2024-03-28 19:25:58 #10 type.registry] 
New type domain.RideSolicitado

[2024-03-28 19:25:58 #11 type] 
Type domain.RideSolicitado is not enhanced.

------------------------------------------------------------------------------------------------------------------------

[2024-03-28 19:28:31 #1 store] 
Database 'C:\Users\user\git\repositoryRides24\Rides24\src\main\resources\rides.temp' is opened by 21064@LAPTOP-C5O8HU11

[2024-03-28 19:28:31 #2 type.registry] 
New type domain.Driver

[2024-03-28 19:28:31 #3 type] 
Type domain.Driver is not enhanced.

[2024-03-28 19:28:31 #4 type.registry] 
New type domain.Ride

[2024-03-28 19:28:31 #5 type] 
Type domain.Ride is not enhanced.

[2024-03-28 19:28:31 #6 type.registry] 
New type java.util.Vector<java.lang.Object>

[2024-03-28 19:28:31 #7 type.registry] 
New type java.util.Vector<domain.Ride>

[2024-03-28 19:28:39 #8 type.registry] 
New type domain.viajero

[2024-03-28 19:28:39 #9 type] 
Type domain.viajero is not enhanced.

[2024-03-28 19:28:52 #10 type.registry] 
New type domain.RideSolicitado

[2024-03-28 19:28:52 #11 type] 
Type domain.RideSolicitado is not enhanced.

------------------------------------------------------------------------------------------------------------------------

[2024-03-28 19:37:22 #1 store] 
Database 'C:\Users\user\git\repositoryRides24\Rides24\src\main\resources\rides.temp' is opened by 15392@LAPTOP-C5O8HU11

[2024-03-28 19:37:22 #2 type.registry] 
New type domain.Driver

[2024-03-28 19:37:22 #3 type] 
Type domain.Driver is not enhanced.

[2024-03-28 19:37:22 #4 type.registry] 
New type domain.Ride

[2024-03-28 19:37:22 #5 type] 
Type domain.Ride is not enhanced.

[2024-03-28 19:37:22 #6 type.registry] 
New type java.util.Vector<java.lang.Object>

[2024-03-28 19:37:22 #7 type.registry] 
New type java.util.Vector<domain.Ride>

[2024-03-28 19:37:28 #8 type.registry] 
New type domain.viajero

[2024-03-28 19:37:28 #9 type] 
Type domain.viajero is not enhanced.

[2024-03-28 19:37:39 #10 type.registry] 
New type domain.RideSolicitado

[2024-03-28 19:37:39 #11 type] 
Type domain.RideSolicitado is not enhanced.

------------------------------------------------------------------------------------------------------------------------

[2024-03-28 19:39:37 #1 store] 
Database 'C:\Users\user\git\repositoryRides24\Rides24\src\main\resources\rides.temp' is opened by 7220@LAPTOP-C5O8HU11

[2024-03-28 19:39:37 #2 type.registry] 
New type domain.Driver

[2024-03-28 19:39:37 #3 type] 
Type domain.Driver is not enhanced.

[2024-03-28 19:39:37 #4 type.registry] 
New type domain.Ride

[2024-03-28 19:39:37 #5 type] 
Type domain.Ride is not enhanced.

[2024-03-28 19:39:37 #6 type.registry] 
New type java.util.Vector<java.lang.Object>

[2024-03-28 19:39:37 #7 type.registry] 
New type java.util.Vector<domain.Ride>

[2024-03-28 19:39:44 #8 type.registry] 
New type domain.viajero

[2024-03-28 19:39:44 #9 type] 
Type domain.viajero is not enhanced.

[2024-03-28 19:40:00 #10 type.registry] 
New type domain.RideSolicitado

[2024-03-28 19:40:00 #11 type] 
Type domain.RideSolicitado is not enhanced.

------------------------------------------------------------------------------------------------------------------------

[2024-03-28 19:45:15 #1 store] 
Database 'C:\Users\user\git\repositoryRides24\Rides24\src\main\resources\rides.temp' is opened by 20560@LAPTOP-C5O8HU11

[2024-03-28 19:45:15 #2 type.registry] 
New type domain.Driver

[2024-03-28 19:45:15 #3 type] 
Type domain.Driver is not enhanced.

[2024-03-28 19:45:15 #4 type.registry] 
New type domain.Ride

[2024-03-28 19:45:15 #5 type] 
Type domain.Ride is not enhanced.

[2024-03-28 19:45:15 #6 type.registry] 
New type java.util.Vector<java.lang.Object>

[2024-03-28 19:45:15 #7 type.registry] 
New type java.util.Vector<domain.Ride>

[2024-03-28 19:45:24 #8 type.registry] 
New type domain.viajero

[2024-03-28 19:45:24 #9 type] 
Type domain.viajero is not enhanced.

[2024-03-28 19:45:36 #10 type.registry] 
New type domain.RideSolicitado

[2024-03-28 19:45:36 #11 type] 
Type domain.RideSolicitado is not enhanced.

------------------------------------------------------------------------------------------------------------------------

[2024-03-28 22:54:34 #1 store] 
Database 'C:\Users\user\git\repositoryRides24\Rides24\src\main\resources\rides.temp' is opened by 21880@LAPTOP-C5O8HU11

[2024-03-28 22:54:34 #2 type.registry] 
New type domain.Driver

[2024-03-28 22:54:34 #3 type] 
Type domain.Driver is not enhanced.

[2024-03-28 22:54:34 #4 type.registry] 
New type domain.Ride

[2024-03-28 22:54:34 #5 type] 
Type domain.Ride is not enhanced.

[2024-03-28 22:54:34 #6 type.registry] 
New type java.util.Vector<java.lang.Object>

[2024-03-28 22:54:34 #7 type.registry] 
New type java.util.Vector<domain.Ride>

[2024-03-28 22:54:43 #8 type.registry] 
New type domain.viajero

[2024-03-28 22:54:43 #9 type] 
Type domain.viajero is not enhanced.

[2024-03-28 22:55:00 #10 type.registry] 
New type domain.RideSolicitado

[2024-03-28 22:55:00 #11 type] 
Type domain.RideSolicitado is not enhanced.

------------------------------------------------------------------------------------------------------------------------

[2024-03-28 22:56:23 #1 store] 
Database 'C:\Users\user\git\repositoryRides24\Rides24\src\main\resources\rides.temp' is opened by 13252@LAPTOP-C5O8HU11

[2024-03-28 22:56:23 #2 type.registry] 
New type domain.Driver

[2024-03-28 22:56:23 #3 type] 
Type domain.Driver is not enhanced.

[2024-03-28 22:56:23 #4 type.registry] 
New type domain.Ride

[2024-03-28 22:56:23 #5 type] 
Type domain.Ride is not enhanced.

[2024-03-28 22:56:23 #6 type.registry] 
New type java.util.Vector<java.lang.Object>

[2024-03-28 22:56:23 #7 type.registry] 
New type java.util.Vector<domain.Ride>

[2024-03-28 22:56:31 #8 type.registry] 
New type domain.viajero

[2024-03-28 22:56:31 #9 type] 
Type domain.viajero is not enhanced.

[2024-03-28 22:56:46 #10 type.registry] 
New type domain.RideSolicitado

[2024-03-28 22:56:46 #11 type] 
Type domain.RideSolicitado is not enhanced.

------------------------------------------------------------------------------------------------------------------------

[2024-03-28 23:13:27 #1 store] 
Database 'C:\Users\user\git\repositoryRides24\Rides24\src\main\resources\rides.temp' is opened by 16832@LAPTOP-C5O8HU11

[2024-03-28 23:13:27 #2 type.registry] 
New type domain.Driver

[2024-03-28 23:13:27 #3 type] 
Type domain.Driver is not enhanced.

[2024-03-28 23:13:27 #4 type.registry] 
New type domain.Ride

[2024-03-28 23:13:27 #5 type] 
Type domain.Ride is not enhanced.

[2024-03-28 23:13:27 #6 type.registry] 
New type java.util.Vector<java.lang.Object>

[2024-03-28 23:13:27 #7 type.registry] 
New type java.util.Vector<domain.Ride>

[2024-03-28 23:13:36 #8 type.registry] 
New type domain.viajero

[2024-03-28 23:13:36 #9 type] 
Type domain.viajero is not enhanced.

[2024-03-28 23:13:49 #10 type.registry] 
New type domain.RideSolicitado

[2024-03-28 23:13:49 #11 type] 
Type domain.RideSolicitado is not enhanced.

------------------------------------------------------------------------------------------------------------------------

[2024-03-28 23:22:02 #1 store] 
Database 'C:\Users\user\git\repositoryRides24\Rides24\src\main\resources\rides.temp' is opened by 17536@LAPTOP-C5O8HU11

[2024-03-28 23:22:02 #2 type.registry] 
New type domain.Driver

[2024-03-28 23:22:02 #3 type] 
Type domain.Driver is not enhanced.

[2024-03-28 23:22:02 #4 type.registry] 
New type domain.Ride

[2024-03-28 23:22:02 #5 type] 
Type domain.Ride is not enhanced.

[2024-03-28 23:22:02 #6 type.registry] 
New type java.util.Vector<java.lang.Object>

[2024-03-28 23:22:02 #7 type.registry] 
New type java.util.Vector<domain.Ride>

------------------------------------------------------------------------------------------------------------------------

[2024-03-28 23:22:24 #1 store] 
Database 'C:\Users\user\git\repositoryRides24\Rides24\src\main\resources\rides.temp' is opened by 17540@LAPTOP-C5O8HU11

[2024-03-28 23:22:24 #2 type.registry] 
New type domain.Driver

[2024-03-28 23:22:24 #3 type] 
Type domain.Driver is not enhanced.

[2024-03-28 23:22:24 #4 type.registry] 
New type domain.Ride

[2024-03-28 23:22:24 #5 type] 
Type domain.Ride is not enhanced.

[2024-03-28 23:22:24 #6 type.registry] 
New type java.util.Vector<java.lang.Object>

[2024-03-28 23:22:24 #7 type.registry] 
New type java.util.Vector<domain.Ride>

[2024-03-28 23:22:32 #8 type.registry] 
New type domain.viajero

[2024-03-28 23:22:32 #9 type] 
Type domain.viajero is not enhanced.

------------------------------------------------------------------------------------------------------------------------

[2024-03-28 23:23:41 #1 store] 
Database 'C:\Users\user\git\repositoryRides24\Rides24\src\main\resources\rides.temp' is opened by 11792@LAPTOP-C5O8HU11

[2024-03-28 23:23:41 #2 type.registry] 
New type domain.Driver

[2024-03-28 23:23:41 #3 type] 
Type domain.Driver is not enhanced.

[2024-03-28 23:23:41 #4 type.registry] 
New type domain.Ride

[2024-03-28 23:23:41 #5 type] 
Type domain.Ride is not enhanced.

[2024-03-28 23:23:41 #6 type.registry] 
New type java.util.Vector<java.lang.Object>

[2024-03-28 23:23:41 #7 type.registry] 
New type java.util.Vector<domain.Ride>

[2024-03-28 23:23:49 #8 type.registry] 
New type domain.viajero

[2024-03-28 23:23:49 #9 type] 
Type domain.viajero is not enhanced.

[2024-03-28 23:24:01 #10 type.registry] 
New type domain.RideSolicitado

[2024-03-28 23:24:01 #11 type] 
Type domain.RideSolicitado is not enhanced.

------------------------------------------------------------------------------------------------------------------------

[2024-03-28 23:36:45 #1 store] 
Database 'C:\Users\user\git\repositoryRides24\Rides24\src\main\resources\rides.temp' is opened by 7284@LAPTOP-C5O8HU11

[2024-03-28 23:36:45 #2 type.registry] 
New type domain.Driver

[2024-03-28 23:36:45 #3 type] 
Type domain.Driver is not enhanced.

[2024-03-28 23:36:45 #4 type.registry] 
New type domain.Ride

[2024-03-28 23:36:45 #5 type] 
Type domain.Ride is not enhanced.

[2024-03-28 23:36:45 #6 type.registry] 
New type java.util.Vector<java.lang.Object>

[2024-03-28 23:36:45 #7 type.registry] 
New type java.util.Vector<domain.Ride>

[2024-03-28 23:36:52 #8 type.registry] 
New type domain.viajero

[2024-03-28 23:36:52 #9 type] 
Type domain.viajero is not enhanced.

[2024-03-28 23:37:16 #10 type.registry] 
New type domain.RideSolicitado

[2024-03-28 23:37:16 #11 type] 
Type domain.RideSolicitado is not enhanced.

