------------------------------------------------------------------------------------------------------------------------

[2024-05-06 21:45:09 #1 store] 
Database 'C:\Users\user\OneDrive - UPV EHU\Escritorio\workspace-2\Rides24\src\main\resources\rides.temp' is opened by 25632@LAPTOP-C5O8HU11

[2024-05-06 21:45:10 #2 type.registry] 
New type domain.user

[2024-05-06 21:45:10 #3 type.registry] 
New type domain.Driver

[2024-05-06 21:45:10 #4 type] 
Type domain.user is not enhanced.

[2024-05-06 21:45:10 #5 type] 
Type domain.Driver is not enhanced.

[2024-05-06 21:45:10 #6 type.registry] 
New type domain.Viajecompuesto

[2024-05-06 21:45:10 #7 type.registry] 
New type java.util.ArrayList<domain.Viajecompuesto>

[2024-05-06 21:45:10 #8 type.registry] 
New type domain.Ride

[2024-05-06 21:45:10 #9 type.registry] 
New type domain.RideSolicitado

[2024-05-06 21:45:10 #10 type] 
Type domain.Viajecompuesto is not enhanced.

[2024-05-06 21:45:10 #11 type.registry] 
New type java.util.ArrayList<java.lang.String>

[2024-05-06 21:45:10 #12 type.registry] 
New type java.util.LinkedList<domain.Ride>

[2024-05-06 21:45:10 #13 type] 
Type domain.Ride is not enhanced.

[2024-05-06 21:45:10 #14 type] 
Type domain.RideSolicitado is not enhanced.

[2024-05-06 21:45:10 #15 type.registry] 
New type domain.viajero

[2024-05-06 21:45:10 #16 type] 
Type domain.viajero is not enhanced.

[2024-05-06 21:45:10 #17 type.registry] 
New type java.util.Vector<java.lang.Object>

[2024-05-06 21:45:10 #18 type.registry] 
New type java.util.ArrayList<java.lang.Object>

[2024-05-06 21:45:10 #19 type.registry] 
New type java.util.Vector<domain.Ride>

[2024-05-06 21:45:10 #20 type.registry] 
New type java.util.Vector<domain.RideSolicitado>

[2024-05-06 21:47:06 #21 type.registry] 
New type domain.Factura

[2024-05-06 21:47:06 #22 type] 
Type domain.Factura is not enhanced.

------------------------------------------------------------------------------------------------------------------------

[2024-05-06 21:58:12 #1 store] 
Database 'C:\Users\user\OneDrive - UPV EHU\Escritorio\workspace-2\Rides24\src\main\resources\rides.temp' is opened by 1224@LAPTOP-C5O8HU11

[2024-05-06 21:58:13 #2 type.registry] 
New type domain.user

[2024-05-06 21:58:13 #3 type.registry] 
New type domain.Driver

[2024-05-06 21:58:13 #4 type] 
Type domain.user is not enhanced.

[2024-05-06 21:58:13 #5 type] 
Type domain.Driver is not enhanced.

[2024-05-06 21:58:13 #6 type.registry] 
New type domain.Viajecompuesto

[2024-05-06 21:58:13 #7 type.registry] 
New type java.util.ArrayList<domain.Viajecompuesto>

[2024-05-06 21:58:13 #8 type.registry] 
New type domain.Ride

[2024-05-06 21:58:13 #9 type.registry] 
New type domain.RideSolicitado

[2024-05-06 21:58:13 #10 type] 
Type domain.Viajecompuesto is not enhanced.

[2024-05-06 21:58:13 #11 type.registry] 
New type java.util.ArrayList<java.lang.String>

[2024-05-06 21:58:13 #12 type.registry] 
New type java.util.LinkedList<domain.Ride>

[2024-05-06 21:58:13 #13 type] 
Type domain.Ride is not enhanced.

[2024-05-06 21:58:13 #14 type] 
Type domain.RideSolicitado is not enhanced.

[2024-05-06 21:58:13 #15 type.registry] 
New type domain.viajero

[2024-05-06 21:58:13 #16 type] 
Type domain.viajero is not enhanced.

[2024-05-06 21:58:13 #17 type.registry] 
New type java.util.Vector<java.lang.Object>

[2024-05-06 21:58:13 #18 type.registry] 
New type java.util.ArrayList<java.lang.Object>

[2024-05-06 21:58:13 #19 type.registry] 
New type java.util.Vector<domain.Ride>

[2024-05-06 21:58:13 #20 type.registry] 
New type java.util.Vector<domain.RideSolicitado>

------------------------------------------------------------------------------------------------------------------------

[2024-05-06 21:58:42 #1 store] 
Database 'C:\Users\user\OneDrive - UPV EHU\Escritorio\workspace-2\Rides24\src\main\resources\rides.temp' is opened by 27076@LAPTOP-C5O8HU11

[2024-05-06 21:58:42 #2 type.registry] 
New type domain.user

[2024-05-06 21:58:42 #3 type.registry] 
New type domain.Driver

[2024-05-06 21:58:42 #4 type] 
Type domain.user is not enhanced.

[2024-05-06 21:58:42 #5 type] 
Type domain.Driver is not enhanced.

[2024-05-06 21:58:42 #6 type.registry] 
New type domain.Viajecompuesto

[2024-05-06 21:58:42 #7 type.registry] 
New type java.util.ArrayList<domain.Viajecompuesto>

[2024-05-06 21:58:42 #8 type.registry] 
New type domain.Ride

[2024-05-06 21:58:42 #9 type.registry] 
New type domain.RideSolicitado

[2024-05-06 21:58:42 #10 type] 
Type domain.Viajecompuesto is not enhanced.

[2024-05-06 21:58:42 #11 type.registry] 
New type java.util.ArrayList<java.lang.String>

[2024-05-06 21:58:42 #12 type.registry] 
New type java.util.LinkedList<domain.Ride>

[2024-05-06 21:58:42 #13 type] 
Type domain.Ride is not enhanced.

[2024-05-06 21:58:42 #14 type] 
Type domain.RideSolicitado is not enhanced.

[2024-05-06 21:58:42 #15 type.registry] 
New type domain.viajero

[2024-05-06 21:58:42 #16 type] 
Type domain.viajero is not enhanced.

[2024-05-06 21:58:42 #17 type.registry] 
New type java.util.Vector<java.lang.Object>

[2024-05-06 21:58:42 #18 type.registry] 
New type java.util.ArrayList<java.lang.Object>

[2024-05-06 21:58:42 #19 type.registry] 
New type java.util.Vector<domain.Ride>

[2024-05-06 21:58:42 #20 type.registry] 
New type java.util.Vector<domain.RideSolicitado>

------------------------------------------------------------------------------------------------------------------------

[2024-05-06 21:59:51 #1 store] 
Database 'C:\Users\user\OneDrive - UPV EHU\Escritorio\workspace-2\Rides24\src\main\resources\rides.temp' is opened by 11864@LAPTOP-C5O8HU11

[2024-05-06 21:59:51 #2 type.registry] 
New type domain.user

[2024-05-06 21:59:51 #3 type.registry] 
New type domain.Driver

[2024-05-06 21:59:51 #4 type] 
Type domain.user is not enhanced.

[2024-05-06 21:59:51 #5 type] 
Type domain.Driver is not enhanced.

[2024-05-06 21:59:51 #6 type.registry] 
New type domain.Viajecompuesto

[2024-05-06 21:59:51 #7 type.registry] 
New type java.util.ArrayList<domain.Viajecompuesto>

[2024-05-06 21:59:51 #8 type.registry] 
New type domain.Ride

[2024-05-06 21:59:51 #9 type.registry] 
New type domain.RideSolicitado

[2024-05-06 21:59:51 #10 type] 
Type domain.Viajecompuesto is not enhanced.

[2024-05-06 21:59:51 #11 type.registry] 
New type java.util.ArrayList<java.lang.String>

[2024-05-06 21:59:51 #12 type.registry] 
New type java.util.LinkedList<domain.Ride>

[2024-05-06 21:59:51 #13 type] 
Type domain.Ride is not enhanced.

[2024-05-06 21:59:51 #14 type] 
Type domain.RideSolicitado is not enhanced.

[2024-05-06 21:59:51 #15 type.registry] 
New type domain.viajero

[2024-05-06 21:59:51 #16 type] 
Type domain.viajero is not enhanced.

[2024-05-06 21:59:51 #17 type.registry] 
New type java.util.Vector<java.lang.Object>

[2024-05-06 21:59:51 #18 type.registry] 
New type java.util.ArrayList<java.lang.Object>

[2024-05-06 21:59:51 #19 type.registry] 
New type java.util.Vector<domain.Ride>

[2024-05-06 21:59:51 #20 type.registry] 
New type java.util.Vector<domain.RideSolicitado>

------------------------------------------------------------------------------------------------------------------------

[2024-05-06 22:01:21 #1 store] 
Database 'C:\Users\user\OneDrive - UPV EHU\Escritorio\workspace-2\Rides24\src\main\resources\rides.temp' is opened by 17756@LAPTOP-C5O8HU11

[2024-05-06 22:01:21 #2 type.registry] 
New type domain.user

[2024-05-06 22:01:21 #3 type.registry] 
New type domain.Driver

[2024-05-06 22:01:21 #4 type] 
Type domain.user is not enhanced.

[2024-05-06 22:01:21 #5 type] 
Type domain.Driver is not enhanced.

[2024-05-06 22:01:21 #6 type.registry] 
New type domain.Viajecompuesto

[2024-05-06 22:01:21 #7 type.registry] 
New type java.util.ArrayList<domain.Viajecompuesto>

[2024-05-06 22:01:21 #8 type.registry] 
New type domain.Ride

[2024-05-06 22:01:21 #9 type.registry] 
New type domain.RideSolicitado

[2024-05-06 22:01:21 #10 type] 
Type domain.Viajecompuesto is not enhanced.

[2024-05-06 22:01:21 #11 type.registry] 
New type java.util.ArrayList<java.lang.String>

[2024-05-06 22:01:21 #12 type.registry] 
New type java.util.LinkedList<domain.Ride>

[2024-05-06 22:01:21 #13 type] 
Type domain.Ride is not enhanced.

[2024-05-06 22:01:21 #14 type] 
Type domain.RideSolicitado is not enhanced.

[2024-05-06 22:01:21 #15 type.registry] 
New type domain.viajero

[2024-05-06 22:01:21 #16 type] 
Type domain.viajero is not enhanced.

[2024-05-06 22:01:21 #17 type.registry] 
New type java.util.Vector<java.lang.Object>

[2024-05-06 22:01:21 #18 type.registry] 
New type java.util.ArrayList<java.lang.Object>

[2024-05-06 22:01:21 #19 type.registry] 
New type java.util.Vector<domain.Ride>

[2024-05-06 22:01:21 #20 type.registry] 
New type java.util.Vector<domain.RideSolicitado>

[2024-05-06 22:02:33 #21 type.registry] 
New type domain.Factura

[2024-05-06 22:02:33 #22 type] 
Type domain.Factura is not enhanced.

------------------------------------------------------------------------------------------------------------------------

[2024-05-06 22:08:24 #1 store] 
Database 'C:\Users\user\OneDrive - UPV EHU\Escritorio\workspace-2\Rides24\src\main\resources\rides.temp' is opened by 20084@LAPTOP-C5O8HU11

[2024-05-06 22:08:24 #2 type.registry] 
New type domain.user

[2024-05-06 22:08:24 #3 type.registry] 
New type domain.Driver

[2024-05-06 22:08:24 #4 type] 
Type domain.user is not enhanced.

[2024-05-06 22:08:24 #5 type] 
Type domain.Driver is not enhanced.

[2024-05-06 22:08:24 #6 type.registry] 
New type domain.Viajecompuesto

[2024-05-06 22:08:24 #7 type.registry] 
New type java.util.ArrayList<domain.Viajecompuesto>

[2024-05-06 22:08:24 #8 type.registry] 
New type domain.Ride

[2024-05-06 22:08:24 #9 type.registry] 
New type domain.RideSolicitado

[2024-05-06 22:08:24 #10 type] 
Type domain.Viajecompuesto is not enhanced.

[2024-05-06 22:08:24 #11 type.registry] 
New type java.util.ArrayList<java.lang.String>

[2024-05-06 22:08:24 #12 type.registry] 
New type java.util.LinkedList<domain.Ride>

[2024-05-06 22:08:24 #13 type] 
Type domain.Ride is not enhanced.

[2024-05-06 22:08:24 #14 type] 
Type domain.RideSolicitado is not enhanced.

[2024-05-06 22:08:24 #15 type.registry] 
New type domain.viajero

[2024-05-06 22:08:24 #16 type] 
Type domain.viajero is not enhanced.

[2024-05-06 22:08:24 #17 type.registry] 
New type java.util.Vector<java.lang.Object>

[2024-05-06 22:08:24 #18 type.registry] 
New type java.util.ArrayList<java.lang.Object>

[2024-05-06 22:08:24 #19 type.registry] 
New type java.util.Vector<domain.Ride>

[2024-05-06 22:08:24 #20 type.registry] 
New type java.util.Vector<domain.RideSolicitado>

[2024-05-06 22:09:42 #21 type.registry] 
New type domain.Factura

[2024-05-06 22:09:42 #22 type] 
Type domain.Factura is not enhanced.

------------------------------------------------------------------------------------------------------------------------

[2024-05-06 22:18:28 #1 store] 
Database 'C:\Users\user\OneDrive - UPV EHU\Escritorio\workspace-2\Rides24\src\main\resources\rides.temp' is opened by 20420@LAPTOP-C5O8HU11

[2024-05-06 22:18:29 #2 type.registry] 
New type domain.user

[2024-05-06 22:18:29 #3 type.registry] 
New type domain.Driver

[2024-05-06 22:18:29 #4 type] 
Type domain.user is not enhanced.

[2024-05-06 22:18:29 #5 type] 
Type domain.Driver is not enhanced.

[2024-05-06 22:18:29 #6 type.registry] 
New type domain.Viajecompuesto

[2024-05-06 22:18:29 #7 type.registry] 
New type java.util.ArrayList<domain.Viajecompuesto>

[2024-05-06 22:18:29 #8 type.registry] 
New type domain.Ride

[2024-05-06 22:18:29 #9 type.registry] 
New type domain.RideSolicitado

[2024-05-06 22:18:29 #10 type] 
Type domain.Viajecompuesto is not enhanced.

[2024-05-06 22:18:29 #11 type.registry] 
New type java.util.ArrayList<java.lang.String>

[2024-05-06 22:18:29 #12 type.registry] 
New type java.util.LinkedList<domain.Ride>

[2024-05-06 22:18:29 #13 type] 
Type domain.Ride is not enhanced.

[2024-05-06 22:18:29 #14 type] 
Type domain.RideSolicitado is not enhanced.

[2024-05-06 22:18:29 #15 type.registry] 
New type domain.viajero

[2024-05-06 22:18:29 #16 type] 
Type domain.viajero is not enhanced.

[2024-05-06 22:18:29 #17 type.registry] 
New type java.util.Vector<java.lang.Object>

[2024-05-06 22:18:29 #18 type.registry] 
New type java.util.ArrayList<java.lang.Object>

[2024-05-06 22:18:29 #19 type.registry] 
New type java.util.Vector<domain.Ride>

[2024-05-06 22:18:29 #20 type.registry] 
New type java.util.Vector<domain.RideSolicitado>

[2024-05-06 22:19:18 #21 type.registry] 
New type domain.Factura

[2024-05-06 22:19:18 #22 type] 
Type domain.Factura is not enhanced.

------------------------------------------------------------------------------------------------------------------------

[2024-05-06 22:24:51 #1 store] 
Database 'C:\Users\user\OneDrive - UPV EHU\Escritorio\workspace-2\Rides24\src\main\resources\rides.temp' is opened by 488@LAPTOP-C5O8HU11

[2024-05-06 22:24:51 #2 type.registry] 
New type domain.user

[2024-05-06 22:24:51 #3 type.registry] 
New type domain.Driver

[2024-05-06 22:24:51 #4 type] 
Type domain.user is not enhanced.

[2024-05-06 22:24:51 #5 type] 
Type domain.Driver is not enhanced.

[2024-05-06 22:24:51 #6 type.registry] 
New type domain.Viajecompuesto

[2024-05-06 22:24:51 #7 type.registry] 
New type java.util.ArrayList<domain.Viajecompuesto>

[2024-05-06 22:24:51 #8 type.registry] 
New type domain.Ride

[2024-05-06 22:24:51 #9 type.registry] 
New type domain.RideSolicitado

[2024-05-06 22:24:51 #10 type] 
Type domain.Viajecompuesto is not enhanced.

[2024-05-06 22:24:51 #11 type.registry] 
New type java.util.ArrayList<java.lang.String>

[2024-05-06 22:24:51 #12 type.registry] 
New type java.util.LinkedList<domain.Ride>

[2024-05-06 22:24:51 #13 type] 
Type domain.Ride is not enhanced.

[2024-05-06 22:24:51 #14 type] 
Type domain.RideSolicitado is not enhanced.

[2024-05-06 22:24:51 #15 type.registry] 
New type domain.viajero

[2024-05-06 22:24:51 #16 type] 
Type domain.viajero is not enhanced.

[2024-05-06 22:24:51 #17 type.registry] 
New type java.util.Vector<java.lang.Object>

[2024-05-06 22:24:51 #18 type.registry] 
New type java.util.ArrayList<java.lang.Object>

[2024-05-06 22:24:51 #19 type.registry] 
New type java.util.Vector<domain.Ride>

[2024-05-06 22:24:51 #20 type.registry] 
New type java.util.Vector<domain.RideSolicitado>

[2024-05-06 22:25:43 #21 type.registry] 
New type domain.Factura

[2024-05-06 22:25:43 #22 type] 
Type domain.Factura is not enhanced.

[2024-05-06 22:26:33 #23 type.registry] 
New type domain.Reseñas

[2024-05-06 22:26:33 #24 type] 
Type domain.Reseñas is not enhanced.

------------------------------------------------------------------------------------------------------------------------

[2024-05-06 22:32:38 #1 store] 
Database 'C:\Users\user\OneDrive - UPV EHU\Escritorio\workspace-2\Rides24\src\main\resources\rides.temp' is opened by 8000@LAPTOP-C5O8HU11

[2024-05-06 22:32:38 #2 type.registry] 
New type domain.user

[2024-05-06 22:32:38 #3 type.registry] 
New type domain.Driver

[2024-05-06 22:32:38 #4 type] 
Type domain.user is not enhanced.

[2024-05-06 22:32:38 #5 type] 
Type domain.Driver is not enhanced.

[2024-05-06 22:32:38 #6 type.registry] 
New type domain.Viajecompuesto

[2024-05-06 22:32:38 #7 type.registry] 
New type java.util.ArrayList<domain.Viajecompuesto>

[2024-05-06 22:32:38 #8 type.registry] 
New type domain.Ride

[2024-05-06 22:32:38 #9 type.registry] 
New type domain.RideSolicitado

[2024-05-06 22:32:38 #10 type] 
Type domain.Viajecompuesto is not enhanced.

[2024-05-06 22:32:38 #11 type.registry] 
New type java.util.ArrayList<java.lang.String>

[2024-05-06 22:32:38 #12 type.registry] 
New type java.util.LinkedList<domain.Ride>

[2024-05-06 22:32:38 #13 type] 
Type domain.Ride is not enhanced.

[2024-05-06 22:32:38 #14 type] 
Type domain.RideSolicitado is not enhanced.

[2024-05-06 22:32:38 #15 type.registry] 
New type domain.viajero

[2024-05-06 22:32:38 #16 type] 
Type domain.viajero is not enhanced.

[2024-05-06 22:32:38 #17 type.registry] 
New type java.util.Vector<java.lang.Object>

[2024-05-06 22:32:38 #18 type.registry] 
New type java.util.ArrayList<java.lang.Object>

[2024-05-06 22:32:38 #19 type.registry] 
New type java.util.Vector<domain.Ride>

[2024-05-06 22:32:38 #20 type.registry] 
New type java.util.Vector<domain.RideSolicitado>

[2024-05-06 22:34:34 #21 type.registry] 
New type domain.Factura

[2024-05-06 22:34:34 #22 type] 
Type domain.Factura is not enhanced.

[2024-05-06 22:35:02 #23 type.registry] 
New type domain.Reseñas

[2024-05-06 22:35:02 #24 type] 
Type domain.Reseñas is not enhanced.

------------------------------------------------------------------------------------------------------------------------

[2024-05-06 22:40:53 #1 store] 
Database 'C:\Users\user\OneDrive - UPV EHU\Escritorio\workspace-2\Rides24\src\main\resources\rides.temp' is opened by 8804@LAPTOP-C5O8HU11

[2024-05-06 22:40:53 #2 type.registry] 
New type domain.user

[2024-05-06 22:40:53 #3 type.registry] 
New type domain.Driver

[2024-05-06 22:40:53 #4 type] 
Type domain.user is not enhanced.

[2024-05-06 22:40:53 #5 type] 
Type domain.Driver is not enhanced.

[2024-05-06 22:40:53 #6 type.registry] 
New type domain.Viajecompuesto

[2024-05-06 22:40:53 #7 type.registry] 
New type java.util.ArrayList<domain.Viajecompuesto>

[2024-05-06 22:40:53 #8 type.registry] 
New type domain.Ride

[2024-05-06 22:40:53 #9 type.registry] 
New type domain.RideSolicitado

[2024-05-06 22:40:53 #10 type] 
Type domain.Viajecompuesto is not enhanced.

[2024-05-06 22:40:53 #11 type.registry] 
New type java.util.ArrayList<java.lang.String>

[2024-05-06 22:40:53 #12 type.registry] 
New type java.util.LinkedList<domain.Ride>

[2024-05-06 22:40:53 #13 type] 
Type domain.Ride is not enhanced.

[2024-05-06 22:40:53 #14 type] 
Type domain.RideSolicitado is not enhanced.

[2024-05-06 22:40:53 #15 type.registry] 
New type domain.viajero

[2024-05-06 22:40:53 #16 type] 
Type domain.viajero is not enhanced.

[2024-05-06 22:40:53 #17 type.registry] 
New type java.util.Vector<java.lang.Object>

[2024-05-06 22:40:53 #18 type.registry] 
New type java.util.ArrayList<java.lang.Object>

[2024-05-06 22:40:53 #19 type.registry] 
New type java.util.Vector<domain.Ride>

[2024-05-06 22:40:53 #20 type.registry] 
New type java.util.Vector<domain.RideSolicitado>

[2024-05-06 22:41:37 #21 type.registry] 
New type domain.Factura

[2024-05-06 22:41:37 #22 type] 
Type domain.Factura is not enhanced.

[2024-05-06 22:41:49 #23 type.registry] 
New type domain.Reseñas

[2024-05-06 22:41:49 #24 type] 
Type domain.Reseñas is not enhanced.

------------------------------------------------------------------------------------------------------------------------

[2024-05-06 22:46:47 #1 store] 
Database 'C:\Users\user\OneDrive - UPV EHU\Escritorio\workspace-2\Rides24\src\main\resources\rides.temp' is opened by 12884@LAPTOP-C5O8HU11

[2024-05-06 22:46:47 #2 type.registry] 
New type domain.user

[2024-05-06 22:46:47 #3 type.registry] 
New type domain.Driver

[2024-05-06 22:46:47 #4 type] 
Type domain.user is not enhanced.

[2024-05-06 22:46:47 #5 type] 
Type domain.Driver is not enhanced.

[2024-05-06 22:46:47 #6 type.registry] 
New type domain.Viajecompuesto

[2024-05-06 22:46:47 #7 type.registry] 
New type java.util.ArrayList<domain.Viajecompuesto>

[2024-05-06 22:46:47 #8 type.registry] 
New type domain.Ride

[2024-05-06 22:46:47 #9 type.registry] 
New type domain.RideSolicitado

[2024-05-06 22:46:47 #10 type] 
Type domain.Viajecompuesto is not enhanced.

[2024-05-06 22:46:47 #11 type.registry] 
New type java.util.ArrayList<java.lang.String>

[2024-05-06 22:46:47 #12 type.registry] 
New type java.util.LinkedList<domain.Ride>

[2024-05-06 22:46:47 #13 type] 
Type domain.Ride is not enhanced.

[2024-05-06 22:46:47 #14 type] 
Type domain.RideSolicitado is not enhanced.

[2024-05-06 22:46:47 #15 type.registry] 
New type domain.viajero

[2024-05-06 22:46:47 #16 type] 
Type domain.viajero is not enhanced.

[2024-05-06 22:46:47 #17 type.registry] 
New type java.util.Vector<java.lang.Object>

[2024-05-06 22:46:47 #18 type.registry] 
New type java.util.ArrayList<java.lang.Object>

[2024-05-06 22:46:47 #19 type.registry] 
New type java.util.Vector<domain.Ride>

[2024-05-06 22:46:47 #20 type.registry] 
New type java.util.Vector<domain.RideSolicitado>

------------------------------------------------------------------------------------------------------------------------

[2024-05-06 22:46:52 #1 store] 
Database 'C:\Users\user\OneDrive - UPV EHU\Escritorio\workspace-2\Rides24\src\main\resources\rides.temp' is opened by 26644@LAPTOP-C5O8HU11

[2024-05-06 22:46:53 #2 type.registry] 
New type domain.user

[2024-05-06 22:46:53 #3 type.registry] 
New type domain.Driver

[2024-05-06 22:46:53 #4 type] 
Type domain.user is not enhanced.

[2024-05-06 22:46:53 #5 type] 
Type domain.Driver is not enhanced.

[2024-05-06 22:46:53 #6 type.registry] 
New type domain.Viajecompuesto

[2024-05-06 22:46:53 #7 type.registry] 
New type java.util.ArrayList<domain.Viajecompuesto>

[2024-05-06 22:46:53 #8 type.registry] 
New type domain.Ride

[2024-05-06 22:46:53 #9 type.registry] 
New type domain.RideSolicitado

[2024-05-06 22:46:53 #10 type] 
Type domain.Viajecompuesto is not enhanced.

[2024-05-06 22:46:53 #11 type.registry] 
New type java.util.ArrayList<java.lang.String>

[2024-05-06 22:46:53 #12 type.registry] 
New type java.util.LinkedList<domain.Ride>

[2024-05-06 22:46:53 #13 type] 
Type domain.Ride is not enhanced.

[2024-05-06 22:46:53 #14 type] 
Type domain.RideSolicitado is not enhanced.

[2024-05-06 22:46:53 #15 type.registry] 
New type domain.viajero

[2024-05-06 22:46:53 #16 type] 
Type domain.viajero is not enhanced.

[2024-05-06 22:46:53 #17 type.registry] 
New type java.util.Vector<java.lang.Object>

[2024-05-06 22:46:53 #18 type.registry] 
New type java.util.ArrayList<java.lang.Object>

[2024-05-06 22:46:53 #19 type.registry] 
New type java.util.Vector<domain.Ride>

[2024-05-06 22:46:53 #20 type.registry] 
New type java.util.Vector<domain.RideSolicitado>

[2024-05-06 22:47:39 #21 type.registry] 
New type domain.Factura

[2024-05-06 22:47:39 #22 type] 
Type domain.Factura is not enhanced.

[2024-05-06 22:47:54 #23 type.registry] 
New type domain.Reseñas

[2024-05-06 22:47:54 #24 type] 
Type domain.Reseñas is not enhanced.

------------------------------------------------------------------------------------------------------------------------

[2024-05-06 23:03:13 #1 store] 
Database 'C:\Users\user\OneDrive - UPV EHU\Escritorio\workspace-2\Rides24\src\main\resources\rides.temp' is opened by 19288@LAPTOP-C5O8HU11

[2024-05-06 23:03:13 #2 type.registry] 
New type domain.user

[2024-05-06 23:03:13 #3 type.registry] 
New type domain.Driver

[2024-05-06 23:03:13 #4 type] 
Type domain.user is not enhanced.

[2024-05-06 23:03:13 #5 type] 
Type domain.Driver is not enhanced.

[2024-05-06 23:03:13 #6 type.registry] 
New type domain.Viajecompuesto

[2024-05-06 23:03:13 #7 type.registry] 
New type java.util.ArrayList<domain.Viajecompuesto>

[2024-05-06 23:03:13 #8 type.registry] 
New type domain.Ride

[2024-05-06 23:03:13 #9 type.registry] 
New type domain.RideSolicitado

[2024-05-06 23:03:13 #10 type] 
Type domain.Viajecompuesto is not enhanced.

[2024-05-06 23:03:13 #11 type.registry] 
New type java.util.ArrayList<java.lang.String>

[2024-05-06 23:03:13 #12 type.registry] 
New type java.util.LinkedList<domain.Ride>

[2024-05-06 23:03:13 #13 type] 
Type domain.Ride is not enhanced.

[2024-05-06 23:03:13 #14 type] 
Type domain.RideSolicitado is not enhanced.

[2024-05-06 23:03:13 #15 type.registry] 
New type domain.viajero

[2024-05-06 23:03:13 #16 type] 
Type domain.viajero is not enhanced.

[2024-05-06 23:03:13 #17 type.registry] 
New type java.util.Vector<java.lang.Object>

[2024-05-06 23:03:13 #18 type.registry] 
New type java.util.ArrayList<java.lang.Object>

[2024-05-06 23:03:13 #19 type.registry] 
New type java.util.Vector<domain.Ride>

[2024-05-06 23:03:13 #20 type.registry] 
New type java.util.Vector<domain.RideSolicitado>

[2024-05-06 23:07:44 #21 type.registry] 
New type domain.Factura

[2024-05-06 23:07:44 #22 type] 
Type domain.Factura is not enhanced.

[2024-05-06 23:09:15 #23 type.registry] 
New type domain.Reseñas

[2024-05-06 23:09:15 #24 type] 
Type domain.Reseñas is not enhanced.

------------------------------------------------------------------------------------------------------------------------

[2024-05-06 23:13:57 #1 store] 
Database 'C:\Users\user\OneDrive - UPV EHU\Escritorio\workspace-2\Rides24\src\main\resources\rides.temp' is opened by 9784@LAPTOP-C5O8HU11

[2024-05-06 23:13:58 #2 type.registry] 
New type domain.user

[2024-05-06 23:13:58 #3 type.registry] 
New type domain.Driver

[2024-05-06 23:13:58 #4 type] 
Type domain.user is not enhanced.

[2024-05-06 23:13:58 #5 type] 
Type domain.Driver is not enhanced.

[2024-05-06 23:13:58 #6 type.registry] 
New type domain.Viajecompuesto

[2024-05-06 23:13:58 #7 type.registry] 
New type java.util.ArrayList<domain.Viajecompuesto>

[2024-05-06 23:13:58 #8 type.registry] 
New type domain.Ride

[2024-05-06 23:13:58 #9 type.registry] 
New type domain.RideSolicitado

[2024-05-06 23:13:58 #10 type] 
Type domain.Viajecompuesto is not enhanced.

[2024-05-06 23:13:58 #11 type.registry] 
New type java.util.ArrayList<java.lang.String>

[2024-05-06 23:13:58 #12 type.registry] 
New type java.util.LinkedList<domain.Ride>

[2024-05-06 23:13:58 #13 type] 
Type domain.Ride is not enhanced.

[2024-05-06 23:13:58 #14 type] 
Type domain.RideSolicitado is not enhanced.

[2024-05-06 23:13:58 #15 type.registry] 
New type domain.viajero

[2024-05-06 23:13:58 #16 type] 
Type domain.viajero is not enhanced.

[2024-05-06 23:13:58 #17 type.registry] 
New type java.util.Vector<java.lang.Object>

[2024-05-06 23:13:58 #18 type.registry] 
New type java.util.ArrayList<java.lang.Object>

[2024-05-06 23:13:58 #19 type.registry] 
New type java.util.Vector<domain.Ride>

[2024-05-06 23:13:58 #20 type.registry] 
New type java.util.Vector<domain.RideSolicitado>

[2024-05-06 23:14:52 #21 type.registry] 
New type domain.Factura

[2024-05-06 23:14:52 #22 type] 
Type domain.Factura is not enhanced.

[2024-05-06 23:15:42 #23 type.registry] 
New type domain.Reseñas

[2024-05-06 23:15:42 #24 type] 
Type domain.Reseñas is not enhanced.

