------------------------------------------------------------------------------------------------------------------------

[2024-04-05 17:29:50 #1 store] 
Database 'C:\Users\user\OneDrive - UPV EHU\Escritorio\Eclisple Proyectos\Rides24\src\main\resources\rides.temp' is opened by 16916@LAPTOP-C5O8HU11

[2024-04-05 17:29:51 #2 type.registry] 
New type domain.Driver

[2024-04-05 17:29:51 #3 type] 
Type domain.Driver is not enhanced.

[2024-04-05 17:29:51 #4 type.registry] 
New type domain.Viajecompuesto

[2024-04-05 17:29:51 #5 type.registry] 
New type java.util.ArrayList<domain.Viajecompuesto>

[2024-04-05 17:29:51 #6 type.registry] 
New type domain.Ride

[2024-04-05 17:29:51 #7 type.registry] 
New type domain.RideSolicitado

[2024-04-05 17:29:51 #8 type] 
Type domain.Viajecompuesto is not enhanced.

[2024-04-05 17:29:51 #9 type.registry] 
New type java.util.LinkedList<domain.Ride>

[2024-04-05 17:29:51 #10 type] 
Type domain.Ride is not enhanced.

[2024-04-05 17:29:51 #11 type] 
Type domain.RideSolicitado is not enhanced.

[2024-04-05 17:29:51 #12 type.registry] 
New type domain.viajero

[2024-04-05 17:29:51 #13 type] 
Type domain.viajero is not enhanced.

[2024-04-05 17:29:51 #14 type.registry] 
New type java.util.Vector<java.lang.Object>

[2024-04-05 17:29:51 #15 type.registry] 
New type java.util.ArrayList<java.lang.Object>

[2024-04-05 17:29:51 #16 type.registry] 
New type java.util.Vector<domain.Ride>

[2024-04-05 17:29:51 #17 type.registry] 
New type java.util.Vector<domain.RideSolicitado>

------------------------------------------------------------------------------------------------------------------------

[2024-04-05 17:34:11 #1 store] 
Database 'C:\Users\user\OneDrive - UPV EHU\Escritorio\Eclisple Proyectos\Rides24\src\main\resources\rides.temp' is opened by 13576@LAPTOP-C5O8HU11

[2024-04-05 17:34:11 #2 type.registry] 
New type domain.Driver

[2024-04-05 17:34:11 #3 type] 
Type domain.Driver is not enhanced.

[2024-04-05 17:34:11 #4 type.registry] 
New type domain.Viajecompuesto

[2024-04-05 17:34:11 #5 type.registry] 
New type java.util.ArrayList<domain.Viajecompuesto>

[2024-04-05 17:34:11 #6 type.registry] 
New type domain.Ride

[2024-04-05 17:34:11 #7 type.registry] 
New type domain.RideSolicitado

[2024-04-05 17:34:11 #8 type] 
Type domain.Viajecompuesto is not enhanced.

[2024-04-05 17:34:11 #9 type.registry] 
New type java.util.LinkedList<domain.Ride>

[2024-04-05 17:34:11 #10 type] 
Type domain.Ride is not enhanced.

[2024-04-05 17:34:11 #11 type] 
Type domain.RideSolicitado is not enhanced.

[2024-04-05 17:34:11 #12 type.registry] 
New type domain.viajero

[2024-04-05 17:34:11 #13 type] 
Type domain.viajero is not enhanced.

[2024-04-05 17:34:11 #14 type.registry] 
New type java.util.Vector<java.lang.Object>

[2024-04-05 17:34:11 #15 type.registry] 
New type java.util.ArrayList<java.lang.Object>

[2024-04-05 17:34:11 #16 type.registry] 
New type java.util.Vector<domain.Ride>

[2024-04-05 17:34:11 #17 type.registry] 
New type java.util.Vector<domain.RideSolicitado>

------------------------------------------------------------------------------------------------------------------------

[2024-04-05 17:39:28 #1 store] 
Database 'C:\Users\user\OneDrive - UPV EHU\Escritorio\Eclisple Proyectos\Rides24\src\main\resources\rides.temp' is opened by 14972@LAPTOP-C5O8HU11

[2024-04-05 17:39:28 #2 type.registry] 
New type domain.Driver

[2024-04-05 17:39:28 #3 type] 
Type domain.Driver is not enhanced.

[2024-04-05 17:39:28 #4 type.registry] 
New type domain.Viajecompuesto

[2024-04-05 17:39:28 #5 type.registry] 
New type java.util.ArrayList<domain.Viajecompuesto>

[2024-04-05 17:39:28 #6 type.registry] 
New type domain.Ride

[2024-04-05 17:39:28 #7 type.registry] 
New type domain.RideSolicitado

[2024-04-05 17:39:28 #8 type] 
Type domain.Viajecompuesto is not enhanced.

[2024-04-05 17:39:28 #9 type.registry] 
New type java.util.LinkedList<domain.Ride>

[2024-04-05 17:39:28 #10 type] 
Type domain.Ride is not enhanced.

[2024-04-05 17:39:28 #11 type] 
Type domain.RideSolicitado is not enhanced.

[2024-04-05 17:39:28 #12 type.registry] 
New type domain.viajero

[2024-04-05 17:39:28 #13 type] 
Type domain.viajero is not enhanced.

[2024-04-05 17:39:28 #14 type.registry] 
New type java.util.Vector<java.lang.Object>

[2024-04-05 17:39:28 #15 type.registry] 
New type java.util.ArrayList<java.lang.Object>

[2024-04-05 17:39:28 #16 type.registry] 
New type java.util.Vector<domain.Ride>

[2024-04-05 17:39:28 #17 type.registry] 
New type java.util.Vector<domain.RideSolicitado>

------------------------------------------------------------------------------------------------------------------------

[2024-04-05 17:42:55 #1 store] 
Database 'C:\Users\user\OneDrive - UPV EHU\Escritorio\Eclisple Proyectos\Rides24\src\main\resources\rides.temp' is opened by 11932@LAPTOP-C5O8HU11

[2024-04-05 17:42:55 #2 type.registry] 
New type domain.Driver

[2024-04-05 17:42:55 #3 type] 
Type domain.Driver is not enhanced.

[2024-04-05 17:42:55 #4 type.registry] 
New type domain.Viajecompuesto

[2024-04-05 17:42:55 #5 type.registry] 
New type java.util.ArrayList<domain.Viajecompuesto>

[2024-04-05 17:42:55 #6 type.registry] 
New type domain.Ride

[2024-04-05 17:42:55 #7 type.registry] 
New type domain.RideSolicitado

[2024-04-05 17:42:55 #8 type] 
Type domain.Viajecompuesto is not enhanced.

[2024-04-05 17:42:55 #9 type.registry] 
New type java.util.LinkedList<domain.Ride>

[2024-04-05 17:42:55 #10 type] 
Type domain.Ride is not enhanced.

[2024-04-05 17:42:55 #11 type] 
Type domain.RideSolicitado is not enhanced.

[2024-04-05 17:42:55 #12 type.registry] 
New type domain.viajero

[2024-04-05 17:42:55 #13 type] 
Type domain.viajero is not enhanced.

[2024-04-05 17:42:55 #14 type.registry] 
New type java.util.Vector<java.lang.Object>

[2024-04-05 17:42:55 #15 type.registry] 
New type java.util.ArrayList<java.lang.Object>

[2024-04-05 17:42:55 #16 type.registry] 
New type java.util.Vector<domain.Ride>

[2024-04-05 17:42:55 #17 type.registry] 
New type java.util.Vector<domain.RideSolicitado>

------------------------------------------------------------------------------------------------------------------------

[2024-04-05 17:44:25 #1 store] 
Database 'C:\Users\user\OneDrive - UPV EHU\Escritorio\Eclisple Proyectos\Rides24\src\main\resources\rides.temp' is opened by 13100@LAPTOP-C5O8HU11

[2024-04-05 17:44:25 #2 type.registry] 
New type domain.Driver

[2024-04-05 17:44:25 #3 type] 
Type domain.Driver is not enhanced.

[2024-04-05 17:44:25 #4 type.registry] 
New type domain.Viajecompuesto

[2024-04-05 17:44:25 #5 type.registry] 
New type java.util.ArrayList<domain.Viajecompuesto>

[2024-04-05 17:44:25 #6 type.registry] 
New type domain.Ride

[2024-04-05 17:44:25 #7 type.registry] 
New type domain.RideSolicitado

[2024-04-05 17:44:25 #8 type] 
Type domain.Viajecompuesto is not enhanced.

[2024-04-05 17:44:26 #9 type.registry] 
New type java.util.LinkedList<domain.Ride>

[2024-04-05 17:44:26 #10 type] 
Type domain.Ride is not enhanced.

[2024-04-05 17:44:26 #11 type] 
Type domain.RideSolicitado is not enhanced.

[2024-04-05 17:44:26 #12 type.registry] 
New type domain.viajero

[2024-04-05 17:44:26 #13 type] 
Type domain.viajero is not enhanced.

[2024-04-05 17:44:26 #14 type.registry] 
New type java.util.Vector<java.lang.Object>

[2024-04-05 17:44:26 #15 type.registry] 
New type java.util.ArrayList<java.lang.Object>

[2024-04-05 17:44:26 #16 type.registry] 
New type java.util.Vector<domain.Ride>

[2024-04-05 17:44:26 #17 type.registry] 
New type java.util.Vector<domain.RideSolicitado>

------------------------------------------------------------------------------------------------------------------------

[2024-04-05 17:48:06 #1 store] 
Database 'C:\Users\user\OneDrive - UPV EHU\Escritorio\Eclisple Proyectos\Rides24\src\main\resources\rides.temp' is opened by 12804@LAPTOP-C5O8HU11

[2024-04-05 17:48:06 #2 type.registry] 
New type domain.Driver

[2024-04-05 17:48:06 #3 type] 
Type domain.Driver is not enhanced.

[2024-04-05 17:48:06 #4 type.registry] 
New type domain.Viajecompuesto

[2024-04-05 17:48:06 #5 type.registry] 
New type java.util.ArrayList<domain.Viajecompuesto>

[2024-04-05 17:48:06 #6 type.registry] 
New type domain.Ride

[2024-04-05 17:48:06 #7 type.registry] 
New type domain.RideSolicitado

[2024-04-05 17:48:06 #8 type] 
Type domain.Viajecompuesto is not enhanced.

[2024-04-05 17:48:06 #9 type.registry] 
New type java.util.LinkedList<domain.Ride>

[2024-04-05 17:48:06 #10 type] 
Type domain.Ride is not enhanced.

[2024-04-05 17:48:06 #11 type] 
Type domain.RideSolicitado is not enhanced.

[2024-04-05 17:48:06 #12 type.registry] 
New type domain.viajero

[2024-04-05 17:48:06 #13 type] 
Type domain.viajero is not enhanced.

[2024-04-05 17:48:06 #14 type.registry] 
New type java.util.Vector<java.lang.Object>

[2024-04-05 17:48:06 #15 type.registry] 
New type java.util.ArrayList<java.lang.Object>

[2024-04-05 17:48:06 #16 type.registry] 
New type java.util.Vector<domain.Ride>

[2024-04-05 17:48:06 #17 type.registry] 
New type java.util.Vector<domain.RideSolicitado>

------------------------------------------------------------------------------------------------------------------------

[2024-04-05 17:52:53 #1 store] 
Database 'C:\Users\user\OneDrive - UPV EHU\Escritorio\Eclisple Proyectos\Rides24\src\main\resources\rides.temp' is opened by 13252@LAPTOP-C5O8HU11

[2024-04-05 17:52:53 #2 type.registry] 
New type domain.Driver

[2024-04-05 17:52:53 #3 type] 
Type domain.Driver is not enhanced.

[2024-04-05 17:52:53 #4 type.registry] 
New type domain.Viajecompuesto

[2024-04-05 17:52:53 #5 type.registry] 
New type java.util.ArrayList<domain.Viajecompuesto>

[2024-04-05 17:52:53 #6 type.registry] 
New type domain.Ride

[2024-04-05 17:52:53 #7 type.registry] 
New type domain.RideSolicitado

[2024-04-05 17:52:53 #8 type] 
Type domain.Viajecompuesto is not enhanced.

[2024-04-05 17:52:53 #9 type.registry] 
New type java.util.LinkedList<domain.Ride>

[2024-04-05 17:52:53 #10 type] 
Type domain.Ride is not enhanced.

[2024-04-05 17:52:53 #11 type] 
Type domain.RideSolicitado is not enhanced.

[2024-04-05 17:52:53 #12 type.registry] 
New type domain.viajero

[2024-04-05 17:52:53 #13 type] 
Type domain.viajero is not enhanced.

[2024-04-05 17:52:53 #14 type.registry] 
New type java.util.Vector<java.lang.Object>

[2024-04-05 17:52:53 #15 type.registry] 
New type java.util.ArrayList<java.lang.Object>

[2024-04-05 17:52:53 #16 type.registry] 
New type java.util.Vector<domain.Ride>

[2024-04-05 17:52:53 #17 type.registry] 
New type java.util.Vector<domain.RideSolicitado>

------------------------------------------------------------------------------------------------------------------------

[2024-04-05 17:54:07 #1 store] 
Database 'C:\Users\user\OneDrive - UPV EHU\Escritorio\Eclisple Proyectos\Rides24\src\main\resources\rides.temp' is opened by 11676@LAPTOP-C5O8HU11

[2024-04-05 17:54:08 #2 type.registry] 
New type domain.Driver

[2024-04-05 17:54:08 #3 type] 
Type domain.Driver is not enhanced.

[2024-04-05 17:54:08 #4 type.registry] 
New type domain.Viajecompuesto

[2024-04-05 17:54:08 #5 type.registry] 
New type java.util.ArrayList<domain.Viajecompuesto>

[2024-04-05 17:54:08 #6 type.registry] 
New type domain.Ride

[2024-04-05 17:54:08 #7 type.registry] 
New type domain.RideSolicitado

[2024-04-05 17:54:08 #8 type] 
Type domain.Viajecompuesto is not enhanced.

[2024-04-05 17:54:08 #9 type.registry] 
New type java.util.LinkedList<domain.Ride>

[2024-04-05 17:54:08 #10 type] 
Type domain.Ride is not enhanced.

[2024-04-05 17:54:08 #11 type] 
Type domain.RideSolicitado is not enhanced.

[2024-04-05 17:54:08 #12 type.registry] 
New type domain.viajero

[2024-04-05 17:54:08 #13 type] 
Type domain.viajero is not enhanced.

[2024-04-05 17:54:08 #14 type.registry] 
New type java.util.Vector<java.lang.Object>

[2024-04-05 17:54:08 #15 type.registry] 
New type java.util.ArrayList<java.lang.Object>

[2024-04-05 17:54:08 #16 type.registry] 
New type java.util.Vector<domain.Ride>

[2024-04-05 17:54:08 #17 type.registry] 
New type java.util.Vector<domain.RideSolicitado>

------------------------------------------------------------------------------------------------------------------------

[2024-04-05 17:58:25 #1 store] 
Database 'C:\Users\user\OneDrive - UPV EHU\Escritorio\Eclisple Proyectos\Rides24\src\main\resources\rides.temp' is opened by 12528@LAPTOP-C5O8HU11

[2024-04-05 17:58:25 #2 type.registry] 
New type domain.Driver

[2024-04-05 17:58:25 #3 type] 
Type domain.Driver is not enhanced.

[2024-04-05 17:58:25 #4 type.registry] 
New type domain.Viajecompuesto

[2024-04-05 17:58:25 #5 type.registry] 
New type java.util.ArrayList<domain.Viajecompuesto>

[2024-04-05 17:58:25 #6 type.registry] 
New type domain.Ride

[2024-04-05 17:58:25 #7 type.registry] 
New type domain.RideSolicitado

[2024-04-05 17:58:25 #8 type] 
Type domain.Viajecompuesto is not enhanced.

[2024-04-05 17:58:25 #9 type.registry] 
New type java.util.LinkedList<domain.Ride>

[2024-04-05 17:58:25 #10 type] 
Type domain.Ride is not enhanced.

[2024-04-05 17:58:25 #11 type] 
Type domain.RideSolicitado is not enhanced.

[2024-04-05 17:58:25 #12 type.registry] 
New type domain.viajero

[2024-04-05 17:58:25 #13 type] 
Type domain.viajero is not enhanced.

[2024-04-05 17:58:25 #14 type.registry] 
New type java.util.Vector<java.lang.Object>

[2024-04-05 17:58:25 #15 type.registry] 
New type java.util.ArrayList<java.lang.Object>

[2024-04-05 17:58:25 #16 type.registry] 
New type java.util.Vector<domain.Ride>

[2024-04-05 17:58:25 #17 type.registry] 
New type java.util.Vector<domain.RideSolicitado>

------------------------------------------------------------------------------------------------------------------------

[2024-04-05 18:05:38 #1 store] 
Database 'C:\Users\user\OneDrive - UPV EHU\Escritorio\Eclisple Proyectos\Rides24\src\main\resources\rides.temp' is opened by 16676@LAPTOP-C5O8HU11

[2024-04-05 18:05:38 #2 type.registry] 
New type domain.Driver

[2024-04-05 18:05:38 #3 type] 
Type domain.Driver is not enhanced.

[2024-04-05 18:05:38 #4 type.registry] 
New type domain.Viajecompuesto

[2024-04-05 18:05:38 #5 type.registry] 
New type java.util.ArrayList<domain.Viajecompuesto>

[2024-04-05 18:05:38 #6 type.registry] 
New type domain.Ride

[2024-04-05 18:05:38 #7 type.registry] 
New type domain.RideSolicitado

[2024-04-05 18:05:38 #8 type] 
Type domain.Viajecompuesto is not enhanced.

[2024-04-05 18:05:38 #9 type.registry] 
New type java.util.LinkedList<domain.Ride>

[2024-04-05 18:05:38 #10 type] 
Type domain.Ride is not enhanced.

[2024-04-05 18:05:38 #11 type] 
Type domain.RideSolicitado is not enhanced.

[2024-04-05 18:05:38 #12 type.registry] 
New type domain.viajero

[2024-04-05 18:05:38 #13 type] 
Type domain.viajero is not enhanced.

[2024-04-05 18:05:38 #14 type.registry] 
New type java.util.Vector<java.lang.Object>

[2024-04-05 18:05:38 #15 type.registry] 
New type java.util.ArrayList<java.lang.Object>

[2024-04-05 18:05:38 #16 type.registry] 
New type java.util.Vector<domain.Ride>

[2024-04-05 18:05:38 #17 type.registry] 
New type java.util.Vector<domain.RideSolicitado>

------------------------------------------------------------------------------------------------------------------------

[2024-04-05 18:18:50 #1 store] 
Database 'C:\Users\user\OneDrive - UPV EHU\Escritorio\Eclisple Proyectos\Rides24\src\main\resources\rides.temp' is opened by 2852@LAPTOP-C5O8HU11

[2024-04-05 18:18:51 #2 type.registry] 
New type domain.Driver

[2024-04-05 18:18:51 #3 type] 
Type domain.Driver is not enhanced.

[2024-04-05 18:18:51 #4 type.registry] 
New type domain.Viajecompuesto

[2024-04-05 18:18:51 #5 type.registry] 
New type java.util.ArrayList<domain.Viajecompuesto>

[2024-04-05 18:18:51 #6 type.registry] 
New type domain.Ride

[2024-04-05 18:18:51 #7 type.registry] 
New type domain.RideSolicitado

[2024-04-05 18:18:51 #8 type] 
Type domain.Viajecompuesto is not enhanced.

[2024-04-05 18:18:51 #9 type.registry] 
New type java.util.LinkedList<domain.Ride>

[2024-04-05 18:18:51 #10 type] 
Type domain.Ride is not enhanced.

[2024-04-05 18:18:51 #11 type] 
Type domain.RideSolicitado is not enhanced.

[2024-04-05 18:18:51 #12 type.registry] 
New type domain.viajero

[2024-04-05 18:18:51 #13 type] 
Type domain.viajero is not enhanced.

[2024-04-05 18:18:51 #14 type.registry] 
New type java.util.Vector<java.lang.Object>

[2024-04-05 18:18:51 #15 type.registry] 
New type java.util.ArrayList<java.lang.Object>

[2024-04-05 18:18:51 #16 type.registry] 
New type java.util.Vector<domain.Ride>

[2024-04-05 18:18:51 #17 type.registry] 
New type java.util.Vector<domain.RideSolicitado>

