------------------------------------------------------------------------------------------------------------------------

[2024-02-20 16:46:01 #1 store] 
Database 'D:\eclipse\WorkSpace\Rides24\src\main\resources\rides.temp' is opened by 24716@DESKTOP-8QHVPEI

[2024-02-20 16:46:01 #2 type.registry] 
New type domain.Driver

[2024-02-20 16:46:01 #3 type] 
Type domain.Driver is not enhanced.

[2024-02-20 16:46:01 #4 type.registry] 
New type domain.Ride

[2024-02-20 16:46:01 #5 type] 
Type domain.Ride is not enhanced.

[2024-02-20 16:46:01 #6 type.registry] 
New type java.util.Vector<java.lang.Object>

[2024-02-20 16:46:01 #7 type.registry] 
New type java.util.Vector<domain.Ride>

------------------------------------------------------------------------------------------------------------------------

[2024-02-20 16:48:00 #1 store] 
Database 'D:\eclipse\WorkSpace\Rides24\src\main\resources\rides.temp' is opened by 19444@DESKTOP-8QHVPEI

[2024-02-20 16:48:00 #2 type.registry] 
New type domain.Driver

[2024-02-20 16:48:00 #3 type] 
Type domain.Driver is not enhanced.

[2024-02-20 16:48:00 #4 type.registry] 
New type domain.Ride

[2024-02-20 16:48:00 #5 type] 
Type domain.Ride is not enhanced.

[2024-02-20 16:48:00 #6 type.registry] 
New type java.util.Vector<java.lang.Object>

[2024-02-20 16:48:00 #7 type.registry] 
New type java.util.Vector<domain.Ride>

------------------------------------------------------------------------------------------------------------------------

[2024-02-20 16:53:32 #1 store] 
Database 'D:\eclipse\WorkSpace\Rides24\src\main\resources\rides.temp' is opened by 48084@DESKTOP-8QHVPEI

[2024-02-20 16:53:32 #2 type.registry] 
New type domain.Driver

[2024-02-20 16:53:32 #3 type] 
Type domain.Driver is not enhanced.

[2024-02-20 16:53:32 #4 type.registry] 
New type domain.Ride

[2024-02-20 16:53:32 #5 type] 
Type domain.Ride is not enhanced.

[2024-02-20 16:53:32 #6 type.registry] 
New type java.util.Vector<java.lang.Object>

[2024-02-20 16:53:32 #7 type.registry] 
New type java.util.Vector<domain.Ride>

------------------------------------------------------------------------------------------------------------------------

[2024-02-20 20:55:35 #1 store] 
Database 'D:\eclipse\WorkSpace\Rides24\src\main\resources\rides.temp' is opened by 46484@DESKTOP-8QHVPEI

[2024-02-20 20:55:35 #2 type.registry] 
New type domain.Driver

[2024-02-20 20:55:35 #3 type] 
Type domain.Driver is not enhanced.

[2024-02-20 20:55:35 #4 type.registry] 
New type domain.Ride

[2024-02-20 20:55:35 #5 type] 
Type domain.Ride is not enhanced.

[2024-02-20 20:55:35 #6 type.registry] 
New type java.util.Vector<java.lang.Object>

[2024-02-20 20:55:35 #7 type.registry] 
New type java.util.Vector<domain.Ride>

------------------------------------------------------------------------------------------------------------------------

[2024-02-20 20:58:10 #1 store] 
Database 'D:\eclipse\WorkSpace\Rides24\src\main\resources\rides.temp' is opened by 42404@DESKTOP-8QHVPEI

[2024-02-20 20:58:10 #2 type.registry] 
New type domain.Driver

[2024-02-20 20:58:10 #3 type] 
Type domain.Driver is not enhanced.

[2024-02-20 20:58:10 #4 type.registry] 
New type domain.Ride

[2024-02-20 20:58:10 #5 type] 
Type domain.Ride is not enhanced.

[2024-02-20 20:58:10 #6 type.registry] 
New type java.util.Vector<java.lang.Object>

[2024-02-20 20:58:10 #7 type.registry] 
New type java.util.Vector<domain.Ride>

------------------------------------------------------------------------------------------------------------------------

[2024-02-20 21:05:35 #1 store] 
Database 'D:\eclipse\WorkSpace\Rides24\src\main\resources\rides.temp' is opened by 25800@DESKTOP-8QHVPEI

[2024-02-20 21:05:35 #2 type.registry] 
New type domain.Driver

[2024-02-20 21:05:35 #3 type] 
Type domain.Driver is not enhanced.

[2024-02-20 21:05:35 #4 type.registry] 
New type domain.Ride

[2024-02-20 21:05:35 #5 type] 
Type domain.Ride is not enhanced.

[2024-02-20 21:05:35 #6 type.registry] 
New type java.util.Vector<java.lang.Object>

[2024-02-20 21:05:35 #7 type.registry] 
New type java.util.Vector<domain.Ride>

------------------------------------------------------------------------------------------------------------------------

[2024-02-20 21:06:41 #1 store] 
Database 'D:\eclipse\WorkSpace\Rides24\src\main\resources\rides.temp' is opened by 14744@DESKTOP-8QHVPEI

[2024-02-20 21:06:41 #2 type.registry] 
New type domain.Driver

[2024-02-20 21:06:41 #3 type] 
Type domain.Driver is not enhanced.

[2024-02-20 21:06:41 #4 type.registry] 
New type domain.Ride

[2024-02-20 21:06:41 #5 type] 
Type domain.Ride is not enhanced.

[2024-02-20 21:06:41 #6 type.registry] 
New type java.util.Vector<java.lang.Object>

[2024-02-20 21:06:41 #7 type.registry] 
New type java.util.Vector<domain.Ride>

------------------------------------------------------------------------------------------------------------------------

[2024-02-20 21:08:37 #1 store] 
Database 'D:\eclipse\WorkSpace\Rides24\src\main\resources\rides.temp' is opened by 34200@DESKTOP-8QHVPEI

[2024-02-20 21:08:38 #2 type.registry] 
New type domain.Driver

[2024-02-20 21:08:38 #3 type] 
Type domain.Driver is not enhanced.

[2024-02-20 21:08:38 #4 type.registry] 
New type domain.Ride

[2024-02-20 21:08:38 #5 type] 
Type domain.Ride is not enhanced.

[2024-02-20 21:08:38 #6 type.registry] 
New type java.util.Vector<java.lang.Object>

[2024-02-20 21:08:38 #7 type.registry] 
New type java.util.Vector<domain.Ride>

