------------------------------------------------------------------------------------------------------------------------

[2024-04-30 16:24:03 #1 store] 
Database 'D:\eclipse\WorkSpace\Rides24\src\main\resources\rides.temp' is opened by 15232@DESKTOP-8QHVPEI

[2024-04-30 16:24:03 #2 type.registry] 
New type domain.user

[2024-04-30 16:24:03 #3 type.registry] 
New type domain.Driver

[2024-04-30 16:24:03 #4 type] 
Type domain.Driver is not enhanced.

[2024-04-30 16:24:03 #5 type.registry] 
New type domain.Viajecompuesto

[2024-04-30 16:24:03 #6 type.registry] 
New type java.util.ArrayList<domain.Viajecompuesto>

[2024-04-30 16:24:03 #7 type.registry] 
New type domain.Ride

[2024-04-30 16:24:03 #8 type.registry] 
New type domain.RideSolicitado

[2024-04-30 16:24:03 #9 type] 
Type domain.Viajecompuesto is not enhanced.

[2024-04-30 16:24:03 #10 type.registry] 
New type java.util.LinkedList<domain.Ride>

[2024-04-30 16:24:03 #11 type] 
Type domain.Ride is not enhanced.

[2024-04-30 16:24:03 #12 type] 
Type domain.RideSolicitado is not enhanced.

[2024-04-30 16:24:03 #13 type.registry] 
New type domain.viajero

[2024-04-30 16:24:03 #14 type] 
Type domain.viajero is not enhanced.

[2024-04-30 16:24:03 #15 type.registry] 
New type java.util.Vector<java.lang.Object>

[2024-04-30 16:24:03 #16 type.registry] 
New type java.util.ArrayList<java.lang.Object>

[2024-04-30 16:24:03 #17 type.registry] 
New type java.util.Vector<domain.Ride>

[2024-04-30 16:24:03 #18 type.registry] 
New type java.util.Vector<domain.RideSolicitado>

------------------------------------------------------------------------------------------------------------------------

[2024-04-30 16:30:22 #1 store] 
Database 'D:\eclipse\WorkSpace\Rides24\src\main\resources\rides.temp' is opened by 15648@DESKTOP-8QHVPEI

[2024-04-30 16:30:22 #2 type.registry] 
New type domain.user

[2024-04-30 16:30:22 #3 type.registry] 
New type domain.Driver

[2024-04-30 16:30:22 #4 type] 
Type domain.Driver is not enhanced.

[2024-04-30 16:30:22 #5 type.registry] 
New type domain.Viajecompuesto

[2024-04-30 16:30:22 #6 type.registry] 
New type java.util.ArrayList<domain.Viajecompuesto>

[2024-04-30 16:30:22 #7 type.registry] 
New type domain.Ride

[2024-04-30 16:30:22 #8 type.registry] 
New type domain.RideSolicitado

[2024-04-30 16:30:22 #9 type] 
Type domain.Viajecompuesto is not enhanced.

[2024-04-30 16:30:22 #10 type.registry] 
New type java.util.LinkedList<domain.Ride>

[2024-04-30 16:30:22 #11 type] 
Type domain.Ride is not enhanced.

[2024-04-30 16:30:22 #12 type] 
Type domain.RideSolicitado is not enhanced.

[2024-04-30 16:30:22 #13 type.registry] 
New type domain.viajero

[2024-04-30 16:30:22 #14 type] 
Type domain.viajero is not enhanced.

[2024-04-30 16:30:22 #15 type.registry] 
New type java.util.Vector<java.lang.Object>

[2024-04-30 16:30:22 #16 type.registry] 
New type java.util.ArrayList<java.lang.Object>

[2024-04-30 16:30:22 #17 type.registry] 
New type java.util.Vector<domain.Ride>

[2024-04-30 16:30:22 #18 type.registry] 
New type java.util.Vector<domain.RideSolicitado>

------------------------------------------------------------------------------------------------------------------------

[2024-04-30 16:31:45 #1 store] 
Database 'D:\eclipse\WorkSpace\Rides24\src\main\resources\rides.temp' is opened by 16728@DESKTOP-8QHVPEI

[2024-04-30 16:31:45 #2 type.registry] 
New type domain.user

[2024-04-30 16:31:45 #3 type.registry] 
New type domain.Driver

[2024-04-30 16:31:45 #4 type] 
Type domain.Driver is not enhanced.

[2024-04-30 16:31:45 #5 type.registry] 
New type domain.Viajecompuesto

[2024-04-30 16:31:45 #6 type.registry] 
New type java.util.ArrayList<domain.Viajecompuesto>

[2024-04-30 16:31:45 #7 type.registry] 
New type domain.Ride

[2024-04-30 16:31:45 #8 type.registry] 
New type domain.RideSolicitado

[2024-04-30 16:31:45 #9 type] 
Type domain.Viajecompuesto is not enhanced.

[2024-04-30 16:31:45 #10 type.registry] 
New type java.util.LinkedList<domain.Ride>

[2024-04-30 16:31:45 #11 type] 
Type domain.Ride is not enhanced.

[2024-04-30 16:31:45 #12 type] 
Type domain.RideSolicitado is not enhanced.

[2024-04-30 16:31:45 #13 type.registry] 
New type domain.viajero

[2024-04-30 16:31:45 #14 type] 
Type domain.viajero is not enhanced.

[2024-04-30 16:31:45 #15 type.registry] 
New type java.util.Vector<java.lang.Object>

[2024-04-30 16:31:45 #16 type.registry] 
New type java.util.ArrayList<java.lang.Object>

[2024-04-30 16:31:45 #17 type.registry] 
New type java.util.Vector<domain.Ride>

[2024-04-30 16:31:45 #18 type.registry] 
New type java.util.Vector<domain.RideSolicitado>

------------------------------------------------------------------------------------------------------------------------

[2024-04-30 16:32:06 #1 store] 
Database 'D:\eclipse\WorkSpace\Rides24\src\main\resources\rides.temp' is opened by 1840@DESKTOP-8QHVPEI

[2024-04-30 16:32:06 #2 type.registry] 
New type domain.user

[2024-04-30 16:32:06 #3 type.registry] 
New type domain.Driver

[2024-04-30 16:32:06 #4 type] 
Type domain.Driver is not enhanced.

[2024-04-30 16:32:06 #5 type.registry] 
New type domain.Viajecompuesto

[2024-04-30 16:32:06 #6 type.registry] 
New type java.util.ArrayList<domain.Viajecompuesto>

[2024-04-30 16:32:06 #7 type.registry] 
New type domain.Ride

[2024-04-30 16:32:06 #8 type.registry] 
New type domain.RideSolicitado

[2024-04-30 16:32:06 #9 type] 
Type domain.Viajecompuesto is not enhanced.

[2024-04-30 16:32:06 #10 type.registry] 
New type java.util.LinkedList<domain.Ride>

[2024-04-30 16:32:06 #11 type] 
Type domain.Ride is not enhanced.

[2024-04-30 16:32:06 #12 type] 
Type domain.RideSolicitado is not enhanced.

[2024-04-30 16:32:06 #13 type.registry] 
New type domain.viajero

[2024-04-30 16:32:06 #14 type] 
Type domain.viajero is not enhanced.

[2024-04-30 16:32:06 #15 type.registry] 
New type java.util.Vector<java.lang.Object>

[2024-04-30 16:32:06 #16 type.registry] 
New type java.util.ArrayList<java.lang.Object>

[2024-04-30 16:32:06 #17 type.registry] 
New type java.util.Vector<domain.Ride>

[2024-04-30 16:32:06 #18 type.registry] 
New type java.util.Vector<domain.RideSolicitado>

------------------------------------------------------------------------------------------------------------------------

[2024-04-30 16:33:16 #1 store] 
Database 'D:\eclipse\WorkSpace\Rides24\src\main\resources\rides.temp' is opened by 19896@DESKTOP-8QHVPEI

[2024-04-30 16:33:16 #2 type.registry] 
New type domain.user

[2024-04-30 16:33:16 #3 type.registry] 
New type domain.Driver

[2024-04-30 16:33:16 #4 type] 
Type domain.Driver is not enhanced.

[2024-04-30 16:33:16 #5 type.registry] 
New type domain.Viajecompuesto

[2024-04-30 16:33:16 #6 type.registry] 
New type java.util.ArrayList<domain.Viajecompuesto>

[2024-04-30 16:33:16 #7 type.registry] 
New type domain.Ride

[2024-04-30 16:33:16 #8 type.registry] 
New type domain.RideSolicitado

[2024-04-30 16:33:16 #9 type] 
Type domain.Viajecompuesto is not enhanced.

[2024-04-30 16:33:16 #10 type.registry] 
New type java.util.LinkedList<domain.Ride>

[2024-04-30 16:33:16 #11 type] 
Type domain.Ride is not enhanced.

[2024-04-30 16:33:16 #12 type] 
Type domain.RideSolicitado is not enhanced.

[2024-04-30 16:33:16 #13 type.registry] 
New type domain.viajero

[2024-04-30 16:33:16 #14 type] 
Type domain.viajero is not enhanced.

[2024-04-30 16:33:16 #15 type.registry] 
New type java.util.Vector<java.lang.Object>

[2024-04-30 16:33:16 #16 type.registry] 
New type java.util.ArrayList<java.lang.Object>

[2024-04-30 16:33:16 #17 type.registry] 
New type java.util.Vector<domain.Ride>

[2024-04-30 16:33:16 #18 type.registry] 
New type java.util.Vector<domain.RideSolicitado>

------------------------------------------------------------------------------------------------------------------------

[2024-04-30 16:33:53 #1 store] 
Database 'D:\eclipse\WorkSpace\Rides24\src\main\resources\rides.temp' is opened by 19840@DESKTOP-8QHVPEI

[2024-04-30 16:33:53 #2 type.registry] 
New type domain.user

[2024-04-30 16:33:53 #3 type.registry] 
New type domain.Driver

[2024-04-30 16:33:53 #4 type] 
Type domain.Driver is not enhanced.

[2024-04-30 16:33:53 #5 type.registry] 
New type domain.Viajecompuesto

[2024-04-30 16:33:53 #6 type.registry] 
New type java.util.ArrayList<domain.Viajecompuesto>

[2024-04-30 16:33:53 #7 type.registry] 
New type domain.Ride

[2024-04-30 16:33:53 #8 type.registry] 
New type domain.RideSolicitado

[2024-04-30 16:33:53 #9 type] 
Type domain.Viajecompuesto is not enhanced.

[2024-04-30 16:33:53 #10 type.registry] 
New type java.util.LinkedList<domain.Ride>

[2024-04-30 16:33:53 #11 type] 
Type domain.Ride is not enhanced.

[2024-04-30 16:33:53 #12 type] 
Type domain.RideSolicitado is not enhanced.

[2024-04-30 16:33:53 #13 type.registry] 
New type domain.viajero

[2024-04-30 16:33:53 #14 type] 
Type domain.viajero is not enhanced.

[2024-04-30 16:33:53 #15 type.registry] 
New type java.util.Vector<java.lang.Object>

[2024-04-30 16:33:53 #16 type.registry] 
New type java.util.ArrayList<java.lang.Object>

[2024-04-30 16:33:53 #17 type.registry] 
New type java.util.Vector<domain.Ride>

[2024-04-30 16:33:53 #18 type.registry] 
New type java.util.Vector<domain.RideSolicitado>

------------------------------------------------------------------------------------------------------------------------

[2024-04-30 16:35:30 #1 store] 
Database 'D:\eclipse\WorkSpace\Rides24\src\main\resources\rides.temp' is opened by 16932@DESKTOP-8QHVPEI

[2024-04-30 16:35:30 #2 type.registry] 
New type domain.user

[2024-04-30 16:35:30 #3 type.registry] 
New type domain.Driver

[2024-04-30 16:35:30 #4 type] 
Type domain.user is not enhanced.

[2024-04-30 16:35:30 #5 type] 
Type domain.Driver is not enhanced.

[2024-04-30 16:35:30 #6 type.registry] 
New type domain.Viajecompuesto

[2024-04-30 16:35:30 #7 type.registry] 
New type java.util.ArrayList<domain.Viajecompuesto>

[2024-04-30 16:35:30 #8 type.registry] 
New type domain.Ride

[2024-04-30 16:35:30 #9 type.registry] 
New type domain.RideSolicitado

[2024-04-30 16:35:30 #10 type] 
Type domain.Viajecompuesto is not enhanced.

[2024-04-30 16:35:30 #11 type.registry] 
New type java.util.LinkedList<domain.Ride>

[2024-04-30 16:35:30 #12 type] 
Type domain.Ride is not enhanced.

[2024-04-30 16:35:30 #13 type] 
Type domain.RideSolicitado is not enhanced.

[2024-04-30 16:35:30 #14 type.registry] 
New type domain.viajero

[2024-04-30 16:35:30 #15 type] 
Type domain.viajero is not enhanced.

[2024-04-30 16:35:30 #16 type.registry] 
New type java.util.Vector<java.lang.Object>

[2024-04-30 16:35:30 #17 type.registry] 
New type java.util.ArrayList<java.lang.Object>

[2024-04-30 16:35:30 #18 type.registry] 
New type java.util.Vector<domain.Ride>

[2024-04-30 16:35:30 #19 type.registry] 
New type java.util.Vector<domain.RideSolicitado>

------------------------------------------------------------------------------------------------------------------------

[2024-04-30 16:38:35 #1 store] 
Database 'D:\eclipse\WorkSpace\Rides24\src\main\resources\rides.temp' is opened by 12336@DESKTOP-8QHVPEI

[2024-04-30 16:38:36 #2 type.registry] 
New type domain.user

[2024-04-30 16:38:36 #3 type.registry] 
New type domain.Driver

[2024-04-30 16:38:36 #4 type] 
Type domain.user is not enhanced.

[2024-04-30 16:38:36 #5 type] 
Type domain.Driver is not enhanced.

[2024-04-30 16:38:36 #6 type.registry] 
New type domain.Viajecompuesto

[2024-04-30 16:38:36 #7 type.registry] 
New type java.util.ArrayList<domain.Viajecompuesto>

[2024-04-30 16:38:36 #8 type.registry] 
New type domain.Ride

[2024-04-30 16:38:36 #9 type.registry] 
New type domain.RideSolicitado

[2024-04-30 16:38:36 #10 type] 
Type domain.Viajecompuesto is not enhanced.

[2024-04-30 16:38:36 #11 type.registry] 
New type java.util.LinkedList<domain.Ride>

[2024-04-30 16:38:36 #12 type] 
Type domain.Ride is not enhanced.

[2024-04-30 16:38:36 #13 type] 
Type domain.RideSolicitado is not enhanced.

[2024-04-30 16:38:36 #14 type.registry] 
New type domain.viajero

[2024-04-30 16:38:36 #15 type] 
Type domain.viajero is not enhanced.

[2024-04-30 16:38:36 #16 type.registry] 
New type java.util.Vector<java.lang.Object>

[2024-04-30 16:38:36 #17 type.registry] 
New type java.util.ArrayList<java.lang.Object>

[2024-04-30 16:38:36 #18 type.registry] 
New type java.util.Vector<domain.Ride>

[2024-04-30 16:38:36 #19 type.registry] 
New type java.util.Vector<domain.RideSolicitado>

------------------------------------------------------------------------------------------------------------------------

[2024-04-30 19:04:12 #1 store] 
Database 'C:\Users\user\OneDrive - UPV EHU\Escritorio\workspace-2\Rides24\src\main\resources\rides.temp' is opened by 23328@LAPTOP-C5O8HU11

[2024-04-30 19:04:12 #2 type.registry] 
New type domain.user

[2024-04-30 19:04:12 #3 type.registry] 
New type domain.Driver

[2024-04-30 19:04:12 #4 type] 
Type domain.user is not enhanced.

[2024-04-30 19:04:12 #5 type] 
Type domain.Driver is not enhanced.

[2024-04-30 19:04:12 #6 type.registry] 
New type domain.Viajecompuesto

[2024-04-30 19:04:12 #7 type.registry] 
New type java.util.ArrayList<domain.Viajecompuesto>

[2024-04-30 19:04:12 #8 type.registry] 
New type domain.Ride

[2024-04-30 19:04:12 #9 type.registry] 
New type domain.RideSolicitado

[2024-04-30 19:04:12 #10 type] 
Type domain.Viajecompuesto is not enhanced.

[2024-04-30 19:04:12 #11 type.registry] 
New type java.util.LinkedList<domain.Ride>

[2024-04-30 19:04:12 #12 type] 
Type domain.Ride is not enhanced.

[2024-04-30 19:04:12 #13 type] 
Type domain.RideSolicitado is not enhanced.

[2024-04-30 19:04:12 #14 type.registry] 
New type domain.viajero

[2024-04-30 19:04:12 #15 type] 
Type domain.viajero is not enhanced.

[2024-04-30 19:04:12 #16 type.registry] 
New type java.util.Vector<java.lang.Object>

[2024-04-30 19:04:12 #17 type.registry] 
New type java.util.ArrayList<java.lang.Object>

[2024-04-30 19:04:12 #18 type.registry] 
New type java.util.Vector<domain.Ride>

[2024-04-30 19:04:12 #19 type.registry] 
New type java.util.Vector<domain.RideSolicitado>

------------------------------------------------------------------------------------------------------------------------

[2024-04-30 19:22:26 #1 store] 
Database 'C:\Users\user\OneDrive - UPV EHU\Escritorio\workspace-2\Rides24\src\main\resources\rides.temp' is opened by 16912@LAPTOP-C5O8HU11

[2024-04-30 19:22:26 #2 type.registry] 
New type domain.user

[2024-04-30 19:22:26 #3 type.registry] 
New type domain.Driver

[2024-04-30 19:22:26 #4 type] 
Type domain.user is not enhanced.

[2024-04-30 19:22:26 #5 type] 
Type domain.Driver is not enhanced.

[2024-04-30 19:22:26 #6 type.registry] 
New type domain.Viajecompuesto

[2024-04-30 19:22:26 #7 type.registry] 
New type java.util.ArrayList<domain.Viajecompuesto>

[2024-04-30 19:22:26 #8 type.registry] 
New type domain.Ride

[2024-04-30 19:22:26 #9 type.registry] 
New type domain.RideSolicitado

[2024-04-30 19:22:26 #10 type] 
Type domain.Viajecompuesto is not enhanced.

[2024-04-30 19:22:26 #11 type.registry] 
New type java.util.LinkedList<domain.Ride>

[2024-04-30 19:22:26 #12 type] 
Type domain.Ride is not enhanced.

[2024-04-30 19:22:26 #13 type] 
Type domain.RideSolicitado is not enhanced.

[2024-04-30 19:22:26 #14 type.registry] 
New type domain.viajero

[2024-04-30 19:22:26 #15 type] 
Type domain.viajero is not enhanced.

[2024-04-30 19:22:26 #16 type.registry] 
New type java.util.Vector<java.lang.Object>

[2024-04-30 19:22:26 #17 type.registry] 
New type java.util.ArrayList<java.lang.Object>

[2024-04-30 19:22:26 #18 type.registry] 
New type java.util.Vector<domain.Ride>

[2024-04-30 19:22:26 #19 type.registry] 
New type java.util.Vector<domain.RideSolicitado>

------------------------------------------------------------------------------------------------------------------------

[2024-04-30 19:25:37 #1 store] 
Database 'C:\Users\user\OneDrive - UPV EHU\Escritorio\workspace-2\Rides24\src\main\resources\rides.temp' is opened by 17136@LAPTOP-C5O8HU11

[2024-04-30 19:25:37 #2 type.registry] 
New type domain.user

[2024-04-30 19:25:37 #3 type.registry] 
New type domain.Driver

[2024-04-30 19:25:37 #4 type] 
Type domain.user is not enhanced.

[2024-04-30 19:25:37 #5 type] 
Type domain.Driver is not enhanced.

[2024-04-30 19:25:37 #6 type.registry] 
New type domain.Viajecompuesto

[2024-04-30 19:25:37 #7 type.registry] 
New type java.util.ArrayList<domain.Viajecompuesto>

[2024-04-30 19:25:37 #8 type.registry] 
New type domain.Ride

[2024-04-30 19:25:37 #9 type.registry] 
New type domain.RideSolicitado

[2024-04-30 19:25:37 #10 type] 
Type domain.Viajecompuesto is not enhanced.

[2024-04-30 19:25:37 #11 type.registry] 
New type java.util.LinkedList<domain.Ride>

[2024-04-30 19:25:37 #12 type] 
Type domain.Ride is not enhanced.

[2024-04-30 19:25:37 #13 type] 
Type domain.RideSolicitado is not enhanced.

[2024-04-30 19:25:37 #14 type.registry] 
New type domain.viajero

[2024-04-30 19:25:37 #15 type] 
Type domain.viajero is not enhanced.

[2024-04-30 19:25:37 #16 type.registry] 
New type java.util.Vector<java.lang.Object>

[2024-04-30 19:25:37 #17 type.registry] 
New type java.util.ArrayList<java.lang.Object>

[2024-04-30 19:25:37 #18 type.registry] 
New type java.util.Vector<domain.Ride>

[2024-04-30 19:25:37 #19 type.registry] 
New type java.util.Vector<domain.RideSolicitado>

------------------------------------------------------------------------------------------------------------------------

[2024-04-30 19:28:22 #1 store] 
Database 'C:\Users\user\OneDrive - UPV EHU\Escritorio\workspace-2\Rides24\src\main\resources\rides.temp' is opened by 9032@LAPTOP-C5O8HU11

[2024-04-30 19:28:22 #2 type.registry] 
New type domain.user

[2024-04-30 19:28:22 #3 type.registry] 
New type domain.Driver

[2024-04-30 19:28:22 #4 type] 
Type domain.user is not enhanced.

[2024-04-30 19:28:22 #5 type] 
Type domain.Driver is not enhanced.

[2024-04-30 19:28:22 #6 type.registry] 
New type domain.Viajecompuesto

[2024-04-30 19:28:22 #7 type.registry] 
New type java.util.ArrayList<domain.Viajecompuesto>

[2024-04-30 19:28:22 #8 type.registry] 
New type domain.Ride

[2024-04-30 19:28:22 #9 type.registry] 
New type domain.RideSolicitado

[2024-04-30 19:28:22 #10 type] 
Type domain.Viajecompuesto is not enhanced.

[2024-04-30 19:28:22 #11 type.registry] 
New type java.util.LinkedList<domain.Ride>

[2024-04-30 19:28:22 #12 type] 
Type domain.Ride is not enhanced.

[2024-04-30 19:28:22 #13 type] 
Type domain.RideSolicitado is not enhanced.

[2024-04-30 19:28:22 #14 type.registry] 
New type domain.viajero

[2024-04-30 19:28:22 #15 type] 
Type domain.viajero is not enhanced.

[2024-04-30 19:28:22 #16 type.registry] 
New type java.util.Vector<java.lang.Object>

[2024-04-30 19:28:22 #17 type.registry] 
New type java.util.ArrayList<java.lang.Object>

[2024-04-30 19:28:22 #18 type.registry] 
New type java.util.Vector<domain.Ride>

[2024-04-30 19:28:22 #19 type.registry] 
New type java.util.Vector<domain.RideSolicitado>

------------------------------------------------------------------------------------------------------------------------

[2024-04-30 19:29:12 #1 store] 
Database 'C:\Users\user\OneDrive - UPV EHU\Escritorio\workspace-2\Rides24\src\main\resources\rides.temp' is opened by 14756@LAPTOP-C5O8HU11

[2024-04-30 19:29:12 #2 type.registry] 
New type domain.user

[2024-04-30 19:29:12 #3 type.registry] 
New type domain.Driver

[2024-04-30 19:29:12 #4 type] 
Type domain.user is not enhanced.

[2024-04-30 19:29:12 #5 type] 
Type domain.Driver is not enhanced.

[2024-04-30 19:29:12 #6 type.registry] 
New type domain.Viajecompuesto

[2024-04-30 19:29:12 #7 type.registry] 
New type java.util.ArrayList<domain.Viajecompuesto>

[2024-04-30 19:29:12 #8 type.registry] 
New type domain.Ride

[2024-04-30 19:29:12 #9 type.registry] 
New type domain.RideSolicitado

[2024-04-30 19:29:12 #10 type] 
Type domain.Viajecompuesto is not enhanced.

[2024-04-30 19:29:12 #11 type.registry] 
New type java.util.LinkedList<domain.Ride>

[2024-04-30 19:29:12 #12 type] 
Type domain.Ride is not enhanced.

[2024-04-30 19:29:12 #13 type] 
Type domain.RideSolicitado is not enhanced.

[2024-04-30 19:29:12 #14 type.registry] 
New type domain.viajero

[2024-04-30 19:29:12 #15 type] 
Type domain.viajero is not enhanced.

[2024-04-30 19:29:12 #16 type.registry] 
New type java.util.Vector<java.lang.Object>

[2024-04-30 19:29:12 #17 type.registry] 
New type java.util.ArrayList<java.lang.Object>

[2024-04-30 19:29:12 #18 type.registry] 
New type java.util.Vector<domain.Ride>

[2024-04-30 19:29:12 #19 type.registry] 
New type java.util.Vector<domain.RideSolicitado>

------------------------------------------------------------------------------------------------------------------------

[2024-04-30 19:35:55 #1 store] 
Database 'C:\Users\user\OneDrive - UPV EHU\Escritorio\workspace-2\Rides24\src\main\resources\rides.temp' is opened by 13232@LAPTOP-C5O8HU11

[2024-04-30 19:35:55 #2 type.registry] 
New type domain.user

[2024-04-30 19:35:55 #3 type.registry] 
New type domain.Driver

[2024-04-30 19:35:55 #4 type] 
Type domain.user is not enhanced.

[2024-04-30 19:35:55 #5 type] 
Type domain.Driver is not enhanced.

[2024-04-30 19:35:55 #6 type.registry] 
New type domain.Viajecompuesto

[2024-04-30 19:35:55 #7 type.registry] 
New type java.util.ArrayList<domain.Viajecompuesto>

[2024-04-30 19:35:55 #8 type.registry] 
New type domain.Ride

[2024-04-30 19:35:55 #9 type.registry] 
New type domain.RideSolicitado

[2024-04-30 19:35:55 #10 type] 
Type domain.Viajecompuesto is not enhanced.

[2024-04-30 19:35:55 #11 type.registry] 
New type java.util.LinkedList<domain.Ride>

[2024-04-30 19:35:55 #12 type] 
Type domain.Ride is not enhanced.

[2024-04-30 19:35:55 #13 type] 
Type domain.RideSolicitado is not enhanced.

[2024-04-30 19:35:55 #14 type.registry] 
New type domain.viajero

[2024-04-30 19:35:55 #15 type] 
Type domain.viajero is not enhanced.

[2024-04-30 19:35:55 #16 type.registry] 
New type java.util.Vector<java.lang.Object>

[2024-04-30 19:35:55 #17 type.registry] 
New type java.util.ArrayList<java.lang.Object>

[2024-04-30 19:35:55 #18 type.registry] 
New type java.util.Vector<domain.Ride>

[2024-04-30 19:35:55 #19 type.registry] 
New type java.util.Vector<domain.RideSolicitado>

------------------------------------------------------------------------------------------------------------------------

[2024-04-30 19:40:59 #1 store] 
Database 'C:\Users\user\OneDrive - UPV EHU\Escritorio\workspace-2\Rides24\src\main\resources\rides.temp' is opened by 18104@LAPTOP-C5O8HU11

[2024-04-30 19:40:59 #2 type.registry] 
New type domain.user

[2024-04-30 19:40:59 #3 type.registry] 
New type domain.Driver

[2024-04-30 19:40:59 #4 type] 
Type domain.user is not enhanced.

[2024-04-30 19:40:59 #5 type] 
Type domain.Driver is not enhanced.

[2024-04-30 19:40:59 #6 type.registry] 
New type domain.Viajecompuesto

[2024-04-30 19:40:59 #7 type.registry] 
New type java.util.ArrayList<domain.Viajecompuesto>

[2024-04-30 19:40:59 #8 type.registry] 
New type domain.Ride

[2024-04-30 19:40:59 #9 type.registry] 
New type domain.RideSolicitado

[2024-04-30 19:40:59 #10 type] 
Type domain.Viajecompuesto is not enhanced.

[2024-04-30 19:40:59 #11 type.registry] 
New type java.util.LinkedList<domain.Ride>

[2024-04-30 19:40:59 #12 type] 
Type domain.Ride is not enhanced.

[2024-04-30 19:40:59 #13 type] 
Type domain.RideSolicitado is not enhanced.

[2024-04-30 19:40:59 #14 type.registry] 
New type domain.viajero

[2024-04-30 19:40:59 #15 type] 
Type domain.viajero is not enhanced.

[2024-04-30 19:40:59 #16 type.registry] 
New type java.util.Vector<java.lang.Object>

[2024-04-30 19:40:59 #17 type.registry] 
New type java.util.ArrayList<java.lang.Object>

[2024-04-30 19:40:59 #18 type.registry] 
New type java.util.Vector<domain.Ride>

[2024-04-30 19:40:59 #19 type.registry] 
New type java.util.Vector<domain.RideSolicitado>

