------------------------------------------------------------------------------------------------------------------------

[2024-03-04 00:08:51 #1 store] 
Database 'C:\Users\user\Desktop\Eclisple Proyectos\Rides24\src\main\resources\rides.temp' is opened by 25176@LAPTOP-C5O8HU11

[2024-03-04 00:08:52 #2 type.registry] 
New type domain.Driver

[2024-03-04 00:08:52 #3 type] 
Type domain.Driver is not enhanced.

[2024-03-04 00:08:52 #4 type.registry] 
New type domain.Ride

[2024-03-04 00:08:52 #5 type] 
Type domain.Ride is not enhanced.

[2024-03-04 00:08:52 #6 type.registry] 
New type java.util.Vector<java.lang.Object>

[2024-03-04 00:08:52 #7 type.registry] 
New type java.util.Vector<domain.Ride>

[2024-03-04 00:08:56 #8 type.registry] 
New type domain.viajero

[2024-03-04 00:08:56 #9 type] 
Type domain.viajero is not enhanced.

------------------------------------------------------------------------------------------------------------------------

[2024-03-04 00:10:19 #1 store] 
Database 'C:\Users\user\Desktop\Eclisple Proyectos\Rides24\src\main\resources\rides.temp' is opened by 19892@LAPTOP-C5O8HU11

[2024-03-04 00:10:19 #2 type.registry] 
New type domain.Driver

[2024-03-04 00:10:19 #3 type] 
Type domain.Driver is not enhanced.

[2024-03-04 00:10:19 #4 type.registry] 
New type domain.Ride

[2024-03-04 00:10:19 #5 type] 
Type domain.Ride is not enhanced.

[2024-03-04 00:10:19 #6 type.registry] 
New type java.util.Vector<java.lang.Object>

[2024-03-04 00:10:19 #7 type.registry] 
New type java.util.Vector<domain.Ride>

[2024-03-04 00:10:26 #8 type.registry] 
New type domain.viajero

[2024-03-04 00:10:26 #9 type] 
Type domain.viajero is not enhanced.

------------------------------------------------------------------------------------------------------------------------

[2024-03-04 00:11:41 #1 store] 
Database 'C:\Users\user\Desktop\Eclisple Proyectos\Rides24\src\main\resources\rides.temp' is opened by 25152@LAPTOP-C5O8HU11

[2024-03-04 00:11:41 #2 type.registry] 
New type domain.Driver

[2024-03-04 00:11:41 #3 type] 
Type domain.Driver is not enhanced.

[2024-03-04 00:11:41 #4 type.registry] 
New type domain.Ride

[2024-03-04 00:11:41 #5 type] 
Type domain.Ride is not enhanced.

[2024-03-04 00:11:41 #6 type.registry] 
New type java.util.Vector<java.lang.Object>

[2024-03-04 00:11:41 #7 type.registry] 
New type java.util.Vector<domain.Ride>

[2024-03-04 00:11:45 #8 type.registry] 
New type domain.viajero

[2024-03-04 00:11:45 #9 type] 
Type domain.viajero is not enhanced.

------------------------------------------------------------------------------------------------------------------------

[2024-03-04 19:40:05 #1 store] 
Database 'C:\Users\user\Desktop\Eclisple Proyectos\Rides24\src\main\resources\rides.temp' is opened by 17024@LAPTOP-C5O8HU11

[2024-03-04 19:40:05 #2 type.registry] 
New type domain.Driver

[2024-03-04 19:40:05 #3 type] 
Type domain.Driver is not enhanced.

[2024-03-04 19:40:05 #4 type.registry] 
New type domain.Ride

[2024-03-04 19:40:05 #5 type] 
Type domain.Ride is not enhanced.

[2024-03-04 19:40:05 #6 type.registry] 
New type java.util.Vector<java.lang.Object>

[2024-03-04 19:40:05 #7 type.registry] 
New type java.util.Vector<domain.Ride>

[2024-03-04 19:40:21 #8 type.registry] 
New type domain.viajero

[2024-03-04 19:40:21 #9 type] 
Type domain.viajero is not enhanced.

------------------------------------------------------------------------------------------------------------------------

[2024-03-04 19:42:28 #1 store] 
Database 'C:\Users\user\Desktop\Eclisple Proyectos\Rides24\src\main\resources\rides.temp' is opened by 21020@LAPTOP-C5O8HU11

[2024-03-04 19:42:29 #2 type.registry] 
New type domain.Driver

[2024-03-04 19:42:29 #3 type] 
Type domain.Driver is not enhanced.

[2024-03-04 19:42:29 #4 type.registry] 
New type domain.Ride

[2024-03-04 19:42:29 #5 type] 
Type domain.Ride is not enhanced.

[2024-03-04 19:42:29 #6 type.registry] 
New type java.util.Vector<java.lang.Object>

[2024-03-04 19:42:29 #7 type.registry] 
New type java.util.Vector<domain.Ride>

[2024-03-04 19:42:35 #8 type.registry] 
New type domain.viajero

[2024-03-04 19:42:35 #9 type] 
Type domain.viajero is not enhanced.

------------------------------------------------------------------------------------------------------------------------

[2024-03-04 19:45:46 #1 store] 
Database 'C:\Users\user\Desktop\Eclisple Proyectos\Rides24\src\main\resources\rides.temp' is opened by 4192@LAPTOP-C5O8HU11

[2024-03-04 19:45:46 #2 type.registry] 
New type domain.Driver

[2024-03-04 19:45:46 #3 type] 
Type domain.Driver is not enhanced.

[2024-03-04 19:45:46 #4 type.registry] 
New type domain.Ride

[2024-03-04 19:45:46 #5 type] 
Type domain.Ride is not enhanced.

[2024-03-04 19:45:46 #6 type.registry] 
New type java.util.Vector<java.lang.Object>

[2024-03-04 19:45:46 #7 type.registry] 
New type java.util.Vector<domain.Ride>

[2024-03-04 19:45:49 #8 type.registry] 
New type domain.viajero

[2024-03-04 19:45:49 #9 type] 
Type domain.viajero is not enhanced.

------------------------------------------------------------------------------------------------------------------------

[2024-03-04 19:51:33 #1 store] 
Database 'C:\Users\user\Desktop\Eclisple Proyectos\Rides24\src\main\resources\rides.temp' is opened by 22284@LAPTOP-C5O8HU11

[2024-03-04 19:51:33 #2 type.registry] 
New type domain.Driver

[2024-03-04 19:51:33 #3 type] 
Type domain.Driver is not enhanced.

[2024-03-04 19:51:33 #4 type.registry] 
New type domain.Ride

[2024-03-04 19:51:33 #5 type] 
Type domain.Ride is not enhanced.

[2024-03-04 19:51:33 #6 type.registry] 
New type java.util.Vector<java.lang.Object>

[2024-03-04 19:51:33 #7 type.registry] 
New type java.util.Vector<domain.Ride>

[2024-03-04 19:51:37 #8 type.registry] 
New type domain.viajero

[2024-03-04 19:51:37 #9 type] 
Type domain.viajero is not enhanced.

------------------------------------------------------------------------------------------------------------------------

[2024-03-04 19:54:42 #1 store] 
Database 'C:\Users\user\Desktop\Eclisple Proyectos\Rides24\src\main\resources\rides.temp' is opened by 19792@LAPTOP-C5O8HU11

[2024-03-04 19:54:42 #2 type.registry] 
New type domain.Driver

[2024-03-04 19:54:42 #3 type] 
Type domain.Driver is not enhanced.

[2024-03-04 19:54:42 #4 type.registry] 
New type domain.Ride

[2024-03-04 19:54:42 #5 type] 
Type domain.Ride is not enhanced.

[2024-03-04 19:54:42 #6 type.registry] 
New type java.util.Vector<java.lang.Object>

[2024-03-04 19:54:42 #7 type.registry] 
New type java.util.Vector<domain.Ride>

[2024-03-04 19:54:48 #8 type.registry] 
New type domain.viajero

[2024-03-04 19:54:48 #9 type] 
Type domain.viajero is not enhanced.

------------------------------------------------------------------------------------------------------------------------

[2024-03-04 19:58:36 #1 store] 
Database 'C:\Users\user\Desktop\Eclisple Proyectos\Rides24\src\main\resources\rides.temp' is opened by 20980@LAPTOP-C5O8HU11

[2024-03-04 19:58:36 #2 type.registry] 
New type domain.Driver

[2024-03-04 19:58:36 #3 type] 
Type domain.Driver is not enhanced.

[2024-03-04 19:58:36 #4 type.registry] 
New type domain.Ride

[2024-03-04 19:58:36 #5 type] 
Type domain.Ride is not enhanced.

[2024-03-04 19:58:36 #6 type.registry] 
New type java.util.Vector<java.lang.Object>

[2024-03-04 19:58:36 #7 type.registry] 
New type java.util.Vector<domain.Ride>

[2024-03-04 19:58:44 #8 type.registry] 
New type domain.viajero

[2024-03-04 19:58:44 #9 type] 
Type domain.viajero is not enhanced.

------------------------------------------------------------------------------------------------------------------------

[2024-03-04 20:01:26 #1 store] 
Database 'C:\Users\user\Desktop\Eclisple Proyectos\Rides24\src\main\resources\rides.temp' is opened by 27228@LAPTOP-C5O8HU11

[2024-03-04 20:01:26 #2 type.registry] 
New type domain.Driver

[2024-03-04 20:01:26 #3 type] 
Type domain.Driver is not enhanced.

[2024-03-04 20:01:26 #4 type.registry] 
New type domain.Ride

[2024-03-04 20:01:26 #5 type] 
Type domain.Ride is not enhanced.

[2024-03-04 20:01:26 #6 type.registry] 
New type java.util.Vector<java.lang.Object>

[2024-03-04 20:01:26 #7 type.registry] 
New type java.util.Vector<domain.Ride>

[2024-03-04 20:01:30 #8 type.registry] 
New type domain.viajero

[2024-03-04 20:01:30 #9 type] 
Type domain.viajero is not enhanced.

------------------------------------------------------------------------------------------------------------------------

[2024-03-04 20:03:45 #1 store] 
Database 'C:\Users\user\Desktop\Eclisple Proyectos\Rides24\src\main\resources\rides.temp' is opened by 27396@LAPTOP-C5O8HU11

[2024-03-04 20:03:45 #2 type.registry] 
New type domain.Driver

[2024-03-04 20:03:45 #3 type] 
Type domain.Driver is not enhanced.

[2024-03-04 20:03:45 #4 type.registry] 
New type domain.Ride

[2024-03-04 20:03:45 #5 type] 
Type domain.Ride is not enhanced.

[2024-03-04 20:03:45 #6 type.registry] 
New type java.util.Vector<java.lang.Object>

[2024-03-04 20:03:45 #7 type.registry] 
New type java.util.Vector<domain.Ride>

------------------------------------------------------------------------------------------------------------------------

[2024-03-04 20:03:54 #1 store] 
Database 'C:\Users\user\Desktop\Eclisple Proyectos\Rides24\src\main\resources\rides.temp' is opened by 26900@LAPTOP-C5O8HU11

[2024-03-04 20:03:54 #2 type.registry] 
New type domain.Driver

[2024-03-04 20:03:54 #3 type] 
Type domain.Driver is not enhanced.

[2024-03-04 20:03:55 #4 type.registry] 
New type domain.Ride

[2024-03-04 20:03:55 #5 type] 
Type domain.Ride is not enhanced.

[2024-03-04 20:03:55 #6 type.registry] 
New type java.util.Vector<java.lang.Object>

[2024-03-04 20:03:55 #7 type.registry] 
New type java.util.Vector<domain.Ride>

[2024-03-04 20:03:58 #8 type.registry] 
New type domain.viajero

[2024-03-04 20:03:58 #9 type] 
Type domain.viajero is not enhanced.

------------------------------------------------------------------------------------------------------------------------

[2024-03-04 20:04:14 #1 store] 
Database 'C:\Users\user\Desktop\Eclisple Proyectos\Rides24\src\main\resources\rides.temp' is opened by 19536@LAPTOP-C5O8HU11

[2024-03-04 20:04:14 #2 type.registry] 
New type domain.Driver

[2024-03-04 20:04:14 #3 type] 
Type domain.Driver is not enhanced.

[2024-03-04 20:04:14 #4 type.registry] 
New type domain.Ride

[2024-03-04 20:04:14 #5 type] 
Type domain.Ride is not enhanced.

[2024-03-04 20:04:14 #6 type.registry] 
New type java.util.Vector<java.lang.Object>

[2024-03-04 20:04:14 #7 type.registry] 
New type java.util.Vector<domain.Ride>

[2024-03-04 20:04:17 #8 type.registry] 
New type domain.viajero

[2024-03-04 20:04:17 #9 type] 
Type domain.viajero is not enhanced.

------------------------------------------------------------------------------------------------------------------------

[2024-03-04 20:20:25 #1 store] 
Database 'C:\Users\user\Desktop\Eclisple Proyectos\Rides24\src\main\resources\rides.temp' is opened by 17540@LAPTOP-C5O8HU11

[2024-03-04 20:20:25 #2 type.registry] 
New type domain.Driver

[2024-03-04 20:20:25 #3 type] 
Type domain.Driver is not enhanced.

[2024-03-04 20:20:25 #4 type.registry] 
New type domain.Ride

[2024-03-04 20:20:25 #5 type] 
Type domain.Ride is not enhanced.

[2024-03-04 20:20:25 #6 type.registry] 
New type java.util.Vector<java.lang.Object>

[2024-03-04 20:20:25 #7 type.registry] 
New type java.util.Vector<domain.Ride>

------------------------------------------------------------------------------------------------------------------------

[2024-03-04 20:24:14 #1 store] 
Database 'C:\Users\user\Desktop\Eclisple Proyectos\Rides24\src\main\resources\rides.temp' is opened by 12420@LAPTOP-C5O8HU11

[2024-03-04 20:24:14 #2 type.registry] 
New type domain.Driver

[2024-03-04 20:24:14 #3 type] 
Type domain.Driver is not enhanced.

[2024-03-04 20:24:14 #4 type.registry] 
New type domain.Ride

[2024-03-04 20:24:14 #5 type] 
Type domain.Ride is not enhanced.

[2024-03-04 20:24:14 #6 type.registry] 
New type java.util.Vector<java.lang.Object>

[2024-03-04 20:24:14 #7 type.registry] 
New type java.util.Vector<domain.Ride>

[2024-03-04 20:24:18 #8 type.registry] 
New type domain.viajero

[2024-03-04 20:24:18 #9 type] 
Type domain.viajero is not enhanced.

------------------------------------------------------------------------------------------------------------------------

[2024-03-04 20:27:53 #1 store] 
Database 'C:\Users\user\Desktop\Eclisple Proyectos\Rides24\src\main\resources\rides.temp' is opened by 13408@LAPTOP-C5O8HU11

[2024-03-04 20:27:53 #2 type.registry] 
New type domain.Driver

[2024-03-04 20:27:53 #3 type] 
Type domain.Driver is not enhanced.

[2024-03-04 20:27:53 #4 type.registry] 
New type domain.Ride

[2024-03-04 20:27:53 #5 type] 
Type domain.Ride is not enhanced.

[2024-03-04 20:27:53 #6 type.registry] 
New type java.util.Vector<java.lang.Object>

[2024-03-04 20:27:53 #7 type.registry] 
New type java.util.Vector<domain.Ride>

[2024-03-04 20:27:57 #8 type.registry] 
New type domain.viajero

[2024-03-04 20:27:57 #9 type] 
Type domain.viajero is not enhanced.

------------------------------------------------------------------------------------------------------------------------

[2024-03-04 20:30:56 #1 store] 
Database 'C:\Users\user\Desktop\Eclisple Proyectos\Rides24\src\main\resources\rides.temp' is opened by 23308@LAPTOP-C5O8HU11

[2024-03-04 20:30:56 #2 type.registry] 
New type domain.Driver

[2024-03-04 20:30:56 #3 type] 
Type domain.Driver is not enhanced.

[2024-03-04 20:30:56 #4 type.registry] 
New type domain.Ride

[2024-03-04 20:30:56 #5 type] 
Type domain.Ride is not enhanced.

[2024-03-04 20:30:56 #6 type.registry] 
New type java.util.Vector<java.lang.Object>

[2024-03-04 20:30:56 #7 type.registry] 
New type java.util.Vector<domain.Ride>

[2024-03-04 20:31:00 #8 type.registry] 
New type domain.viajero

[2024-03-04 20:31:00 #9 type] 
Type domain.viajero is not enhanced.

------------------------------------------------------------------------------------------------------------------------

[2024-03-04 20:35:52 #1 store] 
Database 'C:\Users\user\Desktop\Eclisple Proyectos\Rides24\src\main\resources\rides.temp' is opened by 22512@LAPTOP-C5O8HU11

[2024-03-04 20:35:52 #2 type.registry] 
New type domain.Driver

[2024-03-04 20:35:52 #3 type] 
Type domain.Driver is not enhanced.

[2024-03-04 20:35:52 #4 type.registry] 
New type domain.Ride

[2024-03-04 20:35:52 #5 type] 
Type domain.Ride is not enhanced.

[2024-03-04 20:35:52 #6 type.registry] 
New type java.util.Vector<java.lang.Object>

[2024-03-04 20:35:52 #7 type.registry] 
New type java.util.Vector<domain.Ride>

[2024-03-04 20:35:58 #8 type.registry] 
New type domain.viajero

[2024-03-04 20:35:58 #9 type] 
Type domain.viajero is not enhanced.

------------------------------------------------------------------------------------------------------------------------

[2024-03-04 20:37:32 #1 store] 
Database 'C:\Users\user\Desktop\Eclisple Proyectos\Rides24\src\main\resources\rides.temp' is opened by 14608@LAPTOP-C5O8HU11

[2024-03-04 20:37:32 #2 type.registry] 
New type domain.Driver

[2024-03-04 20:37:32 #3 type] 
Type domain.Driver is not enhanced.

[2024-03-04 20:37:32 #4 type.registry] 
New type domain.Ride

[2024-03-04 20:37:32 #5 type] 
Type domain.Ride is not enhanced.

[2024-03-04 20:37:32 #6 type.registry] 
New type java.util.Vector<java.lang.Object>

[2024-03-04 20:37:32 #7 type.registry] 
New type java.util.Vector<domain.Ride>

[2024-03-04 20:37:35 #8 type.registry] 
New type domain.viajero

[2024-03-04 20:37:35 #9 type] 
Type domain.viajero is not enhanced.

------------------------------------------------------------------------------------------------------------------------

[2024-03-04 20:40:30 #1 store] 
Database 'C:\Users\user\Desktop\Eclisple Proyectos\Rides24\src\main\resources\rides.temp' is opened by 12856@LAPTOP-C5O8HU11

[2024-03-04 20:40:30 #2 type.registry] 
New type domain.Driver

[2024-03-04 20:40:30 #3 type] 
Type domain.Driver is not enhanced.

[2024-03-04 20:40:30 #4 type.registry] 
New type domain.Ride

[2024-03-04 20:40:30 #5 type] 
Type domain.Ride is not enhanced.

[2024-03-04 20:40:30 #6 type.registry] 
New type java.util.Vector<java.lang.Object>

[2024-03-04 20:40:30 #7 type.registry] 
New type java.util.Vector<domain.Ride>

[2024-03-04 20:40:33 #8 type.registry] 
New type domain.viajero

[2024-03-04 20:40:33 #9 type] 
Type domain.viajero is not enhanced.

------------------------------------------------------------------------------------------------------------------------

[2024-03-04 20:43:41 #1 store] 
Database 'C:\Users\user\Desktop\Eclisple Proyectos\Rides24\src\main\resources\rides.temp' is opened by 21676@LAPTOP-C5O8HU11

[2024-03-04 20:43:41 #2 type.registry] 
New type domain.Driver

[2024-03-04 20:43:41 #3 type] 
Type domain.Driver is not enhanced.

[2024-03-04 20:43:41 #4 type.registry] 
New type domain.Ride

[2024-03-04 20:43:41 #5 type] 
Type domain.Ride is not enhanced.

[2024-03-04 20:43:41 #6 type.registry] 
New type java.util.Vector<java.lang.Object>

[2024-03-04 20:43:41 #7 type.registry] 
New type java.util.Vector<domain.Ride>

------------------------------------------------------------------------------------------------------------------------

[2024-03-04 20:46:24 #1 store] 
Database 'C:\Users\user\Desktop\Eclisple Proyectos\Rides24\src\main\resources\rides.temp' is opened by 18364@LAPTOP-C5O8HU11

[2024-03-04 20:46:24 #2 type.registry] 
New type domain.Driver

[2024-03-04 20:46:24 #3 type] 
Type domain.Driver is not enhanced.

[2024-03-04 20:46:24 #4 type.registry] 
New type domain.Ride

[2024-03-04 20:46:24 #5 type] 
Type domain.Ride is not enhanced.

[2024-03-04 20:46:24 #6 type.registry] 
New type java.util.Vector<java.lang.Object>

[2024-03-04 20:46:24 #7 type.registry] 
New type java.util.Vector<domain.Ride>

[2024-03-04 20:46:27 #8 type.registry] 
New type domain.viajero

[2024-03-04 20:46:27 #9 type] 
Type domain.viajero is not enhanced.

------------------------------------------------------------------------------------------------------------------------

[2024-03-04 20:48:03 #1 store] 
Database 'C:\Users\user\Desktop\Eclisple Proyectos\Rides24\src\main\resources\rides.temp' is opened by 24480@LAPTOP-C5O8HU11

[2024-03-04 20:48:03 #2 type.registry] 
New type domain.Driver

[2024-03-04 20:48:03 #3 type] 
Type domain.Driver is not enhanced.

[2024-03-04 20:48:03 #4 type.registry] 
New type domain.Ride

[2024-03-04 20:48:03 #5 type] 
Type domain.Ride is not enhanced.

[2024-03-04 20:48:03 #6 type.registry] 
New type java.util.Vector<java.lang.Object>

[2024-03-04 20:48:03 #7 type.registry] 
New type java.util.Vector<domain.Ride>

[2024-03-04 20:48:07 #8 type.registry] 
New type domain.viajero

[2024-03-04 20:48:07 #9 type] 
Type domain.viajero is not enhanced.

------------------------------------------------------------------------------------------------------------------------

[2024-03-04 20:53:33 #1 store] 
Database 'C:\Users\user\Desktop\Eclisple Proyectos\Rides24\src\main\resources\rides.temp' is opened by 9968@LAPTOP-C5O8HU11

[2024-03-04 20:53:33 #2 type.registry] 
New type domain.Driver

[2024-03-04 20:53:33 #3 type] 
Type domain.Driver is not enhanced.

[2024-03-04 20:53:33 #4 type.registry] 
New type domain.Ride

[2024-03-04 20:53:33 #5 type] 
Type domain.Ride is not enhanced.

[2024-03-04 20:53:33 #6 type.registry] 
New type java.util.Vector<java.lang.Object>

[2024-03-04 20:53:33 #7 type.registry] 
New type java.util.Vector<domain.Ride>

------------------------------------------------------------------------------------------------------------------------

[2024-03-04 20:59:15 #1 store] 
Database 'C:\Users\user\Desktop\Eclisple Proyectos\Rides24\src\main\resources\rides.temp' is opened by 4788@LAPTOP-C5O8HU11

[2024-03-04 20:59:15 #2 type.registry] 
New type domain.Driver

[2024-03-04 20:59:15 #3 type] 
Type domain.Driver is not enhanced.

[2024-03-04 20:59:15 #4 type.registry] 
New type domain.Ride

[2024-03-04 20:59:15 #5 type] 
Type domain.Ride is not enhanced.

[2024-03-04 20:59:15 #6 type.registry] 
New type java.util.Vector<java.lang.Object>

[2024-03-04 20:59:15 #7 type.registry] 
New type java.util.Vector<domain.Ride>

[2024-03-04 20:59:19 #8 type.registry] 
New type domain.viajero

[2024-03-04 20:59:19 #9 type] 
Type domain.viajero is not enhanced.

------------------------------------------------------------------------------------------------------------------------

[2024-03-04 21:01:43 #1 store] 
Database 'C:\Users\user\Desktop\Eclisple Proyectos\Rides24\src\main\resources\rides.temp' is opened by 15108@LAPTOP-C5O8HU11

[2024-03-04 21:01:43 #2 type.registry] 
New type domain.Driver

[2024-03-04 21:01:43 #3 type] 
Type domain.Driver is not enhanced.

[2024-03-04 21:01:43 #4 type.registry] 
New type domain.Ride

[2024-03-04 21:01:43 #5 type] 
Type domain.Ride is not enhanced.

[2024-03-04 21:01:43 #6 type.registry] 
New type java.util.Vector<java.lang.Object>

[2024-03-04 21:01:43 #7 type.registry] 
New type java.util.Vector<domain.Ride>

[2024-03-04 21:01:48 #8 type.registry] 
New type domain.viajero

[2024-03-04 21:01:48 #9 type] 
Type domain.viajero is not enhanced.

------------------------------------------------------------------------------------------------------------------------

[2024-03-04 21:06:39 #1 store] 
Database 'C:\Users\user\Desktop\Eclisple Proyectos\Rides24\src\main\resources\rides.temp' is opened by 17776@LAPTOP-C5O8HU11

[2024-03-04 21:06:39 #2 type.registry] 
New type domain.Driver

[2024-03-04 21:06:39 #3 type] 
Type domain.Driver is not enhanced.

[2024-03-04 21:06:39 #4 type.registry] 
New type domain.Ride

[2024-03-04 21:06:39 #5 type] 
Type domain.Ride is not enhanced.

[2024-03-04 21:06:39 #6 type.registry] 
New type java.util.Vector<java.lang.Object>

[2024-03-04 21:06:39 #7 type.registry] 
New type java.util.Vector<domain.Ride>

[2024-03-04 21:06:43 #8 type.registry] 
New type domain.viajero

[2024-03-04 21:06:43 #9 type] 
Type domain.viajero is not enhanced.

------------------------------------------------------------------------------------------------------------------------

[2024-03-04 21:08:48 #1 store] 
Database 'C:\Users\user\Desktop\Eclisple Proyectos\Rides24\src\main\resources\rides.temp' is opened by 20320@LAPTOP-C5O8HU11

[2024-03-04 21:08:48 #2 type.registry] 
New type domain.Driver

[2024-03-04 21:08:48 #3 type] 
Type domain.Driver is not enhanced.

[2024-03-04 21:08:48 #4 type.registry] 
New type domain.Ride

[2024-03-04 21:08:48 #5 type] 
Type domain.Ride is not enhanced.

[2024-03-04 21:08:48 #6 type.registry] 
New type java.util.Vector<java.lang.Object>

[2024-03-04 21:08:48 #7 type.registry] 
New type java.util.Vector<domain.Ride>

[2024-03-04 21:08:52 #8 type.registry] 
New type domain.viajero

[2024-03-04 21:08:52 #9 type] 
Type domain.viajero is not enhanced.

------------------------------------------------------------------------------------------------------------------------

[2024-03-04 21:15:12 #1 store] 
Database 'C:\Users\user\Desktop\Eclisple Proyectos\Rides24\src\main\resources\rides.temp' is opened by 628@LAPTOP-C5O8HU11

[2024-03-04 21:15:13 #2 type.registry] 
New type domain.Driver

[2024-03-04 21:15:13 #3 type] 
Type domain.Driver is not enhanced.

[2024-03-04 21:15:13 #4 type.registry] 
New type domain.Ride

[2024-03-04 21:15:13 #5 type] 
Type domain.Ride is not enhanced.

[2024-03-04 21:15:13 #6 type.registry] 
New type java.util.Vector<java.lang.Object>

[2024-03-04 21:15:13 #7 type.registry] 
New type java.util.Vector<domain.Ride>

[2024-03-04 21:15:20 #8 type.registry] 
New type domain.viajero

[2024-03-04 21:15:20 #9 type] 
Type domain.viajero is not enhanced.

------------------------------------------------------------------------------------------------------------------------

[2024-03-04 21:44:37 #1 store] 
Database 'C:\Users\user\Desktop\Eclisple Proyectos\Rides24\src\main\resources\rides.temp' is opened by 17756@LAPTOP-C5O8HU11

[2024-03-04 21:44:37 #2 type.registry] 
New type domain.Driver

[2024-03-04 21:44:37 #3 type] 
Type domain.Driver is not enhanced.

[2024-03-04 21:44:37 #4 type.registry] 
New type domain.Ride

[2024-03-04 21:44:37 #5 type] 
Type domain.Ride is not enhanced.

[2024-03-04 21:44:37 #6 type.registry] 
New type java.util.Vector<java.lang.Object>

[2024-03-04 21:44:37 #7 type.registry] 
New type java.util.Vector<domain.Ride>

[2024-03-04 21:44:40 #8 type.registry] 
New type domain.viajero

[2024-03-04 21:44:40 #9 type] 
Type domain.viajero is not enhanced.

------------------------------------------------------------------------------------------------------------------------

[2024-03-04 21:45:24 #1 store] 
Database 'C:\Users\user\Desktop\Eclisple Proyectos\Rides24\src\main\resources\rides.temp' is opened by 27516@LAPTOP-C5O8HU11

[2024-03-04 21:45:24 #2 type.registry] 
New type domain.Driver

[2024-03-04 21:45:24 #3 type] 
Type domain.Driver is not enhanced.

[2024-03-04 21:45:24 #4 type.registry] 
New type domain.Ride

[2024-03-04 21:45:24 #5 type] 
Type domain.Ride is not enhanced.

[2024-03-04 21:45:24 #6 type.registry] 
New type java.util.Vector<java.lang.Object>

[2024-03-04 21:45:24 #7 type.registry] 
New type java.util.Vector<domain.Ride>

[2024-03-04 21:45:30 #8 type.registry] 
New type domain.viajero

[2024-03-04 21:45:30 #9 type] 
Type domain.viajero is not enhanced.

------------------------------------------------------------------------------------------------------------------------

[2024-03-04 21:48:22 #1 store] 
Database 'C:\Users\user\Desktop\Eclisple Proyectos\Rides24\src\main\resources\rides.temp' is opened by 18380@LAPTOP-C5O8HU11

[2024-03-04 21:48:23 #2 type.registry] 
New type domain.Driver

[2024-03-04 21:48:23 #3 type] 
Type domain.Driver is not enhanced.

[2024-03-04 21:48:23 #4 type.registry] 
New type domain.Ride

[2024-03-04 21:48:23 #5 type] 
Type domain.Ride is not enhanced.

[2024-03-04 21:48:23 #6 type.registry] 
New type java.util.Vector<java.lang.Object>

[2024-03-04 21:48:23 #7 type.registry] 
New type java.util.Vector<domain.Ride>

[2024-03-04 21:48:27 #8 type.registry] 
New type domain.viajero

[2024-03-04 21:48:27 #9 type] 
Type domain.viajero is not enhanced.

------------------------------------------------------------------------------------------------------------------------

[2024-03-04 21:49:27 #1 store] 
Database 'C:\Users\user\Desktop\Eclisple Proyectos\Rides24\src\main\resources\rides.temp' is opened by 24400@LAPTOP-C5O8HU11

[2024-03-04 21:49:28 #2 type.registry] 
New type domain.Driver

[2024-03-04 21:49:28 #3 type] 
Type domain.Driver is not enhanced.

[2024-03-04 21:49:28 #4 type.registry] 
New type domain.Ride

[2024-03-04 21:49:28 #5 type] 
Type domain.Ride is not enhanced.

[2024-03-04 21:49:28 #6 type.registry] 
New type java.util.Vector<java.lang.Object>

[2024-03-04 21:49:28 #7 type.registry] 
New type java.util.Vector<domain.Ride>

[2024-03-04 21:49:31 #8 type.registry] 
New type domain.viajero

[2024-03-04 21:49:31 #9 type] 
Type domain.viajero is not enhanced.

------------------------------------------------------------------------------------------------------------------------

[2024-03-04 21:51:42 #1 store] 
Database 'C:\Users\user\Desktop\Eclisple Proyectos\Rides24\src\main\resources\rides.temp' is opened by 5856@LAPTOP-C5O8HU11

[2024-03-04 21:51:42 #2 type.registry] 
New type domain.Driver

[2024-03-04 21:51:42 #3 type] 
Type domain.Driver is not enhanced.

[2024-03-04 21:51:42 #4 type.registry] 
New type domain.Ride

[2024-03-04 21:51:42 #5 type] 
Type domain.Ride is not enhanced.

[2024-03-04 21:51:42 #6 type.registry] 
New type java.util.Vector<java.lang.Object>

[2024-03-04 21:51:42 #7 type.registry] 
New type java.util.Vector<domain.Ride>

[2024-03-04 21:51:51 #8 type.registry] 
New type domain.viajero

[2024-03-04 21:51:51 #9 type] 
Type domain.viajero is not enhanced.

------------------------------------------------------------------------------------------------------------------------

[2024-03-04 21:52:33 #1 store] 
Database 'C:\Users\user\Desktop\Eclisple Proyectos\Rides24\src\main\resources\rides.temp' is opened by 17264@LAPTOP-C5O8HU11

[2024-03-04 21:52:33 #2 type.registry] 
New type domain.Driver

[2024-03-04 21:52:33 #3 type] 
Type domain.Driver is not enhanced.

[2024-03-04 21:52:33 #4 type.registry] 
New type domain.Ride

[2024-03-04 21:52:33 #5 type] 
Type domain.Ride is not enhanced.

[2024-03-04 21:52:33 #6 type.registry] 
New type java.util.Vector<java.lang.Object>

[2024-03-04 21:52:33 #7 type.registry] 
New type java.util.Vector<domain.Ride>

[2024-03-04 21:52:36 #8 type.registry] 
New type domain.viajero

[2024-03-04 21:52:36 #9 type] 
Type domain.viajero is not enhanced.

------------------------------------------------------------------------------------------------------------------------

[2024-03-04 21:56:48 #1 store] 
Database 'C:\Users\user\Desktop\Eclisple Proyectos\Rides24\src\main\resources\rides.temp' is opened by 21700@LAPTOP-C5O8HU11

[2024-03-04 21:56:49 #2 type.registry] 
New type domain.Driver

[2024-03-04 21:56:49 #3 type] 
Type domain.Driver is not enhanced.

[2024-03-04 21:56:49 #4 type.registry] 
New type domain.Ride

[2024-03-04 21:56:49 #5 type] 
Type domain.Ride is not enhanced.

[2024-03-04 21:56:49 #6 type.registry] 
New type java.util.Vector<java.lang.Object>

[2024-03-04 21:56:49 #7 type.registry] 
New type java.util.Vector<domain.Ride>

[2024-03-04 21:56:52 #8 type.registry] 
New type domain.viajero

[2024-03-04 21:56:52 #9 type] 
Type domain.viajero is not enhanced.

------------------------------------------------------------------------------------------------------------------------

[2024-03-04 21:59:06 #1 store] 
Database 'C:\Users\user\Desktop\Eclisple Proyectos\Rides24\src\main\resources\rides.temp' is opened by 9604@LAPTOP-C5O8HU11

[2024-03-04 21:59:07 #2 type.registry] 
New type domain.Driver

[2024-03-04 21:59:07 #3 type] 
Type domain.Driver is not enhanced.

[2024-03-04 21:59:07 #4 type.registry] 
New type domain.Ride

[2024-03-04 21:59:07 #5 type] 
Type domain.Ride is not enhanced.

[2024-03-04 21:59:07 #6 type.registry] 
New type java.util.Vector<java.lang.Object>

[2024-03-04 21:59:07 #7 type.registry] 
New type java.util.Vector<domain.Ride>

[2024-03-04 21:59:10 #8 type.registry] 
New type domain.viajero

[2024-03-04 21:59:10 #9 type] 
Type domain.viajero is not enhanced.

------------------------------------------------------------------------------------------------------------------------

[2024-03-04 21:59:48 #1 store] 
Database 'C:\Users\user\Desktop\Eclisple Proyectos\Rides24\src\main\resources\rides.temp' is opened by 23676@LAPTOP-C5O8HU11

[2024-03-04 21:59:48 #2 type.registry] 
New type domain.Driver

[2024-03-04 21:59:48 #3 type] 
Type domain.Driver is not enhanced.

[2024-03-04 21:59:48 #4 type.registry] 
New type domain.Ride

[2024-03-04 21:59:48 #5 type] 
Type domain.Ride is not enhanced.

[2024-03-04 21:59:48 #6 type.registry] 
New type java.util.Vector<java.lang.Object>

[2024-03-04 21:59:48 #7 type.registry] 
New type java.util.Vector<domain.Ride>

[2024-03-04 21:59:50 #8 type.registry] 
New type domain.viajero

[2024-03-04 21:59:50 #9 type] 
Type domain.viajero is not enhanced.

------------------------------------------------------------------------------------------------------------------------

[2024-03-04 22:01:31 #1 store] 
Database 'C:\Users\user\Desktop\Eclisple Proyectos\Rides24\src\main\resources\rides.temp' is opened by 1504@LAPTOP-C5O8HU11

[2024-03-04 22:01:31 #2 type.registry] 
New type domain.Driver

[2024-03-04 22:01:31 #3 type] 
Type domain.Driver is not enhanced.

[2024-03-04 22:01:31 #4 type.registry] 
New type domain.Ride

[2024-03-04 22:01:31 #5 type] 
Type domain.Ride is not enhanced.

[2024-03-04 22:01:31 #6 type.registry] 
New type java.util.Vector<java.lang.Object>

[2024-03-04 22:01:31 #7 type.registry] 
New type java.util.Vector<domain.Ride>

[2024-03-04 22:01:34 #8 type.registry] 
New type domain.viajero

[2024-03-04 22:01:34 #9 type] 
Type domain.viajero is not enhanced.

------------------------------------------------------------------------------------------------------------------------

[2024-03-04 22:06:45 #1 store] 
Database 'C:\Users\user\Desktop\Eclisple Proyectos\Rides24\src\main\resources\rides.temp' is opened by 17492@LAPTOP-C5O8HU11

[2024-03-04 22:06:46 #2 type.registry] 
New type domain.Driver

[2024-03-04 22:06:46 #3 type] 
Type domain.Driver is not enhanced.

[2024-03-04 22:06:46 #4 type.registry] 
New type domain.Ride

[2024-03-04 22:06:46 #5 type] 
Type domain.Ride is not enhanced.

[2024-03-04 22:06:46 #6 type.registry] 
New type java.util.Vector<java.lang.Object>

[2024-03-04 22:06:46 #7 type.registry] 
New type java.util.Vector<domain.Ride>

[2024-03-04 22:06:49 #8 type.registry] 
New type domain.viajero

[2024-03-04 22:06:49 #9 type] 
Type domain.viajero is not enhanced.

------------------------------------------------------------------------------------------------------------------------

[2024-03-04 22:09:07 #1 store] 
Database 'C:\Users\user\Desktop\Eclisple Proyectos\Rides24\src\main\resources\rides.temp' is opened by 17244@LAPTOP-C5O8HU11

[2024-03-04 22:09:07 #2 type.registry] 
New type domain.Driver

[2024-03-04 22:09:07 #3 type] 
Type domain.Driver is not enhanced.

[2024-03-04 22:09:07 #4 type.registry] 
New type domain.Ride

[2024-03-04 22:09:07 #5 type] 
Type domain.Ride is not enhanced.

[2024-03-04 22:09:07 #6 type.registry] 
New type java.util.Vector<java.lang.Object>

[2024-03-04 22:09:07 #7 type.registry] 
New type java.util.Vector<domain.Ride>

[2024-03-04 22:09:10 #8 type.registry] 
New type domain.viajero

[2024-03-04 22:09:10 #9 type] 
Type domain.viajero is not enhanced.

------------------------------------------------------------------------------------------------------------------------

[2024-03-04 22:11:18 #1 store] 
Database 'C:\Users\user\Desktop\Eclisple Proyectos\Rides24\src\main\resources\rides.temp' is opened by 20292@LAPTOP-C5O8HU11

[2024-03-04 22:11:18 #2 type.registry] 
New type domain.Driver

[2024-03-04 22:11:18 #3 type] 
Type domain.Driver is not enhanced.

[2024-03-04 22:11:18 #4 type.registry] 
New type domain.Ride

[2024-03-04 22:11:18 #5 type] 
Type domain.Ride is not enhanced.

[2024-03-04 22:11:18 #6 type.registry] 
New type java.util.Vector<java.lang.Object>

[2024-03-04 22:11:18 #7 type.registry] 
New type java.util.Vector<domain.Ride>

[2024-03-04 22:11:22 #8 type.registry] 
New type domain.viajero

[2024-03-04 22:11:22 #9 type] 
Type domain.viajero is not enhanced.

------------------------------------------------------------------------------------------------------------------------

[2024-03-04 22:12:39 #1 store] 
Database 'C:\Users\user\Desktop\Eclisple Proyectos\Rides24\src\main\resources\rides.temp' is opened by 24080@LAPTOP-C5O8HU11

[2024-03-04 22:12:39 #2 type.registry] 
New type domain.Driver

[2024-03-04 22:12:39 #3 type] 
Type domain.Driver is not enhanced.

[2024-03-04 22:12:39 #4 type.registry] 
New type domain.Ride

[2024-03-04 22:12:39 #5 type] 
Type domain.Ride is not enhanced.

[2024-03-04 22:12:39 #6 type.registry] 
New type java.util.Vector<java.lang.Object>

[2024-03-04 22:12:39 #7 type.registry] 
New type java.util.Vector<domain.Ride>

[2024-03-04 22:12:43 #8 type.registry] 
New type domain.viajero

[2024-03-04 22:12:43 #9 type] 
Type domain.viajero is not enhanced.

------------------------------------------------------------------------------------------------------------------------

[2024-03-04 22:13:13 #1 store] 
Database 'C:\Users\user\Desktop\Eclisple Proyectos\Rides24\src\main\resources\rides.temp' is opened by 16744@LAPTOP-C5O8HU11

[2024-03-04 22:13:13 #2 type.registry] 
New type domain.Driver

[2024-03-04 22:13:13 #3 type] 
Type domain.Driver is not enhanced.

[2024-03-04 22:13:13 #4 type.registry] 
New type domain.Ride

[2024-03-04 22:13:13 #5 type] 
Type domain.Ride is not enhanced.

[2024-03-04 22:13:13 #6 type.registry] 
New type java.util.Vector<java.lang.Object>

[2024-03-04 22:13:13 #7 type.registry] 
New type java.util.Vector<domain.Ride>

[2024-03-04 22:13:17 #8 type.registry] 
New type domain.viajero

[2024-03-04 22:13:17 #9 type] 
Type domain.viajero is not enhanced.

------------------------------------------------------------------------------------------------------------------------

[2024-03-04 22:16:48 #1 store] 
Database 'C:\Users\user\Desktop\Eclisple Proyectos\Rides24\src\main\resources\rides.temp' is opened by 4788@LAPTOP-C5O8HU11

[2024-03-04 22:16:48 #2 type.registry] 
New type domain.Driver

[2024-03-04 22:16:48 #3 type] 
Type domain.Driver is not enhanced.

[2024-03-04 22:16:48 #4 type.registry] 
New type domain.Ride

[2024-03-04 22:16:48 #5 type] 
Type domain.Ride is not enhanced.

[2024-03-04 22:16:48 #6 type.registry] 
New type java.util.Vector<java.lang.Object>

[2024-03-04 22:16:48 #7 type.registry] 
New type java.util.Vector<domain.Ride>

[2024-03-04 22:16:52 #8 type.registry] 
New type domain.viajero

[2024-03-04 22:16:52 #9 type] 
Type domain.viajero is not enhanced.

------------------------------------------------------------------------------------------------------------------------

[2024-03-04 22:21:10 #1 store] 
Database 'C:\Users\user\Desktop\Eclisple Proyectos\Rides24\src\main\resources\rides.temp' is opened by 8604@LAPTOP-C5O8HU11

[2024-03-04 22:21:10 #2 type.registry] 
New type domain.Driver

[2024-03-04 22:21:10 #3 type] 
Type domain.Driver is not enhanced.

[2024-03-04 22:21:10 #4 type.registry] 
New type domain.Ride

[2024-03-04 22:21:10 #5 type] 
Type domain.Ride is not enhanced.

[2024-03-04 22:21:10 #6 type.registry] 
New type java.util.Vector<java.lang.Object>

[2024-03-04 22:21:10 #7 type.registry] 
New type java.util.Vector<domain.Ride>

[2024-03-04 22:21:13 #8 type.registry] 
New type domain.viajero

[2024-03-04 22:21:13 #9 type] 
Type domain.viajero is not enhanced.

------------------------------------------------------------------------------------------------------------------------

[2024-03-04 22:24:25 #1 store] 
Database 'C:\Users\user\Desktop\Eclisple Proyectos\Rides24\src\main\resources\rides.temp' is opened by 22136@LAPTOP-C5O8HU11

[2024-03-04 22:24:25 #2 type.registry] 
New type domain.Driver

[2024-03-04 22:24:25 #3 type] 
Type domain.Driver is not enhanced.

[2024-03-04 22:24:25 #4 type.registry] 
New type domain.Ride

[2024-03-04 22:24:25 #5 type] 
Type domain.Ride is not enhanced.

[2024-03-04 22:24:25 #6 type.registry] 
New type java.util.Vector<java.lang.Object>

[2024-03-04 22:24:25 #7 type.registry] 
New type java.util.Vector<domain.Ride>

[2024-03-04 22:24:29 #8 type.registry] 
New type domain.viajero

[2024-03-04 22:24:29 #9 type] 
Type domain.viajero is not enhanced.

