------------------------------------------------------------------------------------------------------------------------

[2024-05-01 16:29:18 #1 store] 
Database 'C:\Users\user\OneDrive - UPV EHU\Escritorio\workspace-2\Rides24\src\main\resources\rides.temp' is opened by 10944@LAPTOP-C5O8HU11

[2024-05-01 16:29:18 #2 type.registry] 
New type domain.user

[2024-05-01 16:29:18 #3 type.registry] 
New type domain.Driver

[2024-05-01 16:29:18 #4 type] 
Type domain.user is not enhanced.

[2024-05-01 16:29:18 #5 type] 
Type domain.Driver is not enhanced.

[2024-05-01 16:29:18 #6 type.registry] 
New type domain.Viajecompuesto

[2024-05-01 16:29:18 #7 type.registry] 
New type java.util.ArrayList<domain.Viajecompuesto>

[2024-05-01 16:29:18 #8 type.registry] 
New type domain.Ride

[2024-05-01 16:29:18 #9 type.registry] 
New type domain.RideSolicitado

[2024-05-01 16:29:18 #10 type] 
Type domain.Viajecompuesto is not enhanced.

[2024-05-01 16:29:18 #11 type.registry] 
New type java.util.LinkedList<domain.Ride>

[2024-05-01 16:29:18 #12 type] 
Type domain.Ride is not enhanced.

[2024-05-01 16:29:18 #13 type] 
Type domain.RideSolicitado is not enhanced.

[2024-05-01 16:29:18 #14 type.registry] 
New type domain.viajero

[2024-05-01 16:29:18 #15 type] 
Type domain.viajero is not enhanced.

[2024-05-01 16:29:18 #16 type.registry] 
New type java.util.Vector<java.lang.Object>

[2024-05-01 16:29:18 #17 type.registry] 
New type java.util.ArrayList<java.lang.Object>

[2024-05-01 16:29:18 #18 type.registry] 
New type java.util.Vector<domain.Ride>

[2024-05-01 16:29:18 #19 type.registry] 
New type java.util.Vector<domain.RideSolicitado>

------------------------------------------------------------------------------------------------------------------------

[2024-05-01 16:32:29 #1 store] 
Database 'C:\Users\user\OneDrive - UPV EHU\Escritorio\workspace-2\Rides24\src\main\resources\rides.temp' is opened by 21916@LAPTOP-C5O8HU11

[2024-05-01 16:32:30 #2 type.registry] 
New type domain.user

[2024-05-01 16:32:30 #3 type.registry] 
New type domain.Driver

[2024-05-01 16:32:30 #4 type] 
Type domain.user is not enhanced.

[2024-05-01 16:32:30 #5 type] 
Type domain.Driver is not enhanced.

[2024-05-01 16:32:30 #6 type.registry] 
New type domain.Viajecompuesto

[2024-05-01 16:32:30 #7 type.registry] 
New type java.util.ArrayList<domain.Viajecompuesto>

[2024-05-01 16:32:30 #8 type.registry] 
New type domain.Ride

[2024-05-01 16:32:30 #9 type.registry] 
New type domain.RideSolicitado

[2024-05-01 16:32:30 #10 type] 
Type domain.Viajecompuesto is not enhanced.

[2024-05-01 16:32:30 #11 type.registry] 
New type java.util.LinkedList<domain.Ride>

[2024-05-01 16:32:30 #12 type] 
Type domain.Ride is not enhanced.

[2024-05-01 16:32:30 #13 type] 
Type domain.RideSolicitado is not enhanced.

[2024-05-01 16:32:30 #14 type.registry] 
New type domain.viajero

[2024-05-01 16:32:30 #15 type] 
Type domain.viajero is not enhanced.

[2024-05-01 16:32:30 #16 type.registry] 
New type java.util.Vector<java.lang.Object>

[2024-05-01 16:32:30 #17 type.registry] 
New type java.util.ArrayList<java.lang.Object>

[2024-05-01 16:32:30 #18 type.registry] 
New type java.util.Vector<domain.Ride>

[2024-05-01 16:32:30 #19 type.registry] 
New type java.util.Vector<domain.RideSolicitado>

------------------------------------------------------------------------------------------------------------------------

[2024-05-01 16:43:30 #1 store] 
Database 'C:\Users\user\OneDrive - UPV EHU\Escritorio\workspace-2\Rides24\src\main\resources\rides.temp' is opened by 19712@LAPTOP-C5O8HU11

[2024-05-01 16:43:31 #2 type.registry] 
New type domain.user

[2024-05-01 16:43:31 #3 type.registry] 
New type domain.Driver

[2024-05-01 16:43:31 #4 type] 
Type domain.user is not enhanced.

[2024-05-01 16:43:31 #5 type] 
Type domain.Driver is not enhanced.

[2024-05-01 16:43:31 #6 type.registry] 
New type domain.Viajecompuesto

[2024-05-01 16:43:31 #7 type.registry] 
New type java.util.ArrayList<domain.Viajecompuesto>

[2024-05-01 16:43:31 #8 type.registry] 
New type domain.Ride

[2024-05-01 16:43:31 #9 type.registry] 
New type domain.RideSolicitado

[2024-05-01 16:43:31 #10 type] 
Type domain.Viajecompuesto is not enhanced.

[2024-05-01 16:43:31 #11 type.registry] 
New type java.util.LinkedList<domain.Ride>

[2024-05-01 16:43:31 #12 type] 
Type domain.Ride is not enhanced.

[2024-05-01 16:43:31 #13 type] 
Type domain.RideSolicitado is not enhanced.

[2024-05-01 16:43:31 #14 type.registry] 
New type domain.viajero

[2024-05-01 16:43:31 #15 type] 
Type domain.viajero is not enhanced.

[2024-05-01 16:43:31 #16 type.registry] 
New type java.util.Vector<java.lang.Object>

[2024-05-01 16:43:31 #17 type.registry] 
New type java.util.ArrayList<java.lang.Object>

[2024-05-01 16:43:31 #18 type.registry] 
New type java.util.Vector<domain.Ride>

[2024-05-01 16:43:31 #19 type.registry] 
New type java.util.Vector<domain.RideSolicitado>

------------------------------------------------------------------------------------------------------------------------

[2024-05-01 16:53:41 #1 store] 
Database 'C:\Users\user\OneDrive - UPV EHU\Escritorio\workspace-2\Rides24\src\main\resources\rides.temp' is opened by 13904@LAPTOP-C5O8HU11

[2024-05-01 16:53:41 #2 type.registry] 
New type domain.user

[2024-05-01 16:53:41 #3 type.registry] 
New type domain.Driver

[2024-05-01 16:53:41 #4 type] 
Type domain.user is not enhanced.

[2024-05-01 16:53:41 #5 type] 
Type domain.Driver is not enhanced.

[2024-05-01 16:53:42 #6 type.registry] 
New type domain.Viajecompuesto

[2024-05-01 16:53:42 #7 type.registry] 
New type java.util.ArrayList<domain.Viajecompuesto>

[2024-05-01 16:53:42 #8 type.registry] 
New type domain.Ride

[2024-05-01 16:53:42 #9 type.registry] 
New type domain.RideSolicitado

[2024-05-01 16:53:42 #10 type] 
Type domain.Viajecompuesto is not enhanced.

[2024-05-01 16:53:42 #11 type.registry] 
New type java.util.LinkedList<domain.Ride>

[2024-05-01 16:53:42 #12 type] 
Type domain.Ride is not enhanced.

[2024-05-01 16:53:42 #13 type] 
Type domain.RideSolicitado is not enhanced.

[2024-05-01 16:53:42 #14 type.registry] 
New type domain.viajero

[2024-05-01 16:53:42 #15 type] 
Type domain.viajero is not enhanced.

[2024-05-01 16:53:42 #16 type.registry] 
New type java.util.Vector<java.lang.Object>

[2024-05-01 16:53:42 #17 type.registry] 
New type java.util.ArrayList<java.lang.Object>

[2024-05-01 16:53:42 #18 type.registry] 
New type java.util.Vector<domain.Ride>

[2024-05-01 16:53:42 #19 type.registry] 
New type java.util.Vector<domain.RideSolicitado>

------------------------------------------------------------------------------------------------------------------------

[2024-05-01 18:07:03 #1 store] 
Database 'C:\Users\user\OneDrive - UPV EHU\Escritorio\workspace-2\Rides24\src\main\resources\rides.temp' is opened by 9560@LAPTOP-C5O8HU11

[2024-05-01 18:07:03 #2 type.registry] 
New type domain.user

[2024-05-01 18:07:03 #3 type.registry] 
New type domain.Driver

[2024-05-01 18:07:03 #4 type] 
Type domain.user is not enhanced.

[2024-05-01 18:07:03 #5 type] 
Type domain.Driver is not enhanced.

[2024-05-01 18:07:03 #6 type.registry] 
New type domain.Viajecompuesto

[2024-05-01 18:07:03 #7 type.registry] 
New type java.util.ArrayList<domain.Viajecompuesto>

[2024-05-01 18:07:03 #8 type.registry] 
New type domain.Ride

[2024-05-01 18:07:03 #9 type.registry] 
New type domain.RideSolicitado

[2024-05-01 18:07:03 #10 type] 
Type domain.Viajecompuesto is not enhanced.

[2024-05-01 18:07:03 #11 type.registry] 
New type java.util.ArrayList<java.lang.String>

[2024-05-01 18:07:03 #12 type.registry] 
New type java.util.LinkedList<domain.Ride>

[2024-05-01 18:07:03 #13 type] 
Type domain.Ride is not enhanced.

[2024-05-01 18:07:03 #14 type] 
Type domain.RideSolicitado is not enhanced.

[2024-05-01 18:07:03 #15 type.registry] 
New type domain.viajero

[2024-05-01 18:07:03 #16 type] 
Type domain.viajero is not enhanced.

[2024-05-01 18:07:03 #17 type.registry] 
New type java.util.Vector<java.lang.Object>

[2024-05-01 18:07:03 #18 type.registry] 
New type java.util.ArrayList<java.lang.Object>

[2024-05-01 18:07:03 #19 type.registry] 
New type java.util.Vector<domain.Ride>

[2024-05-01 18:07:03 #20 type.registry] 
New type java.util.Vector<domain.RideSolicitado>

------------------------------------------------------------------------------------------------------------------------

[2024-05-01 18:07:09 #1 store] 
Database 'C:\Users\user\OneDrive - UPV EHU\Escritorio\workspace-2\Rides24\src\main\resources\rides.temp' is opened by 15412@LAPTOP-C5O8HU11

[2024-05-01 18:07:09 #2 type.registry] 
New type domain.user

[2024-05-01 18:07:09 #3 type.registry] 
New type domain.Driver

[2024-05-01 18:07:09 #4 type] 
Type domain.user is not enhanced.

[2024-05-01 18:07:09 #5 type] 
Type domain.Driver is not enhanced.

[2024-05-01 18:07:09 #6 type.registry] 
New type domain.Viajecompuesto

[2024-05-01 18:07:09 #7 type.registry] 
New type java.util.ArrayList<domain.Viajecompuesto>

[2024-05-01 18:07:09 #8 type.registry] 
New type domain.Ride

[2024-05-01 18:07:09 #9 type.registry] 
New type domain.RideSolicitado

[2024-05-01 18:07:09 #10 type] 
Type domain.Viajecompuesto is not enhanced.

[2024-05-01 18:07:09 #11 type.registry] 
New type java.util.ArrayList<java.lang.String>

[2024-05-01 18:07:09 #12 type.registry] 
New type java.util.LinkedList<domain.Ride>

[2024-05-01 18:07:09 #13 type] 
Type domain.Ride is not enhanced.

[2024-05-01 18:07:09 #14 type] 
Type domain.RideSolicitado is not enhanced.

[2024-05-01 18:07:09 #15 type.registry] 
New type domain.viajero

[2024-05-01 18:07:09 #16 type] 
Type domain.viajero is not enhanced.

[2024-05-01 18:07:09 #17 type.registry] 
New type java.util.Vector<java.lang.Object>

[2024-05-01 18:07:09 #18 type.registry] 
New type java.util.ArrayList<java.lang.Object>

[2024-05-01 18:07:09 #19 type.registry] 
New type java.util.Vector<domain.Ride>

[2024-05-01 18:07:09 #20 type.registry] 
New type java.util.Vector<domain.RideSolicitado>

------------------------------------------------------------------------------------------------------------------------

[2024-05-01 18:11:50 #1 store] 
Database 'C:\Users\user\OneDrive - UPV EHU\Escritorio\workspace-2\Rides24\src\main\resources\rides.temp' is opened by 11200@LAPTOP-C5O8HU11

[2024-05-01 18:11:50 #2 type.registry] 
New type domain.user

[2024-05-01 18:11:50 #3 type.registry] 
New type domain.Driver

[2024-05-01 18:11:50 #4 type] 
Type domain.user is not enhanced.

[2024-05-01 18:11:50 #5 type] 
Type domain.Driver is not enhanced.

[2024-05-01 18:11:50 #6 type.registry] 
New type domain.Viajecompuesto

[2024-05-01 18:11:50 #7 type.registry] 
New type java.util.ArrayList<domain.Viajecompuesto>

[2024-05-01 18:11:50 #8 type.registry] 
New type domain.Ride

[2024-05-01 18:11:50 #9 type.registry] 
New type domain.RideSolicitado

[2024-05-01 18:11:50 #10 type] 
Type domain.Viajecompuesto is not enhanced.

[2024-05-01 18:11:50 #11 type.registry] 
New type java.util.ArrayList<java.lang.String>

[2024-05-01 18:11:50 #12 type.registry] 
New type java.util.LinkedList<domain.Ride>

[2024-05-01 18:11:50 #13 type] 
Type domain.Ride is not enhanced.

[2024-05-01 18:11:50 #14 type] 
Type domain.RideSolicitado is not enhanced.

[2024-05-01 18:11:50 #15 type.registry] 
New type domain.viajero

[2024-05-01 18:11:50 #16 type] 
Type domain.viajero is not enhanced.

[2024-05-01 18:11:50 #17 type.registry] 
New type java.util.Vector<java.lang.Object>

[2024-05-01 18:11:50 #18 type.registry] 
New type java.util.ArrayList<java.lang.Object>

[2024-05-01 18:11:50 #19 type.registry] 
New type java.util.Vector<domain.Ride>

[2024-05-01 18:11:50 #20 type.registry] 
New type java.util.Vector<domain.RideSolicitado>

------------------------------------------------------------------------------------------------------------------------

[2024-05-01 18:11:54 #1 store] 
Database 'C:\Users\user\OneDrive - UPV EHU\Escritorio\workspace-2\Rides24\src\main\resources\rides.temp' is opened by 7132@LAPTOP-C5O8HU11

[2024-05-01 18:11:55 #2 type.registry] 
New type domain.user

[2024-05-01 18:11:55 #3 type.registry] 
New type domain.Driver

[2024-05-01 18:11:55 #4 type] 
Type domain.user is not enhanced.

[2024-05-01 18:11:55 #5 type] 
Type domain.Driver is not enhanced.

[2024-05-01 18:11:55 #6 type.registry] 
New type domain.Viajecompuesto

[2024-05-01 18:11:55 #7 type.registry] 
New type java.util.ArrayList<domain.Viajecompuesto>

[2024-05-01 18:11:55 #8 type.registry] 
New type domain.Ride

[2024-05-01 18:11:55 #9 type.registry] 
New type domain.RideSolicitado

[2024-05-01 18:11:55 #10 type] 
Type domain.Viajecompuesto is not enhanced.

[2024-05-01 18:11:55 #11 type.registry] 
New type java.util.ArrayList<java.lang.String>

[2024-05-01 18:11:55 #12 type.registry] 
New type java.util.LinkedList<domain.Ride>

[2024-05-01 18:11:55 #13 type] 
Type domain.Ride is not enhanced.

[2024-05-01 18:11:55 #14 type] 
Type domain.RideSolicitado is not enhanced.

[2024-05-01 18:11:55 #15 type.registry] 
New type domain.viajero

[2024-05-01 18:11:55 #16 type] 
Type domain.viajero is not enhanced.

[2024-05-01 18:11:55 #17 type.registry] 
New type java.util.Vector<java.lang.Object>

[2024-05-01 18:11:55 #18 type.registry] 
New type java.util.ArrayList<java.lang.Object>

[2024-05-01 18:11:55 #19 type.registry] 
New type java.util.Vector<domain.Ride>

[2024-05-01 18:11:55 #20 type.registry] 
New type java.util.Vector<domain.RideSolicitado>

------------------------------------------------------------------------------------------------------------------------

[2024-05-01 18:20:53 #1 store] 
Database 'C:\Users\user\OneDrive - UPV EHU\Escritorio\workspace-2\Rides24\src\main\resources\rides.temp' is opened by 23376@LAPTOP-C5O8HU11

[2024-05-01 18:20:53 #2 type.registry] 
New type domain.user

[2024-05-01 18:20:53 #3 type.registry] 
New type domain.Driver

[2024-05-01 18:20:53 #4 type] 
Type domain.user is not enhanced.

[2024-05-01 18:20:53 #5 type] 
Type domain.Driver is not enhanced.

[2024-05-01 18:20:53 #6 type.registry] 
New type domain.Viajecompuesto

[2024-05-01 18:20:53 #7 type.registry] 
New type java.util.ArrayList<domain.Viajecompuesto>

[2024-05-01 18:20:53 #8 type.registry] 
New type domain.Ride

[2024-05-01 18:20:53 #9 type.registry] 
New type domain.RideSolicitado

[2024-05-01 18:20:53 #10 type] 
Type domain.Viajecompuesto is not enhanced.

[2024-05-01 18:20:53 #11 type.registry] 
New type java.util.ArrayList<java.lang.String>

[2024-05-01 18:20:53 #12 type.registry] 
New type java.util.LinkedList<domain.Ride>

[2024-05-01 18:20:53 #13 type] 
Type domain.Ride is not enhanced.

[2024-05-01 18:20:53 #14 type] 
Type domain.RideSolicitado is not enhanced.

[2024-05-01 18:20:53 #15 type.registry] 
New type domain.viajero

[2024-05-01 18:20:53 #16 type] 
Type domain.viajero is not enhanced.

[2024-05-01 18:20:53 #17 type.registry] 
New type java.util.Vector<java.lang.Object>

[2024-05-01 18:20:53 #18 type.registry] 
New type java.util.ArrayList<java.lang.Object>

[2024-05-01 18:20:53 #19 type.registry] 
New type java.util.Vector<domain.Ride>

[2024-05-01 18:20:53 #20 type.registry] 
New type java.util.Vector<domain.RideSolicitado>

------------------------------------------------------------------------------------------------------------------------

[2024-05-01 18:23:34 #1 store] 
Database 'C:\Users\user\OneDrive - UPV EHU\Escritorio\workspace-2\Rides24\src\main\resources\rides.temp' is opened by 25488@LAPTOP-C5O8HU11

[2024-05-01 18:23:34 #2 type.registry] 
New type domain.user

[2024-05-01 18:23:34 #3 type.registry] 
New type domain.Driver

[2024-05-01 18:23:34 #4 type] 
Type domain.user is not enhanced.

[2024-05-01 18:23:34 #5 type] 
Type domain.Driver is not enhanced.

[2024-05-01 18:23:34 #6 type.registry] 
New type domain.Viajecompuesto

[2024-05-01 18:23:34 #7 type.registry] 
New type java.util.ArrayList<domain.Viajecompuesto>

[2024-05-01 18:23:34 #8 type.registry] 
New type domain.Ride

[2024-05-01 18:23:34 #9 type.registry] 
New type domain.RideSolicitado

[2024-05-01 18:23:34 #10 type] 
Type domain.Viajecompuesto is not enhanced.

[2024-05-01 18:23:34 #11 type.registry] 
New type java.util.ArrayList<java.lang.String>

[2024-05-01 18:23:34 #12 type.registry] 
New type java.util.LinkedList<domain.Ride>

[2024-05-01 18:23:34 #13 type] 
Type domain.Ride is not enhanced.

[2024-05-01 18:23:34 #14 type] 
Type domain.RideSolicitado is not enhanced.

[2024-05-01 18:23:34 #15 type.registry] 
New type domain.viajero

[2024-05-01 18:23:34 #16 type] 
Type domain.viajero is not enhanced.

[2024-05-01 18:23:34 #17 type.registry] 
New type java.util.Vector<java.lang.Object>

[2024-05-01 18:23:34 #18 type.registry] 
New type java.util.ArrayList<java.lang.Object>

[2024-05-01 18:23:34 #19 type.registry] 
New type java.util.Vector<domain.Ride>

[2024-05-01 18:23:34 #20 type.registry] 
New type java.util.Vector<domain.RideSolicitado>

------------------------------------------------------------------------------------------------------------------------

[2024-05-01 18:29:07 #1 store] 
Database 'C:\Users\user\OneDrive - UPV EHU\Escritorio\workspace-2\Rides24\src\main\resources\rides.temp' is opened by 21876@LAPTOP-C5O8HU11

[2024-05-01 18:29:08 #2 type.registry] 
New type domain.user

[2024-05-01 18:29:08 #3 type.registry] 
New type domain.Driver

[2024-05-01 18:29:08 #4 type] 
Type domain.user is not enhanced.

[2024-05-01 18:29:08 #5 type] 
Type domain.Driver is not enhanced.

[2024-05-01 18:29:08 #6 type.registry] 
New type domain.Viajecompuesto

[2024-05-01 18:29:08 #7 type.registry] 
New type java.util.ArrayList<domain.Viajecompuesto>

[2024-05-01 18:29:08 #8 type.registry] 
New type domain.Ride

[2024-05-01 18:29:08 #9 type.registry] 
New type domain.RideSolicitado

[2024-05-01 18:29:08 #10 type] 
Type domain.Viajecompuesto is not enhanced.

[2024-05-01 18:29:08 #11 type.registry] 
New type java.util.ArrayList<java.lang.String>

[2024-05-01 18:29:08 #12 type.registry] 
New type java.util.LinkedList<domain.Ride>

[2024-05-01 18:29:08 #13 type] 
Type domain.Ride is not enhanced.

[2024-05-01 18:29:08 #14 type] 
Type domain.RideSolicitado is not enhanced.

[2024-05-01 18:29:08 #15 type.registry] 
New type domain.viajero

[2024-05-01 18:29:08 #16 type] 
Type domain.viajero is not enhanced.

[2024-05-01 18:29:08 #17 type.registry] 
New type java.util.Vector<java.lang.Object>

[2024-05-01 18:29:08 #18 type.registry] 
New type java.util.ArrayList<java.lang.Object>

[2024-05-01 18:29:08 #19 type.registry] 
New type java.util.Vector<domain.Ride>

[2024-05-01 18:29:08 #20 type.registry] 
New type java.util.Vector<domain.RideSolicitado>

------------------------------------------------------------------------------------------------------------------------

[2024-05-01 18:32:44 #1 store] 
Database 'C:\Users\user\OneDrive - UPV EHU\Escritorio\workspace-2\Rides24\src\main\resources\rides.temp' is opened by 21036@LAPTOP-C5O8HU11

[2024-05-01 18:32:45 #2 type.registry] 
New type domain.user

[2024-05-01 18:32:45 #3 type.registry] 
New type domain.Driver

[2024-05-01 18:32:45 #4 type] 
Type domain.user is not enhanced.

[2024-05-01 18:32:45 #5 type] 
Type domain.Driver is not enhanced.

[2024-05-01 18:32:45 #6 type.registry] 
New type domain.Viajecompuesto

[2024-05-01 18:32:45 #7 type.registry] 
New type java.util.ArrayList<domain.Viajecompuesto>

[2024-05-01 18:32:45 #8 type.registry] 
New type domain.Ride

[2024-05-01 18:32:45 #9 type.registry] 
New type domain.RideSolicitado

[2024-05-01 18:32:45 #10 type] 
Type domain.Viajecompuesto is not enhanced.

[2024-05-01 18:32:45 #11 type.registry] 
New type java.util.ArrayList<java.lang.String>

[2024-05-01 18:32:45 #12 type.registry] 
New type java.util.LinkedList<domain.Ride>

[2024-05-01 18:32:45 #13 type] 
Type domain.Ride is not enhanced.

[2024-05-01 18:32:45 #14 type] 
Type domain.RideSolicitado is not enhanced.

[2024-05-01 18:32:45 #15 type.registry] 
New type domain.viajero

[2024-05-01 18:32:45 #16 type] 
Type domain.viajero is not enhanced.

[2024-05-01 18:32:45 #17 type.registry] 
New type java.util.Vector<java.lang.Object>

[2024-05-01 18:32:45 #18 type.registry] 
New type java.util.ArrayList<java.lang.Object>

[2024-05-01 18:32:45 #19 type.registry] 
New type java.util.Vector<domain.Ride>

[2024-05-01 18:32:45 #20 type.registry] 
New type java.util.Vector<domain.RideSolicitado>

------------------------------------------------------------------------------------------------------------------------

[2024-05-01 18:45:17 #1 store] 
Database 'C:\Users\user\OneDrive - UPV EHU\Escritorio\workspace-2\Rides24\src\main\resources\rides.temp' is opened by 6388@LAPTOP-C5O8HU11

[2024-05-01 18:45:18 #2 type.registry] 
New type domain.user

[2024-05-01 18:45:18 #3 type.registry] 
New type domain.Driver

[2024-05-01 18:45:18 #4 type] 
Type domain.user is not enhanced.

[2024-05-01 18:45:18 #5 type] 
Type domain.Driver is not enhanced.

[2024-05-01 18:45:18 #6 type.registry] 
New type domain.Viajecompuesto

[2024-05-01 18:45:18 #7 type.registry] 
New type java.util.ArrayList<domain.Viajecompuesto>

[2024-05-01 18:45:18 #8 type.registry] 
New type domain.Ride

[2024-05-01 18:45:18 #9 type.registry] 
New type domain.RideSolicitado

[2024-05-01 18:45:18 #10 type] 
Type domain.Viajecompuesto is not enhanced.

[2024-05-01 18:45:18 #11 type.registry] 
New type java.util.ArrayList<java.lang.String>

[2024-05-01 18:45:18 #12 type.registry] 
New type java.util.LinkedList<domain.Ride>

[2024-05-01 18:45:18 #13 type] 
Type domain.Ride is not enhanced.

[2024-05-01 18:45:18 #14 type] 
Type domain.RideSolicitado is not enhanced.

[2024-05-01 18:45:18 #15 type.registry] 
New type domain.viajero

[2024-05-01 18:45:18 #16 type] 
Type domain.viajero is not enhanced.

[2024-05-01 18:45:18 #17 type.registry] 
New type java.util.Vector<java.lang.Object>

[2024-05-01 18:45:18 #18 type.registry] 
New type java.util.ArrayList<java.lang.Object>

[2024-05-01 18:45:18 #19 type.registry] 
New type java.util.Vector<domain.Ride>

[2024-05-01 18:45:18 #20 type.registry] 
New type java.util.Vector<domain.RideSolicitado>

------------------------------------------------------------------------------------------------------------------------

[2024-05-01 18:46:40 #1 store] 
Database 'C:\Users\user\OneDrive - UPV EHU\Escritorio\workspace-2\Rides24\src\main\resources\rides.temp' is opened by 10896@LAPTOP-C5O8HU11

[2024-05-01 18:46:41 #2 type.registry] 
New type domain.user

[2024-05-01 18:46:41 #3 type.registry] 
New type domain.Driver

[2024-05-01 18:46:41 #4 type] 
Type domain.user is not enhanced.

[2024-05-01 18:46:41 #5 type] 
Type domain.Driver is not enhanced.

[2024-05-01 18:46:41 #6 type.registry] 
New type domain.Viajecompuesto

[2024-05-01 18:46:41 #7 type.registry] 
New type java.util.ArrayList<domain.Viajecompuesto>

[2024-05-01 18:46:41 #8 type.registry] 
New type domain.Ride

[2024-05-01 18:46:41 #9 type.registry] 
New type domain.RideSolicitado

[2024-05-01 18:46:41 #10 type] 
Type domain.Viajecompuesto is not enhanced.

[2024-05-01 18:46:41 #11 type.registry] 
New type java.util.ArrayList<java.lang.String>

[2024-05-01 18:46:41 #12 type.registry] 
New type java.util.LinkedList<domain.Ride>

[2024-05-01 18:46:41 #13 type] 
Type domain.Ride is not enhanced.

[2024-05-01 18:46:41 #14 type] 
Type domain.RideSolicitado is not enhanced.

[2024-05-01 18:46:41 #15 type.registry] 
New type domain.viajero

[2024-05-01 18:46:41 #16 type] 
Type domain.viajero is not enhanced.

[2024-05-01 18:46:41 #17 type.registry] 
New type java.util.Vector<java.lang.Object>

[2024-05-01 18:46:41 #18 type.registry] 
New type java.util.ArrayList<java.lang.Object>

[2024-05-01 18:46:41 #19 type.registry] 
New type java.util.Vector<domain.Ride>

[2024-05-01 18:46:41 #20 type.registry] 
New type java.util.Vector<domain.RideSolicitado>

------------------------------------------------------------------------------------------------------------------------

[2024-05-01 18:50:16 #1 store] 
Database 'C:\Users\user\OneDrive - UPV EHU\Escritorio\workspace-2\Rides24\src\main\resources\rides.temp' is opened by 18900@LAPTOP-C5O8HU11

[2024-05-01 18:50:16 #2 type.registry] 
New type domain.user

[2024-05-01 18:50:16 #3 type.registry] 
New type domain.Driver

[2024-05-01 18:50:16 #4 type] 
Type domain.user is not enhanced.

[2024-05-01 18:50:16 #5 type] 
Type domain.Driver is not enhanced.

[2024-05-01 18:50:16 #6 type.registry] 
New type domain.Viajecompuesto

[2024-05-01 18:50:16 #7 type.registry] 
New type java.util.ArrayList<domain.Viajecompuesto>

[2024-05-01 18:50:16 #8 type.registry] 
New type domain.Ride

[2024-05-01 18:50:16 #9 type.registry] 
New type domain.RideSolicitado

[2024-05-01 18:50:16 #10 type] 
Type domain.Viajecompuesto is not enhanced.

[2024-05-01 18:50:16 #11 type.registry] 
New type java.util.ArrayList<java.lang.String>

[2024-05-01 18:50:16 #12 type.registry] 
New type java.util.LinkedList<domain.Ride>

[2024-05-01 18:50:16 #13 type] 
Type domain.Ride is not enhanced.

[2024-05-01 18:50:16 #14 type] 
Type domain.RideSolicitado is not enhanced.

[2024-05-01 18:50:16 #15 type.registry] 
New type domain.viajero

[2024-05-01 18:50:16 #16 type] 
Type domain.viajero is not enhanced.

[2024-05-01 18:50:16 #17 type.registry] 
New type java.util.Vector<java.lang.Object>

[2024-05-01 18:50:16 #18 type.registry] 
New type java.util.ArrayList<java.lang.Object>

[2024-05-01 18:50:16 #19 type.registry] 
New type java.util.Vector<domain.Ride>

[2024-05-01 18:50:16 #20 type.registry] 
New type java.util.Vector<domain.RideSolicitado>

------------------------------------------------------------------------------------------------------------------------

[2024-05-01 19:07:18 #1 store] 
Database 'C:\Users\user\OneDrive - UPV EHU\Escritorio\workspace-2\Rides24\src\main\resources\rides.temp' is opened by 14640@LAPTOP-C5O8HU11

[2024-05-01 19:07:18 #2 type.registry] 
New type domain.user

[2024-05-01 19:07:18 #3 type.registry] 
New type domain.Driver

[2024-05-01 19:07:18 #4 type] 
Type domain.user is not enhanced.

[2024-05-01 19:07:18 #5 type] 
Type domain.Driver is not enhanced.

[2024-05-01 19:07:18 #6 type.registry] 
New type domain.Viajecompuesto

[2024-05-01 19:07:18 #7 type.registry] 
New type java.util.ArrayList<domain.Viajecompuesto>

[2024-05-01 19:07:18 #8 type.registry] 
New type domain.Ride

[2024-05-01 19:07:18 #9 type.registry] 
New type domain.RideSolicitado

[2024-05-01 19:07:18 #10 type] 
Type domain.Viajecompuesto is not enhanced.

[2024-05-01 19:07:18 #11 type.registry] 
New type java.util.ArrayList<java.lang.String>

[2024-05-01 19:07:18 #12 type.registry] 
New type java.util.LinkedList<domain.Ride>

[2024-05-01 19:07:18 #13 type] 
Type domain.Ride is not enhanced.

[2024-05-01 19:07:18 #14 type] 
Type domain.RideSolicitado is not enhanced.

[2024-05-01 19:07:18 #15 type.registry] 
New type domain.viajero

[2024-05-01 19:07:18 #16 type] 
Type domain.viajero is not enhanced.

[2024-05-01 19:07:18 #17 type.registry] 
New type java.util.Vector<java.lang.Object>

[2024-05-01 19:07:18 #18 type.registry] 
New type java.util.ArrayList<java.lang.Object>

[2024-05-01 19:07:18 #19 type.registry] 
New type java.util.Vector<domain.Ride>

[2024-05-01 19:07:18 #20 type.registry] 
New type java.util.Vector<domain.RideSolicitado>

------------------------------------------------------------------------------------------------------------------------

[2024-05-01 19:22:36 #1 store] 
Database 'C:\Users\user\OneDrive - UPV EHU\Escritorio\workspace-2\Rides24\src\main\resources\rides.temp' is opened by 7912@LAPTOP-C5O8HU11

[2024-05-01 19:22:37 #2 type.registry] 
New type domain.user

[2024-05-01 19:22:37 #3 type.registry] 
New type domain.Driver

[2024-05-01 19:22:37 #4 type] 
Type domain.user is not enhanced.

[2024-05-01 19:22:37 #5 type] 
Type domain.Driver is not enhanced.

[2024-05-01 19:22:37 #6 type.registry] 
New type domain.Viajecompuesto

[2024-05-01 19:22:37 #7 type.registry] 
New type java.util.ArrayList<domain.Viajecompuesto>

[2024-05-01 19:22:37 #8 type.registry] 
New type domain.Ride

[2024-05-01 19:22:37 #9 type.registry] 
New type domain.RideSolicitado

[2024-05-01 19:22:37 #10 type] 
Type domain.Viajecompuesto is not enhanced.

[2024-05-01 19:22:37 #11 type.registry] 
New type java.util.ArrayList<java.lang.String>

[2024-05-01 19:22:37 #12 type.registry] 
New type java.util.LinkedList<domain.Ride>

[2024-05-01 19:22:37 #13 type] 
Type domain.Ride is not enhanced.

[2024-05-01 19:22:37 #14 type] 
Type domain.RideSolicitado is not enhanced.

[2024-05-01 19:22:37 #15 type.registry] 
New type domain.viajero

[2024-05-01 19:22:37 #16 type] 
Type domain.viajero is not enhanced.

[2024-05-01 19:22:37 #17 type.registry] 
New type java.util.Vector<java.lang.Object>

[2024-05-01 19:22:37 #18 type.registry] 
New type java.util.ArrayList<java.lang.Object>

[2024-05-01 19:22:37 #19 type.registry] 
New type java.util.Vector<domain.Ride>

[2024-05-01 19:22:37 #20 type.registry] 
New type java.util.Vector<domain.RideSolicitado>

------------------------------------------------------------------------------------------------------------------------

[2024-05-01 19:28:34 #1 store] 
Database 'C:\Users\user\OneDrive - UPV EHU\Escritorio\workspace-2\Rides24\src\main\resources\rides.temp' is opened by 8552@LAPTOP-C5O8HU11

[2024-05-01 19:28:34 #2 type.registry] 
New type domain.user

[2024-05-01 19:28:34 #3 type.registry] 
New type domain.Driver

[2024-05-01 19:28:34 #4 type] 
Type domain.user is not enhanced.

[2024-05-01 19:28:34 #5 type] 
Type domain.Driver is not enhanced.

[2024-05-01 19:28:34 #6 type.registry] 
New type domain.Viajecompuesto

[2024-05-01 19:28:34 #7 type.registry] 
New type java.util.ArrayList<domain.Viajecompuesto>

[2024-05-01 19:28:34 #8 type.registry] 
New type domain.Ride

[2024-05-01 19:28:34 #9 type.registry] 
New type domain.RideSolicitado

[2024-05-01 19:28:34 #10 type] 
Type domain.Viajecompuesto is not enhanced.

[2024-05-01 19:28:34 #11 type.registry] 
New type java.util.ArrayList<java.lang.String>

[2024-05-01 19:28:34 #12 type.registry] 
New type java.util.LinkedList<domain.Ride>

[2024-05-01 19:28:34 #13 type] 
Type domain.Ride is not enhanced.

[2024-05-01 19:28:34 #14 type] 
Type domain.RideSolicitado is not enhanced.

[2024-05-01 19:28:34 #15 type.registry] 
New type domain.viajero

[2024-05-01 19:28:34 #16 type] 
Type domain.viajero is not enhanced.

[2024-05-01 19:28:34 #17 type.registry] 
New type java.util.Vector<java.lang.Object>

[2024-05-01 19:28:34 #18 type.registry] 
New type java.util.ArrayList<java.lang.Object>

[2024-05-01 19:28:34 #19 type.registry] 
New type java.util.Vector<domain.Ride>

[2024-05-01 19:28:34 #20 type.registry] 
New type java.util.Vector<domain.RideSolicitado>

------------------------------------------------------------------------------------------------------------------------

[2024-05-01 19:30:03 #1 store] 
Database 'C:\Users\user\OneDrive - UPV EHU\Escritorio\workspace-2\Rides24\src\main\resources\rides.temp' is opened by 3548@LAPTOP-C5O8HU11

[2024-05-01 19:30:04 #2 type.registry] 
New type domain.user

[2024-05-01 19:30:04 #3 type.registry] 
New type domain.Driver

[2024-05-01 19:30:04 #4 type] 
Type domain.user is not enhanced.

[2024-05-01 19:30:04 #5 type] 
Type domain.Driver is not enhanced.

[2024-05-01 19:30:04 #6 type.registry] 
New type domain.Viajecompuesto

[2024-05-01 19:30:04 #7 type.registry] 
New type java.util.ArrayList<domain.Viajecompuesto>

[2024-05-01 19:30:04 #8 type.registry] 
New type domain.Ride

[2024-05-01 19:30:04 #9 type.registry] 
New type domain.RideSolicitado

[2024-05-01 19:30:04 #10 type] 
Type domain.Viajecompuesto is not enhanced.

[2024-05-01 19:30:04 #11 type.registry] 
New type java.util.ArrayList<java.lang.String>

[2024-05-01 19:30:04 #12 type.registry] 
New type java.util.LinkedList<domain.Ride>

[2024-05-01 19:30:04 #13 type] 
Type domain.Ride is not enhanced.

[2024-05-01 19:30:04 #14 type] 
Type domain.RideSolicitado is not enhanced.

[2024-05-01 19:30:04 #15 type.registry] 
New type domain.viajero

[2024-05-01 19:30:04 #16 type] 
Type domain.viajero is not enhanced.

[2024-05-01 19:30:04 #17 type.registry] 
New type java.util.Vector<java.lang.Object>

[2024-05-01 19:30:04 #18 type.registry] 
New type java.util.ArrayList<java.lang.Object>

[2024-05-01 19:30:04 #19 type.registry] 
New type java.util.Vector<domain.Ride>

[2024-05-01 19:30:04 #20 type.registry] 
New type java.util.Vector<domain.RideSolicitado>

