------------------------------------------------------------------------------------------------------------------------

[2024-03-01 17:06:14 #1 store] 
Database 'C:\Users\vtdan\Downloads\Iteracion1 ReservaViaje\Rides24\src\main\resources\rides.temp' is opened by 1616@DBUSTAMANTEP

[2024-03-01 17:06:14 #2 type.registry] 
New type domain.Driver

[2024-03-01 17:06:14 #3 type] 
Type domain.Driver is not enhanced.

[2024-03-01 17:06:14 #4 type.registry] 
New type domain.Ride

[2024-03-01 17:06:14 #5 type] 
Type domain.Ride is not enhanced.

[2024-03-01 17:06:14 #6 type.registry] 
New type java.util.Vector<java.lang.Object>

[2024-03-01 17:06:14 #7 type.registry] 
New type java.util.Vector<domain.Ride>

------------------------------------------------------------------------------------------------------------------------

[2024-03-01 17:27:53 #1 store] 
Database 'C:\Users\vtdan\Downloads\Iteracion1 ReservaViaje\Rides24\src\main\resources\rides.temp' is opened by 18120@DBUSTAMANTEP

[2024-03-01 17:27:53 #2 type.registry] 
New type domain.Driver

[2024-03-01 17:27:53 #3 type] 
Type domain.Driver is not enhanced.

[2024-03-01 17:27:53 #4 type.registry] 
New type domain.Ride

[2024-03-01 17:27:53 #5 type] 
Type domain.Ride is not enhanced.

[2024-03-01 17:27:53 #6 type.registry] 
New type java.util.Vector<java.lang.Object>

[2024-03-01 17:27:53 #7 type.registry] 
New type java.util.Vector<domain.Ride>

------------------------------------------------------------------------------------------------------------------------

[2024-03-01 17:28:16 #1 store] 
Database 'C:\Users\vtdan\Downloads\Iteracion1 ReservaViaje\Rides24\src\main\resources\rides.temp' is opened by 17880@DBUSTAMANTEP

[2024-03-01 17:28:16 #2 type.registry] 
New type domain.Driver

[2024-03-01 17:28:16 #3 type] 
Type domain.Driver is not enhanced.

[2024-03-01 17:28:16 #4 type.registry] 
New type domain.Ride

[2024-03-01 17:28:16 #5 type] 
Type domain.Ride is not enhanced.

[2024-03-01 17:28:16 #6 type.registry] 
New type java.util.Vector<java.lang.Object>

[2024-03-01 17:28:16 #7 type.registry] 
New type java.util.Vector<domain.Ride>

------------------------------------------------------------------------------------------------------------------------

[2024-03-01 18:33:18 #1 store] 
Database 'C:\Users\vtdan\Downloads\Iteracion1 ReservaViaje\Rides24\src\main\resources\rides.temp' is opened by 11836@DBUSTAMANTEP

[2024-03-01 18:33:18 #2 type.registry] 
New type domain.Driver

[2024-03-01 18:33:18 #3 type] 
Type domain.Driver is not enhanced.

[2024-03-01 18:33:18 #4 type.registry] 
New type domain.Ride

[2024-03-01 18:33:18 #5 type] 
Type domain.Ride is not enhanced.

[2024-03-01 18:33:18 #6 type.registry] 
New type java.util.Vector<java.lang.Object>

[2024-03-01 18:33:18 #7 type.registry] 
New type java.util.Vector<domain.Ride>

------------------------------------------------------------------------------------------------------------------------

[2024-03-01 18:33:31 #1 store] 
Database 'C:\Users\vtdan\Downloads\Iteracion1 ReservaViaje\Rides24\src\main\resources\rides.temp' is opened by 14032@DBUSTAMANTEP

[2024-03-01 18:33:31 #2 type.registry] 
New type domain.Driver

[2024-03-01 18:33:31 #3 type] 
Type domain.Driver is not enhanced.

[2024-03-01 18:33:31 #4 type.registry] 
New type domain.Ride

[2024-03-01 18:33:31 #5 type] 
Type domain.Ride is not enhanced.

[2024-03-01 18:33:31 #6 type.registry] 
New type java.util.Vector<java.lang.Object>

[2024-03-01 18:33:31 #7 type.registry] 
New type java.util.Vector<domain.Ride>

------------------------------------------------------------------------------------------------------------------------

[2024-03-01 18:34:58 #1 store] 
Database 'C:\Users\vtdan\Downloads\Iteracion1 ReservaViaje\Rides24\src\main\resources\rides.temp' is opened by 21300@DBUSTAMANTEP

[2024-03-01 18:34:58 #2 type.registry] 
New type domain.Driver

[2024-03-01 18:34:58 #3 type] 
Type domain.Driver is not enhanced.

[2024-03-01 18:34:58 #4 type.registry] 
New type domain.Ride

[2024-03-01 18:34:58 #5 type] 
Type domain.Ride is not enhanced.

[2024-03-01 18:34:58 #6 type.registry] 
New type java.util.Vector<java.lang.Object>

[2024-03-01 18:34:58 #7 type.registry] 
New type java.util.Vector<domain.Ride>

------------------------------------------------------------------------------------------------------------------------

[2024-03-01 18:37:27 #1 store] 
Database 'C:\Users\vtdan\Downloads\Iteracion1 ReservaViaje\Rides24\src\main\resources\rides.temp' is opened by 16436@DBUSTAMANTEP

[2024-03-01 18:37:27 #2 type.registry] 
New type domain.Driver

[2024-03-01 18:37:27 #3 type] 
Type domain.Driver is not enhanced.

[2024-03-01 18:37:27 #4 type.registry] 
New type domain.Ride

[2024-03-01 18:37:27 #5 type] 
Type domain.Ride is not enhanced.

[2024-03-01 18:37:27 #6 type.registry] 
New type java.util.Vector<java.lang.Object>

[2024-03-01 18:37:27 #7 type.registry] 
New type java.util.Vector<domain.Ride>

------------------------------------------------------------------------------------------------------------------------

[2024-03-01 18:52:02 #1 store] 
Database 'C:\Users\vtdan\Downloads\Iteracion1 ReservaViaje\Rides24\src\main\resources\rides.temp' is opened by 9496@DBUSTAMANTEP

[2024-03-01 18:52:02 #2 type.registry] 
New type domain.Driver

[2024-03-01 18:52:02 #3 type] 
Type domain.Driver is not enhanced.

[2024-03-01 18:52:02 #4 type.registry] 
New type domain.Ride

[2024-03-01 18:52:02 #5 type] 
Type domain.Ride is not enhanced.

[2024-03-01 18:52:02 #6 type.registry] 
New type java.util.Vector<java.lang.Object>

[2024-03-01 18:52:02 #7 type.registry] 
New type java.util.Vector<domain.Ride>

