------------------------------------------------------------------------------------------------------------------------

[2024-04-01 15:50:20 #1 store] 
Database 'D:\eclipse\WorkSpace\Rides24\src\main\resources\rides.temp' is opened by 38272@DESKTOP-8QHVPEI

[2024-04-01 15:50:20 #2 type.registry] 
New type domain.Driver

[2024-04-01 15:50:20 #3 type] 
Type domain.Driver is not enhanced.

[2024-04-01 15:50:20 #4 type.registry] 
New type domain.Ride

[2024-04-01 15:50:20 #5 type.registry] 
New type java.util.LinkedList<domain.Ride>

[2024-04-01 15:50:20 #6 type] 
Type domain.Ride is not enhanced.

[2024-04-01 15:50:20 #7 type.registry] 
New type java.util.Vector<java.lang.Object>

[2024-04-01 15:50:20 #8 type.registry] 
New type java.util.Vector<domain.Ride>

[2024-04-01 15:50:20 #9 type.registry] 
New type java.util.LinkedList<java.lang.Object>

------------------------------------------------------------------------------------------------------------------------

[2024-04-01 16:05:54 #1 store] 
Database 'D:\eclipse\WorkSpace\Rides24\src\main\resources\rides.temp' is opened by 34768@DESKTOP-8QHVPEI

[2024-04-01 16:05:54 #2 type.registry] 
New type domain.Driver

[2024-04-01 16:05:54 #3 type] 
Type domain.Driver is not enhanced.

[2024-04-01 16:05:54 #4 type.registry] 
New type domain.Ride

[2024-04-01 16:05:54 #5 type] 
Type domain.Ride is not enhanced.

[2024-04-01 16:05:54 #6 type.registry] 
New type java.util.Vector<java.lang.Object>

[2024-04-01 16:05:54 #7 type.registry] 
New type java.util.Vector<domain.Ride>

------------------------------------------------------------------------------------------------------------------------

[2024-04-01 16:49:35 #1 store] 
Database 'D:\eclipse\WorkSpace\Rides24\src\main\resources\rides.temp' is opened by 37312@DESKTOP-8QHVPEI

[2024-04-01 16:49:35 #2 type.registry] 
New type domain.Driver

[2024-04-01 16:49:35 #3 type] 
Type domain.Driver is not enhanced.

[2024-04-01 16:49:35 #4 type.registry] 
New type java.util.ArrayList<java.lang.Object>

[2024-04-01 16:49:35 #5 type.registry] 
New type domain.Ride

[2024-04-01 16:49:35 #6 type] 
Type domain.Ride is not enhanced.

[2024-04-01 16:49:35 #7 type.registry] 
New type java.util.Vector<java.lang.Object>

[2024-04-01 16:49:35 #8 type.registry] 
New type java.util.Vector<domain.Ride>

------------------------------------------------------------------------------------------------------------------------

[2024-04-01 16:57:21 #1 store] 
Database 'D:\eclipse\WorkSpace\Rides24\src\main\resources\rides.temp' is opened by 10936@DESKTOP-8QHVPEI

[2024-04-01 16:57:21 #2 type.registry] 
New type domain.Driver

[2024-04-01 16:57:21 #3 type] 
Type domain.Driver is not enhanced.

[2024-04-01 16:57:21 #4 type.registry] 
New type java.util.ArrayList<java.lang.Object>

[2024-04-01 16:57:21 #5 type.registry] 
New type domain.Ride

[2024-04-01 16:57:21 #6 type] 
Type domain.Ride is not enhanced.

[2024-04-01 16:57:21 #7 type.registry] 
New type java.util.Vector<java.lang.Object>

[2024-04-01 16:57:21 #8 type.registry] 
New type java.util.Vector<domain.Ride>

------------------------------------------------------------------------------------------------------------------------

[2024-04-01 16:58:44 #1 store] 
Database 'D:\eclipse\WorkSpace\Rides24\src\main\resources\rides.temp' is opened by 17060@DESKTOP-8QHVPEI

[2024-04-01 16:58:44 #2 type.registry] 
New type domain.Driver

[2024-04-01 16:58:44 #3 type] 
Type domain.Driver is not enhanced.

[2024-04-01 16:58:44 #4 type.registry] 
New type java.util.ArrayList<java.lang.Object>

[2024-04-01 16:58:44 #5 type.registry] 
New type domain.Ride

[2024-04-01 16:58:44 #6 type] 
Type domain.Ride is not enhanced.

[2024-04-01 16:58:44 #7 type.registry] 
New type java.util.Vector<java.lang.Object>

[2024-04-01 16:58:44 #8 type.registry] 
New type java.util.Vector<domain.Ride>

------------------------------------------------------------------------------------------------------------------------

[2024-04-01 17:01:05 #1 store] 
Database 'D:\eclipse\WorkSpace\Rides24\src\main\resources\rides.temp' is opened by 22476@DESKTOP-8QHVPEI

[2024-04-01 17:01:05 #2 type.registry] 
New type domain.Driver

[2024-04-01 17:01:05 #3 type] 
Type domain.Driver is not enhanced.

[2024-04-01 17:01:05 #4 type.registry] 
New type java.util.ArrayList<java.lang.Object>

[2024-04-01 17:01:05 #5 type.registry] 
New type domain.Ride

[2024-04-01 17:01:05 #6 type] 
Type domain.Ride is not enhanced.

[2024-04-01 17:01:05 #7 type.registry] 
New type java.util.Vector<java.lang.Object>

[2024-04-01 17:01:05 #8 type.registry] 
New type java.util.Vector<domain.Ride>

[2024-04-01 17:01:15 #9 type.registry] 
New type domain.RideSolicitado

[2024-04-01 17:01:15 #10 type] 
Type domain.RideSolicitado is not enhanced.

[2024-04-01 17:01:15 #11 type.registry] 
New type domain.viajero

[2024-04-01 17:01:15 #12 type] 
Type domain.viajero is not enhanced.

------------------------------------------------------------------------------------------------------------------------

[2024-04-01 17:01:26 #1 store] 
Database 'D:\eclipse\WorkSpace\Rides24\src\main\resources\rides.temp' is opened by 25520@DESKTOP-8QHVPEI

[2024-04-01 17:01:26 #2 type.registry] 
New type domain.Driver

[2024-04-01 17:01:26 #3 type] 
Type domain.Driver is not enhanced.

[2024-04-01 17:01:27 #4 type.registry] 
New type java.util.ArrayList<java.lang.Object>

[2024-04-01 17:01:27 #5 type.registry] 
New type domain.Ride

[2024-04-01 17:01:27 #6 type] 
Type domain.Ride is not enhanced.

[2024-04-01 17:01:27 #7 type.registry] 
New type java.util.Vector<java.lang.Object>

[2024-04-01 17:01:27 #8 type.registry] 
New type java.util.Vector<domain.Ride>

[2024-04-01 17:01:35 #9 type.registry] 
New type domain.viajero

[2024-04-01 17:01:35 #10 type] 
Type domain.viajero is not enhanced.

------------------------------------------------------------------------------------------------------------------------

[2024-04-01 17:07:09 #1 store] 
Database 'D:\eclipse\WorkSpace\Rides24\src\main\resources\rides.temp' is opened by 29428@DESKTOP-8QHVPEI

[2024-04-01 17:07:09 #2 type.registry] 
New type domain.Driver

[2024-04-01 17:07:09 #3 type] 
Type domain.Driver is not enhanced.

[2024-04-01 17:07:09 #4 type.registry] 
New type java.util.ArrayList<java.lang.Object>

[2024-04-01 17:07:09 #5 type.registry] 
New type domain.Ride

[2024-04-01 17:07:09 #6 type] 
Type domain.Ride is not enhanced.

[2024-04-01 17:07:09 #7 type.registry] 
New type java.util.Vector<java.lang.Object>

[2024-04-01 17:07:09 #8 type.registry] 
New type java.util.Vector<domain.Ride>

------------------------------------------------------------------------------------------------------------------------

[2024-04-01 17:07:41 #1 store] 
Database 'D:\eclipse\WorkSpace\Rides24\src\main\resources\rides.temp' is opened by 28756@DESKTOP-8QHVPEI

[2024-04-01 17:07:41 #2 type.registry] 
New type domain.Driver

[2024-04-01 17:07:41 #3 type] 
Type domain.Driver is not enhanced.

[2024-04-01 17:07:41 #4 type.registry] 
New type java.util.ArrayList<java.lang.Object>

[2024-04-01 17:07:41 #5 type.registry] 
New type domain.Ride

[2024-04-01 17:07:41 #6 type] 
Type domain.Ride is not enhanced.

[2024-04-01 17:07:41 #7 type.registry] 
New type java.util.Vector<java.lang.Object>

[2024-04-01 17:07:41 #8 type.registry] 
New type java.util.Vector<domain.Ride>

------------------------------------------------------------------------------------------------------------------------

[2024-04-01 17:09:48 #1 store] 
Database 'D:\eclipse\WorkSpace\Rides24\src\main\resources\rides.temp' is opened by 26560@DESKTOP-8QHVPEI

[2024-04-01 17:09:48 #2 type.registry] 
New type domain.Driver

[2024-04-01 17:09:48 #3 type] 
Type domain.Driver is not enhanced.

[2024-04-01 17:09:48 #4 type.registry] 
New type java.util.ArrayList<java.lang.Object>

[2024-04-01 17:09:48 #5 type.registry] 
New type domain.Ride

[2024-04-01 17:09:48 #6 type] 
Type domain.Ride is not enhanced.

[2024-04-01 17:09:48 #7 type.registry] 
New type java.util.Vector<java.lang.Object>

[2024-04-01 17:09:48 #8 type.registry] 
New type java.util.Vector<domain.Ride>

------------------------------------------------------------------------------------------------------------------------

[2024-04-01 17:10:32 #1 store] 
Database 'D:\eclipse\WorkSpace\Rides24\src\main\resources\rides.temp' is opened by 32820@DESKTOP-8QHVPEI

[2024-04-01 17:10:32 #2 type.registry] 
New type domain.Driver

[2024-04-01 17:10:32 #3 type] 
Type domain.Driver is not enhanced.

[2024-04-01 17:10:32 #4 type.registry] 
New type java.util.ArrayList<java.lang.Object>

[2024-04-01 17:10:32 #5 type.registry] 
New type domain.Ride

[2024-04-01 17:10:32 #6 type] 
Type domain.Ride is not enhanced.

[2024-04-01 17:10:32 #7 type.registry] 
New type java.util.Vector<java.lang.Object>

[2024-04-01 17:10:32 #8 type.registry] 
New type java.util.Vector<domain.Ride>

------------------------------------------------------------------------------------------------------------------------

[2024-04-01 17:11:01 #1 store] 
Database 'D:\eclipse\WorkSpace\Rides24\src\main\resources\rides.temp' is opened by 24448@DESKTOP-8QHVPEI

[2024-04-01 17:11:01 #2 type.registry] 
New type domain.Driver

[2024-04-01 17:11:01 #3 type] 
Type domain.Driver is not enhanced.

[2024-04-01 17:11:01 #4 type.registry] 
New type java.util.ArrayList<java.lang.Object>

[2024-04-01 17:11:01 #5 type.registry] 
New type domain.Ride

[2024-04-01 17:11:01 #6 type] 
Type domain.Ride is not enhanced.

[2024-04-01 17:11:01 #7 type.registry] 
New type java.util.Vector<java.lang.Object>

[2024-04-01 17:11:01 #8 type.registry] 
New type java.util.Vector<domain.Ride>

[2024-04-01 17:11:26 #9 type.registry] 
New type java.util.LinkedList<java.lang.Object>

------------------------------------------------------------------------------------------------------------------------

[2024-04-01 17:11:45 #1 store] 
Database 'D:\eclipse\WorkSpace\Rides24\src\main\resources\rides.temp' is opened by 33960@DESKTOP-8QHVPEI

[2024-04-01 17:11:45 #2 type.registry] 
New type domain.Driver

[2024-04-01 17:11:45 #3 type] 
Type domain.Driver is not enhanced.

[2024-04-01 17:11:45 #4 type.registry] 
New type java.util.ArrayList<java.lang.Object>

[2024-04-01 17:11:45 #5 type.registry] 
New type domain.Ride

[2024-04-01 17:11:45 #6 type] 
Type domain.Ride is not enhanced.

[2024-04-01 17:11:45 #7 type.registry] 
New type java.util.Vector<java.lang.Object>

[2024-04-01 17:11:45 #8 type.registry] 
New type java.util.Vector<domain.Ride>

------------------------------------------------------------------------------------------------------------------------

[2024-04-01 17:12:16 #1 store] 
Database 'D:\eclipse\WorkSpace\Rides24\src\main\resources\rides.temp' is opened by 2764@DESKTOP-8QHVPEI

[2024-04-01 17:12:17 #2 type.registry] 
New type domain.Driver

[2024-04-01 17:12:17 #3 type] 
Type domain.Driver is not enhanced.

[2024-04-01 17:12:17 #4 type.registry] 
New type java.util.ArrayList<java.lang.Object>

[2024-04-01 17:12:17 #5 type.registry] 
New type domain.Ride

[2024-04-01 17:12:17 #6 type] 
Type domain.Ride is not enhanced.

[2024-04-01 17:12:17 #7 type.registry] 
New type java.util.Vector<java.lang.Object>

[2024-04-01 17:12:17 #8 type.registry] 
New type java.util.Vector<domain.Ride>

------------------------------------------------------------------------------------------------------------------------

[2024-04-01 17:13:10 #1 store] 
Database 'D:\eclipse\WorkSpace\Rides24\src\main\resources\rides.temp' is opened by 20736@DESKTOP-8QHVPEI

[2024-04-01 17:13:10 #2 type.registry] 
New type domain.Driver

[2024-04-01 17:13:10 #3 type] 
Type domain.Driver is not enhanced.

[2024-04-01 17:13:10 #4 type.registry] 
New type java.util.ArrayList<java.lang.Object>

[2024-04-01 17:13:10 #5 type.registry] 
New type domain.Ride

[2024-04-01 17:13:10 #6 type] 
Type domain.Ride is not enhanced.

[2024-04-01 17:13:10 #7 type.registry] 
New type java.util.Vector<java.lang.Object>

[2024-04-01 17:13:10 #8 type.registry] 
New type java.util.Vector<domain.Ride>

------------------------------------------------------------------------------------------------------------------------

[2024-04-01 17:13:27 #1 store] 
Database 'D:\eclipse\WorkSpace\Rides24\src\main\resources\rides.temp' is opened by 38496@DESKTOP-8QHVPEI

[2024-04-01 17:13:27 #2 type.registry] 
New type domain.Driver

[2024-04-01 17:13:27 #3 type] 
Type domain.Driver is not enhanced.

[2024-04-01 17:13:27 #4 type.registry] 
New type java.util.ArrayList<java.lang.Object>

[2024-04-01 17:13:27 #5 type.registry] 
New type domain.Ride

[2024-04-01 17:13:27 #6 type] 
Type domain.Ride is not enhanced.

[2024-04-01 17:13:27 #7 type.registry] 
New type java.util.Vector<java.lang.Object>

[2024-04-01 17:13:27 #8 type.registry] 
New type java.util.Vector<domain.Ride>

[2024-04-01 17:13:41 #9 type.registry] 
New type domain.viajero

[2024-04-01 17:13:41 #10 type] 
Type domain.viajero is not enhanced.

------------------------------------------------------------------------------------------------------------------------

[2024-04-01 17:13:54 #1 store] 
Database 'D:\eclipse\WorkSpace\Rides24\src\main\resources\rides.temp' is opened by 29024@DESKTOP-8QHVPEI

[2024-04-01 17:13:54 #2 type.registry] 
New type domain.Driver

[2024-04-01 17:13:54 #3 type] 
Type domain.Driver is not enhanced.

[2024-04-01 17:13:54 #4 type.registry] 
New type java.util.ArrayList<java.lang.Object>

[2024-04-01 17:13:54 #5 type.registry] 
New type domain.Ride

[2024-04-01 17:13:54 #6 type] 
Type domain.Ride is not enhanced.

[2024-04-01 17:13:54 #7 type.registry] 
New type java.util.Vector<java.lang.Object>

[2024-04-01 17:13:54 #8 type.registry] 
New type java.util.Vector<domain.Ride>

------------------------------------------------------------------------------------------------------------------------

[2024-04-01 17:16:21 #1 store] 
Database 'D:\eclipse\WorkSpace\Rides24\src\main\resources\rides.temp' is opened by 18504@DESKTOP-8QHVPEI

[2024-04-01 17:16:21 #2 type.registry] 
New type domain.Driver

[2024-04-01 17:16:21 #3 type] 
Type domain.Driver is not enhanced.

[2024-04-01 17:16:21 #4 type.registry] 
New type java.util.ArrayList<java.lang.Object>

[2024-04-01 17:16:21 #5 type.registry] 
New type domain.Ride

[2024-04-01 17:16:21 #6 type] 
Type domain.Ride is not enhanced.

[2024-04-01 17:16:21 #7 type.registry] 
New type java.util.Vector<java.lang.Object>

[2024-04-01 17:16:21 #8 type.registry] 
New type java.util.Vector<domain.Ride>

------------------------------------------------------------------------------------------------------------------------

[2024-04-01 17:16:46 #1 store] 
Database 'D:\eclipse\WorkSpace\Rides24\src\main\resources\rides.temp' is opened by 37708@DESKTOP-8QHVPEI

[2024-04-01 17:16:46 #2 type.registry] 
New type domain.Driver

[2024-04-01 17:16:46 #3 type] 
Type domain.Driver is not enhanced.

[2024-04-01 17:16:46 #4 type.registry] 
New type java.util.ArrayList<java.lang.Object>

[2024-04-01 17:16:46 #5 type.registry] 
New type domain.Ride

[2024-04-01 17:16:46 #6 type] 
Type domain.Ride is not enhanced.

[2024-04-01 17:16:46 #7 type.registry] 
New type java.util.Vector<java.lang.Object>

[2024-04-01 17:16:46 #8 type.registry] 
New type java.util.Vector<domain.Ride>

------------------------------------------------------------------------------------------------------------------------

[2024-04-01 17:17:35 #1 store] 
Database 'D:\eclipse\WorkSpace\Rides24\src\main\resources\rides.temp' is opened by 20620@DESKTOP-8QHVPEI

[2024-04-01 17:17:35 #2 type.registry] 
New type domain.Driver

[2024-04-01 17:17:35 #3 type] 
Type domain.Driver is not enhanced.

[2024-04-01 17:17:35 #4 type.registry] 
New type java.util.ArrayList<java.lang.Object>

[2024-04-01 17:17:35 #5 type.registry] 
New type domain.Ride

[2024-04-01 17:17:35 #6 type] 
Type domain.Ride is not enhanced.

[2024-04-01 17:17:35 #7 type.registry] 
New type java.util.Vector<java.lang.Object>

[2024-04-01 17:17:35 #8 type.registry] 
New type java.util.Vector<domain.Ride>

------------------------------------------------------------------------------------------------------------------------

[2024-04-01 22:42:29 #1 store] 
Database 'D:\eclipse\WorkSpace\Rides24\src\main\resources\rides.temp' is opened by 19432@DESKTOP-8QHVPEI

[2024-04-01 22:42:29 #2 type.registry] 
New type domain.Driver

[2024-04-01 22:42:29 #3 type] 
Type domain.Driver is not enhanced.

[2024-04-01 22:42:29 #4 type.registry] 
New type domain.Ride

[2024-04-01 22:42:29 #5 type] 
Type domain.Ride is not enhanced.

[2024-04-01 22:42:29 #6 type.registry] 
New type java.util.Vector<java.lang.Object>

[2024-04-01 22:42:29 #7 type.registry] 
New type java.util.Vector<domain.Ride>

[2024-04-01 22:42:29 #8 type.registry] 
New type java.util.ArrayList<java.lang.Object>

------------------------------------------------------------------------------------------------------------------------

[2024-04-01 22:44:26 #1 store] 
Database 'D:\eclipse\WorkSpace\Rides24\src\main\resources\rides.temp' is opened by 38632@DESKTOP-8QHVPEI

[2024-04-01 22:44:26 #2 type.registry] 
New type domain.Driver

[2024-04-01 22:44:26 #3 type] 
Type domain.Driver is not enhanced.

[2024-04-01 22:44:26 #4 type.registry] 
New type domain.Viajecompuesto

[2024-04-01 22:44:26 #5 type.registry] 
New type java.util.ArrayList<domain.Viajecompuesto>

[2024-04-01 22:44:26 #6 type.registry] 
New type domain.Ride

[2024-04-01 22:44:26 #7 type] 
Type domain.Viajecompuesto is not enhanced.

[2024-04-01 22:44:26 #8 type.registry] 
New type java.util.LinkedList<domain.Ride>

[2024-04-01 22:44:26 #9 type] 
Type domain.Ride is not enhanced.

[2024-04-01 22:44:26 #10 type.registry] 
New type java.util.Vector<java.lang.Object>

[2024-04-01 22:44:26 #11 type.registry] 
New type java.util.Vector<domain.Ride>

[2024-04-01 22:44:26 #12 type.registry] 
New type java.util.ArrayList<java.lang.Object>

------------------------------------------------------------------------------------------------------------------------

[2024-04-01 22:46:12 #1 store] 
Database 'D:\eclipse\WorkSpace\Rides24\src\main\resources\rides.temp' is opened by 116@DESKTOP-8QHVPEI

[2024-04-01 22:46:13 #2 type.registry] 
New type domain.Driver

[2024-04-01 22:46:13 #3 type] 
Type domain.Driver is not enhanced.

[2024-04-01 22:46:13 #4 type.registry] 
New type domain.Ride

[2024-04-01 22:46:13 #5 type] 
Type domain.Ride is not enhanced.

[2024-04-01 22:46:13 #6 type.registry] 
New type java.util.Vector<java.lang.Object>

[2024-04-01 22:46:13 #7 type.registry] 
New type java.util.Vector<domain.Ride>

[2024-04-01 22:46:13 #8 type.registry] 
New type java.util.ArrayList<java.lang.Object>

------------------------------------------------------------------------------------------------------------------------

[2024-04-01 22:50:40 #1 store] 
Database 'D:\eclipse\WorkSpace\Rides24\src\main\resources\rides.temp' is opened by 7104@DESKTOP-8QHVPEI

[2024-04-01 22:50:40 #2 type.registry] 
New type domain.Driver

[2024-04-01 22:50:40 #3 type] 
Type domain.Driver is not enhanced.

[2024-04-01 22:50:40 #4 type.registry] 
New type domain.Viajecompuesto

[2024-04-01 22:50:40 #5 type.registry] 
New type java.util.ArrayList<domain.Viajecompuesto>

[2024-04-01 22:50:40 #6 type.registry] 
New type domain.Ride

[2024-04-01 22:50:40 #7 type] 
Type domain.Viajecompuesto is not enhanced.

[2024-04-01 22:50:40 #8 type.registry] 
New type java.util.LinkedList<domain.Ride>

[2024-04-01 22:50:40 #9 type] 
Type domain.Ride is not enhanced.

[2024-04-01 22:50:40 #10 type.registry] 
New type java.util.Vector<java.lang.Object>

[2024-04-01 22:50:40 #11 type.registry] 
New type java.util.Vector<domain.Ride>

[2024-04-01 22:50:40 #12 type.registry] 
New type java.util.ArrayList<java.lang.Object>

------------------------------------------------------------------------------------------------------------------------

[2024-04-01 22:51:17 #1 store] 
Database 'D:\eclipse\WorkSpace\Rides24\src\main\resources\rides.temp' is opened by 6120@DESKTOP-8QHVPEI

[2024-04-01 22:51:17 #2 type.registry] 
New type domain.Driver

[2024-04-01 22:51:17 #3 type] 
Type domain.Driver is not enhanced.

[2024-04-01 22:51:17 #4 type.registry] 
New type domain.Viajecompuesto

[2024-04-01 22:51:17 #5 type.registry] 
New type java.util.ArrayList<domain.Viajecompuesto>

[2024-04-01 22:51:17 #6 type.registry] 
New type domain.Ride

[2024-04-01 22:51:17 #7 type] 
Type domain.Viajecompuesto is not enhanced.

[2024-04-01 22:51:17 #8 type.registry] 
New type java.util.LinkedList<domain.Ride>

[2024-04-01 22:51:17 #9 type] 
Type domain.Ride is not enhanced.

[2024-04-01 22:51:17 #10 type.registry] 
New type java.util.Vector<java.lang.Object>

[2024-04-01 22:51:17 #11 type.registry] 
New type java.util.Vector<domain.Ride>

[2024-04-01 22:51:17 #12 type.registry] 
New type java.util.ArrayList<java.lang.Object>

------------------------------------------------------------------------------------------------------------------------

[2024-04-01 22:58:45 #1 store] 
Database 'D:\eclipse\WorkSpace\Rides24\src\main\resources\rides.temp' is opened by 9484@DESKTOP-8QHVPEI

[2024-04-01 22:58:45 #2 type.registry] 
New type domain.Driver

[2024-04-01 22:58:45 #3 type] 
Type domain.Driver is not enhanced.

[2024-04-01 22:58:45 #4 type.registry] 
New type domain.Viajecompuesto

[2024-04-01 22:58:45 #5 type.registry] 
New type java.util.ArrayList<domain.Viajecompuesto>

[2024-04-01 22:58:45 #6 type.registry] 
New type domain.Ride

[2024-04-01 22:58:45 #7 type] 
Type domain.Viajecompuesto is not enhanced.

[2024-04-01 22:58:45 #8 type.registry] 
New type java.util.LinkedList<domain.Ride>

[2024-04-01 22:58:45 #9 type] 
Type domain.Ride is not enhanced.

[2024-04-01 22:58:45 #10 type.registry] 
New type java.util.Vector<java.lang.Object>

[2024-04-01 22:58:45 #11 type.registry] 
New type java.util.Vector<domain.Ride>

[2024-04-01 22:58:45 #12 type.registry] 
New type java.util.ArrayList<java.lang.Object>

------------------------------------------------------------------------------------------------------------------------

[2024-04-01 23:00:15 #1 store] 
Database 'D:\eclipse\WorkSpace\Rides24\src\main\resources\rides.temp' is opened by 11468@DESKTOP-8QHVPEI

[2024-04-01 23:00:15 #2 type.registry] 
New type domain.Driver

[2024-04-01 23:00:15 #3 type] 
Type domain.Driver is not enhanced.

[2024-04-01 23:00:15 #4 type.registry] 
New type domain.Viajecompuesto

[2024-04-01 23:00:15 #5 type.registry] 
New type java.util.ArrayList<domain.Viajecompuesto>

[2024-04-01 23:00:15 #6 type.registry] 
New type domain.Ride

[2024-04-01 23:00:15 #7 type] 
Type domain.Viajecompuesto is not enhanced.

[2024-04-01 23:00:15 #8 type.registry] 
New type java.util.LinkedList<domain.Ride>

[2024-04-01 23:00:15 #9 type] 
Type domain.Ride is not enhanced.

[2024-04-01 23:00:15 #10 type.registry] 
New type java.util.Vector<java.lang.Object>

[2024-04-01 23:00:15 #11 type.registry] 
New type java.util.ArrayList<java.lang.Object>

[2024-04-01 23:00:15 #12 type.registry] 
New type java.util.Vector<domain.Ride>

[2024-04-01 23:00:28 #13 type.registry] 
New type java.util.LinkedList<java.lang.Object>

------------------------------------------------------------------------------------------------------------------------

[2024-04-01 23:01:34 #1 store] 
Database 'D:\eclipse\WorkSpace\Rides24\src\main\resources\rides.temp' is opened by 17984@DESKTOP-8QHVPEI

[2024-04-01 23:01:34 #2 type.registry] 
New type domain.Driver

[2024-04-01 23:01:34 #3 type] 
Type domain.Driver is not enhanced.

[2024-04-01 23:01:34 #4 type.registry] 
New type domain.Viajecompuesto

[2024-04-01 23:01:34 #5 type.registry] 
New type java.util.ArrayList<domain.Viajecompuesto>

[2024-04-01 23:01:34 #6 type.registry] 
New type domain.Ride

[2024-04-01 23:01:34 #7 type] 
Type domain.Viajecompuesto is not enhanced.

[2024-04-01 23:01:34 #8 type.registry] 
New type java.util.LinkedList<domain.Ride>

[2024-04-01 23:01:34 #9 type] 
Type domain.Ride is not enhanced.

[2024-04-01 23:01:34 #10 type.registry] 
New type java.util.Vector<java.lang.Object>

[2024-04-01 23:01:34 #11 type.registry] 
New type java.util.ArrayList<java.lang.Object>

[2024-04-01 23:01:34 #12 type.registry] 
New type java.util.Vector<domain.Ride>

[2024-04-01 23:01:46 #13 type.registry] 
New type java.util.LinkedList<java.lang.Object>

------------------------------------------------------------------------------------------------------------------------

[2024-04-01 23:04:01 #1 store] 
Database 'D:\eclipse\WorkSpace\Rides24\src\main\resources\rides.temp' is opened by 26020@DESKTOP-8QHVPEI

[2024-04-01 23:04:02 #2 type.registry] 
New type domain.Driver

[2024-04-01 23:04:02 #3 type] 
Type domain.Driver is not enhanced.

[2024-04-01 23:04:02 #4 type.registry] 
New type domain.Viajecompuesto

[2024-04-01 23:04:02 #5 type.registry] 
New type java.util.ArrayList<domain.Viajecompuesto>

[2024-04-01 23:04:02 #6 type.registry] 
New type domain.Ride

[2024-04-01 23:04:02 #7 type] 
Type domain.Viajecompuesto is not enhanced.

[2024-04-01 23:04:02 #8 type.registry] 
New type java.util.LinkedList<domain.Ride>

[2024-04-01 23:04:02 #9 type] 
Type domain.Ride is not enhanced.

[2024-04-01 23:04:02 #10 type.registry] 
New type java.util.Vector<java.lang.Object>

[2024-04-01 23:04:02 #11 type.registry] 
New type java.util.ArrayList<java.lang.Object>

[2024-04-01 23:04:02 #12 type.registry] 
New type java.util.Vector<domain.Ride>

[2024-04-01 23:04:11 #13 type.registry] 
New type domain.viajero

[2024-04-01 23:04:11 #14 type] 
Type domain.viajero is not enhanced.

------------------------------------------------------------------------------------------------------------------------

[2024-04-01 23:04:36 #1 store] 
Database 'D:\eclipse\WorkSpace\Rides24\src\main\resources\rides.temp' is opened by 35524@DESKTOP-8QHVPEI

[2024-04-01 23:04:36 #2 type.registry] 
New type domain.Driver

[2024-04-01 23:04:36 #3 type] 
Type domain.Driver is not enhanced.

[2024-04-01 23:04:36 #4 type.registry] 
New type domain.Viajecompuesto

[2024-04-01 23:04:36 #5 type.registry] 
New type java.util.ArrayList<domain.Viajecompuesto>

[2024-04-01 23:04:36 #6 type.registry] 
New type domain.Ride

[2024-04-01 23:04:36 #7 type] 
Type domain.Viajecompuesto is not enhanced.

[2024-04-01 23:04:36 #8 type.registry] 
New type java.util.LinkedList<domain.Ride>

[2024-04-01 23:04:36 #9 type] 
Type domain.Ride is not enhanced.

[2024-04-01 23:04:36 #10 type.registry] 
New type java.util.Vector<java.lang.Object>

[2024-04-01 23:04:36 #11 type.registry] 
New type java.util.ArrayList<java.lang.Object>

[2024-04-01 23:04:36 #12 type.registry] 
New type java.util.Vector<domain.Ride>

[2024-04-01 23:04:40 #13 type.registry] 
New type domain.viajero

[2024-04-01 23:04:40 #14 type] 
Type domain.viajero is not enhanced.

------------------------------------------------------------------------------------------------------------------------

[2024-04-01 23:05:33 #1 store] 
Database 'D:\eclipse\WorkSpace\Rides24\src\main\resources\rides.temp' is opened by 35744@DESKTOP-8QHVPEI

[2024-04-01 23:05:33 #2 type.registry] 
New type domain.Driver

[2024-04-01 23:05:33 #3 type] 
Type domain.Driver is not enhanced.

[2024-04-01 23:05:33 #4 type.registry] 
New type domain.Viajecompuesto

[2024-04-01 23:05:33 #5 type.registry] 
New type java.util.ArrayList<domain.Viajecompuesto>

[2024-04-01 23:05:33 #6 type.registry] 
New type domain.Ride

[2024-04-01 23:05:33 #7 type] 
Type domain.Viajecompuesto is not enhanced.

[2024-04-01 23:05:33 #8 type.registry] 
New type java.util.LinkedList<domain.Ride>

[2024-04-01 23:05:33 #9 type] 
Type domain.Ride is not enhanced.

[2024-04-01 23:05:33 #10 type.registry] 
New type java.util.Vector<java.lang.Object>

[2024-04-01 23:05:33 #11 type.registry] 
New type java.util.ArrayList<java.lang.Object>

[2024-04-01 23:05:33 #12 type.registry] 
New type java.util.Vector<domain.Ride>

[2024-04-01 23:05:37 #13 type.registry] 
New type domain.viajero

[2024-04-01 23:05:37 #14 type] 
Type domain.viajero is not enhanced.

------------------------------------------------------------------------------------------------------------------------

[2024-04-01 23:06:57 #1 store] 
Database 'D:\eclipse\WorkSpace\Rides24\src\main\resources\rides.temp' is opened by 37752@DESKTOP-8QHVPEI

[2024-04-01 23:06:57 #2 type.registry] 
New type domain.Driver

[2024-04-01 23:06:57 #3 type] 
Type domain.Driver is not enhanced.

[2024-04-01 23:06:57 #4 type.registry] 
New type domain.Viajecompuesto

[2024-04-01 23:06:57 #5 type.registry] 
New type java.util.ArrayList<domain.Viajecompuesto>

[2024-04-01 23:06:57 #6 type.registry] 
New type domain.Ride

[2024-04-01 23:06:57 #7 type] 
Type domain.Viajecompuesto is not enhanced.

[2024-04-01 23:06:57 #8 type.registry] 
New type java.util.LinkedList<domain.Ride>

[2024-04-01 23:06:57 #9 type] 
Type domain.Ride is not enhanced.

[2024-04-01 23:06:57 #10 type.registry] 
New type java.util.Vector<java.lang.Object>

[2024-04-01 23:06:57 #11 type.registry] 
New type java.util.ArrayList<java.lang.Object>

[2024-04-01 23:06:57 #12 type.registry] 
New type java.util.Vector<domain.Ride>

[2024-04-01 23:07:01 #13 type.registry] 
New type domain.viajero

[2024-04-01 23:07:01 #14 type] 
Type domain.viajero is not enhanced.

------------------------------------------------------------------------------------------------------------------------

[2024-04-01 23:08:51 #1 store] 
Database 'D:\eclipse\WorkSpace\Rides24\src\main\resources\rides.temp' is opened by 24608@DESKTOP-8QHVPEI

[2024-04-01 23:08:51 #2 type.registry] 
New type domain.Driver

[2024-04-01 23:08:51 #3 type] 
Type domain.Driver is not enhanced.

[2024-04-01 23:08:52 #4 type.registry] 
New type domain.Viajecompuesto

[2024-04-01 23:08:52 #5 type.registry] 
New type java.util.ArrayList<domain.Viajecompuesto>

[2024-04-01 23:08:52 #6 type.registry] 
New type domain.Ride

[2024-04-01 23:08:52 #7 type] 
Type domain.Viajecompuesto is not enhanced.

[2024-04-01 23:08:52 #8 type.registry] 
New type java.util.LinkedList<domain.Ride>

[2024-04-01 23:08:52 #9 type] 
Type domain.Ride is not enhanced.

[2024-04-01 23:08:52 #10 type.registry] 
New type java.util.Vector<java.lang.Object>

[2024-04-01 23:08:52 #11 type.registry] 
New type java.util.ArrayList<java.lang.Object>

[2024-04-01 23:08:52 #12 type.registry] 
New type java.util.Vector<domain.Ride>

[2024-04-01 23:09:01 #13 type.registry] 
New type domain.RideSolicitado

[2024-04-01 23:09:01 #14 type] 
Type domain.RideSolicitado is not enhanced.

[2024-04-01 23:09:01 #15 type.registry] 
New type domain.viajero

[2024-04-01 23:09:01 #16 type] 
Type domain.viajero is not enhanced.

[2024-04-01 23:09:29 #17 type.registry] 
New type java.util.LinkedList<java.lang.Object>

