------------------------------------------------------------------------------------------------------------------------

[2024-04-09 13:18:02 #1 store] 
Database 'C:\Users\user\OneDrive - UPV EHU\Escritorio\workspace-2\Rides24\src\main\resources\rides.temp' is opened by 10336@LAPTOP-C5O8HU11

[2024-04-09 13:18:02 #2 type.registry] 
New type domain.Driver

[2024-04-09 13:18:02 #3 type] 
Type domain.Driver is not enhanced.

[2024-04-09 13:18:02 #4 type.registry] 
New type domain.Viajecompuesto

[2024-04-09 13:18:03 #5 type.registry] 
New type java.util.ArrayList<domain.Viajecompuesto>

[2024-04-09 13:18:03 #6 type.registry] 
New type domain.Ride

[2024-04-09 13:18:03 #7 type.registry] 
New type domain.RideSolicitado

[2024-04-09 13:18:03 #8 type] 
Type domain.Viajecompuesto is not enhanced.

[2024-04-09 13:18:03 #9 type.registry] 
New type java.util.LinkedList<domain.Ride>

[2024-04-09 13:18:03 #10 type] 
Type domain.Ride is not enhanced.

[2024-04-09 13:18:03 #11 type] 
Type domain.RideSolicitado is not enhanced.

[2024-04-09 13:18:03 #12 type.registry] 
New type domain.viajero

[2024-04-09 13:18:03 #13 type] 
Type domain.viajero is not enhanced.

[2024-04-09 13:18:03 #14 type.registry] 
New type java.util.Vector<java.lang.Object>

[2024-04-09 13:18:03 #15 type.registry] 
New type java.util.ArrayList<java.lang.Object>

[2024-04-09 13:18:03 #16 type.registry] 
New type java.util.Vector<domain.Ride>

[2024-04-09 13:18:03 #17 type.registry] 
New type java.util.Vector<domain.RideSolicitado>

------------------------------------------------------------------------------------------------------------------------

[2024-04-09 13:33:41 #1 store] 
Database 'C:\Users\user\OneDrive - UPV EHU\Escritorio\workspace-2\Rides24\src\main\resources\rides.temp' is opened by 9016@LAPTOP-C5O8HU11

[2024-04-09 13:33:41 #2 type.registry] 
New type domain.Driver

[2024-04-09 13:33:41 #3 type] 
Type domain.Driver is not enhanced.

[2024-04-09 13:33:42 #4 type.registry] 
New type domain.Viajecompuesto

[2024-04-09 13:33:42 #5 type.registry] 
New type java.util.ArrayList<domain.Viajecompuesto>

[2024-04-09 13:33:42 #6 type.registry] 
New type domain.Ride

[2024-04-09 13:33:42 #7 type.registry] 
New type domain.RideSolicitado

[2024-04-09 13:33:42 #8 type] 
Type domain.Viajecompuesto is not enhanced.

[2024-04-09 13:33:42 #9 type.registry] 
New type java.util.LinkedList<domain.Ride>

[2024-04-09 13:33:42 #10 type] 
Type domain.Ride is not enhanced.

[2024-04-09 13:33:42 #11 type] 
Type domain.RideSolicitado is not enhanced.

[2024-04-09 13:33:42 #12 type.registry] 
New type domain.viajero

[2024-04-09 13:33:42 #13 type] 
Type domain.viajero is not enhanced.

[2024-04-09 13:33:42 #14 type.registry] 
New type java.util.Vector<java.lang.Object>

[2024-04-09 13:33:42 #15 type.registry] 
New type java.util.ArrayList<java.lang.Object>

[2024-04-09 13:33:42 #16 type.registry] 
New type java.util.Vector<domain.Ride>

[2024-04-09 13:33:42 #17 type.registry] 
New type java.util.Vector<domain.RideSolicitado>

------------------------------------------------------------------------------------------------------------------------

[2024-04-09 13:40:14 #1 store] 
Database 'C:\Users\user\OneDrive - UPV EHU\Escritorio\workspace-2\Rides24\src\main\resources\rides.temp' is opened by 20444@LAPTOP-C5O8HU11

[2024-04-09 13:40:14 #2 type.registry] 
New type domain.Driver

[2024-04-09 13:40:14 #3 type] 
Type domain.Driver is not enhanced.

[2024-04-09 13:40:14 #4 type.registry] 
New type domain.Viajecompuesto

[2024-04-09 13:40:14 #5 type.registry] 
New type java.util.ArrayList<domain.Viajecompuesto>

[2024-04-09 13:40:14 #6 type.registry] 
New type domain.Ride

[2024-04-09 13:40:14 #7 type.registry] 
New type domain.RideSolicitado

[2024-04-09 13:40:14 #8 type] 
Type domain.Viajecompuesto is not enhanced.

[2024-04-09 13:40:14 #9 type.registry] 
New type java.util.LinkedList<domain.Ride>

[2024-04-09 13:40:14 #10 type] 
Type domain.Ride is not enhanced.

[2024-04-09 13:40:14 #11 type] 
Type domain.RideSolicitado is not enhanced.

[2024-04-09 13:40:14 #12 type.registry] 
New type domain.viajero

[2024-04-09 13:40:14 #13 type] 
Type domain.viajero is not enhanced.

[2024-04-09 13:40:14 #14 type.registry] 
New type java.util.Vector<java.lang.Object>

[2024-04-09 13:40:14 #15 type.registry] 
New type java.util.ArrayList<java.lang.Object>

[2024-04-09 13:40:14 #16 type.registry] 
New type java.util.Vector<domain.Ride>

[2024-04-09 13:40:14 #17 type.registry] 
New type java.util.Vector<domain.RideSolicitado>

------------------------------------------------------------------------------------------------------------------------

[2024-04-09 13:46:37 #1 store] 
Database 'C:\Users\user\OneDrive - UPV EHU\Escritorio\workspace-2\Rides24\src\main\resources\rides.temp' is opened by 16896@LAPTOP-C5O8HU11

[2024-04-09 13:46:37 #2 type.registry] 
New type domain.Driver

[2024-04-09 13:46:37 #3 type] 
Type domain.Driver is not enhanced.

[2024-04-09 13:46:37 #4 type.registry] 
New type domain.Viajecompuesto

[2024-04-09 13:46:37 #5 type.registry] 
New type java.util.ArrayList<domain.Viajecompuesto>

[2024-04-09 13:46:37 #6 type.registry] 
New type domain.Ride

[2024-04-09 13:46:37 #7 type.registry] 
New type domain.RideSolicitado

[2024-04-09 13:46:37 #8 type] 
Type domain.Viajecompuesto is not enhanced.

[2024-04-09 13:46:37 #9 type.registry] 
New type java.util.LinkedList<domain.Ride>

[2024-04-09 13:46:37 #10 type] 
Type domain.Ride is not enhanced.

[2024-04-09 13:46:37 #11 type] 
Type domain.RideSolicitado is not enhanced.

[2024-04-09 13:46:37 #12 type.registry] 
New type domain.viajero

[2024-04-09 13:46:37 #13 type] 
Type domain.viajero is not enhanced.

[2024-04-09 13:46:37 #14 type.registry] 
New type java.util.Vector<java.lang.Object>

[2024-04-09 13:46:37 #15 type.registry] 
New type java.util.ArrayList<java.lang.Object>

[2024-04-09 13:46:37 #16 type.registry] 
New type java.util.Vector<domain.Ride>

[2024-04-09 13:46:37 #17 type.registry] 
New type java.util.Vector<domain.RideSolicitado>

------------------------------------------------------------------------------------------------------------------------

[2024-04-09 14:05:31 #1 store] 
Database 'C:\Users\user\OneDrive - UPV EHU\Escritorio\workspace-2\Rides24\src\main\resources\rides.temp' is opened by 14112@LAPTOP-C5O8HU11

[2024-04-09 14:05:31 #2 type.registry] 
New type domain.Driver

[2024-04-09 14:05:31 #3 type] 
Type domain.Driver is not enhanced.

[2024-04-09 14:05:31 #4 type.registry] 
New type domain.Viajecompuesto

[2024-04-09 14:05:31 #5 type.registry] 
New type java.util.ArrayList<domain.Viajecompuesto>

[2024-04-09 14:05:31 #6 type.registry] 
New type domain.Ride

[2024-04-09 14:05:31 #7 type.registry] 
New type domain.RideSolicitado

[2024-04-09 14:05:31 #8 type] 
Type domain.Viajecompuesto is not enhanced.

[2024-04-09 14:05:31 #9 type.registry] 
New type java.util.LinkedList<domain.Ride>

[2024-04-09 14:05:31 #10 type] 
Type domain.Ride is not enhanced.

[2024-04-09 14:05:31 #11 type] 
Type domain.RideSolicitado is not enhanced.

[2024-04-09 14:05:31 #12 type.registry] 
New type domain.viajero

[2024-04-09 14:05:31 #13 type] 
Type domain.viajero is not enhanced.

[2024-04-09 14:05:31 #14 type.registry] 
New type java.util.Vector<java.lang.Object>

[2024-04-09 14:05:31 #15 type.registry] 
New type java.util.ArrayList<java.lang.Object>

[2024-04-09 14:05:31 #16 type.registry] 
New type java.util.Vector<domain.Ride>

[2024-04-09 14:05:31 #17 type.registry] 
New type java.util.Vector<domain.RideSolicitado>

------------------------------------------------------------------------------------------------------------------------

[2024-04-09 14:13:47 #1 store] 
Database 'C:\Users\user\OneDrive - UPV EHU\Escritorio\workspace-2\Rides24\src\main\resources\rides.temp' is opened by 17620@LAPTOP-C5O8HU11

[2024-04-09 14:13:48 #2 type.registry] 
New type domain.Driver

[2024-04-09 14:13:48 #3 type] 
Type domain.Driver is not enhanced.

[2024-04-09 14:13:48 #4 type.registry] 
New type domain.Viajecompuesto

[2024-04-09 14:13:48 #5 type.registry] 
New type java.util.ArrayList<domain.Viajecompuesto>

[2024-04-09 14:13:48 #6 type.registry] 
New type domain.Ride

[2024-04-09 14:13:48 #7 type.registry] 
New type domain.RideSolicitado

[2024-04-09 14:13:48 #8 type] 
Type domain.Viajecompuesto is not enhanced.

[2024-04-09 14:13:48 #9 type.registry] 
New type java.util.LinkedList<domain.Ride>

[2024-04-09 14:13:48 #10 type] 
Type domain.Ride is not enhanced.

[2024-04-09 14:13:48 #11 type] 
Type domain.RideSolicitado is not enhanced.

[2024-04-09 14:13:48 #12 type.registry] 
New type domain.viajero

[2024-04-09 14:13:48 #13 type] 
Type domain.viajero is not enhanced.

[2024-04-09 14:13:48 #14 type.registry] 
New type java.util.Vector<java.lang.Object>

[2024-04-09 14:13:48 #15 type.registry] 
New type java.util.ArrayList<java.lang.Object>

[2024-04-09 14:13:48 #16 type.registry] 
New type java.util.Vector<domain.Ride>

[2024-04-09 14:13:48 #17 type.registry] 
New type java.util.Vector<domain.RideSolicitado>

------------------------------------------------------------------------------------------------------------------------

[2024-04-09 14:20:22 #1 store] 
Database 'C:\Users\user\OneDrive - UPV EHU\Escritorio\workspace-2\Rides24\src\main\resources\rides.temp' is opened by 16016@LAPTOP-C5O8HU11

[2024-04-09 14:20:22 #2 type.registry] 
New type domain.Driver

[2024-04-09 14:20:22 #3 type] 
Type domain.Driver is not enhanced.

[2024-04-09 14:20:22 #4 type.registry] 
New type domain.Viajecompuesto

[2024-04-09 14:20:22 #5 type.registry] 
New type java.util.ArrayList<domain.Viajecompuesto>

[2024-04-09 14:20:22 #6 type.registry] 
New type domain.Ride

[2024-04-09 14:20:22 #7 type.registry] 
New type domain.RideSolicitado

[2024-04-09 14:20:22 #8 type] 
Type domain.Viajecompuesto is not enhanced.

[2024-04-09 14:20:22 #9 type.registry] 
New type java.util.LinkedList<domain.Ride>

[2024-04-09 14:20:22 #10 type] 
Type domain.Ride is not enhanced.

[2024-04-09 14:20:22 #11 type] 
Type domain.RideSolicitado is not enhanced.

[2024-04-09 14:20:22 #12 type.registry] 
New type domain.viajero

[2024-04-09 14:20:22 #13 type] 
Type domain.viajero is not enhanced.

[2024-04-09 14:20:22 #14 type.registry] 
New type java.util.Vector<java.lang.Object>

[2024-04-09 14:20:22 #15 type.registry] 
New type java.util.ArrayList<java.lang.Object>

[2024-04-09 14:20:22 #16 type.registry] 
New type java.util.Vector<domain.Ride>

[2024-04-09 14:20:22 #17 type.registry] 
New type java.util.Vector<domain.RideSolicitado>

------------------------------------------------------------------------------------------------------------------------

[2024-04-09 14:26:16 #1 store] 
Database 'C:\Users\user\OneDrive - UPV EHU\Escritorio\workspace-2\Rides24\src\main\resources\rides.temp' is opened by 1236@LAPTOP-C5O8HU11

[2024-04-09 14:26:16 #2 type.registry] 
New type domain.Driver

[2024-04-09 14:26:16 #3 type] 
Type domain.Driver is not enhanced.

[2024-04-09 14:26:16 #4 type.registry] 
New type domain.Viajecompuesto

[2024-04-09 14:26:16 #5 type.registry] 
New type java.util.ArrayList<domain.Viajecompuesto>

[2024-04-09 14:26:16 #6 type.registry] 
New type domain.Ride

[2024-04-09 14:26:16 #7 type.registry] 
New type domain.RideSolicitado

[2024-04-09 14:26:16 #8 type] 
Type domain.Viajecompuesto is not enhanced.

[2024-04-09 14:26:16 #9 type.registry] 
New type java.util.LinkedList<domain.Ride>

[2024-04-09 14:26:16 #10 type] 
Type domain.Ride is not enhanced.

[2024-04-09 14:26:16 #11 type] 
Type domain.RideSolicitado is not enhanced.

[2024-04-09 14:26:16 #12 type.registry] 
New type domain.viajero

[2024-04-09 14:26:16 #13 type] 
Type domain.viajero is not enhanced.

[2024-04-09 14:26:16 #14 type.registry] 
New type java.util.Vector<java.lang.Object>

[2024-04-09 14:26:16 #15 type.registry] 
New type java.util.ArrayList<java.lang.Object>

[2024-04-09 14:26:16 #16 type.registry] 
New type java.util.Vector<domain.Ride>

[2024-04-09 14:26:16 #17 type.registry] 
New type java.util.Vector<domain.RideSolicitado>

------------------------------------------------------------------------------------------------------------------------

[2024-04-09 14:27:17 #1 store] 
Database 'C:\Users\user\OneDrive - UPV EHU\Escritorio\workspace-2\Rides24\src\main\resources\rides.temp' is opened by 18992@LAPTOP-C5O8HU11

[2024-04-09 14:27:18 #2 type.registry] 
New type domain.Driver

[2024-04-09 14:27:18 #3 type] 
Type domain.Driver is not enhanced.

[2024-04-09 14:27:18 #4 type.registry] 
New type domain.Viajecompuesto

[2024-04-09 14:27:18 #5 type.registry] 
New type java.util.ArrayList<domain.Viajecompuesto>

[2024-04-09 14:27:18 #6 type.registry] 
New type domain.Ride

[2024-04-09 14:27:18 #7 type.registry] 
New type domain.RideSolicitado

[2024-04-09 14:27:18 #8 type] 
Type domain.Viajecompuesto is not enhanced.

[2024-04-09 14:27:18 #9 type.registry] 
New type java.util.LinkedList<domain.Ride>

[2024-04-09 14:27:18 #10 type] 
Type domain.Ride is not enhanced.

[2024-04-09 14:27:18 #11 type] 
Type domain.RideSolicitado is not enhanced.

[2024-04-09 14:27:18 #12 type.registry] 
New type domain.viajero

[2024-04-09 14:27:18 #13 type] 
Type domain.viajero is not enhanced.

[2024-04-09 14:27:18 #14 type.registry] 
New type java.util.Vector<java.lang.Object>

[2024-04-09 14:27:18 #15 type.registry] 
New type java.util.ArrayList<java.lang.Object>

[2024-04-09 14:27:18 #16 type.registry] 
New type java.util.Vector<domain.Ride>

[2024-04-09 14:27:18 #17 type.registry] 
New type java.util.Vector<domain.RideSolicitado>

------------------------------------------------------------------------------------------------------------------------

[2024-04-09 14:29:31 #1 store] 
Database 'C:\Users\user\OneDrive - UPV EHU\Escritorio\workspace-2\Rides24\src\main\resources\rides.temp' is opened by 1048@LAPTOP-C5O8HU11

[2024-04-09 14:29:31 #2 type.registry] 
New type domain.Driver

[2024-04-09 14:29:31 #3 type] 
Type domain.Driver is not enhanced.

[2024-04-09 14:29:31 #4 type.registry] 
New type domain.Viajecompuesto

[2024-04-09 14:29:31 #5 type.registry] 
New type java.util.ArrayList<domain.Viajecompuesto>

[2024-04-09 14:29:31 #6 type.registry] 
New type domain.Ride

[2024-04-09 14:29:31 #7 type.registry] 
New type domain.RideSolicitado

[2024-04-09 14:29:31 #8 type] 
Type domain.Viajecompuesto is not enhanced.

[2024-04-09 14:29:31 #9 type.registry] 
New type java.util.LinkedList<domain.Ride>

[2024-04-09 14:29:31 #10 type] 
Type domain.Ride is not enhanced.

[2024-04-09 14:29:31 #11 type] 
Type domain.RideSolicitado is not enhanced.

[2024-04-09 14:29:31 #12 type.registry] 
New type domain.viajero

[2024-04-09 14:29:31 #13 type] 
Type domain.viajero is not enhanced.

[2024-04-09 14:29:31 #14 type.registry] 
New type java.util.Vector<java.lang.Object>

[2024-04-09 14:29:31 #15 type.registry] 
New type java.util.ArrayList<java.lang.Object>

[2024-04-09 14:29:31 #16 type.registry] 
New type java.util.Vector<domain.Ride>

[2024-04-09 14:29:31 #17 type.registry] 
New type java.util.Vector<domain.RideSolicitado>

------------------------------------------------------------------------------------------------------------------------

[2024-04-09 14:32:22 #1 store] 
Database 'C:\Users\user\OneDrive - UPV EHU\Escritorio\workspace-2\Rides24\src\main\resources\rides.temp' is opened by 15628@LAPTOP-C5O8HU11

[2024-04-09 14:32:22 #2 type.registry] 
New type domain.Driver

[2024-04-09 14:32:22 #3 type] 
Type domain.Driver is not enhanced.

[2024-04-09 14:32:22 #4 type.registry] 
New type domain.Viajecompuesto

[2024-04-09 14:32:22 #5 type.registry] 
New type java.util.ArrayList<domain.Viajecompuesto>

[2024-04-09 14:32:22 #6 type.registry] 
New type domain.Ride

[2024-04-09 14:32:22 #7 type.registry] 
New type domain.RideSolicitado

[2024-04-09 14:32:22 #8 type] 
Type domain.Viajecompuesto is not enhanced.

[2024-04-09 14:32:22 #9 type.registry] 
New type java.util.LinkedList<domain.Ride>

[2024-04-09 14:32:22 #10 type] 
Type domain.Ride is not enhanced.

[2024-04-09 14:32:22 #11 type] 
Type domain.RideSolicitado is not enhanced.

[2024-04-09 14:32:22 #12 type.registry] 
New type domain.viajero

[2024-04-09 14:32:22 #13 type] 
Type domain.viajero is not enhanced.

[2024-04-09 14:32:22 #14 type.registry] 
New type java.util.Vector<java.lang.Object>

[2024-04-09 14:32:22 #15 type.registry] 
New type java.util.ArrayList<java.lang.Object>

[2024-04-09 14:32:22 #16 type.registry] 
New type java.util.Vector<domain.Ride>

[2024-04-09 14:32:22 #17 type.registry] 
New type java.util.Vector<domain.RideSolicitado>

------------------------------------------------------------------------------------------------------------------------

[2024-04-09 14:44:26 #1 store] 
Database 'C:\Users\user\OneDrive - UPV EHU\Escritorio\workspace-2\Rides24\src\main\resources\rides.temp' is opened by 14492@LAPTOP-C5O8HU11

[2024-04-09 14:44:26 #2 type.registry] 
New type domain.Driver

[2024-04-09 14:44:26 #3 type] 
Type domain.Driver is not enhanced.

[2024-04-09 14:44:26 #4 type.registry] 
New type domain.Viajecompuesto

[2024-04-09 14:44:26 #5 type.registry] 
New type java.util.ArrayList<domain.Viajecompuesto>

[2024-04-09 14:44:26 #6 type.registry] 
New type domain.Ride

[2024-04-09 14:44:26 #7 type.registry] 
New type domain.RideSolicitado

[2024-04-09 14:44:26 #8 type] 
Type domain.Viajecompuesto is not enhanced.

[2024-04-09 14:44:26 #9 type.registry] 
New type java.util.LinkedList<domain.Ride>

[2024-04-09 14:44:26 #10 type] 
Type domain.Ride is not enhanced.

[2024-04-09 14:44:26 #11 type] 
Type domain.RideSolicitado is not enhanced.

[2024-04-09 14:44:26 #12 type.registry] 
New type domain.viajero

[2024-04-09 14:44:26 #13 type] 
Type domain.viajero is not enhanced.

[2024-04-09 14:44:26 #14 type.registry] 
New type java.util.Vector<java.lang.Object>

[2024-04-09 14:44:26 #15 type.registry] 
New type java.util.ArrayList<java.lang.Object>

[2024-04-09 14:44:26 #16 type.registry] 
New type java.util.Vector<domain.Ride>

[2024-04-09 14:44:26 #17 type.registry] 
New type java.util.Vector<domain.RideSolicitado>

------------------------------------------------------------------------------------------------------------------------

[2024-04-09 14:47:11 #1 store] 
Database 'C:\Users\user\OneDrive - UPV EHU\Escritorio\workspace-2\Rides24\src\main\resources\rides.temp' is opened by 18464@LAPTOP-C5O8HU11

[2024-04-09 14:47:11 #2 type.registry] 
New type domain.Driver

[2024-04-09 14:47:11 #3 type] 
Type domain.Driver is not enhanced.

[2024-04-09 14:47:11 #4 type.registry] 
New type domain.Viajecompuesto

[2024-04-09 14:47:11 #5 type.registry] 
New type java.util.ArrayList<domain.Viajecompuesto>

[2024-04-09 14:47:11 #6 type.registry] 
New type domain.Ride

[2024-04-09 14:47:11 #7 type.registry] 
New type domain.RideSolicitado

[2024-04-09 14:47:11 #8 type] 
Type domain.Viajecompuesto is not enhanced.

[2024-04-09 14:47:11 #9 type.registry] 
New type java.util.LinkedList<domain.Ride>

[2024-04-09 14:47:11 #10 type] 
Type domain.Ride is not enhanced.

[2024-04-09 14:47:11 #11 type] 
Type domain.RideSolicitado is not enhanced.

[2024-04-09 14:47:11 #12 type.registry] 
New type domain.viajero

[2024-04-09 14:47:11 #13 type] 
Type domain.viajero is not enhanced.

[2024-04-09 14:47:11 #14 type.registry] 
New type java.util.Vector<java.lang.Object>

[2024-04-09 14:47:11 #15 type.registry] 
New type java.util.ArrayList<java.lang.Object>

[2024-04-09 14:47:11 #16 type.registry] 
New type java.util.Vector<domain.Ride>

[2024-04-09 14:47:11 #17 type.registry] 
New type java.util.Vector<domain.RideSolicitado>

------------------------------------------------------------------------------------------------------------------------

[2024-04-09 14:47:53 #1 store] 
Database 'C:\Users\user\OneDrive - UPV EHU\Escritorio\workspace-2\Rides24\src\main\resources\rides.temp' is opened by 10716@LAPTOP-C5O8HU11

[2024-04-09 14:47:53 #2 type.registry] 
New type domain.Driver

[2024-04-09 14:47:53 #3 type] 
Type domain.Driver is not enhanced.

[2024-04-09 14:47:53 #4 type.registry] 
New type domain.Viajecompuesto

[2024-04-09 14:47:53 #5 type.registry] 
New type java.util.ArrayList<domain.Viajecompuesto>

[2024-04-09 14:47:53 #6 type.registry] 
New type domain.Ride

[2024-04-09 14:47:53 #7 type.registry] 
New type domain.RideSolicitado

[2024-04-09 14:47:53 #8 type] 
Type domain.Viajecompuesto is not enhanced.

[2024-04-09 14:47:53 #9 type.registry] 
New type java.util.LinkedList<domain.Ride>

[2024-04-09 14:47:53 #10 type] 
Type domain.Ride is not enhanced.

[2024-04-09 14:47:53 #11 type] 
Type domain.RideSolicitado is not enhanced.

[2024-04-09 14:47:53 #12 type.registry] 
New type domain.viajero

[2024-04-09 14:47:53 #13 type] 
Type domain.viajero is not enhanced.

[2024-04-09 14:47:53 #14 type.registry] 
New type java.util.Vector<java.lang.Object>

[2024-04-09 14:47:53 #15 type.registry] 
New type java.util.ArrayList<java.lang.Object>

[2024-04-09 14:47:53 #16 type.registry] 
New type java.util.Vector<domain.Ride>

[2024-04-09 14:47:53 #17 type.registry] 
New type java.util.Vector<domain.RideSolicitado>

------------------------------------------------------------------------------------------------------------------------

[2024-04-09 14:55:28 #1 store] 
Database 'C:\Users\user\OneDrive - UPV EHU\Escritorio\workspace-2\Rides24\src\main\resources\rides.temp' is opened by 13852@LAPTOP-C5O8HU11

[2024-04-09 14:55:28 #2 type.registry] 
New type domain.Driver

[2024-04-09 14:55:28 #3 type] 
Type domain.Driver is not enhanced.

[2024-04-09 14:55:28 #4 type.registry] 
New type domain.Viajecompuesto

[2024-04-09 14:55:28 #5 type.registry] 
New type java.util.ArrayList<domain.Viajecompuesto>

[2024-04-09 14:55:28 #6 type.registry] 
New type domain.Ride

[2024-04-09 14:55:28 #7 type.registry] 
New type domain.RideSolicitado

[2024-04-09 14:55:28 #8 type] 
Type domain.Viajecompuesto is not enhanced.

[2024-04-09 14:55:28 #9 type.registry] 
New type java.util.LinkedList<domain.Ride>

[2024-04-09 14:55:28 #10 type] 
Type domain.Ride is not enhanced.

[2024-04-09 14:55:28 #11 type] 
Type domain.RideSolicitado is not enhanced.

[2024-04-09 14:55:28 #12 type.registry] 
New type domain.viajero

[2024-04-09 14:55:28 #13 type] 
Type domain.viajero is not enhanced.

[2024-04-09 14:55:28 #14 type.registry] 
New type java.util.Vector<java.lang.Object>

[2024-04-09 14:55:28 #15 type.registry] 
New type java.util.ArrayList<java.lang.Object>

[2024-04-09 14:55:28 #16 type.registry] 
New type java.util.Vector<domain.Ride>

[2024-04-09 14:55:28 #17 type.registry] 
New type java.util.Vector<domain.RideSolicitado>

------------------------------------------------------------------------------------------------------------------------

[2024-04-09 14:57:01 #1 store] 
Database 'C:\Users\user\OneDrive - UPV EHU\Escritorio\workspace-2\Rides24\src\main\resources\rides.temp' is opened by 15880@LAPTOP-C5O8HU11

[2024-04-09 14:57:01 #2 type.registry] 
New type domain.Driver

[2024-04-09 14:57:01 #3 type] 
Type domain.Driver is not enhanced.

[2024-04-09 14:57:01 #4 type.registry] 
New type domain.Viajecompuesto

[2024-04-09 14:57:01 #5 type.registry] 
New type java.util.ArrayList<domain.Viajecompuesto>

[2024-04-09 14:57:01 #6 type.registry] 
New type domain.Ride

[2024-04-09 14:57:01 #7 type.registry] 
New type domain.RideSolicitado

[2024-04-09 14:57:01 #8 type] 
Type domain.Viajecompuesto is not enhanced.

[2024-04-09 14:57:01 #9 type.registry] 
New type java.util.LinkedList<domain.Ride>

[2024-04-09 14:57:01 #10 type] 
Type domain.Ride is not enhanced.

[2024-04-09 14:57:01 #11 type] 
Type domain.RideSolicitado is not enhanced.

[2024-04-09 14:57:01 #12 type.registry] 
New type domain.viajero

[2024-04-09 14:57:01 #13 type] 
Type domain.viajero is not enhanced.

[2024-04-09 14:57:01 #14 type.registry] 
New type java.util.Vector<java.lang.Object>

[2024-04-09 14:57:01 #15 type.registry] 
New type java.util.ArrayList<java.lang.Object>

[2024-04-09 14:57:01 #16 type.registry] 
New type java.util.Vector<domain.Ride>

[2024-04-09 14:57:01 #17 type.registry] 
New type java.util.Vector<domain.RideSolicitado>

------------------------------------------------------------------------------------------------------------------------

[2024-04-09 14:58:36 #1 store] 
Database 'C:\Users\user\OneDrive - UPV EHU\Escritorio\workspace-2\Rides24\src\main\resources\rides.temp' is opened by 3984@LAPTOP-C5O8HU11

[2024-04-09 14:58:37 #2 type.registry] 
New type domain.Driver

[2024-04-09 14:58:37 #3 type] 
Type domain.Driver is not enhanced.

[2024-04-09 14:58:37 #4 type.registry] 
New type domain.Viajecompuesto

[2024-04-09 14:58:37 #5 type.registry] 
New type java.util.ArrayList<domain.Viajecompuesto>

[2024-04-09 14:58:37 #6 type.registry] 
New type domain.Ride

[2024-04-09 14:58:37 #7 type.registry] 
New type domain.RideSolicitado

[2024-04-09 14:58:37 #8 type] 
Type domain.Viajecompuesto is not enhanced.

[2024-04-09 14:58:37 #9 type.registry] 
New type java.util.LinkedList<domain.Ride>

[2024-04-09 14:58:37 #10 type] 
Type domain.Ride is not enhanced.

[2024-04-09 14:58:37 #11 type] 
Type domain.RideSolicitado is not enhanced.

[2024-04-09 14:58:37 #12 type.registry] 
New type domain.viajero

[2024-04-09 14:58:37 #13 type] 
Type domain.viajero is not enhanced.

[2024-04-09 14:58:37 #14 type.registry] 
New type java.util.Vector<java.lang.Object>

[2024-04-09 14:58:37 #15 type.registry] 
New type java.util.ArrayList<java.lang.Object>

[2024-04-09 14:58:37 #16 type.registry] 
New type java.util.Vector<domain.Ride>

[2024-04-09 14:58:37 #17 type.registry] 
New type java.util.Vector<domain.RideSolicitado>

------------------------------------------------------------------------------------------------------------------------

[2024-04-09 15:01:51 #1 store] 
Database 'C:\Users\user\OneDrive - UPV EHU\Escritorio\workspace-2\Rides24\src\main\resources\rides.temp' is opened by 10012@LAPTOP-C5O8HU11

[2024-04-09 15:01:51 #2 type.registry] 
New type domain.Driver

[2024-04-09 15:01:51 #3 type] 
Type domain.Driver is not enhanced.

[2024-04-09 15:01:51 #4 type.registry] 
New type domain.Viajecompuesto

[2024-04-09 15:01:51 #5 type.registry] 
New type java.util.ArrayList<domain.Viajecompuesto>

[2024-04-09 15:01:51 #6 type.registry] 
New type domain.Ride

[2024-04-09 15:01:51 #7 type.registry] 
New type domain.RideSolicitado

[2024-04-09 15:01:51 #8 type] 
Type domain.Viajecompuesto is not enhanced.

[2024-04-09 15:01:51 #9 type.registry] 
New type java.util.LinkedList<domain.Ride>

[2024-04-09 15:01:51 #10 type] 
Type domain.Ride is not enhanced.

[2024-04-09 15:01:51 #11 type] 
Type domain.RideSolicitado is not enhanced.

[2024-04-09 15:01:51 #12 type.registry] 
New type domain.viajero

[2024-04-09 15:01:51 #13 type] 
Type domain.viajero is not enhanced.

[2024-04-09 15:01:51 #14 type.registry] 
New type java.util.Vector<java.lang.Object>

[2024-04-09 15:01:51 #15 type.registry] 
New type java.util.ArrayList<java.lang.Object>

[2024-04-09 15:01:51 #16 type.registry] 
New type java.util.Vector<domain.Ride>

[2024-04-09 15:01:51 #17 type.registry] 
New type java.util.Vector<domain.RideSolicitado>

------------------------------------------------------------------------------------------------------------------------

[2024-04-09 15:32:46 #1 store] 
Database 'C:\Users\user\OneDrive - UPV EHU\Escritorio\workspace-2\Rides24\src\main\resources\rides.temp' is opened by 1664@LAPTOP-C5O8HU11

[2024-04-09 15:32:46 #2 type.registry] 
New type domain.Driver

[2024-04-09 15:32:46 #3 type] 
Type domain.Driver is not enhanced.

[2024-04-09 15:32:46 #4 type.registry] 
New type domain.Viajecompuesto

[2024-04-09 15:32:46 #5 type.registry] 
New type java.util.ArrayList<domain.Viajecompuesto>

[2024-04-09 15:32:46 #6 type.registry] 
New type domain.Ride

[2024-04-09 15:32:46 #7 type.registry] 
New type domain.RideSolicitado

[2024-04-09 15:32:46 #8 type] 
Type domain.Viajecompuesto is not enhanced.

[2024-04-09 15:32:46 #9 type.registry] 
New type java.util.LinkedList<domain.Ride>

[2024-04-09 15:32:46 #10 type] 
Type domain.Ride is not enhanced.

[2024-04-09 15:32:46 #11 type] 
Type domain.RideSolicitado is not enhanced.

[2024-04-09 15:32:46 #12 type.registry] 
New type domain.viajero

[2024-04-09 15:32:46 #13 type] 
Type domain.viajero is not enhanced.

[2024-04-09 15:32:46 #14 type.registry] 
New type java.util.Vector<java.lang.Object>

[2024-04-09 15:32:46 #15 type.registry] 
New type java.util.ArrayList<java.lang.Object>

[2024-04-09 15:32:46 #16 type.registry] 
New type java.util.Vector<domain.Ride>

[2024-04-09 15:32:46 #17 type.registry] 
New type java.util.Vector<domain.RideSolicitado>

------------------------------------------------------------------------------------------------------------------------

[2024-04-09 15:36:51 #1 store] 
Database 'C:\Users\user\OneDrive - UPV EHU\Escritorio\workspace-2\Rides24\src\main\resources\rides.temp' is opened by 14788@LAPTOP-C5O8HU11

[2024-04-09 15:36:51 #2 type.registry] 
New type domain.Driver

[2024-04-09 15:36:51 #3 type] 
Type domain.Driver is not enhanced.

[2024-04-09 15:36:51 #4 type.registry] 
New type domain.Viajecompuesto

[2024-04-09 15:36:51 #5 type.registry] 
New type java.util.ArrayList<domain.Viajecompuesto>

[2024-04-09 15:36:51 #6 type.registry] 
New type domain.Ride

[2024-04-09 15:36:51 #7 type.registry] 
New type domain.RideSolicitado

[2024-04-09 15:36:51 #8 type] 
Type domain.Viajecompuesto is not enhanced.

[2024-04-09 15:36:51 #9 type.registry] 
New type java.util.LinkedList<domain.Ride>

[2024-04-09 15:36:51 #10 type] 
Type domain.Ride is not enhanced.

[2024-04-09 15:36:51 #11 type] 
Type domain.RideSolicitado is not enhanced.

[2024-04-09 15:36:51 #12 type.registry] 
New type domain.viajero

[2024-04-09 15:36:51 #13 type] 
Type domain.viajero is not enhanced.

[2024-04-09 15:36:51 #14 type.registry] 
New type java.util.Vector<java.lang.Object>

[2024-04-09 15:36:51 #15 type.registry] 
New type java.util.ArrayList<java.lang.Object>

[2024-04-09 15:36:51 #16 type.registry] 
New type java.util.Vector<domain.Ride>

[2024-04-09 15:36:51 #17 type.registry] 
New type java.util.Vector<domain.RideSolicitado>

------------------------------------------------------------------------------------------------------------------------

[2024-04-09 15:48:18 #1 store] 
Database 'C:\Users\user\OneDrive - UPV EHU\Escritorio\workspace-2\Rides24\src\main\resources\rides.temp' is opened by 5208@LAPTOP-C5O8HU11

[2024-04-09 15:48:18 #2 type.registry] 
New type domain.Driver

[2024-04-09 15:48:18 #3 type] 
Type domain.Driver is not enhanced.

[2024-04-09 15:48:18 #4 type.registry] 
New type domain.Viajecompuesto

[2024-04-09 15:48:18 #5 type.registry] 
New type java.util.ArrayList<domain.Viajecompuesto>

[2024-04-09 15:48:18 #6 type.registry] 
New type domain.Ride

[2024-04-09 15:48:18 #7 type.registry] 
New type domain.RideSolicitado

[2024-04-09 15:48:18 #8 type] 
Type domain.Viajecompuesto is not enhanced.

[2024-04-09 15:48:18 #9 type.registry] 
New type java.util.LinkedList<domain.Ride>

[2024-04-09 15:48:18 #10 type] 
Type domain.Ride is not enhanced.

[2024-04-09 15:48:18 #11 type] 
Type domain.RideSolicitado is not enhanced.

[2024-04-09 15:48:18 #12 type.registry] 
New type domain.viajero

[2024-04-09 15:48:18 #13 type] 
Type domain.viajero is not enhanced.

[2024-04-09 15:48:18 #14 type.registry] 
New type java.util.Vector<java.lang.Object>

[2024-04-09 15:48:18 #15 type.registry] 
New type java.util.ArrayList<java.lang.Object>

[2024-04-09 15:48:18 #16 type.registry] 
New type java.util.Vector<domain.Ride>

[2024-04-09 15:48:18 #17 type.registry] 
New type java.util.Vector<domain.RideSolicitado>

------------------------------------------------------------------------------------------------------------------------

[2024-04-09 15:51:13 #1 store] 
Database 'C:\Users\user\OneDrive - UPV EHU\Escritorio\workspace-2\Rides24\src\main\resources\rides.temp' is opened by 5424@LAPTOP-C5O8HU11

[2024-04-09 15:51:13 #2 type.registry] 
New type domain.Driver

[2024-04-09 15:51:13 #3 type] 
Type domain.Driver is not enhanced.

[2024-04-09 15:51:13 #4 type.registry] 
New type domain.Viajecompuesto

[2024-04-09 15:51:13 #5 type.registry] 
New type java.util.ArrayList<domain.Viajecompuesto>

[2024-04-09 15:51:13 #6 type.registry] 
New type domain.Ride

[2024-04-09 15:51:13 #7 type.registry] 
New type domain.RideSolicitado

[2024-04-09 15:51:13 #8 type] 
Type domain.Viajecompuesto is not enhanced.

[2024-04-09 15:51:13 #9 type.registry] 
New type java.util.LinkedList<domain.Ride>

[2024-04-09 15:51:13 #10 type] 
Type domain.Ride is not enhanced.

[2024-04-09 15:51:13 #11 type] 
Type domain.RideSolicitado is not enhanced.

[2024-04-09 15:51:13 #12 type.registry] 
New type domain.viajero

[2024-04-09 15:51:13 #13 type] 
Type domain.viajero is not enhanced.

[2024-04-09 15:51:13 #14 type.registry] 
New type java.util.Vector<java.lang.Object>

[2024-04-09 15:51:13 #15 type.registry] 
New type java.util.ArrayList<java.lang.Object>

[2024-04-09 15:51:13 #16 type.registry] 
New type java.util.Vector<domain.Ride>

[2024-04-09 15:51:13 #17 type.registry] 
New type java.util.Vector<domain.RideSolicitado>

------------------------------------------------------------------------------------------------------------------------

[2024-04-09 15:57:30 #1 store] 
Database 'C:\Users\user\OneDrive - UPV EHU\Escritorio\workspace-2\Rides24\src\main\resources\rides.temp' is opened by 14864@LAPTOP-C5O8HU11

[2024-04-09 15:57:30 #2 type.registry] 
New type domain.Driver

[2024-04-09 15:57:30 #3 type] 
Type domain.Driver is not enhanced.

[2024-04-09 15:57:30 #4 type.registry] 
New type domain.Viajecompuesto

[2024-04-09 15:57:30 #5 type.registry] 
New type java.util.ArrayList<domain.Viajecompuesto>

[2024-04-09 15:57:30 #6 type.registry] 
New type domain.Ride

[2024-04-09 15:57:30 #7 type.registry] 
New type domain.RideSolicitado

[2024-04-09 15:57:30 #8 type] 
Type domain.Viajecompuesto is not enhanced.

[2024-04-09 15:57:30 #9 type.registry] 
New type java.util.LinkedList<domain.Ride>

[2024-04-09 15:57:30 #10 type] 
Type domain.Ride is not enhanced.

[2024-04-09 15:57:30 #11 type] 
Type domain.RideSolicitado is not enhanced.

[2024-04-09 15:57:30 #12 type.registry] 
New type domain.viajero

[2024-04-09 15:57:30 #13 type] 
Type domain.viajero is not enhanced.

[2024-04-09 15:57:30 #14 type.registry] 
New type java.util.Vector<java.lang.Object>

[2024-04-09 15:57:30 #15 type.registry] 
New type java.util.ArrayList<java.lang.Object>

[2024-04-09 15:57:30 #16 type.registry] 
New type java.util.Vector<domain.Ride>

[2024-04-09 15:57:30 #17 type.registry] 
New type java.util.Vector<domain.RideSolicitado>

------------------------------------------------------------------------------------------------------------------------

[2024-04-09 16:11:09 #1 store] 
Database 'C:\Users\user\OneDrive - UPV EHU\Escritorio\workspace-2\Rides24\src\main\resources\rides.temp' is opened by 19420@LAPTOP-C5O8HU11

[2024-04-09 16:11:10 #2 type.registry] 
New type domain.Driver

[2024-04-09 16:11:10 #3 type] 
Type domain.Driver is not enhanced.

[2024-04-09 16:11:10 #4 type.registry] 
New type domain.Viajecompuesto

[2024-04-09 16:11:10 #5 type.registry] 
New type java.util.ArrayList<domain.Viajecompuesto>

[2024-04-09 16:11:10 #6 type.registry] 
New type domain.Ride

[2024-04-09 16:11:10 #7 type.registry] 
New type domain.RideSolicitado

[2024-04-09 16:11:10 #8 type] 
Type domain.Viajecompuesto is not enhanced.

[2024-04-09 16:11:10 #9 type.registry] 
New type java.util.LinkedList<domain.Ride>

[2024-04-09 16:11:10 #10 type] 
Type domain.Ride is not enhanced.

[2024-04-09 16:11:10 #11 type] 
Type domain.RideSolicitado is not enhanced.

[2024-04-09 16:11:10 #12 type.registry] 
New type domain.viajero

[2024-04-09 16:11:10 #13 type] 
Type domain.viajero is not enhanced.

[2024-04-09 16:11:10 #14 type.registry] 
New type java.util.Vector<java.lang.Object>

[2024-04-09 16:11:10 #15 type.registry] 
New type java.util.ArrayList<java.lang.Object>

[2024-04-09 16:11:10 #16 type.registry] 
New type java.util.Vector<domain.Ride>

[2024-04-09 16:11:10 #17 type.registry] 
New type java.util.Vector<domain.RideSolicitado>

------------------------------------------------------------------------------------------------------------------------

[2024-04-09 16:20:03 #1 store] 
Database 'C:\Users\user\OneDrive - UPV EHU\Escritorio\workspace-2\Rides24\src\main\resources\rides.temp' is opened by 18912@LAPTOP-C5O8HU11

[2024-04-09 16:20:03 #2 type.registry] 
New type domain.Driver

[2024-04-09 16:20:03 #3 type] 
Type domain.Driver is not enhanced.

[2024-04-09 16:20:03 #4 type.registry] 
New type domain.Viajecompuesto

[2024-04-09 16:20:03 #5 type.registry] 
New type java.util.ArrayList<domain.Viajecompuesto>

[2024-04-09 16:20:03 #6 type.registry] 
New type domain.Ride

[2024-04-09 16:20:03 #7 type.registry] 
New type domain.RideSolicitado

[2024-04-09 16:20:03 #8 type] 
Type domain.Viajecompuesto is not enhanced.

[2024-04-09 16:20:03 #9 type.registry] 
New type java.util.LinkedList<domain.Ride>

[2024-04-09 16:20:03 #10 type] 
Type domain.Ride is not enhanced.

[2024-04-09 16:20:03 #11 type] 
Type domain.RideSolicitado is not enhanced.

[2024-04-09 16:20:03 #12 type.registry] 
New type domain.viajero

[2024-04-09 16:20:03 #13 type] 
Type domain.viajero is not enhanced.

[2024-04-09 16:20:03 #14 type.registry] 
New type java.util.Vector<java.lang.Object>

[2024-04-09 16:20:03 #15 type.registry] 
New type java.util.ArrayList<java.lang.Object>

[2024-04-09 16:20:03 #16 type.registry] 
New type java.util.Vector<domain.Ride>

[2024-04-09 16:20:03 #17 type.registry] 
New type java.util.Vector<domain.RideSolicitado>

------------------------------------------------------------------------------------------------------------------------

[2024-04-09 16:34:28 #1 store] 
Database 'C:\Users\user\OneDrive - UPV EHU\Escritorio\workspace-2\Rides24\src\main\resources\rides.temp' is opened by 3824@LAPTOP-C5O8HU11

[2024-04-09 16:34:28 #2 type.registry] 
New type domain.Driver

[2024-04-09 16:34:28 #3 type] 
Type domain.Driver is not enhanced.

[2024-04-09 16:34:28 #4 type.registry] 
New type domain.Viajecompuesto

[2024-04-09 16:34:28 #5 type.registry] 
New type java.util.ArrayList<domain.Viajecompuesto>

[2024-04-09 16:34:29 #6 type.registry] 
New type domain.Ride

[2024-04-09 16:34:29 #7 type.registry] 
New type domain.RideSolicitado

[2024-04-09 16:34:29 #8 type] 
Type domain.Viajecompuesto is not enhanced.

[2024-04-09 16:34:29 #9 type.registry] 
New type java.util.LinkedList<domain.Ride>

[2024-04-09 16:34:29 #10 type] 
Type domain.Ride is not enhanced.

[2024-04-09 16:34:29 #11 type] 
Type domain.RideSolicitado is not enhanced.

[2024-04-09 16:34:29 #12 type.registry] 
New type domain.viajero

[2024-04-09 16:34:29 #13 type] 
Type domain.viajero is not enhanced.

[2024-04-09 16:34:29 #14 type.registry] 
New type java.util.Vector<java.lang.Object>

[2024-04-09 16:34:29 #15 type.registry] 
New type java.util.ArrayList<java.lang.Object>

[2024-04-09 16:34:29 #16 type.registry] 
New type java.util.Vector<domain.Ride>

[2024-04-09 16:34:29 #17 type.registry] 
New type java.util.Vector<domain.RideSolicitado>

------------------------------------------------------------------------------------------------------------------------

[2024-04-09 16:50:53 #1 store] 
Database 'C:\Users\user\OneDrive - UPV EHU\Escritorio\workspace-2\Rides24\src\main\resources\rides.temp' is opened by 19592@LAPTOP-C5O8HU11

[2024-04-09 16:50:53 #2 type.registry] 
New type domain.Driver

[2024-04-09 16:50:53 #3 type] 
Type domain.Driver is not enhanced.

[2024-04-09 16:50:53 #4 type.registry] 
New type domain.Viajecompuesto

[2024-04-09 16:50:53 #5 type.registry] 
New type java.util.ArrayList<domain.Viajecompuesto>

[2024-04-09 16:50:53 #6 type.registry] 
New type domain.Ride

[2024-04-09 16:50:53 #7 type.registry] 
New type domain.RideSolicitado

[2024-04-09 16:50:53 #8 type] 
Type domain.Viajecompuesto is not enhanced.

[2024-04-09 16:50:53 #9 type.registry] 
New type java.util.LinkedList<domain.Ride>

[2024-04-09 16:50:53 #10 type] 
Type domain.Ride is not enhanced.

[2024-04-09 16:50:53 #11 type] 
Type domain.RideSolicitado is not enhanced.

[2024-04-09 16:50:53 #12 type.registry] 
New type domain.viajero

[2024-04-09 16:50:53 #13 type] 
Type domain.viajero is not enhanced.

[2024-04-09 16:50:53 #14 type.registry] 
New type java.util.Vector<java.lang.Object>

[2024-04-09 16:50:53 #15 type.registry] 
New type java.util.ArrayList<java.lang.Object>

[2024-04-09 16:50:53 #16 type.registry] 
New type java.util.Vector<domain.Ride>

[2024-04-09 16:50:53 #17 type.registry] 
New type java.util.Vector<domain.RideSolicitado>

------------------------------------------------------------------------------------------------------------------------

[2024-04-09 17:13:26 #1 store] 
Database 'C:\Users\user\OneDrive - UPV EHU\Escritorio\workspace-2\Rides24\src\main\resources\rides.temp' is opened by 17092@LAPTOP-C5O8HU11

[2024-04-09 17:13:27 #2 type.registry] 
New type domain.Driver

[2024-04-09 17:13:27 #3 type] 
Type domain.Driver is not enhanced.

[2024-04-09 17:13:27 #4 type.registry] 
New type domain.Viajecompuesto

[2024-04-09 17:13:27 #5 type.registry] 
New type java.util.ArrayList<domain.Viajecompuesto>

[2024-04-09 17:13:27 #6 type.registry] 
New type domain.Ride

[2024-04-09 17:13:27 #7 type.registry] 
New type domain.RideSolicitado

[2024-04-09 17:13:27 #8 type] 
Type domain.Viajecompuesto is not enhanced.

[2024-04-09 17:13:27 #9 type.registry] 
New type java.util.LinkedList<domain.Ride>

[2024-04-09 17:13:27 #10 type] 
Type domain.Ride is not enhanced.

[2024-04-09 17:13:27 #11 type] 
Type domain.RideSolicitado is not enhanced.

[2024-04-09 17:13:27 #12 type.registry] 
New type domain.viajero

[2024-04-09 17:13:27 #13 type] 
Type domain.viajero is not enhanced.

[2024-04-09 17:13:27 #14 type.registry] 
New type java.util.Vector<java.lang.Object>

[2024-04-09 17:13:27 #15 type.registry] 
New type java.util.ArrayList<java.lang.Object>

[2024-04-09 17:13:27 #16 type.registry] 
New type java.util.Vector<domain.Ride>

[2024-04-09 17:13:27 #17 type.registry] 
New type java.util.Vector<domain.RideSolicitado>

------------------------------------------------------------------------------------------------------------------------

[2024-04-09 21:17:45 #1 store] 
Database 'C:\Users\user\OneDrive - UPV EHU\Escritorio\workspace-2\Rides24\src\main\resources\rides.temp' is opened by 3676@LAPTOP-C5O8HU11

[2024-04-09 21:17:45 #2 type.registry] 
New type domain.Driver

[2024-04-09 21:17:45 #3 type] 
Type domain.Driver is not enhanced.

[2024-04-09 21:17:45 #4 type.registry] 
New type domain.Viajecompuesto

[2024-04-09 21:17:45 #5 type.registry] 
New type java.util.ArrayList<domain.Viajecompuesto>

[2024-04-09 21:17:45 #6 type.registry] 
New type domain.Ride

[2024-04-09 21:17:45 #7 type.registry] 
New type domain.RideSolicitado

[2024-04-09 21:17:45 #8 type] 
Type domain.Viajecompuesto is not enhanced.

[2024-04-09 21:17:45 #9 type.registry] 
New type java.util.LinkedList<domain.Ride>

[2024-04-09 21:17:45 #10 type] 
Type domain.Ride is not enhanced.

[2024-04-09 21:17:45 #11 type] 
Type domain.RideSolicitado is not enhanced.

[2024-04-09 21:17:45 #12 type.registry] 
New type domain.viajero

[2024-04-09 21:17:45 #13 type] 
Type domain.viajero is not enhanced.

[2024-04-09 21:17:45 #14 type.registry] 
New type java.util.Vector<java.lang.Object>

[2024-04-09 21:17:45 #15 type.registry] 
New type java.util.ArrayList<java.lang.Object>

[2024-04-09 21:17:45 #16 type.registry] 
New type java.util.Vector<domain.Ride>

[2024-04-09 21:17:45 #17 type.registry] 
New type java.util.Vector<domain.RideSolicitado>

------------------------------------------------------------------------------------------------------------------------

[2024-04-09 21:22:27 #1 store] 
Database 'C:\Users\user\OneDrive - UPV EHU\Escritorio\workspace-2\Rides24\src\main\resources\rides.temp' is opened by 16488@LAPTOP-C5O8HU11

[2024-04-09 21:22:28 #2 type.registry] 
New type domain.Driver

[2024-04-09 21:22:28 #3 type] 
Type domain.Driver is not enhanced.

[2024-04-09 21:22:28 #4 type.registry] 
New type domain.Viajecompuesto

[2024-04-09 21:22:28 #5 type.registry] 
New type java.util.ArrayList<domain.Viajecompuesto>

[2024-04-09 21:22:28 #6 type.registry] 
New type domain.Ride

[2024-04-09 21:22:28 #7 type.registry] 
New type domain.RideSolicitado

[2024-04-09 21:22:28 #8 type] 
Type domain.Viajecompuesto is not enhanced.

[2024-04-09 21:22:28 #9 type.registry] 
New type java.util.LinkedList<domain.Ride>

[2024-04-09 21:22:28 #10 type] 
Type domain.Ride is not enhanced.

[2024-04-09 21:22:28 #11 type] 
Type domain.RideSolicitado is not enhanced.

[2024-04-09 21:22:28 #12 type.registry] 
New type domain.viajero

[2024-04-09 21:22:28 #13 type] 
Type domain.viajero is not enhanced.

[2024-04-09 21:22:28 #14 type.registry] 
New type java.util.Vector<java.lang.Object>

[2024-04-09 21:22:28 #15 type.registry] 
New type java.util.ArrayList<java.lang.Object>

[2024-04-09 21:22:28 #16 type.registry] 
New type java.util.Vector<domain.Ride>

[2024-04-09 21:22:28 #17 type.registry] 
New type java.util.Vector<domain.RideSolicitado>

------------------------------------------------------------------------------------------------------------------------

[2024-04-09 21:22:34 #1 store] 
Database 'C:\Users\user\OneDrive - UPV EHU\Escritorio\workspace-2\Rides24\src\main\resources\rides.temp' is opened by 8900@LAPTOP-C5O8HU11

[2024-04-09 21:22:35 #2 type.registry] 
New type domain.Driver

[2024-04-09 21:22:35 #3 type] 
Type domain.Driver is not enhanced.

[2024-04-09 21:22:35 #4 type.registry] 
New type domain.Viajecompuesto

[2024-04-09 21:22:35 #5 type.registry] 
New type java.util.ArrayList<domain.Viajecompuesto>

[2024-04-09 21:22:35 #6 type.registry] 
New type domain.Ride

[2024-04-09 21:22:35 #7 type.registry] 
New type domain.RideSolicitado

[2024-04-09 21:22:35 #8 type] 
Type domain.Viajecompuesto is not enhanced.

[2024-04-09 21:22:35 #9 type.registry] 
New type java.util.LinkedList<domain.Ride>

[2024-04-09 21:22:35 #10 type] 
Type domain.Ride is not enhanced.

[2024-04-09 21:22:35 #11 type] 
Type domain.RideSolicitado is not enhanced.

[2024-04-09 21:22:35 #12 type.registry] 
New type domain.viajero

[2024-04-09 21:22:35 #13 type] 
Type domain.viajero is not enhanced.

[2024-04-09 21:22:35 #14 type.registry] 
New type java.util.Vector<java.lang.Object>

[2024-04-09 21:22:35 #15 type.registry] 
New type java.util.ArrayList<java.lang.Object>

[2024-04-09 21:22:35 #16 type.registry] 
New type java.util.Vector<domain.Ride>

[2024-04-09 21:22:35 #17 type.registry] 
New type java.util.Vector<domain.RideSolicitado>

