------------------------------------------------------------------------------------------------------------------------

[2024-05-09 09:53:37 #1 store] 
Database 'C:\Users\user\OneDrive - UPV EHU\Escritorio\workspace-2\Rides24\src\main\resources\rides.temp' is opened by 15856@LAPTOP-C5O8HU11

[2024-05-09 09:53:37 #2 type.registry] 
New type domain.user

[2024-05-09 09:53:37 #3 type.registry] 
New type domain.Driver

[2024-05-09 09:53:37 #4 type] 
Type domain.user is not enhanced.

[2024-05-09 09:53:37 #5 type] 
Type domain.Driver is not enhanced.

[2024-05-09 09:53:37 #6 type.registry] 
New type domain.Viajecompuesto

[2024-05-09 09:53:37 #7 type.registry] 
New type java.util.ArrayList<domain.Viajecompuesto>

[2024-05-09 09:53:37 #8 type.registry] 
New type domain.Ride

[2024-05-09 09:53:37 #9 type.registry] 
New type domain.RideSolicitado

[2024-05-09 09:53:37 #10 type] 
Type domain.Viajecompuesto is not enhanced.

[2024-05-09 09:53:37 #11 type.registry] 
New type java.util.ArrayList<java.lang.String>

[2024-05-09 09:53:37 #12 type.registry] 
New type java.util.LinkedList<domain.Ride>

[2024-05-09 09:53:37 #13 type] 
Type domain.Ride is not enhanced.

[2024-05-09 09:53:37 #14 type] 
Type domain.RideSolicitado is not enhanced.

[2024-05-09 09:53:37 #15 type.registry] 
New type domain.viajero

[2024-05-09 09:53:37 #16 type] 
Type domain.viajero is not enhanced.

[2024-05-09 09:53:37 #17 type.registry] 
New type java.util.Vector<java.lang.Object>

[2024-05-09 09:53:37 #18 type.registry] 
New type java.util.ArrayList<java.lang.Object>

[2024-05-09 09:53:37 #19 type.registry] 
New type java.util.Vector<domain.Ride>

[2024-05-09 09:53:37 #20 type.registry] 
New type java.util.Vector<domain.RideSolicitado>

[2024-05-09 09:56:00 #21 type.registry] 
New type domain.Factura

[2024-05-09 09:56:00 #22 type] 
Type domain.Factura is not enhanced.

[2024-05-09 09:56:34 #23 type.registry] 
New type domain.Rese単as

[2024-05-09 09:56:34 #24 type] 
Type domain.Rese単as is not enhanced.

------------------------------------------------------------------------------------------------------------------------

[2024-05-09 10:01:02 #1 store] 
Database 'C:\Users\user\OneDrive - UPV EHU\Escritorio\workspace-2\Rides24\src\main\resources\rides.temp' is opened by 19232@LAPTOP-C5O8HU11

[2024-05-09 10:01:02 #2 type.registry] 
New type domain.user

[2024-05-09 10:01:02 #3 type.registry] 
New type domain.Driver

[2024-05-09 10:01:02 #4 type] 
Type domain.user is not enhanced.

[2024-05-09 10:01:02 #5 type] 
Type domain.Driver is not enhanced.

[2024-05-09 10:01:02 #6 type.registry] 
New type domain.Viajecompuesto

[2024-05-09 10:01:02 #7 type.registry] 
New type java.util.ArrayList<domain.Viajecompuesto>

[2024-05-09 10:01:02 #8 type.registry] 
New type domain.Ride

[2024-05-09 10:01:02 #9 type.registry] 
New type domain.RideSolicitado

[2024-05-09 10:01:02 #10 type] 
Type domain.Viajecompuesto is not enhanced.

[2024-05-09 10:01:02 #11 type.registry] 
New type java.util.ArrayList<java.lang.String>

[2024-05-09 10:01:02 #12 type.registry] 
New type java.util.LinkedList<domain.Ride>

[2024-05-09 10:01:02 #13 type] 
Type domain.Ride is not enhanced.

[2024-05-09 10:01:02 #14 type] 
Type domain.RideSolicitado is not enhanced.

[2024-05-09 10:01:02 #15 type.registry] 
New type domain.viajero

[2024-05-09 10:01:02 #16 type] 
Type domain.viajero is not enhanced.

[2024-05-09 10:01:02 #17 type.registry] 
New type java.util.Vector<java.lang.Object>

[2024-05-09 10:01:02 #18 type.registry] 
New type java.util.ArrayList<java.lang.Object>

[2024-05-09 10:01:02 #19 type.registry] 
New type java.util.Vector<domain.Ride>

[2024-05-09 10:01:02 #20 type.registry] 
New type java.util.Vector<domain.RideSolicitado>

[2024-05-09 10:03:20 #21 type.registry] 
New type domain.Factura

[2024-05-09 10:03:20 #22 type] 
Type domain.Factura is not enhanced.

------------------------------------------------------------------------------------------------------------------------

[2024-05-09 10:09:13 #1 store] 
Database 'C:\Users\user\OneDrive - UPV EHU\Escritorio\workspace-2\Rides24\src\main\resources\rides.temp' is opened by 8212@LAPTOP-C5O8HU11

[2024-05-09 10:09:13 #2 type.registry] 
New type domain.user

[2024-05-09 10:09:13 #3 type.registry] 
New type domain.Driver

[2024-05-09 10:09:13 #4 type] 
Type domain.user is not enhanced.

[2024-05-09 10:09:13 #5 type] 
Type domain.Driver is not enhanced.

[2024-05-09 10:09:13 #6 type.registry] 
New type domain.Viajecompuesto

[2024-05-09 10:09:13 #7 type.registry] 
New type java.util.ArrayList<domain.Viajecompuesto>

[2024-05-09 10:09:13 #8 type.registry] 
New type domain.Ride

[2024-05-09 10:09:13 #9 type.registry] 
New type domain.RideSolicitado

[2024-05-09 10:09:13 #10 type] 
Type domain.Viajecompuesto is not enhanced.

[2024-05-09 10:09:13 #11 type.registry] 
New type java.util.ArrayList<java.lang.String>

[2024-05-09 10:09:13 #12 type.registry] 
New type java.util.LinkedList<domain.Ride>

[2024-05-09 10:09:13 #13 type] 
Type domain.Ride is not enhanced.

[2024-05-09 10:09:13 #14 type] 
Type domain.RideSolicitado is not enhanced.

[2024-05-09 10:09:13 #15 type.registry] 
New type domain.viajero

[2024-05-09 10:09:13 #16 type] 
Type domain.viajero is not enhanced.

[2024-05-09 10:09:13 #17 type.registry] 
New type java.util.Vector<java.lang.Object>

[2024-05-09 10:09:13 #18 type.registry] 
New type java.util.ArrayList<java.lang.Object>

[2024-05-09 10:09:13 #19 type.registry] 
New type java.util.Vector<domain.Ride>

[2024-05-09 10:09:13 #20 type.registry] 
New type java.util.Vector<domain.RideSolicitado>

[2024-05-09 10:12:15 #21 type.registry] 
New type domain.Factura

[2024-05-09 10:12:15 #22 type] 
Type domain.Factura is not enhanced.

[2024-05-09 10:15:56 #23 type.registry] 
New type domain.Rese単as

[2024-05-09 10:15:56 #24 type] 
Type domain.Rese単as is not enhanced.

------------------------------------------------------------------------------------------------------------------------

[2024-05-09 10:17:25 #1 store] 
Database 'C:\Users\user\OneDrive - UPV EHU\Escritorio\workspace-2\Rides24\src\main\resources\rides.temp' is opened by 1840@LAPTOP-C5O8HU11

[2024-05-09 10:17:25 #2 type.registry] 
New type domain.user

[2024-05-09 10:17:25 #3 type.registry] 
New type domain.Driver

[2024-05-09 10:17:25 #4 type] 
Type domain.user is not enhanced.

[2024-05-09 10:17:25 #5 type] 
Type domain.Driver is not enhanced.

[2024-05-09 10:17:25 #6 type.registry] 
New type domain.Viajecompuesto

[2024-05-09 10:17:25 #7 type.registry] 
New type java.util.ArrayList<domain.Viajecompuesto>

[2024-05-09 10:17:25 #8 type.registry] 
New type domain.Ride

[2024-05-09 10:17:25 #9 type.registry] 
New type domain.RideSolicitado

[2024-05-09 10:17:25 #10 type] 
Type domain.Viajecompuesto is not enhanced.

[2024-05-09 10:17:25 #11 type.registry] 
New type java.util.ArrayList<java.lang.String>

[2024-05-09 10:17:25 #12 type.registry] 
New type java.util.LinkedList<domain.Ride>

[2024-05-09 10:17:25 #13 type] 
Type domain.Ride is not enhanced.

[2024-05-09 10:17:25 #14 type] 
Type domain.RideSolicitado is not enhanced.

[2024-05-09 10:17:25 #15 type.registry] 
New type domain.viajero

[2024-05-09 10:17:25 #16 type] 
Type domain.viajero is not enhanced.

[2024-05-09 10:17:25 #17 type.registry] 
New type java.util.Vector<java.lang.Object>

[2024-05-09 10:17:25 #18 type.registry] 
New type java.util.ArrayList<java.lang.Object>

[2024-05-09 10:17:25 #19 type.registry] 
New type java.util.Vector<domain.Ride>

[2024-05-09 10:17:25 #20 type.registry] 
New type java.util.Vector<domain.RideSolicitado>

[2024-05-09 10:20:41 #21 type.registry] 
New type domain.Factura

[2024-05-09 10:20:41 #22 type] 
Type domain.Factura is not enhanced.

------------------------------------------------------------------------------------------------------------------------

[2024-05-09 10:36:41 #1 store] 
Database 'C:\Users\user\OneDrive - UPV EHU\Escritorio\workspace-2\Rides24\src\main\resources\rides.temp' is opened by 20012@LAPTOP-C5O8HU11

[2024-05-09 10:36:41 #2 type.registry] 
New type domain.user

[2024-05-09 10:36:41 #3 type.registry] 
New type domain.Driver

[2024-05-09 10:36:41 #4 type] 
Type domain.user is not enhanced.

[2024-05-09 10:36:41 #5 type] 
Type domain.Driver is not enhanced.

[2024-05-09 10:36:41 #6 type.registry] 
New type domain.Viajecompuesto

[2024-05-09 10:36:41 #7 type.registry] 
New type java.util.ArrayList<domain.Viajecompuesto>

[2024-05-09 10:36:41 #8 type.registry] 
New type domain.Ride

[2024-05-09 10:36:41 #9 type.registry] 
New type domain.RideSolicitado

[2024-05-09 10:36:41 #10 type] 
Type domain.Viajecompuesto is not enhanced.

[2024-05-09 10:36:41 #11 type.registry] 
New type java.util.ArrayList<java.lang.String>

[2024-05-09 10:36:41 #12 type.registry] 
New type java.util.LinkedList<domain.Ride>

[2024-05-09 10:36:41 #13 type] 
Type domain.Ride is not enhanced.

[2024-05-09 10:36:41 #14 type] 
Type domain.RideSolicitado is not enhanced.

[2024-05-09 10:36:41 #15 type.registry] 
New type domain.viajero

[2024-05-09 10:36:41 #16 type] 
Type domain.viajero is not enhanced.

[2024-05-09 10:36:41 #17 type.registry] 
New type java.util.Vector<java.lang.Object>

[2024-05-09 10:36:41 #18 type.registry] 
New type java.util.ArrayList<java.lang.Object>

[2024-05-09 10:36:41 #19 type.registry] 
New type java.util.Vector<domain.Ride>

[2024-05-09 10:36:41 #20 type.registry] 
New type java.util.Vector<domain.RideSolicitado>

------------------------------------------------------------------------------------------------------------------------

[2024-05-09 10:39:44 #1 store] 
Database 'C:\Users\user\OneDrive - UPV EHU\Escritorio\workspace-2\Rides24\src\main\resources\rides.temp' is opened by 22356@LAPTOP-C5O8HU11

[2024-05-09 10:39:44 #2 type.registry] 
New type domain.user

[2024-05-09 10:39:44 #3 type.registry] 
New type domain.Driver

[2024-05-09 10:39:44 #4 type] 
Type domain.user is not enhanced.

[2024-05-09 10:39:44 #5 type] 
Type domain.Driver is not enhanced.

[2024-05-09 10:39:44 #6 type.registry] 
New type domain.Viajecompuesto

[2024-05-09 10:39:44 #7 type.registry] 
New type java.util.ArrayList<domain.Viajecompuesto>

[2024-05-09 10:39:44 #8 type.registry] 
New type domain.Ride

[2024-05-09 10:39:44 #9 type.registry] 
New type domain.RideSolicitado

[2024-05-09 10:39:44 #10 type] 
Type domain.Viajecompuesto is not enhanced.

[2024-05-09 10:39:44 #11 type.registry] 
New type java.util.ArrayList<java.lang.String>

[2024-05-09 10:39:44 #12 type.registry] 
New type java.util.LinkedList<domain.Ride>

[2024-05-09 10:39:44 #13 type] 
Type domain.Ride is not enhanced.

[2024-05-09 10:39:44 #14 type] 
Type domain.RideSolicitado is not enhanced.

[2024-05-09 10:39:44 #15 type.registry] 
New type domain.viajero

[2024-05-09 10:39:44 #16 type] 
Type domain.viajero is not enhanced.

[2024-05-09 10:39:45 #17 type.registry] 
New type java.util.Vector<java.lang.Object>

[2024-05-09 10:39:45 #18 type.registry] 
New type java.util.ArrayList<java.lang.Object>

[2024-05-09 10:39:45 #19 type.registry] 
New type java.util.Vector<domain.Ride>

[2024-05-09 10:39:45 #20 type.registry] 
New type java.util.Vector<domain.RideSolicitado>

------------------------------------------------------------------------------------------------------------------------

[2024-05-09 10:41:58 #1 store] 
Database 'C:\Users\user\OneDrive - UPV EHU\Escritorio\workspace-2\Rides24\src\main\resources\rides.temp' is opened by 15180@LAPTOP-C5O8HU11

[2024-05-09 10:41:58 #2 type.registry] 
New type domain.user

[2024-05-09 10:41:58 #3 type.registry] 
New type domain.Driver

[2024-05-09 10:41:58 #4 type] 
Type domain.user is not enhanced.

[2024-05-09 10:41:58 #5 type] 
Type domain.Driver is not enhanced.

[2024-05-09 10:41:58 #6 type.registry] 
New type domain.Viajecompuesto

[2024-05-09 10:41:58 #7 type.registry] 
New type java.util.ArrayList<domain.Viajecompuesto>

[2024-05-09 10:41:58 #8 type.registry] 
New type domain.Ride

[2024-05-09 10:41:58 #9 type.registry] 
New type domain.RideSolicitado

[2024-05-09 10:41:58 #10 type] 
Type domain.Viajecompuesto is not enhanced.

[2024-05-09 10:41:58 #11 type.registry] 
New type java.util.ArrayList<java.lang.String>

[2024-05-09 10:41:58 #12 type.registry] 
New type java.util.LinkedList<domain.Ride>

[2024-05-09 10:41:58 #13 type] 
Type domain.Ride is not enhanced.

[2024-05-09 10:41:58 #14 type] 
Type domain.RideSolicitado is not enhanced.

[2024-05-09 10:41:58 #15 type.registry] 
New type domain.viajero

[2024-05-09 10:41:58 #16 type] 
Type domain.viajero is not enhanced.

[2024-05-09 10:41:58 #17 type.registry] 
New type java.util.Vector<java.lang.Object>

[2024-05-09 10:41:58 #18 type.registry] 
New type java.util.ArrayList<java.lang.Object>

[2024-05-09 10:41:58 #19 type.registry] 
New type java.util.Vector<domain.Ride>

[2024-05-09 10:41:58 #20 type.registry] 
New type java.util.Vector<domain.RideSolicitado>

[2024-05-09 10:44:10 #21 type.registry] 
New type domain.Factura

[2024-05-09 10:44:10 #22 type] 
Type domain.Factura is not enhanced.

------------------------------------------------------------------------------------------------------------------------

[2024-05-09 16:50:10 #1 store] 
Database 'C:\Users\vtdan\Downloads\Iteracion3\Rides24\src\main\resources\rides.temp' is opened by 14288@DBUSTAMANTEP

[2024-05-09 16:50:10 #2 type.registry] 
New type domain.user

[2024-05-09 16:50:10 #3 type.registry] 
New type domain.Driver

[2024-05-09 16:50:10 #4 type] 
Type domain.user is not enhanced.

[2024-05-09 16:50:10 #5 type] 
Type domain.Driver is not enhanced.

[2024-05-09 16:50:10 #6 type.registry] 
New type domain.Viajecompuesto

[2024-05-09 16:50:10 #7 type.registry] 
New type java.util.ArrayList<domain.Viajecompuesto>

[2024-05-09 16:50:10 #8 type.registry] 
New type domain.Ride

[2024-05-09 16:50:10 #9 type.registry] 
New type domain.RideSolicitado

[2024-05-09 16:50:10 #10 type] 
Type domain.Viajecompuesto is not enhanced.

[2024-05-09 16:50:10 #11 type.registry] 
New type java.util.ArrayList<java.lang.String>

[2024-05-09 16:50:10 #12 type.registry] 
New type java.util.LinkedList<domain.Ride>

[2024-05-09 16:50:10 #13 type] 
Type domain.Ride is not enhanced.

[2024-05-09 16:50:10 #14 type] 
Type domain.RideSolicitado is not enhanced.

[2024-05-09 16:50:10 #15 type.registry] 
New type domain.viajero

[2024-05-09 16:50:10 #16 type] 
Type domain.viajero is not enhanced.

[2024-05-09 16:50:10 #17 type.registry] 
New type java.util.Vector<java.lang.Object>

[2024-05-09 16:50:10 #18 type.registry] 
New type java.util.ArrayList<java.lang.Object>

[2024-05-09 16:50:10 #19 type.registry] 
New type java.util.Vector<domain.Ride>

[2024-05-09 16:50:10 #20 type.registry] 
New type java.util.Vector<domain.RideSolicitado>

[2024-05-09 16:54:53 #21 type.registry] 
New type domain.Factura

[2024-05-09 16:54:53 #22 type] 
Type domain.Factura is not enhanced.

------------------------------------------------------------------------------------------------------------------------

[2024-05-09 17:05:24 #1 store] 
Database 'C:\Users\vtdan\Downloads\Iteracion3\Rides24\src\main\resources\rides.temp' is opened by 12784@DBUSTAMANTEP

[2024-05-09 17:05:24 #2 type.registry] 
New type domain.user

[2024-05-09 17:05:24 #3 type.registry] 
New type domain.Driver

[2024-05-09 17:05:24 #4 type] 
Type domain.user is not enhanced.

[2024-05-09 17:05:24 #5 type] 
Type domain.Driver is not enhanced.

[2024-05-09 17:05:24 #6 type.registry] 
New type domain.Viajecompuesto

[2024-05-09 17:05:24 #7 type.registry] 
New type java.util.ArrayList<domain.Viajecompuesto>

[2024-05-09 17:05:24 #8 type.registry] 
New type domain.Ride

[2024-05-09 17:05:24 #9 type.registry] 
New type domain.RideSolicitado

[2024-05-09 17:05:24 #10 type] 
Type domain.Viajecompuesto is not enhanced.

[2024-05-09 17:05:24 #11 type.registry] 
New type java.util.ArrayList<java.lang.String>

[2024-05-09 17:05:24 #12 type.registry] 
New type java.util.LinkedList<domain.Ride>

[2024-05-09 17:05:24 #13 type] 
Type domain.Ride is not enhanced.

[2024-05-09 17:05:24 #14 type] 
Type domain.RideSolicitado is not enhanced.

[2024-05-09 17:05:24 #15 type.registry] 
New type domain.viajero

[2024-05-09 17:05:24 #16 type] 
Type domain.viajero is not enhanced.

[2024-05-09 17:05:24 #17 type.registry] 
New type java.util.Vector<java.lang.Object>

[2024-05-09 17:05:24 #18 type.registry] 
New type java.util.ArrayList<java.lang.Object>

[2024-05-09 17:05:24 #19 type.registry] 
New type java.util.Vector<domain.Ride>

[2024-05-09 17:05:24 #20 type.registry] 
New type java.util.Vector<domain.RideSolicitado>

------------------------------------------------------------------------------------------------------------------------

[2024-05-09 17:13:58 #1 store] 
Database 'C:\Users\vtdan\Downloads\Iteracion3\Rides24\src\main\resources\rides.temp' is opened by 1424@DBUSTAMANTEP

[2024-05-09 17:13:58 #2 type.registry] 
New type domain.user

[2024-05-09 17:13:58 #3 type.registry] 
New type domain.Driver

[2024-05-09 17:13:58 #4 type] 
Type domain.user is not enhanced.

[2024-05-09 17:13:58 #5 type] 
Type domain.Driver is not enhanced.

[2024-05-09 17:13:58 #6 type.registry] 
New type domain.Viajecompuesto

[2024-05-09 17:13:58 #7 type.registry] 
New type java.util.ArrayList<domain.Viajecompuesto>

[2024-05-09 17:13:58 #8 type.registry] 
New type domain.Ride

[2024-05-09 17:13:58 #9 type.registry] 
New type domain.RideSolicitado

[2024-05-09 17:13:58 #10 type] 
Type domain.Viajecompuesto is not enhanced.

[2024-05-09 17:13:58 #11 type.registry] 
New type java.util.ArrayList<java.lang.String>

[2024-05-09 17:13:58 #12 type.registry] 
New type java.util.LinkedList<domain.Ride>

[2024-05-09 17:13:58 #13 type] 
Type domain.Ride is not enhanced.

[2024-05-09 17:13:58 #14 type] 
Type domain.RideSolicitado is not enhanced.

[2024-05-09 17:13:58 #15 type.registry] 
New type domain.viajero

[2024-05-09 17:13:58 #16 type] 
Type domain.viajero is not enhanced.

[2024-05-09 17:13:58 #17 type.registry] 
New type java.util.Vector<java.lang.Object>

[2024-05-09 17:13:58 #18 type.registry] 
New type java.util.ArrayList<java.lang.Object>

[2024-05-09 17:13:58 #19 type.registry] 
New type java.util.Vector<domain.Ride>

[2024-05-09 17:13:58 #20 type.registry] 
New type java.util.Vector<domain.RideSolicitado>

------------------------------------------------------------------------------------------------------------------------

[2024-05-09 17:14:36 #1 store] 
Database 'C:\Users\vtdan\Downloads\Iteracion3\Rides24\src\main\resources\rides.temp' is opened by 15132@DBUSTAMANTEP

[2024-05-09 17:14:36 #2 type.registry] 
New type domain.user

[2024-05-09 17:14:36 #3 type.registry] 
New type domain.Driver

[2024-05-09 17:14:36 #4 type] 
Type domain.user is not enhanced.

[2024-05-09 17:14:36 #5 type] 
Type domain.Driver is not enhanced.

[2024-05-09 17:14:36 #6 type.registry] 
New type domain.Viajecompuesto

[2024-05-09 17:14:36 #7 type.registry] 
New type java.util.ArrayList<domain.Viajecompuesto>

[2024-05-09 17:14:36 #8 type.registry] 
New type domain.Ride

[2024-05-09 17:14:36 #9 type.registry] 
New type domain.RideSolicitado

[2024-05-09 17:14:36 #10 type] 
Type domain.Viajecompuesto is not enhanced.

[2024-05-09 17:14:36 #11 type.registry] 
New type java.util.ArrayList<java.lang.String>

[2024-05-09 17:14:36 #12 type.registry] 
New type java.util.LinkedList<domain.Ride>

[2024-05-09 17:14:36 #13 type] 
Type domain.Ride is not enhanced.

[2024-05-09 17:14:36 #14 type] 
Type domain.RideSolicitado is not enhanced.

[2024-05-09 17:14:36 #15 type.registry] 
New type domain.viajero

[2024-05-09 17:14:36 #16 type] 
Type domain.viajero is not enhanced.

[2024-05-09 17:14:36 #17 type.registry] 
New type java.util.Vector<java.lang.Object>

[2024-05-09 17:14:36 #18 type.registry] 
New type java.util.ArrayList<java.lang.Object>

[2024-05-09 17:14:36 #19 type.registry] 
New type java.util.Vector<domain.Ride>

[2024-05-09 17:14:36 #20 type.registry] 
New type java.util.Vector<domain.RideSolicitado>

------------------------------------------------------------------------------------------------------------------------

[2024-05-09 17:20:17 #1 store] 
Database 'C:\Users\vtdan\Downloads\Iteracion3\Rides24\src\main\resources\rides.temp' is opened by 7016@DBUSTAMANTEP

[2024-05-09 17:20:17 #2 type.registry] 
New type domain.user

[2024-05-09 17:20:17 #3 type.registry] 
New type domain.Driver

[2024-05-09 17:20:17 #4 type] 
Type domain.user is not enhanced.

[2024-05-09 17:20:18 #5 type] 
Type domain.Driver is not enhanced.

[2024-05-09 17:20:18 #6 type.registry] 
New type domain.Viajecompuesto

[2024-05-09 17:20:18 #7 type.registry] 
New type java.util.ArrayList<domain.Viajecompuesto>

[2024-05-09 17:20:18 #8 type.registry] 
New type domain.Ride

[2024-05-09 17:20:18 #9 type.registry] 
New type domain.RideSolicitado

[2024-05-09 17:20:18 #10 type] 
Type domain.Viajecompuesto is not enhanced.

[2024-05-09 17:20:18 #11 type.registry] 
New type java.util.ArrayList<java.lang.String>

[2024-05-09 17:20:18 #12 type.registry] 
New type java.util.LinkedList<domain.Ride>

[2024-05-09 17:20:18 #13 type] 
Type domain.Ride is not enhanced.

[2024-05-09 17:20:18 #14 type] 
Type domain.RideSolicitado is not enhanced.

[2024-05-09 17:20:18 #15 type.registry] 
New type domain.viajero

[2024-05-09 17:20:18 #16 type] 
Type domain.viajero is not enhanced.

[2024-05-09 17:20:18 #17 type.registry] 
New type java.util.Vector<java.lang.Object>

[2024-05-09 17:20:18 #18 type.registry] 
New type java.util.ArrayList<java.lang.Object>

[2024-05-09 17:20:18 #19 type.registry] 
New type java.util.Vector<domain.Ride>

[2024-05-09 17:20:18 #20 type.registry] 
New type java.util.Vector<domain.RideSolicitado>

------------------------------------------------------------------------------------------------------------------------

[2024-05-09 17:26:59 #1 store] 
Database 'C:\Users\vtdan\Downloads\Iteracion3\Rides24\src\main\resources\rides.temp' is opened by 11272@DBUSTAMANTEP

[2024-05-09 17:26:59 #2 type.registry] 
New type domain.user

[2024-05-09 17:26:59 #3 type.registry] 
New type domain.Driver

[2024-05-09 17:26:59 #4 type] 
Type domain.user is not enhanced.

[2024-05-09 17:26:59 #5 type] 
Type domain.Driver is not enhanced.

[2024-05-09 17:26:59 #6 type.registry] 
New type domain.Viajecompuesto

[2024-05-09 17:26:59 #7 type.registry] 
New type java.util.ArrayList<domain.Viajecompuesto>

[2024-05-09 17:26:59 #8 type.registry] 
New type domain.Ride

[2024-05-09 17:26:59 #9 type.registry] 
New type domain.RideSolicitado

[2024-05-09 17:26:59 #10 type] 
Type domain.Viajecompuesto is not enhanced.

[2024-05-09 17:26:59 #11 type.registry] 
New type java.util.ArrayList<java.lang.String>

[2024-05-09 17:26:59 #12 type.registry] 
New type java.util.LinkedList<domain.Ride>

[2024-05-09 17:26:59 #13 type] 
Type domain.Ride is not enhanced.

[2024-05-09 17:26:59 #14 type] 
Type domain.RideSolicitado is not enhanced.

[2024-05-09 17:26:59 #15 type.registry] 
New type domain.viajero

[2024-05-09 17:26:59 #16 type] 
Type domain.viajero is not enhanced.

[2024-05-09 17:26:59 #17 type.registry] 
New type java.util.Vector<java.lang.Object>

[2024-05-09 17:26:59 #18 type.registry] 
New type java.util.ArrayList<java.lang.Object>

[2024-05-09 17:26:59 #19 type.registry] 
New type java.util.Vector<domain.Ride>

[2024-05-09 17:26:59 #20 type.registry] 
New type java.util.Vector<domain.RideSolicitado>

[2024-05-09 17:28:41 #21 type.registry] 
New type domain.Factura

[2024-05-09 17:28:41 #22 type] 
Type domain.Factura is not enhanced.

------------------------------------------------------------------------------------------------------------------------

[2024-05-09 17:44:23 #1 store] 
Database 'C:\Users\vtdan\Downloads\Iteracion3\Rides24\src\main\resources\rides.temp' is opened by 10136@DBUSTAMANTEP

[2024-05-09 17:44:23 #2 type.registry] 
New type domain.user

[2024-05-09 17:44:23 #3 type.registry] 
New type domain.Driver

[2024-05-09 17:44:23 #4 type] 
Type domain.user is not enhanced.

[2024-05-09 17:44:23 #5 type] 
Type domain.Driver is not enhanced.

[2024-05-09 17:44:23 #6 type.registry] 
New type domain.Viajecompuesto

[2024-05-09 17:44:23 #7 type.registry] 
New type java.util.ArrayList<domain.Viajecompuesto>

[2024-05-09 17:44:23 #8 type.registry] 
New type domain.Ride

[2024-05-09 17:44:23 #9 type.registry] 
New type domain.RideSolicitado

[2024-05-09 17:44:23 #10 type] 
Type domain.Viajecompuesto is not enhanced.

[2024-05-09 17:44:23 #11 type.registry] 
New type java.util.ArrayList<java.lang.String>

[2024-05-09 17:44:23 #12 type.registry] 
New type java.util.LinkedList<domain.Ride>

[2024-05-09 17:44:23 #13 type] 
Type domain.Ride is not enhanced.

[2024-05-09 17:44:23 #14 type] 
Type domain.RideSolicitado is not enhanced.

[2024-05-09 17:44:23 #15 type.registry] 
New type domain.viajero

[2024-05-09 17:44:23 #16 type] 
Type domain.viajero is not enhanced.

[2024-05-09 17:44:23 #17 type.registry] 
New type java.util.Vector<java.lang.Object>

[2024-05-09 17:44:23 #18 type.registry] 
New type java.util.ArrayList<java.lang.Object>

[2024-05-09 17:44:23 #19 type.registry] 
New type java.util.Vector<domain.Ride>

[2024-05-09 17:44:23 #20 type.registry] 
New type java.util.Vector<domain.RideSolicitado>

[2024-05-09 17:47:00 #21 type.registry] 
New type domain.Factura

[2024-05-09 17:47:00 #22 type] 
Type domain.Factura is not enhanced.

------------------------------------------------------------------------------------------------------------------------

[2024-05-09 17:58:12 #1 store] 
Database 'C:\Users\vtdan\Downloads\Iteracion3\Rides24\src\main\resources\rides.temp' is opened by 11780@DBUSTAMANTEP

[2024-05-09 17:58:12 #2 type.registry] 
New type domain.user

[2024-05-09 17:58:12 #3 type.registry] 
New type domain.Driver

[2024-05-09 17:58:12 #4 type] 
Type domain.user is not enhanced.

[2024-05-09 17:58:12 #5 type] 
Type domain.Driver is not enhanced.

[2024-05-09 17:58:12 #6 type.registry] 
New type domain.Viajecompuesto

[2024-05-09 17:58:12 #7 type.registry] 
New type java.util.ArrayList<domain.Viajecompuesto>

[2024-05-09 17:58:12 #8 type.registry] 
New type domain.Ride

[2024-05-09 17:58:12 #9 type.registry] 
New type domain.RideSolicitado

[2024-05-09 17:58:12 #10 type] 
Type domain.Viajecompuesto is not enhanced.

[2024-05-09 17:58:12 #11 type.registry] 
New type java.util.ArrayList<java.lang.String>

[2024-05-09 17:58:12 #12 type.registry] 
New type java.util.LinkedList<domain.Ride>

[2024-05-09 17:58:12 #13 type] 
Type domain.Ride is not enhanced.

[2024-05-09 17:58:12 #14 type] 
Type domain.RideSolicitado is not enhanced.

[2024-05-09 17:58:12 #15 type.registry] 
New type domain.viajero

[2024-05-09 17:58:12 #16 type] 
Type domain.viajero is not enhanced.

[2024-05-09 17:58:12 #17 type.registry] 
New type java.util.Vector<java.lang.Object>

[2024-05-09 17:58:12 #18 type.registry] 
New type java.util.ArrayList<java.lang.Object>

[2024-05-09 17:58:12 #19 type.registry] 
New type java.util.Vector<domain.Ride>

[2024-05-09 17:58:12 #20 type.registry] 
New type java.util.Vector<domain.RideSolicitado>

[2024-05-09 17:59:36 #21 type.registry] 
New type domain.Factura

[2024-05-09 17:59:36 #22 type] 
Type domain.Factura is not enhanced.

------------------------------------------------------------------------------------------------------------------------

[2024-05-09 18:02:48 #1 store] 
Database 'C:\Users\vtdan\Downloads\Iteracion3\Rides24\src\main\resources\rides.temp' is opened by 8148@DBUSTAMANTEP

[2024-05-09 18:02:48 #2 type.registry] 
New type domain.user

[2024-05-09 18:02:48 #3 type.registry] 
New type domain.Driver

[2024-05-09 18:02:48 #4 type] 
Type domain.user is not enhanced.

[2024-05-09 18:02:48 #5 type] 
Type domain.Driver is not enhanced.

[2024-05-09 18:02:48 #6 type.registry] 
New type domain.Viajecompuesto

[2024-05-09 18:02:48 #7 type.registry] 
New type java.util.ArrayList<domain.Viajecompuesto>

[2024-05-09 18:02:48 #8 type.registry] 
New type domain.Ride

[2024-05-09 18:02:48 #9 type.registry] 
New type domain.RideSolicitado

[2024-05-09 18:02:48 #10 type] 
Type domain.Viajecompuesto is not enhanced.

[2024-05-09 18:02:48 #11 type.registry] 
New type java.util.ArrayList<java.lang.String>

[2024-05-09 18:02:48 #12 type.registry] 
New type java.util.LinkedList<domain.Ride>

[2024-05-09 18:02:48 #13 type] 
Type domain.Ride is not enhanced.

[2024-05-09 18:02:48 #14 type] 
Type domain.RideSolicitado is not enhanced.

[2024-05-09 18:02:48 #15 type.registry] 
New type domain.viajero

[2024-05-09 18:02:48 #16 type] 
Type domain.viajero is not enhanced.

[2024-05-09 18:02:48 #17 type.registry] 
New type java.util.Vector<java.lang.Object>

[2024-05-09 18:02:48 #18 type.registry] 
New type java.util.ArrayList<java.lang.Object>

[2024-05-09 18:02:48 #19 type.registry] 
New type java.util.Vector<domain.Ride>

[2024-05-09 18:02:48 #20 type.registry] 
New type java.util.Vector<domain.RideSolicitado>

------------------------------------------------------------------------------------------------------------------------

[2024-05-09 18:06:51 #1 store] 
Database 'C:\Users\vtdan\Downloads\Iteracion3\Rides24\src\main\resources\rides.temp' is opened by 1840@DBUSTAMANTEP

[2024-05-09 18:06:51 #2 type.registry] 
New type domain.user

[2024-05-09 18:06:51 #3 type.registry] 
New type domain.Driver

[2024-05-09 18:06:51 #4 type] 
Type domain.user is not enhanced.

[2024-05-09 18:06:51 #5 type] 
Type domain.Driver is not enhanced.

[2024-05-09 18:06:51 #6 type.registry] 
New type domain.Viajecompuesto

[2024-05-09 18:06:51 #7 type.registry] 
New type java.util.ArrayList<domain.Viajecompuesto>

[2024-05-09 18:06:51 #8 type.registry] 
New type domain.Ride

[2024-05-09 18:06:51 #9 type.registry] 
New type domain.RideSolicitado

[2024-05-09 18:06:51 #10 type] 
Type domain.Viajecompuesto is not enhanced.

[2024-05-09 18:06:51 #11 type.registry] 
New type java.util.ArrayList<java.lang.String>

[2024-05-09 18:06:51 #12 type.registry] 
New type java.util.LinkedList<domain.Ride>

[2024-05-09 18:06:51 #13 type] 
Type domain.Ride is not enhanced.

[2024-05-09 18:06:51 #14 type] 
Type domain.RideSolicitado is not enhanced.

[2024-05-09 18:06:51 #15 type.registry] 
New type domain.viajero

[2024-05-09 18:06:51 #16 type] 
Type domain.viajero is not enhanced.

[2024-05-09 18:06:51 #17 type.registry] 
New type java.util.Vector<java.lang.Object>

[2024-05-09 18:06:51 #18 type.registry] 
New type java.util.ArrayList<java.lang.Object>

[2024-05-09 18:06:51 #19 type.registry] 
New type java.util.Vector<domain.Ride>

[2024-05-09 18:06:51 #20 type.registry] 
New type java.util.Vector<domain.RideSolicitado>

[2024-05-09 18:08:27 #21 type.registry] 
New type domain.Factura

[2024-05-09 18:08:27 #22 type] 
Type domain.Factura is not enhanced.

------------------------------------------------------------------------------------------------------------------------

[2024-05-09 18:10:08 #1 store] 
Database 'C:\Users\vtdan\Downloads\Iteracion3\Rides24\src\main\resources\rides.temp' is opened by 19372@DBUSTAMANTEP

[2024-05-09 18:10:08 #2 type.registry] 
New type domain.user

[2024-05-09 18:10:08 #3 type.registry] 
New type domain.Driver

[2024-05-09 18:10:08 #4 type] 
Type domain.user is not enhanced.

[2024-05-09 18:10:08 #5 type] 
Type domain.Driver is not enhanced.

[2024-05-09 18:10:08 #6 type.registry] 
New type domain.Viajecompuesto

[2024-05-09 18:10:08 #7 type.registry] 
New type java.util.ArrayList<domain.Viajecompuesto>

[2024-05-09 18:10:08 #8 type.registry] 
New type domain.Ride

[2024-05-09 18:10:08 #9 type.registry] 
New type domain.RideSolicitado

[2024-05-09 18:10:08 #10 type] 
Type domain.Viajecompuesto is not enhanced.

[2024-05-09 18:10:08 #11 type.registry] 
New type java.util.ArrayList<java.lang.String>

[2024-05-09 18:10:08 #12 type.registry] 
New type java.util.LinkedList<domain.Ride>

[2024-05-09 18:10:08 #13 type] 
Type domain.Ride is not enhanced.

[2024-05-09 18:10:08 #14 type] 
Type domain.RideSolicitado is not enhanced.

[2024-05-09 18:10:08 #15 type.registry] 
New type domain.viajero

[2024-05-09 18:10:08 #16 type] 
Type domain.viajero is not enhanced.

[2024-05-09 18:10:08 #17 type.registry] 
New type java.util.Vector<java.lang.Object>

[2024-05-09 18:10:08 #18 type.registry] 
New type java.util.ArrayList<java.lang.Object>

[2024-05-09 18:10:08 #19 type.registry] 
New type java.util.Vector<domain.Ride>

[2024-05-09 18:10:08 #20 type.registry] 
New type java.util.Vector<domain.RideSolicitado>

[2024-05-09 18:11:19 #21 type.registry] 
New type domain.Factura

[2024-05-09 18:11:19 #22 type] 
Type domain.Factura is not enhanced.

