------------------------------------------------------------------------------------------------------------------------

[2024-03-19 22:04:10 #1 store] 
Database 'C:\Users\user\git\repositoryRides24\Rides24\src\main\resources\rides.temp' is opened by 10244@LAPTOP-C5O8HU11

[2024-03-19 22:04:10 #2 type.registry] 
New type domain.Driver

[2024-03-19 22:04:10 #3 type] 
Type domain.Driver is not enhanced.

[2024-03-19 22:04:10 #4 type.registry] 
New type domain.Ride

[2024-03-19 22:04:10 #5 type] 
Type domain.Ride is not enhanced.

[2024-03-19 22:04:10 #6 type.registry] 
New type java.util.Vector<java.lang.Object>

[2024-03-19 22:04:10 #7 type.registry] 
New type java.util.Vector<domain.Ride>

[2024-03-19 22:04:27 #8 type.registry] 
New type domain.viajero

[2024-03-19 22:04:27 #9 type] 
Type domain.viajero is not enhanced.

------------------------------------------------------------------------------------------------------------------------

[2024-03-19 22:17:51 #1 store] 
Database 'C:\Users\user\git\repositoryRides24\Rides24\src\main\resources\rides.temp' is opened by 8708@LAPTOP-C5O8HU11

[2024-03-19 22:17:51 #2 type.registry] 
New type domain.Driver

[2024-03-19 22:17:51 #3 type] 
Type domain.Driver is not enhanced.

[2024-03-19 22:17:51 #4 type.registry] 
New type domain.Ride

[2024-03-19 22:17:51 #5 type] 
Type domain.Ride is not enhanced.

[2024-03-19 22:17:51 #6 type.registry] 
New type java.util.Vector<java.lang.Object>

[2024-03-19 22:17:51 #7 type.registry] 
New type java.util.Vector<domain.Ride>

[2024-03-19 22:17:58 #8 type.registry] 
New type domain.viajero

[2024-03-19 22:17:58 #9 type] 
Type domain.viajero is not enhanced.

